

Microchip MPLAB XC8 Assembler V2.32 build 20210201212658 
                                                                                               Mon Jan 24 07:21:13 2022

Microchip MPLAB XC8 C Compiler v2.32 (Free license) build 20210201212658 Og1 
     1                           	processor	12F675
     2                           	pagewidth 120
     3                           	opt	flic
     4                           	psect	cinit,global,class=CODE,merge=1,delta=2
     5                           	psect	cstackBANK0,global,class=BANK0,space=1,delta=1,noexec
     6                           	psect	maintext,global,class=CODE,split=1,delta=2
     7                           	psect	text1,local,class=CODE,merge=1,delta=2
     8                           	psect	intentry,global,class=CODE,delta=2
     9                           	dabs	1,0x5E,2
    10  0000                     
    11                           ; Version 2.32
    12                           ; Generated 23/11/2020 GMT
    13                           ; 
    14                           ; Copyright © 2020, Microchip Technology Inc. and its subsidiaries ("Microchip")
    15                           ; All rights reserved.
    16                           ; 
    17                           ; This software is developed by Microchip Technology Inc. and its subsidiaries ("Microch
      +                          ip").
    18                           ; 
    19                           ; Redistribution and use in source and binary forms, with or without modification, are
    20                           ; permitted provided that the following conditions are met:
    21                           ; 
    22                           ;     1. Redistributions of source code must retain the above copyright notice, this lis
      +                          t of
    23                           ;        conditions and the following disclaimer.
    24                           ; 
    25                           ;     2. Redistributions in binary form must reproduce the above copyright notice, this 
      +                          list
    26                           ;        of conditions and the following disclaimer in the documentation and/or other
    27                           ;        materials provided with the distribution. Publication is not required when
    28                           ;        this file is used in an embedded application.
    29                           ; 
    30                           ;     3. Microchip's name may not be used to endorse or promote products derived from th
      +                          is
    31                           ;        software without specific prior written permission.
    32                           ; 
    33                           ; THIS SOFTWARE IS PROVIDED BY MICROCHIP "AS IS" AND ANY EXPRESS OR IMPLIED WARRANTIES,
    34                           ; INCLUDING, BUT NOT LIMITED TO, THE IMPLIED WARRANTIES OF MERCHANTABILITY AND FITNESS F
      +                          OR
    35                           ; PURPOSE ARE DISCLAIMED.  IN NO EVENT SHALL MICROCHIP BE LIABLE FOR ANY DIRECT, INDIREC
      +                          T,
    36                           ; INCIDENTAL, SPECIAL, EXEMPLARY, OR CONSEQUENTIAL DAMAGES (INCLUDING BUT NOT LIMITED TO
    37                           ; PROCUREMENT OF SUBSTITUTE GOODS OR SERVICES; LOSS OF USE, DATA OR PROFITS; OR BUSINESS
    38                           ; INTERRUPTION) HOWSOEVER CAUSED AND ON ANY THEORY OF LIABILITY, WHETHER IN CONTRACT, ST
      +                          RICT
    39                           ; LIABILITY, OR TORT (INCLUDING NEGLIGENCE OR OTHERWISE) ARISING IN ANY WAY OUT OF THE U
      +                          SE OF
    40                           ; THIS SOFTWARE, EVEN IF ADVISED OF THE POSSIBILITY OF SUCH DAMAGE.
    41                           ; 
    42                           ; 
    43                           ; Code-generator required, PIC12F675 Definitions
    44                           ; 
    45                           ; SFR Addresses
    46  0000                     	;# 
    47  0001                     	;# 
    48  0002                     	;# 
    49  0003                     	;# 
    50  0004                     	;# 
    51  0005                     	;# 
    52  000A                     	;# 
    53  000B                     	;# 
    54  000C                     	;# 
    55  000E                     	;# 
    56  000E                     	;# 
    57  000F                     	;# 
    58  0010                     	;# 
    59  0019                     	;# 
    60  001E                     	;# 
    61  001F                     	;# 
    62  0081                     	;# 
    63  0085                     	;# 
    64  008C                     	;# 
    65  008E                     	;# 
    66  0090                     	;# 
    67  0095                     	;# 
    68  0096                     	;# 
    69  0096                     	;# 
    70  0099                     	;# 
    71  009A                     	;# 
    72  009A                     	;# 
    73  009B                     	;# 
    74  009C                     	;# 
    75  009D                     	;# 
    76  009E                     	;# 
    77  009F                     	;# 
    78  0000                     	;# 
    79  0001                     	;# 
    80  0002                     	;# 
    81  0003                     	;# 
    82  0004                     	;# 
    83  0005                     	;# 
    84  000A                     	;# 
    85  000B                     	;# 
    86  000C                     	;# 
    87  000E                     	;# 
    88  000E                     	;# 
    89  000F                     	;# 
    90  0010                     	;# 
    91  0019                     	;# 
    92  001E                     	;# 
    93  001F                     	;# 
    94  0081                     	;# 
    95  0085                     	;# 
    96  008C                     	;# 
    97  008E                     	;# 
    98  0090                     	;# 
    99  0095                     	;# 
   100  0096                     	;# 
   101  0096                     	;# 
   102  0099                     	;# 
   103  009A                     	;# 
   104  009A                     	;# 
   105  009B                     	;# 
   106  009C                     	;# 
   107  009D                     	;# 
   108  009E                     	;# 
   109  009F                     	;# 
   110  0019                     _CMCON	set	25
   111  0005                     _GPIO	set	5
   112  002B                     _GPIO3	set	43
   113  00CB                     _CIS	set	203
   114  002D                     _GPIO5	set	45
   115  00CC                     _CINV	set	204
   116  005F                     _GIE	set	95
   117  005E                     _PEIE	set	94
   118  0063                     _CMIF	set	99
   119  009F                     _ANSEL	set	159
   120  0085                     _TRISIO	set	133
   121  0463                     _CMIE	set	1123
   122                           
   123                           	psect	cinit
   124  000C                     start_initialization:	
   125                           ; #config settings
   126                           
   127  000C                     __initialization:
   128  000C                     end_of_initialization:	
   129                           ;End of C runtime variable initialization code
   130                           
   131  000C                     __end_of__initialization:
   132  000C  0183               	clrf	3
   133  000D  280E               	ljmp	_main	;jump to C main() function
   134                           
   135                           	psect	cstackBANK0
   136  0020                     __pcstackBANK0:
   137  0020                     ?_myisr:
   138  0020                     ??_myisr:	
   139                           ; 1 bytes @ 0x0
   140                           
   141  0020                     ?_main:	
   142                           ; 1 bytes @ 0x0
   143                           
   144                           
   145                           ; 1 bytes @ 0x0
   146  0020                     	ds	3
   147  0023                     ??_main:
   148                           
   149                           ; 1 bytes @ 0x3
   150  0023                     	ds	3
   151                           
   152                           	psect	maintext
   153  000E                     __pmaintext:	
   154 ;;
   155 ;;Main: autosize = 0, tempsize = 3, incstack = 0, save=0
   156 ;;
   157 ;; *************** function _main *****************
   158 ;; Defined at:
   159 ;;		line 17 in file "/media/user/software/simulide/tests/MCU/pic/0_Test/12F675/12F675_COMP.XC8/12F675_COMP.c"
   160 ;; Parameters:    Size  Location     Type
   161 ;;		None
   162 ;; Auto vars:     Size  Location     Type
   163 ;;		None
   164 ;; Return value:  Size  Location     Type
   165 ;;                  1    wreg      void 
   166 ;; Registers used:
   167 ;;		wreg, status,2
   168 ;; Tracked objects:
   169 ;;		On entry : B00/0
   170 ;;		On exit  : 0/0
   171 ;;		Unchanged: 0/0
   172 ;; Data sizes:     COMMON   BANK0
   173 ;;      Params:         0       0
   174 ;;      Locals:         0       0
   175 ;;      Temps:          0       3
   176 ;;      Totals:         0       3
   177 ;;Total ram usage:        3 bytes
   178 ;; Hardware stack levels required when called: 1
   179 ;; This function calls:
   180 ;;		Nothing
   181 ;; This function is called by:
   182 ;;		Startup code after reset
   183 ;; This function uses a non-reentrant model
   184 ;;
   185                           
   186                           
   187                           ;psect for function _main
   188  000E                     _main:
   189  000E                     l666:	
   190                           ;incstack = 0
   191                           ; Regs used in _main: [wreg+status,2]
   192                           
   193                           
   194                           ;/media/user/software/simulide/tests/MCU/pic/0_Test/12F675/12F675_COMP.XC8/12F675_COMP.c
      +                          : 20:     GPIO = 0;
   195  000E  1283               	bcf	3,5	;RP0=0, select bank0
   196  000F  0185               	clrf	5	;volatile
   197  0010                     l668:
   198                           
   199                           ;/media/user/software/simulide/tests/MCU/pic/0_Test/12F675/12F675_COMP.XC8/12F675_COMP.c
      +                          : 21:     TRISIO = 0b00100011;
   200  0010  3023               	movlw	35
   201  0011  1683               	bsf	3,5	;RP0=1, select bank1
   202  0012  0085               	movwf	5	;volatile
   203  0013                     l670:
   204                           
   205                           ;/media/user/software/simulide/tests/MCU/pic/0_Test/12F675/12F675_COMP.XC8/12F675_COMP.c
      +                          : 22:     ANSEL = 0b00000000;
   206  0013  019F               	clrf	31	;volatile
   207                           
   208                           ;/media/user/software/simulide/tests/MCU/pic/0_Test/12F675/12F675_COMP.XC8/12F675_COMP.c
      +                          : 24:     CMCON = 0b00000011;
   209  0014  3003               	movlw	3
   210  0015  1283               	bcf	3,5	;RP0=0, select bank0
   211  0016  0099               	movwf	25	;volatile
   212  0017                     l672:
   213                           
   214                           ;/media/user/software/simulide/tests/MCU/pic/0_Test/12F675/12F675_COMP.XC8/12F675_COMP.c
      +                          : 26:     CMIE = 1;
   215  0017  1683               	bsf	3,5	;RP0=1, select bank1
   216  0018  158C               	bsf	12,3	;volatile
   217  0019                     l674:
   218                           
   219                           ;/media/user/software/simulide/tests/MCU/pic/0_Test/12F675/12F675_COMP.XC8/12F675_COMP.c
      +                          : 27:     PEIE = 1;
   220  0019  170B               	bsf	11,6	;volatile
   221  001A                     l676:
   222                           
   223                           ;/media/user/software/simulide/tests/MCU/pic/0_Test/12F675/12F675_COMP.XC8/12F675_COMP.c
      +                          : 28:     GIE = 1;
   224  001A  178B               	bsf	11,7	;volatile
   225  001B                     l37:	
   226                           ;/media/user/software/simulide/tests/MCU/pic/0_Test/12F675/12F675_COMP.XC8/12F675_COMP.c
      +                          : 30:     while(1)
   227                           
   228                           
   229                           ;/media/user/software/simulide/tests/MCU/pic/0_Test/12F675/12F675_COMP.XC8/12F675_COMP.c
      +                          : 31:     {;/media/user/software/simulide/tests/MCU/pic/0_Test/12F675/12F675_COMP.XC8/12
      +                          F675_COMP.c: 32:         if( CINV != GPIO5 ) CINV = GPIO5;
   230  001B  1283               	bcf	3,5	;RP0=0, select bank0
   231  001C  1A85               	btfsc	5,5	;volatile
   232  001D  281F               	goto	u131
   233  001E  2821               	goto	u130
   234  001F                     u131:
   235  001F  3001               	movlw	1
   236  0020  2822               	goto	u132
   237  0021                     u130:
   238  0021  3000               	movlw	0
   239  0022                     u132:
   240  0022  00A3               	movwf	??_main
   241  0023  1A19               	btfsc	25,4	;volatile
   242  0024  2826               	goto	u141
   243  0025  2828               	goto	u140
   244  0026                     u141:
   245  0026  3001               	movlw	1
   246  0027  2829               	goto	u142
   247  0028                     u140:
   248  0028  3000               	movlw	0
   249  0029                     u142:
   250  0029  0623               	xorwf	??_main,w
   251  002A  1903               	skipnz
   252  002B  282D               	goto	u151
   253  002C  282E               	goto	u150
   254  002D                     u151:
   255  002D  2836               	goto	l680
   256  002E                     u150:
   257  002E                     l678:
   258  002E  1A85               	btfsc	5,5	;volatile
   259  002F  2831               	goto	u161
   260  0030  2834               	goto	u160
   261  0031                     u161:
   262  0031  1283               	bcf	3,5	;RP0=0, select bank0
   263  0032  1619               	bsf	25,4	;volatile
   264  0033  2836               	goto	u174
   265  0034                     u160:
   266  0034  1283               	bcf	3,5	;RP0=0, select bank0
   267  0035  1219               	bcf	25,4	;volatile
   268  0036                     u174:
   269  0036                     l680:
   270                           
   271                           ;/media/user/software/simulide/tests/MCU/pic/0_Test/12F675/12F675_COMP.XC8/12F675_COMP.c
      +                          : 33:         if( CIS != GPIO3 ) CIS = GPIO3;
   272  0036  1985               	btfsc	5,3	;volatile
   273  0037  2839               	goto	u181
   274  0038  283B               	goto	u180
   275  0039                     u181:
   276  0039  3001               	movlw	1
   277  003A  283C               	goto	u182
   278  003B                     u180:
   279  003B  3000               	movlw	0
   280  003C                     u182:
   281  003C  00A3               	movwf	??_main
   282  003D  1999               	btfsc	25,3	;volatile
   283  003E  2840               	goto	u191
   284  003F  2842               	goto	u190
   285  0040                     u191:
   286  0040  3001               	movlw	1
   287  0041  2843               	goto	u192
   288  0042                     u190:
   289  0042  3000               	movlw	0
   290  0043                     u192:
   291  0043  0623               	xorwf	??_main,w
   292  0044  1903               	skipnz
   293  0045  2847               	goto	u201
   294  0046  2848               	goto	u200
   295  0047                     u201:
   296  0047  2850               	goto	l684
   297  0048                     u200:
   298  0048                     l682:
   299  0048  1985               	btfsc	5,3	;volatile
   300  0049  284B               	goto	u211
   301  004A  284E               	goto	u210
   302  004B                     u211:
   303  004B  1283               	bcf	3,5	;RP0=0, select bank0
   304  004C  1599               	bsf	25,3	;volatile
   305  004D  2850               	goto	u224
   306  004E                     u210:
   307  004E  1283               	bcf	3,5	;RP0=0, select bank0
   308  004F  1199               	bcf	25,3	;volatile
   309  0050                     u224:
   310  0050                     l684:
   311                           
   312                           ;/media/user/software/simulide/tests/MCU/pic/0_Test/12F675/12F675_COMP.XC8/12F675_COMP.c
      +                          : 35:         _delay((unsigned long)((500)*(20000000UL/4000.0)));
   313  0050  300D               	movlw	13
   314  0051  00A5               	movwf	??_main+2
   315  0052  30AF               	movlw	175
   316  0053  00A4               	movwf	??_main+1
   317  0054  30B6               	movlw	182
   318  0055  00A3               	movwf	??_main
   319  0056                     u237:
   320  0056  0BA3               	decfsz	??_main,f
   321  0057  2856               	goto	u237
   322  0058  0BA4               	decfsz	??_main+1,f
   323  0059  2856               	goto	u237
   324  005A  0BA5               	decfsz	??_main+2,f
   325  005B  2856               	goto	u237
   326  005C  0000               	nop
   327  005D  281B               	goto	l37
   328  005E  280B               	ljmp	start
   329  005F                     __end_of_main:
   330                           
   331                           	psect	text1
   332  005F                     __ptext1:	
   333 ;; *************** function _myisr *****************
   334 ;; Defined at:
   335 ;;		line 9 in file "/media/user/software/simulide/tests/MCU/pic/0_Test/12F675/12F675_COMP.XC8/12F675_COMP.c"
   336 ;; Parameters:    Size  Location     Type
   337 ;;		None
   338 ;; Auto vars:     Size  Location     Type
   339 ;;		None
   340 ;; Return value:  Size  Location     Type
   341 ;;                  1    wreg      void 
   342 ;; Registers used:
   343 ;;		wreg, status,2, status,0
   344 ;; Tracked objects:
   345 ;;		On entry : 0/0
   346 ;;		On exit  : 0/0
   347 ;;		Unchanged: 0/0
   348 ;; Data sizes:     COMMON   BANK0
   349 ;;      Params:         0       0
   350 ;;      Locals:         0       0
   351 ;;      Temps:          0       3
   352 ;;      Totals:         0       3
   353 ;;Total ram usage:        3 bytes
   354 ;; Hardware stack levels used: 1
   355 ;; This function calls:
   356 ;;		Nothing
   357 ;; This function is called by:
   358 ;;		Interrupt level 1
   359 ;; This function uses a non-reentrant model
   360 ;;
   361                           
   362                           
   363                           ;psect for function _myisr
   364  005F                     _myisr:
   365  005F                     i1l660:
   366                           
   367                           ;/media/user/software/simulide/tests/MCU/pic/0_Test/12F675/12F675_COMP.XC8/12F675_COMP.c
      +                          : 11:     if( CMIF ){
   368  005F  1D8C               	btfss	12,3	;volatile
   369  0060  2862               	goto	u12_21
   370  0061  2863               	goto	u12_20
   371  0062                     u12_21:
   372  0062  2868               	goto	i1l32
   373  0063                     u12_20:
   374  0063                     i1l662:
   375                           
   376                           ;/media/user/software/simulide/tests/MCU/pic/0_Test/12F675/12F675_COMP.XC8/12F675_COMP.c
      +                          : 12:         CMIF = 0;
   377  0063  118C               	bcf	12,3	;volatile
   378  0064                     i1l664:
   379                           
   380                           ;/media/user/software/simulide/tests/MCU/pic/0_Test/12F675/12F675_COMP.XC8/12F675_COMP.c
      +                          : 13:         GPIO ^= 1<<4;
   381  0064  3010               	movlw	16
   382  0065  00A0               	movwf	??_myisr
   383  0066  0820               	movf	??_myisr,w
   384  0067  0685               	xorwf	5,f	;volatile
   385  0068                     i1l32:
   386  0068  0822               	movf	??_myisr+2,w
   387  0069  008A               	movwf	10
   388  006A  0E21               	swapf	??_myisr+1,w
   389  006B  0083               	movwf	3
   390  006C  0EDE               	swapf	btemp,f
   391  006D  0E5E               	swapf	btemp,w
   392  006E  0009               	retfie
   393  006F                     __end_of_myisr:
   394  005E                     btemp	set	94	;btemp
   395  005E                     wtemp0	set	94
   396                           
   397                           	psect	intentry
   398  0004                     __pintentry:	
   399                           ;incstack = 0
   400                           ; Regs used in _myisr: [wreg+status,2+status,0]
   401                           
   402  0004                     interrupt_function:
   403  005E                     saved_w	set	btemp
   404  0004  00DE               	movwf	btemp
   405  0005  0E03               	swapf	3,w
   406  0006  1283               	bcf	3,5	;RP0=0, select bank0
   407  0007  00A1               	movwf	??_myisr+1
   408  0008  080A               	movf	10,w
   409  0009  00A2               	movwf	??_myisr+2
   410  000A  285F               	ljmp	_myisr

Data Sizes:
    Strings     0
    Constant    0
    Data        0
    BSS         0
    Persistent  0
    Stack       0

Auto Spaces:
    Space          Size  Autos    Used
    COMMON            0      0       0
    BANK0            62      6       6

Pointer List with Targets:

    None.

Critical Paths under _main in COMMON

    None.

Critical Paths under _myisr in COMMON

    None.

Critical Paths under _main in BANK0

    None.

Critical Paths under _myisr in BANK0

    None.

Call Graph Tables:

 ---------------------------------------------------------------------------------
 (Depth) Function   	        Calls       Base Space   Used Autos Params    Refs
 ---------------------------------------------------------------------------------
 (0) _main                                                 3     3      0       0
                                              3 BANK0      3     3      0
 ---------------------------------------------------------------------------------
 Estimated maximum stack depth 0
 ---------------------------------------------------------------------------------
 (Depth) Function   	        Calls       Base Space   Used Autos Params    Refs
 ---------------------------------------------------------------------------------
 (1) _myisr                                                3     3      0       0
                                              0 BANK0      3     3      0
 ---------------------------------------------------------------------------------
 Estimated maximum stack depth 1
 ---------------------------------------------------------------------------------

 Call Graph Graphs:

 _main (ROOT)

 _myisr (ROOT)

 Address spaces:
Name               Size   Autos  Total    Cost      Usage
BITCOMMON            0      0       0       0        0.0%
EEDATA              80      0       0       0        0.0%
NULL                 0      0       0       0        0.0%
CODE                 0      0       0       0        0.0%
BITSFR0              0      0       0       1        0.0%
SFR0                 0      0       0       1        0.0%
COMMON               0      0       0       1        0.0%
BITSFR1              0      0       0       2        0.0%
SFR1                 0      0       0       2        0.0%
STACK                0      0       0       2        0.0%
BITBANK0            3E      0       0       3        0.0%
BANK0               3E      6       6       4        9.7%
ABS                  0      0       0       5        0.0%
DATA                 0      0       0       6        0.0%


Microchip Technology PIC Macro Assembler V2.32 build 20210201212658 
Symbol Table                                                                                   Mon Jan 24 07:21:13 2022

                     l37 001B                      l670 0013                      l680 0036  
                    l672 0017                      l682 0048                      l674 0019  
                    l666 000E                      l684 0050                      l676 001A  
                    l668 0010                      l678 002E                      _CIS 00CB  
                    _GIE 005F                      u200 0048                      u201 0047  
                    u210 004E                      u130 0021                      u211 004B  
                    u131 001F                      u140 0028                      u132 0022  
                    u141 0026                      u150 002E                      u142 0029  
                    u151 002D                      u224 0050                      u160 0034  
                    u161 0031                      u180 003B                      u237 0056  
                    u181 0039                      u190 0042                      u182 003C  
                    u174 0036                      u191 0040                      u192 0043  
                   _CMIE 0463                     _CMIF 0063                     _CINV 00CC  
                   _GPIO 0005                     _PEIE 005E                     i1l32 0068  
                   _main 000E                     btemp 005E                     start 000B  
                  ?_main 0020                    _CMCON 0019                    _ANSEL 009F  
                  _GPIO3 002B                    _GPIO5 002D                    i1l660 005F  
                  i1l662 0063                    i1l664 0064                    u12_20 0063  
                  u12_21 0062                    _myisr 005F                    pclath 000A  
                  status 0003                    wtemp0 005E          __initialization 000C  
           __end_of_main 005F                   ??_main 0023                   ?_myisr 0020  
                 _TRISIO 0085                   saved_w 005E  __end_of__initialization 000C  
          __end_of_myisr 006F                  ??_myisr 0020               __pmaintext 000E  
             __pintentry 0004                  __ptext1 005F     end_of_initialization 000C  
    start_initialization 000C                ___latbits 0000            __pcstackBANK0 0020  
         __size_of_myisr 0010        interrupt_function 0004            __size_of_main 0051  
               intlevel1 0000  
