GCASM List File (GCBASIC 0.98.<<>> 2021-<<>>-24 (Linux 64 bit) : Build 1005)

Symbols:
A 	EQU 	0
ACCESS 	EQU 	0
ACKDT 	EQU 	5
ACKEN 	EQU 	4
ACKSTAT 	EQU 	6
ADCON0 	EQU 	31
ADCON0_GO_DONE 	EQU 	2
ADCON1 	EQU 	159
ADCS0 	EQU 	6
ADCS1 	EQU 	7
ADDEN 	EQU 	3
ADFM 	EQU 	7
ADIE 	EQU 	6
ADIF 	EQU 	6
ADON 	EQU 	0
ADRESH 	EQU 	30
ADRESL 	EQU 	158
B 	EQU 	1
BANKED 	EQU 	1
BASPROGRAMEND 	EQU 	182
BASPROGRAMSTART 	EQU 	5
BCLIE 	EQU 	3
BCLIF 	EQU 	3
BF 	EQU 	0
BOX 	EQU 	184
BRGH 	EQU 	2
C 	EQU 	0
CCP1CON 	EQU 	23
CCP1IE 	EQU 	2
CCP1IF 	EQU 	2
CCP1M0 	EQU 	0
CCP1M1 	EQU 	1
CCP1M2 	EQU 	2
CCP1M3 	EQU 	3
CCP1X 	EQU 	5
CCP1Y 	EQU 	4
CCP2CON 	EQU 	29
CCP2IE 	EQU 	0
CCP2IF 	EQU 	0
CCP2M0 	EQU 	0
CCP2M1 	EQU 	1
CCP2M2 	EQU 	2
CCP2M3 	EQU 	3
CCP2X 	EQU 	5
CCP2Y 	EQU 	4
CCPR1 	EQU 	21
CCPR1H 	EQU 	22
CCPR1L 	EQU 	21
CCPR2 	EQU 	27
CCPR2H 	EQU 	28
CCPR2L 	EQU 	27
CHAR 	EQU 	32
CHARCODE 	EQU 	33
CHARCOL 	EQU 	34
CHARCOLS 	EQU 	36
CHARCOL_H 	EQU 	35
CHARLOCX 	EQU 	37
CHARLOCX_H 	EQU 	38
CHARLOCY 	EQU 	39
CHARLOCY_H 	EQU 	40
CHARROW 	EQU 	41
CHARROWS 	EQU 	43
CHARROW_H 	EQU 	42
CHS0 	EQU 	3
CHS1 	EQU 	4
CHS2 	EQU 	5
CKE 	EQU 	6
CKP 	EQU 	4
COL 	EQU 	44
CREN 	EQU 	4
CSRC 	EQU 	7
CURRCHARCOL 	EQU 	45
CURRCHARROW 	EQU 	46
CURRCHARVAL 	EQU 	47
CURRCOL 	EQU 	48
CURRPAGE 	EQU 	49
D 	EQU 	5
DATA_ADDRESS 	EQU 	5
DC 	EQU 	1
DELAYTEMP 	EQU 	112
DELAYTEMP2 	EQU 	113
DELAY_MS 	EQU 	2048
DELAY_S 	EQU 	2062
DIV8NOTNEG 	EQU 	2504
DMS_INNER 	EQU 	2053
DMS_OUTER 	EQU 	2051
DMS_START 	EQU 	2049
DRAWLINE 	EQU 	50
DRAWLINE_H 	EQU 	51
DS_START 	EQU 	2062
D_A 	EQU 	5
D_NOT_A 	EQU 	5
EEADR 	EQU 	269
EEADRH 	EQU 	271
EECON1 	EQU 	396
EECON2 	EQU 	397
EEDATA 	EQU 	268
EEDATH 	EQU 	270
EEIE 	EQU 	4
EEIF 	EQU 	4
EEPGD 	EQU 	7
ELSE23_1 	EQU 	2390
ELSE24_1 	EQU 	2406
ELSE46_1 	EQU 	1670
ELSE47_1 	EQU 	1690
ELSE48_1 	EQU 	1899
ELSE49_1 	EQU 	1839
ELSE50_1 	EQU 	1963
ELSE68_1 	EQU 	2471
ELSE7_1 	EQU 	1048
ENDIF12 	EQU 	207
ENDIF13 	EQU 	230
ENDIF14 	EQU 	303
ENDIF15 	EQU 	281
ENDIF16 	EQU 	376
ENDIF17 	EQU 	354
ENDIF21 	EQU 	2350
ENDIF22 	EQU 	2356
ENDIF23 	EQU 	2393
ENDIF24 	EQU 	2409
ENDIF4 	EQU 	1292
ENDIF46 	EQU 	1673
ENDIF47 	EQU 	1693
ENDIF48 	EQU 	2022
ENDIF49 	EQU 	1884
ENDIF5 	EQU 	902
ENDIF50 	EQU 	2008
ENDIF56 	EQU 	1860
ENDIF57 	EQU 	1876
ENDIF6 	EQU 	947
ENDIF62 	EQU 	1984
ENDIF63 	EQU 	2000
ENDIF65 	EQU 	2627
ENDIF66 	EQU 	2634
ENDIF67 	EQU 	2642
ENDIF68 	EQU 	2473
ENDIF69 	EQU 	2452
ENDIF7 	EQU 	1085
ENDIF71 	EQU 	1432
ENDIF72 	EQU 	1484
ENDIF73 	EQU 	1534
ENDIF74 	EQU 	1583
ENDIF75 	EQU 	2593
ENDIF78 	EQU 	2529
ENDIF79 	EQU 	2552
ENDIF8 	EQU 	1145
ENDIF9 	EQU 	1165
F 	EQU 	1
FERR 	EQU 	2
FN_GLCDREADBYTE_KS0108 	EQU 	2238
FN_STR 	EQU 	1379
FSR 	EQU 	4
GCEN 	EQU 	7
GIE 	EQU 	7
GLCDBACKGROUND 	EQU 	52
GLCDBACKGROUND_H 	EQU 	53
GLCDBITNO 	EQU 	54
GLCDCHANGE 	EQU 	55
GLCDCHARCOL3 	EQU 	377
GLCDCHARCOL4 	EQU 	503
GLCDCHARCOL5 	EQU 	629
GLCDCHARCOL6 	EQU 	755
GLCDCHARCOL7 	EQU 	2070
GLCDCLS_KS0108 	EQU 	2196
GLCDCOLOUR 	EQU 	56
GLCDCOLOUR_H 	EQU 	57
GLCDDATATEMP 	EQU 	58
GLCDDRAWCHAR 	EQU 	881
GLCDFNTDEFAULT 	EQU 	59
GLCDFNTDEFAULTHEIGHT 	EQU 	60
GLCDFNTDEFAULTSIZE 	EQU 	61
GLCDFONTWIDTH 	EQU 	62
GLCDFOREGROUND 	EQU 	63
GLCDFOREGROUND_H 	EQU 	64
GLCDPRINT3 	EQU 	1192
GLCDPRINTLEN 	EQU 	65
GLCDPRINTLOC 	EQU 	66
GLCDPRINTLOC_H 	EQU 	67
GLCDPRINT_STRING_COUNTER 	EQU 	68
GLCDREADBYTE_KS0108 	EQU 	69
GLCDTEMP 	EQU 	70
GLCDTEMP_H 	EQU 	71
GLCDWRITEBYTE_KS0108 	EQU 	2282
GLCDX 	EQU 	72
GLCDY 	EQU 	73
GLCD_COUNT 	EQU 	74
GLCD_YORDINATE 	EQU 	75
GLCD_YORDINATE_H 	EQU 	76
GO 	EQU 	2
GO_DONE 	EQU 	2
GO_NOT_DONE 	EQU 	2
I2C_DATA 	EQU 	5
I2C_READ 	EQU 	2
I2C_START 	EQU 	3
I2C_STOP 	EQU 	4
IBF 	EQU 	7
IBOV 	EQU 	5
INDF 	EQU 	0
INITGLCD_KS0108 	EQU 	1297
INITSYS 	EQU 	1359
INTCON 	EQU 	11
INTE 	EQU 	4
INTEDG 	EQU 	6
INTF 	EQU 	1
IRP 	EQU 	7
LCDBYTE 	EQU 	77
LINECOLOUR 	EQU 	78
LINECOLOUR_H 	EQU 	79
LINEDIFFX 	EQU 	80
LINEDIFFX_H 	EQU 	81
LINEDIFFX_X2 	EQU 	82
LINEDIFFX_X2_H 	EQU 	83
LINEDIFFY 	EQU 	84
LINEDIFFY_H 	EQU 	85
LINEDIFFY_X2 	EQU 	86
LINEDIFFY_X2_H 	EQU 	87
LINEERR 	EQU 	88
LINEERR_H 	EQU 	89
LINESTEPX 	EQU 	90
LINESTEPX_H 	EQU 	91
LINESTEPY 	EQU 	92
LINESTEPY_H 	EQU 	93
LINEX1 	EQU 	94
LINEX1_H 	EQU 	95
LINEX2 	EQU 	96
LINEX2_H 	EQU 	97
LINEY1 	EQU 	98
LINEY1_H 	EQU 	99
LINEY2 	EQU 	100
LINEY2_H 	EQU 	101
MUL16LOOP 	EQU 	2585
MUL8LOOP 	EQU 	2564
NOT_A 	EQU 	5
NOT_ADDRESS 	EQU 	5
NOT_BO 	EQU 	0
NOT_BOR 	EQU 	0
NOT_DONE 	EQU 	2
NOT_PD 	EQU 	3
NOT_POR 	EQU 	1
NOT_RBPU 	EQU 	7
NOT_RC8 	EQU 	6
NOT_T1SYNC 	EQU 	2
NOT_TO 	EQU 	4
NOT_TX8 	EQU 	6
NOT_W 	EQU 	2
NOT_WRITE 	EQU 	2
OBF 	EQU 	6
OERR 	EQU 	1
OPTION_REG 	EQU 	129
P 	EQU 	4
PCFG0 	EQU 	0
PCFG1 	EQU 	1
PCFG2 	EQU 	2
PCFG3 	EQU 	3
PCL 	EQU 	2
PCLATH 	EQU 	10
PCON 	EQU 	142
PEIE 	EQU 	6
PEN 	EQU 	2
PIE1 	EQU 	140
PIE2 	EQU 	141
PIR1 	EQU 	12
PIR2 	EQU 	13
PORTA 	EQU 	5
PORTB 	EQU 	6
PORTC 	EQU 	7
PORTD 	EQU 	8
PORTE 	EQU 	9
PR2 	EQU 	146
PRINTLOCX 	EQU 	102
PRINTLOCX_H 	EQU 	103
PRINTLOCY 	EQU 	104
PRINTLOCY_H 	EQU 	105
PS0 	EQU 	0
PS1 	EQU 	1
PS2 	EQU 	2
PSA 	EQU 	3
PSET_KS0108 	EQU 	2346
PSPIE 	EQU 	7
PSPIF 	EQU 	7
PSPMODE 	EQU 	4
R 	EQU 	2
RA0 	EQU 	0
RA1 	EQU 	1
RA2 	EQU 	2
RA3 	EQU 	3
RA4 	EQU 	4
RA5 	EQU 	5
RB0 	EQU 	0
RB1 	EQU 	1
RB2 	EQU 	2
RB3 	EQU 	3
RB4 	EQU 	4
RB5 	EQU 	5
RB6 	EQU 	6
RB7 	EQU 	7
RBIE 	EQU 	3
RBIF 	EQU 	0
RC0 	EQU 	0
RC1 	EQU 	1
RC2 	EQU 	2
RC3 	EQU 	3
RC4 	EQU 	4
RC5 	EQU 	5
RC6 	EQU 	6
RC7 	EQU 	7
RC8_9 	EQU 	6
RC9 	EQU 	6
RCD8 	EQU 	0
RCEN 	EQU 	3
RCIE 	EQU 	5
RCIF 	EQU 	5
RCREG 	EQU 	26
RCSTA 	EQU 	24
RD 	EQU 	0
RD0 	EQU 	0
RD1 	EQU 	1
RD2 	EQU 	2
RD3 	EQU 	3
RD4 	EQU 	4
RD5 	EQU 	5
RD6 	EQU 	6
RD7 	EQU 	7
RE0 	EQU 	0
RE1 	EQU 	1
RE2 	EQU 	2
READ_WRITE 	EQU 	2
ROW 	EQU 	106
RP0 	EQU 	5
RP1 	EQU 	6
RSEN 	EQU 	1
RX9 	EQU 	6
RX9D 	EQU 	0
R_NOT_W 	EQU 	2
R_W 	EQU 	2
S 	EQU 	3
SCLT16TRUE 	EQU 	1619
SCLTINTTRUE 	EQU 	2485
SEN 	EQU 	0
SMP 	EQU 	7
SPBRG 	EQU 	153
SPEN 	EQU 	7
SREN 	EQU 	5
SSPADD 	EQU 	147
SSPBUF 	EQU 	19
SSPCON 	EQU 	20
SSPCON2 	EQU 	145
SSPEN 	EQU 	5
SSPIE 	EQU 	3
SSPIF 	EQU 	3
SSPM0 	EQU 	0
SSPM1 	EQU 	1
SSPM2 	EQU 	2
SSPM3 	EQU 	3
SSPOV 	EQU 	6
SSPSTAT 	EQU 	148
START 	EQU 	9
STATUS 	EQU 	3
STR 	EQU 	481
STRINGPOINTER 	EQU 	107
STRINGTABLE1 	EQU 	2678
STRINGTABLE2 	EQU 	2684
SYNC 	EQU 	4
SYSBITVAR0 	EQU 	108
SYSBYTETEMPA 	EQU 	117
SYSBYTETEMPB 	EQU 	121
SYSBYTETEMPX 	EQU 	112
SYSCALCTEMPA 	EQU 	117
SYSCALCTEMPX 	EQU 	112
SYSCALCTEMPX_H 	EQU 	113
SYSCHARCOUNT 	EQU 	109
SYSCOMPEQUAL 	EQU 	2421
SYSCOMPEQUAL16 	EQU 	2427
SYSCOMPLESSTHAN 	EQU 	2438
SYSCOMPLESSTHAN16 	EQU 	1606
SYSCOMPLESSTHANINT 	EQU 	2445
SYSDIV16START 	EQU 	2531
SYSDIV8START 	EQU 	2493
SYSDIVLOOP 	EQU 	116
SYSDIVMULTA 	EQU 	119
SYSDIVMULTA_H 	EQU 	120
SYSDIVMULTB 	EQU 	123
SYSDIVMULTB_H 	EQU 	124
SYSDIVMULTX 	EQU 	114
SYSDIVMULTX_H 	EQU 	115
SYSDIVSUB 	EQU 	2487
SYSDIVSUB16 	EQU 	2507
SYSDOLOOP_E1 	EQU 	1885
SYSDOLOOP_E2 	EQU 	2009
SYSDOLOOP_S1 	EQU 	1784
SYSDOLOOP_S2 	EQU 	1908
SYSFORLOOP1 	EQU 	86
SYSFORLOOP10 	EQU 	2201
SYSFORLOOP11 	EQU 	2204
SYSFORLOOP12 	EQU 	2212
SYSFORLOOP2 	EQU 	150
SYSFORLOOP3 	EQU 	1208
SYSFORLOOP4 	EQU 	950
SYSFORLOOP5 	EQU 	1001
SYSFORLOOP6 	EQU 	1005
SYSFORLOOP7 	EQU 	1008
SYSFORLOOP8 	EQU 	234
SYSFORLOOP9 	EQU 	307
SYSFORLOOPEND1 	EQU 	130
SYSFORLOOPEND10 	EQU 	2235
SYSFORLOOPEND11 	EQU 	2229
SYSFORLOOPEND12 	EQU 	2225
SYSFORLOOPEND2 	EQU 	171
SYSFORLOOPEND3 	EQU 	1292
SYSFORLOOPEND4 	EQU 	1186
SYSFORLOOPEND5 	EQU 	1176
SYSFORLOOPEND6 	EQU 	1165
SYSFORLOOPEND7 	EQU 	1145
SYSFORLOOPEND8 	EQU 	303
SYSFORLOOPEND9 	EQU 	376
SYSINTEGERTEMPA 	EQU 	117
SYSINTEGERTEMPA_H 	EQU 	118
SYSINTEGERTEMPB 	EQU 	121
SYSINTEGERTEMPB_H 	EQU 	122
SYSINTEGERTEMPX 	EQU 	112
SYSINTEGERTEMPX_H 	EQU 	113
SYSLCDPRINTDATAHANDLER 	EQU 	110
SYSLCDPRINTDATAHANDLER_H 	EQU 	111
SYSMULTSUB 	EQU 	2563
SYSMULTSUB16 	EQU 	2575
SYSMULTSUBINT 	EQU 	2617
SYSREADSTRING 	EQU 	2643
SYSREADSTRINGPART 	EQU 	2653
SYSREPEATLOOP1 	EQU 	2397
SYSREPEATLOOPEND1 	EQU 	2400
SYSREPEATTEMP1 	EQU 	126
SYSSELECT1CASE1 	EQU 	951
SYSSELECT1CASE2 	EQU 	959
SYSSELECT1CASE3 	EQU 	968
SYSSELECT1CASE4 	EQU 	977
SYSSELECT1CASE5 	EQU 	986
SYSSELECTEND1 	EQU 	998
SYSSIGNBYTE 	EQU 	125
SYSSTRDATA 	EQU 	127
SYSSTRINGA 	EQU 	119
SYSSTRINGA_H 	EQU 	120
SYSSTRINGB 	EQU 	114
SYSSTRINGB_H 	EQU 	115
SYSSTRINGLENGTH 	EQU 	118
SYSSTRINGPARAM1 	EQU 	487
SYSSTRINGREAD 	EQU 	2665
SYSSTRINGREADCHECK 	EQU 	2662
SYSSTRINGTABLES 	EQU 	2671
SYSSTR_0 	EQU 	481
SYSTEMP1 	EQU 	160
SYSTEMP1_H 	EQU 	161
SYSTEMP2 	EQU 	162
SYSTEMP2_H 	EQU 	163
SYSVALHUNDREDS 	EQU 	1499
SYSVALTEMP 	EQU 	164
SYSVALTEMP_H 	EQU 	165
SYSVALTENS 	EQU 	1549
SYSVALTHOUSANDS 	EQU 	1448
SYSWAITLOOP1 	EQU 	2291
SYSWAITTEMPMS 	EQU 	114
SYSWAITTEMPMS_H 	EQU 	115
SYSWAITTEMPS 	EQU 	116
SYSWAITTEMPUS 	EQU 	117
SYSWAITTEMPUS_H 	EQU 	118
SYSWORDTEMPA 	EQU 	117
SYSWORDTEMPA_H 	EQU 	118
SYSWORDTEMPB 	EQU 	121
SYSWORDTEMPB_H 	EQU 	122
SYSWORDTEMPX 	EQU 	112
SYSWORDTEMPX_H 	EQU 	113
T0CS 	EQU 	5
T0IE 	EQU 	5
T0IF 	EQU 	2
T0SE 	EQU 	4
T1CKPS0 	EQU 	4
T1CKPS1 	EQU 	5
T1CON 	EQU 	16
T1INSYNC 	EQU 	2
T1OSCEN 	EQU 	3
T1SYNC 	EQU 	2
T2CKPS0 	EQU 	0
T2CKPS1 	EQU 	1
T2CON 	EQU 	18
TABLEGLCDCHARCOL3 	EQU 	390
TABLEGLCDCHARCOL4 	EQU 	516
TABLEGLCDCHARCOL5 	EQU 	642
TABLEGLCDCHARCOL6 	EQU 	768
TABLEGLCDCHARCOL7 	EQU 	2083
TMR0 	EQU 	1
TMR0IE 	EQU 	5
TMR0IF 	EQU 	2
TMR1 	EQU 	14
TMR1CS 	EQU 	1
TMR1H 	EQU 	15
TMR1IE 	EQU 	0
TMR1IF 	EQU 	0
TMR1L 	EQU 	14
TMR1ON 	EQU 	0
TMR2 	EQU 	17
TMR2IE 	EQU 	1
TMR2IF 	EQU 	1
TMR2ON 	EQU 	2
TOUTPS0 	EQU 	3
TOUTPS1 	EQU 	4
TOUTPS2 	EQU 	5
TOUTPS3 	EQU 	6
TRISA 	EQU 	133
TRISA0 	EQU 	0
TRISA1 	EQU 	1
TRISA2 	EQU 	2
TRISA3 	EQU 	3
TRISA4 	EQU 	4
TRISA5 	EQU 	5
TRISB 	EQU 	134
TRISB0 	EQU 	0
TRISB1 	EQU 	1
TRISB2 	EQU 	2
TRISB3 	EQU 	3
TRISB4 	EQU 	4
TRISB5 	EQU 	5
TRISB6 	EQU 	6
TRISB7 	EQU 	7
TRISC 	EQU 	135
TRISC0 	EQU 	0
TRISC1 	EQU 	1
TRISC2 	EQU 	2
TRISC3 	EQU 	3
TRISC4 	EQU 	4
TRISC5 	EQU 	5
TRISC6 	EQU 	6
TRISC7 	EQU 	7
TRISD 	EQU 	136
TRISD0 	EQU 	0
TRISD1 	EQU 	1
TRISD2 	EQU 	2
TRISD3 	EQU 	3
TRISD4 	EQU 	4
TRISD5 	EQU 	5
TRISD6 	EQU 	6
TRISD7 	EQU 	7
TRISE 	EQU 	137
TRISE0 	EQU 	0
TRISE1 	EQU 	1
TRISE2 	EQU 	2
TRMT 	EQU 	1
TX8_9 	EQU 	6
TX9 	EQU 	6
TX9D 	EQU 	0
TXD8 	EQU 	0
TXEN 	EQU 	5
TXIE 	EQU 	4
TXIF 	EQU 	4
TXREG 	EQU 	25
TXSTA 	EQU 	152
UA 	EQU 	1
W 	EQU 	0
WCOL 	EQU 	7
WR 	EQU 	1
WREN 	EQU 	2
WRERR 	EQU 	3
XVAR 	EQU 	166
Z 	EQU 	2
_LINE 	EQU 	1621

Code:
Loc	Obj Code	Original Assembly



































































































































000000	118A	PAGESEL BASPROGRAMSTART
000000	118A 120A	PAGESEL BASPROGRAMSTART
000002	2805	GOTO BASPROGRAMSTART

000004	0009	RETFIE



		BASPROGRAMSTART
000005	254F	CALL INITSYS
000006	2511	CALL INITGLCD_KS0108
000000	118A	PAGESEL $
000000	118A 120A	PAGESEL $

		START
000000	158A	PAGESEL GLCDCLS_KS0108
000000	158A 120A	PAGESEL GLCDCLS_KS0108
00000B	2094	CALL GLCDCLS_KS0108
000000	118A	PAGESEL $
000000	118A 120A	PAGESEL $
00000E	01E6	CLRF PRINTLOCX
00000F	01E7	CLRF PRINTLOCX_H
000010	300A	MOVLW 10
000011	00E8	MOVWF PRINTLOCY
000012	01E9	CLRF PRINTLOCY_H
000013	30E7	MOVLW LOW SYSSTRINGPARAM1
000014	00F2	MOVWF SYSSTRINGB
000015	3001	MOVLW HIGH SYSSTRINGPARAM1
000016	00F3	MOVWF SYSSTRINGB_H
000017	3076	MOVLW LOW STRINGTABLE1
000018	00F7	MOVWF SYSSTRINGA
000019	300A	MOVLW HIGH STRINGTABLE1
00001A	00F8	MOVWF SYSSTRINGA_H
000000	158A	PAGESEL SYSREADSTRING
000000	158A 120A	PAGESEL SYSREADSTRING
00001D	2253	CALL SYSREADSTRING
000000	118A	PAGESEL $
000000	118A 120A	PAGESEL $
000020	30E7	MOVLW LOW SYSSTRINGPARAM1
000021	00EE	MOVWF SYSLCDPRINTDATAHANDLER
000022	3001	MOVLW HIGH SYSSTRINGPARAM1
000023	00EF	MOVWF SYSLCDPRINTDATAHANDLER_H
000024	24A8	CALL GLCDPRINT3
000025	3001	MOVLW 1
000026	00F4	MOVWF SYSWAITTEMPS
000000	158A	PAGESEL DELAY_S
000000	158A 120A	PAGESEL DELAY_S
000029	200E	CALL DELAY_S
000000	118A	PAGESEL $
000000	118A 120A	PAGESEL $
00002C	01E6	CLRF PRINTLOCX
00002D	01E7	CLRF PRINTLOCX_H
00002E	300A	MOVLW 10
00002F	00E8	MOVWF PRINTLOCY
000030	01E9	CLRF PRINTLOCY_H
000031	30E7	MOVLW LOW SYSSTRINGPARAM1
000032	00F2	MOVWF SYSSTRINGB
000033	3001	MOVLW HIGH SYSSTRINGPARAM1
000034	00F3	MOVWF SYSSTRINGB_H
000035	307C	MOVLW LOW STRINGTABLE2
000036	00F7	MOVWF SYSSTRINGA
000037	300A	MOVLW HIGH STRINGTABLE2
000038	00F8	MOVWF SYSSTRINGA_H
000000	158A	PAGESEL SYSREADSTRING
000000	158A 120A	PAGESEL SYSREADSTRING
00003B	2253	CALL SYSREADSTRING
000000	118A	PAGESEL $
000000	118A 120A	PAGESEL $
00003E	30E7	MOVLW LOW SYSSTRINGPARAM1
00003F	00EE	MOVWF SYSLCDPRINTDATAHANDLER
000040	3001	MOVLW HIGH SYSSTRINGPARAM1
000041	00EF	MOVWF SYSLCDPRINTDATAHANDLER_H
000042	24A8	CALL GLCDPRINT3
000043	3012	MOVLW 18
000044	00DE	MOVWF LINEX1
000045	01DF	CLRF LINEX1_H
000046	301E	MOVLW 30
000047	00E2	MOVWF LINEY1
000048	01E3	CLRF LINEY1_H
000049	301C	MOVLW 28
00004A	00E0	MOVWF LINEX2
00004B	01E1	CLRF LINEX2_H
00004C	3028	MOVLW 40
00004D	00E4	MOVWF LINEY2
00004E	01E5	CLRF LINEY2_H
00004F	083F	MOVF GLCDFOREGROUND,W
000050	00CE	MOVWF LINECOLOUR
000051	0840	MOVF GLCDFOREGROUND_H,W
000052	00CF	MOVWF LINECOLOUR_H
000053	20B8	CALL BOX
000054	300E	MOVLW 14
000055	00A0	MOVWF CHAR
		SYSFORLOOP1
000056	0AA0	INCF CHAR,F
000057	3011	MOVLW 17
000058	00E6	MOVWF PRINTLOCX
000059	01E7	CLRF PRINTLOCX_H
00005A	3014	MOVLW 20
00005B	00E8	MOVWF PRINTLOCY
00005C	01E9	CLRF PRINTLOCY_H
00005D	0820	MOVF CHAR,W
000000	1683	BANKSEL SYSVALTEMP
000000	1683 1303	BANKSEL SYSVALTEMP
000060	00A4	MOVWF SYSVALTEMP
000061	01A5	CLRF SYSVALTEMP_H
000000	1283	BANKSEL STATUS
000000	1283 1303	BANKSEL STATUS
000064	2563	CALL FN_STR
000065	30E1	MOVLW LOW STR
000066	00EE	MOVWF SYSLCDPRINTDATAHANDLER
000067	3001	MOVLW HIGH STR
000068	00EF	MOVWF SYSLCDPRINTDATAHANDLER_H
000069	24A8	CALL GLCDPRINT3
00006A	3014	MOVLW 20
00006B	00A5	MOVWF CHARLOCX
00006C	01A6	CLRF CHARLOCX_H
00006D	301E	MOVLW 30
00006E	00A7	MOVWF CHARLOCY
00006F	01A8	CLRF CHARLOCY_H
000070	0820	MOVF CHAR,W
000071	00A1	MOVWF CHARCODE
000072	083F	MOVF GLCDFOREGROUND,W
000073	00CE	MOVWF LINECOLOUR
000074	0840	MOVF GLCDFOREGROUND_H,W
000075	00CF	MOVWF LINECOLOUR_H
000076	2371	CALL GLCDDRAWCHAR
000077	3001	MOVLW 1
000078	00F4	MOVWF SYSWAITTEMPS
000000	158A	PAGESEL DELAY_S
000000	158A 120A	PAGESEL DELAY_S
00007B	200E	CALL DELAY_S
000000	118A	PAGESEL $
000000	118A 120A	PAGESEL $
00007E	3081	MOVLW 129
00007F	0220	SUBWF CHAR,W
000080	1C03	BTFSS STATUS, C
000081	2856	GOTO SYSFORLOOP1
		SYSFORLOOPEND1
000082	01DE	CLRF LINEX1
000083	01DF	CLRF LINEX1_H
000084	3032	MOVLW 50
000085	00E2	MOVWF LINEY1
000086	01E3	CLRF LINEY1_H
000087	307F	MOVLW 127
000088	00E0	MOVWF LINEX2
000089	01E1	CLRF LINEX2_H
00008A	3032	MOVLW 50
00008B	00E4	MOVWF LINEY2
00008C	01E5	CLRF LINEY2_H
00008D	083F	MOVF GLCDFOREGROUND,W
00008E	00CE	MOVWF LINECOLOUR
00008F	0840	MOVF GLCDFOREGROUND_H,W
000090	00CF	MOVWF LINECOLOUR_H
000091	2655	CALL _LINE
000092	30FF	MOVLW 255
000000	1683	BANKSEL XVAR
000000	1683 1303	BANKSEL XVAR
000095	00A6	MOVWF XVAR
		SYSFORLOOP2
000096	0AA6	INCF XVAR,F
000097	0826	MOVF XVAR,W
000000	1283	BANKSEL GLCDX
000000	1283 1303	BANKSEL GLCDX
00009A	00C8	MOVWF GLCDX
00009B	303F	MOVLW 63
00009C	00C9	MOVWF GLCDY
00009D	3001	MOVLW 1
00009E	00B8	MOVWF GLCDCOLOUR
00009F	01B9	CLRF GLCDCOLOUR_H
000000	158A	PAGESEL PSET_KS0108
000000	158A 120A	PAGESEL PSET_KS0108
0000A2	212A	CALL PSET_KS0108
000000	118A	PAGESEL $
000000	118A 120A	PAGESEL $
0000A5	3050	MOVLW 80
000000	1683	BANKSEL XVAR
000000	1683 1303	BANKSEL XVAR
0000A8	0226	SUBWF XVAR,W
0000A9	1C03	BTFSS STATUS, C
0000AA	2896	GOTO SYSFORLOOP2
		SYSFORLOOPEND2
0000AB	300A	MOVLW 10
0000AC	00F4	MOVWF SYSWAITTEMPS
000000	1283	BANKSEL STATUS
000000	1283 1303	BANKSEL STATUS
000000	158A	PAGESEL DELAY_S
000000	158A 120A	PAGESEL DELAY_S
0000B1	200E	CALL DELAY_S
000000	118A	PAGESEL $
000000	118A 120A	PAGESEL $
0000B4	2809	GOTO START
0000B5	28B6	GOTO BASPROGRAMEND
		BASPROGRAMEND
0000B6	0063	SLEEP
0000B7	28B6	GOTO BASPROGRAMEND


		BOX
0000B8	085E	MOVF LINEX1,W
0000B9	00F9	MOVWF SYSWORDTEMPB
0000BA	085F	MOVF LINEX1_H,W
0000BB	00FA	MOVWF SYSWORDTEMPB_H
0000BC	0860	MOVF LINEX2,W
0000BD	00F5	MOVWF SYSWORDTEMPA
0000BE	0861	MOVF LINEX2_H,W
0000BF	00F6	MOVWF SYSWORDTEMPA_H
0000C0	2646	CALL SYSCOMPLESSTHAN16
0000C1	1C70	BTFSS SYSBYTETEMPX,0
0000C2	28CF	GOTO ENDIF12
0000C3	085E	MOVF LINEX1,W
0000C4	00C6	MOVWF GLCDTEMP
0000C5	085F	MOVF LINEX1_H,W
0000C6	00C7	MOVWF GLCDTEMP_H
0000C7	0860	MOVF LINEX2,W
0000C8	00DE	MOVWF LINEX1
0000C9	0861	MOVF LINEX2_H,W
0000CA	00DF	MOVWF LINEX1_H
0000CB	0846	MOVF GLCDTEMP,W
0000CC	00E0	MOVWF LINEX2
0000CD	0847	MOVF GLCDTEMP_H,W
0000CE	00E1	MOVWF LINEX2_H
		ENDIF12
0000CF	0862	MOVF LINEY1,W
0000D0	00F9	MOVWF SYSWORDTEMPB
0000D1	0863	MOVF LINEY1_H,W
0000D2	00FA	MOVWF SYSWORDTEMPB_H
0000D3	0864	MOVF LINEY2,W
0000D4	00F5	MOVWF SYSWORDTEMPA
0000D5	0865	MOVF LINEY2_H,W
0000D6	00F6	MOVWF SYSWORDTEMPA_H
0000D7	2646	CALL SYSCOMPLESSTHAN16
0000D8	1C70	BTFSS SYSBYTETEMPX,0
0000D9	28E6	GOTO ENDIF13
0000DA	0862	MOVF LINEY1,W
0000DB	00C6	MOVWF GLCDTEMP
0000DC	0863	MOVF LINEY1_H,W
0000DD	00C7	MOVWF GLCDTEMP_H
0000DE	0864	MOVF LINEY2,W
0000DF	00E2	MOVWF LINEY1
0000E0	0865	MOVF LINEY2_H,W
0000E1	00E3	MOVWF LINEY1_H
0000E2	0846	MOVF GLCDTEMP,W
0000E3	00E4	MOVWF LINEY2
0000E4	0847	MOVF GLCDTEMP_H,W
0000E5	00E5	MOVWF LINEY2_H
		ENDIF13
0000E6	085E	MOVF LINEX1,W
0000E7	00B2	MOVWF DRAWLINE
0000E8	085F	MOVF LINEX1_H,W
0000E9	00B3	MOVWF DRAWLINE_H
		SYSFORLOOP8
0000EA	0832	MOVF DRAWLINE,W
0000EB	00C8	MOVWF GLCDX
0000EC	0862	MOVF LINEY1,W
0000ED	00C9	MOVWF GLCDY
0000EE	084E	MOVF LINECOLOUR,W
0000EF	00B8	MOVWF GLCDCOLOUR
0000F0	084F	MOVF LINECOLOUR_H,W
0000F1	00B9	MOVWF GLCDCOLOUR_H
000000	158A	PAGESEL PSET_KS0108
000000	158A 120A	PAGESEL PSET_KS0108
0000F4	212A	CALL PSET_KS0108
000000	118A	PAGESEL $
000000	118A 120A	PAGESEL $
0000F7	0832	MOVF DRAWLINE,W
0000F8	00C8	MOVWF GLCDX
0000F9	0864	MOVF LINEY2,W
0000FA	00C9	MOVWF GLCDY
0000FB	084E	MOVF LINECOLOUR,W
0000FC	00B8	MOVWF GLCDCOLOUR
0000FD	084F	MOVF LINECOLOUR_H,W
0000FE	00B9	MOVWF GLCDCOLOUR_H
000000	158A	PAGESEL PSET_KS0108
000000	158A 120A	PAGESEL PSET_KS0108
000101	212A	CALL PSET_KS0108
000000	118A	PAGESEL $
000000	118A 120A	PAGESEL $
000104	0832	MOVF DRAWLINE,W
000105	0260	SUBWF LINEX2,W
000000	1683	BANKSEL SYSTEMP2
000000	1683 1303	BANKSEL SYSTEMP2
000108	00A2	MOVWF SYSTEMP2
000000	1283	BANKSEL LINEX2_H
000000	1283 1303	BANKSEL LINEX2_H
00010B	0861	MOVF LINEX2_H,W
000000	1683	BANKSEL SYSTEMP2_H
000000	1683 1303	BANKSEL SYSTEMP2_H
00010E	00A3	MOVWF SYSTEMP2_H
000000	1283	BANKSEL DRAWLINE_H
000000	1283 1303	BANKSEL DRAWLINE_H
000111	0833	MOVF DRAWLINE_H,W
000112	1C03	BTFSS STATUS,C
000113	0A33	INCF DRAWLINE_H,W
000114	1903	BTFSC STATUS,Z
000115	2919	GOTO ENDIF15
000000	1683	BANKSEL SYSTEMP2_H
000000	1683 1303	BANKSEL SYSTEMP2_H
000118	02A3	SUBWF SYSTEMP2_H,F
		ENDIF15
000000	1683	BANKSEL SYSTEMP2
000000	1683 1303	BANKSEL SYSTEMP2
00011B	0822	MOVF SYSTEMP2,W
00011C	00F5	MOVWF SYSWORDTEMPA
00011D	0823	MOVF SYSTEMP2_H,W
00011E	00F6	MOVWF SYSWORDTEMPA_H
00011F	01F9	CLRF SYSWORDTEMPB
000120	01FA	CLRF SYSWORDTEMPB_H
000000	1283	BANKSEL STATUS
000000	1283 1303	BANKSEL STATUS
000000	158A	PAGESEL SYSCOMPEQUAL16
000000	158A 120A	PAGESEL SYSCOMPEQUAL16
000125	217B	CALL SYSCOMPEQUAL16
000000	118A	PAGESEL $
000000	118A 120A	PAGESEL $
000128	09F0	COMF SYSBYTETEMPX,F
000129	1C70	BTFSS SYSBYTETEMPX,0
00012A	292F	GOTO ENDIF14
00012B	0AB2	INCF DRAWLINE,F
00012C	1903	BTFSC STATUS,Z
00012D	0AB3	INCF DRAWLINE_H,F
00012E	28EA	GOTO SYSFORLOOP8
		ENDIF14
		SYSFORLOOPEND8
00012F	0862	MOVF LINEY1,W
000130	00B2	MOVWF DRAWLINE
000131	0863	MOVF LINEY1_H,W
000132	00B3	MOVWF DRAWLINE_H
		SYSFORLOOP9
000133	085E	MOVF LINEX1,W
000134	00C8	MOVWF GLCDX
000135	0832	MOVF DRAWLINE,W
000136	00C9	MOVWF GLCDY
000137	084E	MOVF LINECOLOUR,W
000138	00B8	MOVWF GLCDCOLOUR
000139	084F	MOVF LINECOLOUR_H,W
00013A	00B9	MOVWF GLCDCOLOUR_H
000000	158A	PAGESEL PSET_KS0108
000000	158A 120A	PAGESEL PSET_KS0108
00013D	212A	CALL PSET_KS0108
000000	118A	PAGESEL $
000000	118A 120A	PAGESEL $
000140	0860	MOVF LINEX2,W
000141	00C8	MOVWF GLCDX
000142	0832	MOVF DRAWLINE,W
000143	00C9	MOVWF GLCDY
000144	084E	MOVF LINECOLOUR,W
000145	00B8	MOVWF GLCDCOLOUR
000146	084F	MOVF LINECOLOUR_H,W
000147	00B9	MOVWF GLCDCOLOUR_H
000000	158A	PAGESEL PSET_KS0108
000000	158A 120A	PAGESEL PSET_KS0108
00014A	212A	CALL PSET_KS0108
000000	118A	PAGESEL $
000000	118A 120A	PAGESEL $
00014D	0832	MOVF DRAWLINE,W
00014E	0264	SUBWF LINEY2,W
000000	1683	BANKSEL SYSTEMP2
000000	1683 1303	BANKSEL SYSTEMP2
000151	00A2	MOVWF SYSTEMP2
000000	1283	BANKSEL LINEY2_H
000000	1283 1303	BANKSEL LINEY2_H
000154	0865	MOVF LINEY2_H,W
000000	1683	BANKSEL SYSTEMP2_H
000000	1683 1303	BANKSEL SYSTEMP2_H
000157	00A3	MOVWF SYSTEMP2_H
000000	1283	BANKSEL DRAWLINE_H
000000	1283 1303	BANKSEL DRAWLINE_H
00015A	0833	MOVF DRAWLINE_H,W
00015B	1C03	BTFSS STATUS,C
00015C	0A33	INCF DRAWLINE_H,W
00015D	1903	BTFSC STATUS,Z
00015E	2962	GOTO ENDIF17
000000	1683	BANKSEL SYSTEMP2_H
000000	1683 1303	BANKSEL SYSTEMP2_H
000161	02A3	SUBWF SYSTEMP2_H,F
		ENDIF17
000000	1683	BANKSEL SYSTEMP2
000000	1683 1303	BANKSEL SYSTEMP2
000164	0822	MOVF SYSTEMP2,W
000165	00F5	MOVWF SYSWORDTEMPA
000166	0823	MOVF SYSTEMP2_H,W
000167	00F6	MOVWF SYSWORDTEMPA_H
000168	01F9	CLRF SYSWORDTEMPB
000169	01FA	CLRF SYSWORDTEMPB_H
000000	1283	BANKSEL STATUS
000000	1283 1303	BANKSEL STATUS
000000	158A	PAGESEL SYSCOMPEQUAL16
000000	158A 120A	PAGESEL SYSCOMPEQUAL16
00016E	217B	CALL SYSCOMPEQUAL16
000000	118A	PAGESEL $
000000	118A 120A	PAGESEL $
000171	09F0	COMF SYSBYTETEMPX,F
000172	1C70	BTFSS SYSBYTETEMPX,0
000173	2978	GOTO ENDIF16
000174	0AB2	INCF DRAWLINE,F
000175	1903	BTFSC STATUS,Z
000176	0AB3	INCF DRAWLINE_H,F
000177	2933	GOTO SYSFORLOOP9
		ENDIF16
		SYSFORLOOPEND9
000178	0008	RETURN


		GLCDCHARCOL3
000179	3071	MOVLW 113
00017A	0277	SUBWF SYSSTRINGA, W
00017B	1803	BTFSC STATUS, C
00017C	3400	RETLW 0
00017D	0877	MOVF SYSSTRINGA, W
00017E	3E86	ADDLW LOW TABLEGLCDCHARCOL3
00017F	00F7	MOVWF SYSSTRINGA
000180	3001	MOVLW HIGH TABLEGLCDCHARCOL3
000181	1803	BTFSC STATUS, C
000182	3E01	ADDLW 1
000183	008A	MOVWF PCLATH
000184	0877	MOVF SYSSTRINGA, W
000185	0082	MOVWF PCL
		TABLEGLCDCHARCOL3
000186	3470	RETLW 112
000187	3400	RETLW 0
000188	3410	RETLW 16
000189	340C	RETLW 12
00018A	340A	RETLW 10
00018B	3488	RETLW 136
00018C	3422	RETLW 34
00018D	3438	RETLW 56
00018E	3420	RETLW 32
00018F	3408	RETLW 8
000190	3420	RETLW 32
000191	3410	RETLW 16
000192	3410	RETLW 16
000193	3480	RETLW 128
000194	3480	RETLW 128
000195	3440	RETLW 64
000196	3404	RETLW 4
000197	3400	RETLW 0
000198	3400	RETLW 0
000199	3400	RETLW 0
00019A	3428	RETLW 40
00019B	3448	RETLW 72
00019C	3446	RETLW 70
00019D	346C	RETLW 108
00019E	3400	RETLW 0
00019F	3400	RETLW 0
0001A0	3400	RETLW 0
0001A1	3428	RETLW 40
0001A2	3410	RETLW 16
0001A3	3400	RETLW 0
0001A4	3410	RETLW 16
0001A5	3400	RETLW 0
0001A6	3440	RETLW 64
0001A7	347C	RETLW 124
0001A8	3400	RETLW 0
0001A9	3484	RETLW 132
0001AA	3482	RETLW 130
0001AB	3430	RETLW 48
0001AC	344E	RETLW 78
0001AD	3478	RETLW 120
0001AE	3406	RETLW 6
0001AF	346C	RETLW 108
0001B0	340C	RETLW 12
0001B1	3400	RETLW 0
0001B2	3400	RETLW 0
0001B3	3410	RETLW 16
0001B4	3428	RETLW 40
0001B5	3400	RETLW 0
0001B6	3404	RETLW 4
0001B7	3464	RETLW 100
0001B8	34F8	RETLW 248
0001B9	34FE	RETLW 254
0001BA	347C	RETLW 124
0001BB	34FE	RETLW 254
0001BC	34FE	RETLW 254
0001BD	34FE	RETLW 254
0001BE	347C	RETLW 124
0001BF	34FE	RETLW 254
0001C0	3400	RETLW 0
0001C1	3440	RETLW 64
0001C2	34FE	RETLW 254
0001C3	34FE	RETLW 254
0001C4	34FE	RETLW 254
0001C5	34FE	RETLW 254
0001C6	347C	RETLW 124
0001C7	34FE	RETLW 254
0001C8	347C	RETLW 124
0001C9	34FE	RETLW 254
0001CA	344C	RETLW 76
0001CB	3402	RETLW 2
0001CC	347E	RETLW 126
0001CD	343E	RETLW 62
0001CE	347E	RETLW 126
0001CF	34C6	RETLW 198
0001D0	340E	RETLW 14
0001D1	34C2	RETLW 194
0001D2	3400	RETLW 0
0001D3	3404	RETLW 4
0001D4	3400	RETLW 0
0001D5	3408	RETLW 8
0001D6	3480	RETLW 128
0001D7	3400	RETLW 0
0001D8	3440	RETLW 64
0001D9	34FE	RETLW 254
0001DA	3470	RETLW 112
0001DB	3470	RETLW 112
0001DC	3470	RETLW 112
0001DD	3410	RETLW 16
0001DE	3410	RETLW 16
0001DF	34FE	RETLW 254
0001E0	3400	RETLW 0
0001E1	3440	RETLW 64
0001E2	34FE	RETLW 254
0001E3	3400	RETLW 0
0001E4	34F8	RETLW 248
0001E5	34F8	RETLW 248
0001E6	3470	RETLW 112
0001E7	34F8	RETLW 248
0001E8	3410	RETLW 16
0001E9	34F8	RETLW 248
0001EA	3490	RETLW 144
0001EB	3410	RETLW 16
0001EC	3478	RETLW 120
0001ED	3438	RETLW 56
0001EE	3478	RETLW 120
0001EF	3488	RETLW 136
0001F0	3418	RETLW 24
0001F1	3488	RETLW 136
0001F2	3400	RETLW 0
0001F3	3400	RETLW 0
0001F4	3400	RETLW 0
0001F5	3420	RETLW 32
0001F6	3478	RETLW 120


		GLCDCHARCOL4
0001F7	3071	MOVLW 113
0001F8	0277	SUBWF SYSSTRINGA, W
0001F9	1803	BTFSC STATUS, C
0001FA	3400	RETLW 0
0001FB	0877	MOVF SYSSTRINGA, W
0001FC	3E04	ADDLW LOW TABLEGLCDCHARCOL4
0001FD	00F7	MOVWF SYSSTRINGA
0001FE	3002	MOVLW HIGH TABLEGLCDCHARCOL4
0001FF	1803	BTFSC STATUS, C
000200	3E01	ADDLW 1
000201	008A	MOVWF PCLATH
000202	0877	MOVF SYSSTRINGA, W
000203	0082	MOVWF PCL
		TABLEGLCDCHARCOL4
000204	3470	RETLW 112
000205	34FE	RETLW 254
000206	3438	RETLW 56
000207	340A	RETLW 10
000208	3406	RETLW 6
000209	34CC	RETLW 204
00020A	3466	RETLW 102
00020B	347C	RETLW 124
00020C	3470	RETLW 112
00020D	3404	RETLW 4
00020E	3440	RETLW 64
00020F	3410	RETLW 16
000210	3438	RETLW 56
000211	3488	RETLW 136
000212	34A2	RETLW 162
000213	3470	RETLW 112
000214	341C	RETLW 28
000215	3400	RETLW 0
000216	3400	RETLW 0
000217	340E	RETLW 14
000218	34FE	RETLW 254
000219	3454	RETLW 84
00021A	3426	RETLW 38
00021B	3492	RETLW 146
00021C	340A	RETLW 10
00021D	3438	RETLW 56
00021E	3482	RETLW 130
00021F	3410	RETLW 16
000220	3410	RETLW 16
000221	34A0	RETLW 160
000222	3410	RETLW 16
000223	34C0	RETLW 192
000224	3420	RETLW 32
000225	34A2	RETLW 162
000226	3484	RETLW 132
000227	34C2	RETLW 194
000228	3482	RETLW 130
000229	3428	RETLW 40
00022A	348A	RETLW 138
00022B	3494	RETLW 148
00022C	3402	RETLW 2
00022D	3492	RETLW 146
00022E	3492	RETLW 146
00022F	346C	RETLW 108
000230	34AC	RETLW 172
000231	3428	RETLW 40
000232	3428	RETLW 40
000233	3482	RETLW 130
000234	3402	RETLW 2
000235	3492	RETLW 146
000236	3424	RETLW 36
000237	3492	RETLW 146
000238	3482	RETLW 130
000239	3482	RETLW 130
00023A	3492	RETLW 146
00023B	3412	RETLW 18
00023C	3482	RETLW 130
00023D	3410	RETLW 16
00023E	3482	RETLW 130
00023F	3480	RETLW 128
000240	3410	RETLW 16
000241	3480	RETLW 128
000242	3404	RETLW 4
000243	3408	RETLW 8
000244	3482	RETLW 130
000245	3412	RETLW 18
000246	3482	RETLW 130
000247	3412	RETLW 18
000248	3492	RETLW 146
000249	3402	RETLW 2
00024A	3480	RETLW 128
00024B	3440	RETLW 64
00024C	3480	RETLW 128
00024D	3428	RETLW 40
00024E	3410	RETLW 16
00024F	34A2	RETLW 162
000250	34FE	RETLW 254
000251	3408	RETLW 8
000252	3482	RETLW 130
000253	3404	RETLW 4
000254	3480	RETLW 128
000255	3402	RETLW 2
000256	34A8	RETLW 168
000257	3490	RETLW 144
000258	3488	RETLW 136
000259	3488	RETLW 136
00025A	34A8	RETLW 168
00025B	34FC	RETLW 252
00025C	34A8	RETLW 168
00025D	3410	RETLW 16
00025E	3490	RETLW 144
00025F	3480	RETLW 128
000260	3420	RETLW 32
000261	3482	RETLW 130
000262	3408	RETLW 8
000263	3410	RETLW 16
000264	3488	RETLW 136
000265	3428	RETLW 40
000266	3428	RETLW 40
000267	3410	RETLW 16
000268	34A8	RETLW 168
000269	347C	RETLW 124
00026A	3480	RETLW 128
00026B	3440	RETLW 64
00026C	3480	RETLW 128
00026D	3450	RETLW 80
00026E	34A0	RETLW 160
00026F	34C8	RETLW 200
000270	3410	RETLW 16
000271	3400	RETLW 0
000272	3482	RETLW 130
000273	3410	RETLW 16
000274	3444	RETLW 68


		GLCDCHARCOL5
000275	3071	MOVLW 113
000276	0277	SUBWF SYSSTRINGA, W
000277	1803	BTFSC STATUS, C
000278	3400	RETLW 0
000279	0877	MOVF SYSSTRINGA, W
00027A	3E82	ADDLW LOW TABLEGLCDCHARCOL5
00027B	00F7	MOVWF SYSSTRINGA
00027C	3002	MOVLW HIGH TABLEGLCDCHARCOL5
00027D	1803	BTFSC STATUS, C
00027E	3E01	ADDLW 1
00027F	008A	MOVWF PCLATH
000280	0877	MOVF SYSSTRINGA, W
000281	0082	MOVWF PCL
		TABLEGLCDCHARCOL5
000282	3470	RETLW 112
000283	347C	RETLW 124
000284	347C	RETLW 124
000285	3400	RETLW 0
000286	3400	RETLW 0
000287	34EE	RETLW 238
000288	34EE	RETLW 238
000289	347C	RETLW 124
00028A	34A8	RETLW 168
00028B	34FE	RETLW 254
00028C	34FE	RETLW 254
00028D	3454	RETLW 84
00028E	3454	RETLW 84
00028F	3494	RETLW 148
000290	3494	RETLW 148
000291	347C	RETLW 124
000292	347C	RETLW 124
000293	3400	RETLW 0
000294	349E	RETLW 158
000295	3400	RETLW 0
000296	3428	RETLW 40
000297	34FE	RETLW 254
000298	3410	RETLW 16
000299	34AA	RETLW 170
00029A	3406	RETLW 6
00029B	3444	RETLW 68
00029C	3444	RETLW 68
00029D	347C	RETLW 124
00029E	347C	RETLW 124
00029F	3460	RETLW 96
0002A0	3410	RETLW 16
0002A1	34C0	RETLW 192
0002A2	3410	RETLW 16
0002A3	3492	RETLW 146
0002A4	34FE	RETLW 254
0002A5	34A2	RETLW 162
0002A6	348A	RETLW 138
0002A7	3424	RETLW 36
0002A8	348A	RETLW 138
0002A9	3492	RETLW 146
0002AA	34E2	RETLW 226
0002AB	3492	RETLW 146
0002AC	3492	RETLW 146
0002AD	346C	RETLW 108
0002AE	346C	RETLW 108
0002AF	3444	RETLW 68
0002B0	3428	RETLW 40
0002B1	3444	RETLW 68
0002B2	34A2	RETLW 162
0002B3	34F2	RETLW 242
0002B4	3422	RETLW 34
0002B5	3492	RETLW 146
0002B6	3482	RETLW 130
0002B7	3482	RETLW 130
0002B8	3492	RETLW 146
0002B9	3412	RETLW 18
0002BA	3492	RETLW 146
0002BB	3410	RETLW 16
0002BC	34FE	RETLW 254
0002BD	3482	RETLW 130
0002BE	3428	RETLW 40
0002BF	3480	RETLW 128
0002C0	3418	RETLW 24
0002C1	3410	RETLW 16
0002C2	3482	RETLW 130
0002C3	3412	RETLW 18
0002C4	34A2	RETLW 162
0002C5	3432	RETLW 50
0002C6	3492	RETLW 146
0002C7	34FE	RETLW 254
0002C8	3480	RETLW 128
0002C9	3480	RETLW 128
0002CA	3470	RETLW 112
0002CB	3410	RETLW 16
0002CC	34E0	RETLW 224
0002CD	3492	RETLW 146
0002CE	3482	RETLW 130
0002CF	3410	RETLW 16
0002D0	3482	RETLW 130
0002D1	3402	RETLW 2
0002D2	3480	RETLW 128
0002D3	3404	RETLW 4
0002D4	34A8	RETLW 168
0002D5	3488	RETLW 136
0002D6	3488	RETLW 136
0002D7	3488	RETLW 136
0002D8	34A8	RETLW 168
0002D9	3412	RETLW 18
0002DA	34A8	RETLW 168
0002DB	3408	RETLW 8
0002DC	34FA	RETLW 250
0002DD	3488	RETLW 136
0002DE	3450	RETLW 80
0002DF	34FE	RETLW 254
0002E0	34F0	RETLW 240
0002E1	3408	RETLW 8
0002E2	3488	RETLW 136
0002E3	3428	RETLW 40
0002E4	3428	RETLW 40
0002E5	3408	RETLW 8
0002E6	34A8	RETLW 168
0002E7	3490	RETLW 144
0002E8	3480	RETLW 128
0002E9	3480	RETLW 128
0002EA	3460	RETLW 96
0002EB	3420	RETLW 32
0002EC	34A0	RETLW 160
0002ED	34A8	RETLW 168
0002EE	346C	RETLW 108
0002EF	34FE	RETLW 254
0002F0	346C	RETLW 108
0002F1	3410	RETLW 16
0002F2	3442	RETLW 66


		GLCDCHARCOL6
0002F3	3071	MOVLW 113
0002F4	0277	SUBWF SYSSTRINGA, W
0002F5	1803	BTFSC STATUS, C
0002F6	3400	RETLW 0
0002F7	0877	MOVF SYSSTRINGA, W
0002F8	3E00	ADDLW LOW TABLEGLCDCHARCOL6
0002F9	00F7	MOVWF SYSSTRINGA
0002FA	3003	MOVLW HIGH TABLEGLCDCHARCOL6
0002FB	1803	BTFSC STATUS, C
0002FC	3E01	ADDLW 1
0002FD	008A	MOVWF PCLATH
0002FE	0877	MOVF SYSSTRINGA, W
0002FF	0082	MOVWF PCL
		TABLEGLCDCHARCOL6
000300	3470	RETLW 112
000301	3438	RETLW 56
000302	34FE	RETLW 254
000303	340C	RETLW 12
000304	340A	RETLW 10
000305	34CC	RETLW 204
000306	3466	RETLW 102
000307	347C	RETLW 124
000308	3420	RETLW 32
000309	3404	RETLW 4
00030A	3440	RETLW 64
00030B	3438	RETLW 56
00030C	3410	RETLW 16
00030D	34A2	RETLW 162
00030E	3488	RETLW 136
00030F	3470	RETLW 112
000310	341C	RETLW 28
000311	3400	RETLW 0
000312	3400	RETLW 0
000313	340E	RETLW 14
000314	34FE	RETLW 254
000315	3454	RETLW 84
000316	34C8	RETLW 200
000317	3444	RETLW 68
000318	3400	RETLW 0
000319	3482	RETLW 130
00031A	3438	RETLW 56
00031B	3410	RETLW 16
00031C	3410	RETLW 16
00031D	3400	RETLW 0
00031E	3410	RETLW 16
00031F	3400	RETLW 0
000320	3408	RETLW 8
000321	348A	RETLW 138
000322	3480	RETLW 128
000323	3492	RETLW 146
000324	3496	RETLW 150
000325	34FE	RETLW 254
000326	348A	RETLW 138
000327	3492	RETLW 146
000328	3412	RETLW 18
000329	3492	RETLW 146
00032A	3452	RETLW 82
00032B	3400	RETLW 0
00032C	3400	RETLW 0
00032D	3482	RETLW 130
00032E	3428	RETLW 40
00032F	3428	RETLW 40
000330	3412	RETLW 18
000331	3482	RETLW 130
000332	3424	RETLW 36
000333	3492	RETLW 146
000334	3482	RETLW 130
000335	3444	RETLW 68
000336	3492	RETLW 146
000337	3412	RETLW 18
000338	3492	RETLW 146
000339	3410	RETLW 16
00033A	3482	RETLW 130
00033B	347E	RETLW 126
00033C	3444	RETLW 68
00033D	3480	RETLW 128
00033E	3404	RETLW 4
00033F	3420	RETLW 32
000340	3482	RETLW 130
000341	3412	RETLW 18
000342	3442	RETLW 66
000343	3452	RETLW 82
000344	3492	RETLW 146
000345	3402	RETLW 2
000346	3480	RETLW 128
000347	3440	RETLW 64
000348	3480	RETLW 128
000349	3428	RETLW 40
00034A	3410	RETLW 16
00034B	348A	RETLW 138
00034C	3482	RETLW 130
00034D	3420	RETLW 32
00034E	34FE	RETLW 254
00034F	3404	RETLW 4
000350	3480	RETLW 128
000351	3408	RETLW 8
000352	34A8	RETLW 168
000353	3488	RETLW 136
000354	3488	RETLW 136
000355	3490	RETLW 144
000356	34A8	RETLW 168
000357	3402	RETLW 2
000358	34A8	RETLW 168
000359	3408	RETLW 8
00035A	3480	RETLW 128
00035B	347A	RETLW 122
00035C	3488	RETLW 136
00035D	3480	RETLW 128
00035E	3408	RETLW 8
00035F	3408	RETLW 8
000360	3488	RETLW 136
000361	3428	RETLW 40
000362	3430	RETLW 48
000363	3408	RETLW 8
000364	34A8	RETLW 168
000365	3480	RETLW 128
000366	3440	RETLW 64
000367	3440	RETLW 64
000368	3480	RETLW 128
000369	3450	RETLW 80
00036A	34A0	RETLW 160
00036B	3498	RETLW 152
00036C	3482	RETLW 130
00036D	3400	RETLW 0
00036E	3410	RETLW 16
00036F	3420	RETLW 32
000370	3444	RETLW 68


		GLCDDRAWCHAR
000371	084E	MOVF LINECOLOUR,W
000372	00F5	MOVWF SYSWORDTEMPA
000373	084F	MOVF LINECOLOUR_H,W
000374	00F6	MOVWF SYSWORDTEMPA_H
000375	083F	MOVF GLCDFOREGROUND,W
000376	00F9	MOVWF SYSWORDTEMPB
000377	0840	MOVF GLCDFOREGROUND_H,W
000378	00FA	MOVWF SYSWORDTEMPB_H
000000	158A	PAGESEL SYSCOMPEQUAL16
000000	158A 120A	PAGESEL SYSCOMPEQUAL16
00037B	217B	CALL SYSCOMPEQUAL16
000000	118A	PAGESEL $
000000	118A 120A	PAGESEL $
00037E	09F0	COMF SYSBYTETEMPX,F
00037F	1C70	BTFSS SYSBYTETEMPX,0
000380	2B86	GOTO ENDIF5
000381	3001	MOVLW 1
000382	00B4	MOVWF GLCDBACKGROUND
000383	01B5	CLRF GLCDBACKGROUND_H
000384	01BF	CLRF GLCDFOREGROUND
000385	01C0	CLRF GLCDFOREGROUND_H
		ENDIF5
000386	300F	MOVLW 15
000387	02A1	SUBWF CHARCODE,F
000388	01A2	CLRF CHARCOL
000389	01A3	CLRF CHARCOL_H
00038A	0821	MOVF CHARCODE,W
00038B	00F5	MOVWF SYSBYTETEMPA
00038C	30B2	MOVLW 178
00038D	00F9	MOVWF SYSBYTETEMPB
000000	158A	PAGESEL SYSCOMPLESSTHAN
000000	158A 120A	PAGESEL SYSCOMPLESSTHAN
000390	2186	CALL SYSCOMPLESSTHAN
000000	118A	PAGESEL $
000000	118A 120A	PAGESEL $
000393	09F0	COMF SYSBYTETEMPX,F
000394	0870	MOVF SYSBYTETEMPX,W
000000	1683	BANKSEL SYSTEMP1
000000	1683 1303	BANKSEL SYSTEMP1
000397	00A0	MOVWF SYSTEMP1
000000	1283	BANKSEL CHARCODE
000000	1283 1303	BANKSEL CHARCODE
00039A	0821	MOVF CHARCODE,W
00039B	00F9	MOVWF SYSBYTETEMPB
00039C	30CA	MOVLW 202
00039D	00F5	MOVWF SYSBYTETEMPA
000000	158A	PAGESEL SYSCOMPLESSTHAN
000000	158A 120A	PAGESEL SYSCOMPLESSTHAN
0003A0	2186	CALL SYSCOMPLESSTHAN
000000	118A	PAGESEL $
000000	118A 120A	PAGESEL $
0003A3	09F0	COMF SYSBYTETEMPX,F
000000	1683	BANKSEL SYSTEMP1
000000	1683 1303	BANKSEL SYSTEMP1
0003A6	0820	MOVF SYSTEMP1,W
0003A7	0570	ANDWF SYSBYTETEMPX,W
0003A8	00A2	MOVWF SYSTEMP2
0003A9	1C22	BTFSS SYSTEMP2,0
0003AA	2BB3	GOTO ENDIF6
0003AB	3001	MOVLW 1
000000	1283	BANKSEL CHARLOCY
000000	1283 1303	BANKSEL CHARLOCY
0003AE	02A7	SUBWF CHARLOCY,F
0003AF	3000	MOVLW 0
0003B0	1C03	BTFSS STATUS,C
0003B1	3001	MOVLW 0 + 1
0003B2	02A8	SUBWF CHARLOCY_H,F
		ENDIF6
000000	1283	BANKSEL CURRCHARCOL
000000	1283 1303	BANKSEL CURRCHARCOL
0003B5	01AD	CLRF CURRCHARCOL
		SYSFORLOOP4
0003B6	0AAD	INCF CURRCHARCOL,F
		SYSSELECT1CASE1
0003B7	032D	DECF CURRCHARCOL,W
0003B8	1D03	BTFSS STATUS, Z
0003B9	2BBF	GOTO SYSSELECT1CASE2
0003BA	0821	MOVF CHARCODE,W
0003BB	00F7	MOVWF SYSSTRINGA
0003BC	2179	CALL GLCDCHARCOL3
0003BD	00AF	MOVWF CURRCHARVAL
0003BE	2BE6	GOTO SYSSELECTEND1
		SYSSELECT1CASE2
0003BF	3002	MOVLW 2
0003C0	022D	SUBWF CURRCHARCOL,W
0003C1	1D03	BTFSS STATUS, Z
0003C2	2BC8	GOTO SYSSELECT1CASE3
0003C3	0821	MOVF CHARCODE,W
0003C4	00F7	MOVWF SYSSTRINGA
0003C5	21F7	CALL GLCDCHARCOL4
0003C6	00AF	MOVWF CURRCHARVAL
0003C7	2BE6	GOTO SYSSELECTEND1
		SYSSELECT1CASE3
0003C8	3003	MOVLW 3
0003C9	022D	SUBWF CURRCHARCOL,W
0003CA	1D03	BTFSS STATUS, Z
0003CB	2BD1	GOTO SYSSELECT1CASE4
0003CC	0821	MOVF CHARCODE,W
0003CD	00F7	MOVWF SYSSTRINGA
0003CE	2275	CALL GLCDCHARCOL5
0003CF	00AF	MOVWF CURRCHARVAL
0003D0	2BE6	GOTO SYSSELECTEND1
		SYSSELECT1CASE4
0003D1	3004	MOVLW 4
0003D2	022D	SUBWF CURRCHARCOL,W
0003D3	1D03	BTFSS STATUS, Z
0003D4	2BDA	GOTO SYSSELECT1CASE5
0003D5	0821	MOVF CHARCODE,W
0003D6	00F7	MOVWF SYSSTRINGA
0003D7	22F3	CALL GLCDCHARCOL6
0003D8	00AF	MOVWF CURRCHARVAL
0003D9	2BE6	GOTO SYSSELECTEND1
		SYSSELECT1CASE5
0003DA	3005	MOVLW 5
0003DB	022D	SUBWF CURRCHARCOL,W
0003DC	1D03	BTFSS STATUS, Z
0003DD	2BE6	GOTO SYSSELECTEND1
0003DE	0821	MOVF CHARCODE,W
0003DF	00F7	MOVWF SYSSTRINGA
000000	158A	PAGESEL GLCDCHARCOL7
000000	158A 120A	PAGESEL GLCDCHARCOL7
0003E2	2016	CALL GLCDCHARCOL7
000000	118A	PAGESEL $
000000	118A 120A	PAGESEL $
0003E5	00AF	MOVWF CURRCHARVAL
		SYSSELECTEND1
0003E6	01A9	CLRF CHARROW
0003E7	01AA	CLRF CHARROW_H
0003E8	01AE	CLRF CURRCHARROW
		SYSFORLOOP5
0003E9	0AAE	INCF CURRCHARROW,F
0003EA	01A4	CLRF CHARCOLS
0003EB	3001	MOVLW 1
0003EC	00AC	MOVWF COL
		SYSFORLOOP6
0003ED	01AB	CLRF CHARROWS
0003EE	3001	MOVLW 1
0003EF	00EA	MOVWF ROW
		SYSFORLOOP7
0003F0	1C2F	BTFSS CURRCHARVAL,0
0003F1	2C18	GOTO ELSE7_1
0003F2	0822	MOVF CHARCOL,W
0003F3	0725	ADDWF CHARLOCX,W
000000	1683	BANKSEL SYSTEMP1
000000	1683 1303	BANKSEL SYSTEMP1
0003F6	00A0	MOVWF SYSTEMP1
000000	1283	BANKSEL CHARCOLS
000000	1283 1303	BANKSEL CHARCOLS
0003F9	0824	MOVF CHARCOLS,W
000000	1683	BANKSEL SYSTEMP1
000000	1683 1303	BANKSEL SYSTEMP1
0003FC	0720	ADDWF SYSTEMP1,W
000000	1283	BANKSEL GLCDX
000000	1283 1303	BANKSEL GLCDX
0003FF	00C8	MOVWF GLCDX
000400	0829	MOVF CHARROW,W
000401	0727	ADDWF CHARLOCY,W
000000	1683	BANKSEL SYSTEMP1
000000	1683 1303	BANKSEL SYSTEMP1
000404	00A0	MOVWF SYSTEMP1
000000	1283	BANKSEL CHARROWS
000000	1283 1303	BANKSEL CHARROWS
000407	082B	MOVF CHARROWS,W
000000	1683	BANKSEL SYSTEMP1
000000	1683 1303	BANKSEL SYSTEMP1
00040A	0720	ADDWF SYSTEMP1,W
000000	1283	BANKSEL GLCDY
000000	1283 1303	BANKSEL GLCDY
00040D	00C9	MOVWF GLCDY
00040E	084E	MOVF LINECOLOUR,W
00040F	00B8	MOVWF GLCDCOLOUR
000410	084F	MOVF LINECOLOUR_H,W
000411	00B9	MOVWF GLCDCOLOUR_H
000000	158A	PAGESEL PSET_KS0108
000000	158A 120A	PAGESEL PSET_KS0108
000414	212A	CALL PSET_KS0108
000000	118A	PAGESEL $
000000	118A 120A	PAGESEL $
000417	2C3D	GOTO ENDIF7
		ELSE7_1
000418	0822	MOVF CHARCOL,W
000419	0725	ADDWF CHARLOCX,W
000000	1683	BANKSEL SYSTEMP1
000000	1683 1303	BANKSEL SYSTEMP1
00041C	00A0	MOVWF SYSTEMP1
000000	1283	BANKSEL CHARCOLS
000000	1283 1303	BANKSEL CHARCOLS
00041F	0824	MOVF CHARCOLS,W
000000	1683	BANKSEL SYSTEMP1
000000	1683 1303	BANKSEL SYSTEMP1
000422	0720	ADDWF SYSTEMP1,W
000000	1283	BANKSEL GLCDX
000000	1283 1303	BANKSEL GLCDX
000425	00C8	MOVWF GLCDX
000426	0829	MOVF CHARROW,W
000427	0727	ADDWF CHARLOCY,W
000000	1683	BANKSEL SYSTEMP1
000000	1683 1303	BANKSEL SYSTEMP1
00042A	00A0	MOVWF SYSTEMP1
000000	1283	BANKSEL CHARROWS
000000	1283 1303	BANKSEL CHARROWS
00042D	082B	MOVF CHARROWS,W
000000	1683	BANKSEL SYSTEMP1
000000	1683 1303	BANKSEL SYSTEMP1
000430	0720	ADDWF SYSTEMP1,W
000000	1283	BANKSEL GLCDY
000000	1283 1303	BANKSEL GLCDY
000433	00C9	MOVWF GLCDY
000434	0834	MOVF GLCDBACKGROUND,W
000435	00B8	MOVWF GLCDCOLOUR
000436	0835	MOVF GLCDBACKGROUND_H,W
000437	00B9	MOVWF GLCDCOLOUR_H
000000	158A	PAGESEL PSET_KS0108
000000	158A 120A	PAGESEL PSET_KS0108
00043A	212A	CALL PSET_KS0108
000000	118A	PAGESEL $
000000	118A 120A	PAGESEL $
		ENDIF7
00043D	083E	MOVF GLCDFONTWIDTH,W
00043E	00F5	MOVWF SYSBYTETEMPA
00043F	083D	MOVF GLCDFNTDEFAULTSIZE,W
000440	00F9	MOVWF SYSBYTETEMPB
000000	158A	PAGESEL SYSMULTSUB
000000	158A 120A	PAGESEL SYSMULTSUB
000443	2203	CALL SYSMULTSUB
000000	118A	PAGESEL $
000000	118A 120A	PAGESEL $
000446	0870	MOVF SYSBYTETEMPX,W
000000	1683	BANKSEL SYSTEMP1
000000	1683 1303	BANKSEL SYSTEMP1
000449	00A0	MOVWF SYSTEMP1
000000	1283	BANKSEL CHARLOCX
000000	1283 1303	BANKSEL CHARLOCX
00044C	0725	ADDWF CHARLOCX,W
00044D	00C8	MOVWF GLCDX
00044E	0829	MOVF CHARROW,W
00044F	0727	ADDWF CHARLOCY,W
000000	1683	BANKSEL SYSTEMP1
000000	1683 1303	BANKSEL SYSTEMP1
000452	00A0	MOVWF SYSTEMP1
000000	1283	BANKSEL CHARROWS
000000	1283 1303	BANKSEL CHARROWS
000455	082B	MOVF CHARROWS,W
000000	1683	BANKSEL SYSTEMP1
000000	1683 1303	BANKSEL SYSTEMP1
000458	0720	ADDWF SYSTEMP1,W
000000	1283	BANKSEL GLCDY
000000	1283 1303	BANKSEL GLCDY
00045B	00C9	MOVWF GLCDY
00045C	0834	MOVF GLCDBACKGROUND,W
00045D	00B8	MOVWF GLCDCOLOUR
00045E	0835	MOVF GLCDBACKGROUND_H,W
00045F	00B9	MOVWF GLCDCOLOUR_H
000000	158A	PAGESEL PSET_KS0108
000000	158A 120A	PAGESEL PSET_KS0108
000462	212A	CALL PSET_KS0108
000000	118A	PAGESEL $
000000	118A 120A	PAGESEL $
000465	0AAB	INCF CHARROWS,F
000466	086A	MOVF ROW,W
000467	023D	SUBWF GLCDFNTDEFAULTSIZE,W
000000	1683	BANKSEL SYSTEMP1
000000	1683 1303	BANKSEL SYSTEMP1
00046A	00A0	MOVWF SYSTEMP1
00046B	00F5	MOVWF SYSBYTETEMPA
00046C	01F9	CLRF SYSBYTETEMPB
000000	1283	BANKSEL STATUS
000000	1283 1303	BANKSEL STATUS
000000	158A	PAGESEL SYSCOMPEQUAL
000000	158A 120A	PAGESEL SYSCOMPEQUAL
000471	2175	CALL SYSCOMPEQUAL
000000	118A	PAGESEL $
000000	118A 120A	PAGESEL $
000474	09F0	COMF SYSBYTETEMPX,F
000475	1C70	BTFSS SYSBYTETEMPX,0
000476	2C79	GOTO ENDIF8
000477	0AEA	INCF ROW,F
000478	2BF0	GOTO SYSFORLOOP7
		ENDIF8
		SYSFORLOOPEND7
000479	0AA4	INCF CHARCOLS,F
00047A	082C	MOVF COL,W
00047B	023D	SUBWF GLCDFNTDEFAULTSIZE,W
000000	1683	BANKSEL SYSTEMP1
000000	1683 1303	BANKSEL SYSTEMP1
00047E	00A0	MOVWF SYSTEMP1
00047F	00F5	MOVWF SYSBYTETEMPA
000480	01F9	CLRF SYSBYTETEMPB
000000	1283	BANKSEL STATUS
000000	1283 1303	BANKSEL STATUS
000000	158A	PAGESEL SYSCOMPEQUAL
000000	158A 120A	PAGESEL SYSCOMPEQUAL
000485	2175	CALL SYSCOMPEQUAL
000000	118A	PAGESEL $
000000	118A 120A	PAGESEL $
000488	09F0	COMF SYSBYTETEMPX,F
000489	1C70	BTFSS SYSBYTETEMPX,0
00048A	2C8D	GOTO ENDIF9
00048B	0AAC	INCF COL,F
00048C	2BED	GOTO SYSFORLOOP6
		ENDIF9
		SYSFORLOOPEND6
00048D	0CAF	RRF CURRCHARVAL,F
00048E	083D	MOVF GLCDFNTDEFAULTSIZE,W
00048F	07A9	ADDWF CHARROW,F
000490	3000	MOVLW 0
000491	1803	BTFSC STATUS,C
000492	3001	MOVLW 0 + 1
000493	07AA	ADDWF CHARROW_H,F
000494	3008	MOVLW 8
000495	022E	SUBWF CURRCHARROW,W
000496	1C03	BTFSS STATUS, C
000497	2BE9	GOTO SYSFORLOOP5
		SYSFORLOOPEND5
000498	083D	MOVF GLCDFNTDEFAULTSIZE,W
000499	07A2	ADDWF CHARCOL,F
00049A	3000	MOVLW 0
00049B	1803	BTFSC STATUS,C
00049C	3001	MOVLW 0 + 1
00049D	07A3	ADDWF CHARCOL_H,F
00049E	3005	MOVLW 5
00049F	022D	SUBWF CURRCHARCOL,W
0004A0	1C03	BTFSS STATUS, C
0004A1	2BB6	GOTO SYSFORLOOP4
		SYSFORLOOPEND4
0004A2	01B4	CLRF GLCDBACKGROUND
0004A3	01B5	CLRF GLCDBACKGROUND_H
0004A4	3001	MOVLW 1
0004A5	00BF	MOVWF GLCDFOREGROUND
0004A6	01C0	CLRF GLCDFOREGROUND_H
0004A7	0008	RETURN


		GLCDPRINT3
0004A8	086E	MOVF SYSLCDPRINTDATAHANDLER,W
0004A9	0084	MOVWF FSR
0004AA	1383	BCF STATUS, IRP
0004AB	186F	BTFSC SYSLCDPRINTDATAHANDLER_H,0
0004AC	1783	BSF STATUS, IRP
0004AD	0800	MOVF INDF,W
0004AE	00C1	MOVWF GLCDPRINTLEN
0004AF	08C1	MOVF GLCDPRINTLEN,F
0004B0	1903	BTFSC STATUS, Z
0004B1	0008	RETURN
0004B2	0866	MOVF PRINTLOCX,W
0004B3	00C2	MOVWF GLCDPRINTLOC
0004B4	0867	MOVF PRINTLOCX_H,W
0004B5	00C3	MOVWF GLCDPRINTLOC_H
0004B6	3001	MOVLW 1
0004B7	00C4	MOVWF GLCDPRINT_STRING_COUNTER
		SYSFORLOOP3
0004B8	0842	MOVF GLCDPRINTLOC,W
0004B9	00A5	MOVWF CHARLOCX
0004BA	0843	MOVF GLCDPRINTLOC_H,W
0004BB	00A6	MOVWF CHARLOCX_H
0004BC	0868	MOVF PRINTLOCY,W
0004BD	00A7	MOVWF CHARLOCY
0004BE	0869	MOVF PRINTLOCY_H,W
0004BF	00A8	MOVWF CHARLOCY_H
0004C0	0844	MOVF GLCDPRINT_STRING_COUNTER,W
0004C1	076E	ADDWF SYSLCDPRINTDATAHANDLER,W
0004C2	0084	MOVWF FSR
0004C3	1383	BCF STATUS, IRP
0004C4	186F	BTFSC SYSLCDPRINTDATAHANDLER_H,0
0004C5	1783	BSF STATUS, IRP
0004C6	0800	MOVF INDF,W
0004C7	00A1	MOVWF CHARCODE
0004C8	083F	MOVF GLCDFOREGROUND,W
0004C9	00CE	MOVWF LINECOLOUR
0004CA	0840	MOVF GLCDFOREGROUND_H,W
0004CB	00CF	MOVWF LINECOLOUR_H
0004CC	2371	CALL GLCDDRAWCHAR
0004CD	083E	MOVF GLCDFONTWIDTH,W
0004CE	00F5	MOVWF SYSBYTETEMPA
0004CF	083D	MOVF GLCDFNTDEFAULTSIZE,W
0004D0	00F9	MOVWF SYSBYTETEMPB
000000	158A	PAGESEL SYSMULTSUB
000000	158A 120A	PAGESEL SYSMULTSUB
0004D3	2203	CALL SYSMULTSUB
000000	118A	PAGESEL $
000000	118A 120A	PAGESEL $
0004D6	0870	MOVF SYSBYTETEMPX,W
000000	1683	BANKSEL SYSTEMP1
000000	1683 1303	BANKSEL SYSTEMP1
0004D9	00A0	MOVWF SYSTEMP1
000000	1283	BANKSEL GLCDPRINTLOC
000000	1283 1303	BANKSEL GLCDPRINTLOC
0004DC	0742	ADDWF GLCDPRINTLOC,W
000000	1683	BANKSEL SYSTEMP2
000000	1683 1303	BANKSEL SYSTEMP2
0004DF	00A2	MOVWF SYSTEMP2
000000	1283	BANKSEL GLCDPRINTLOC_H
000000	1283 1303	BANKSEL GLCDPRINTLOC_H
0004E2	0843	MOVF GLCDPRINTLOC_H,W
000000	1683	BANKSEL SYSTEMP2_H
000000	1683 1303	BANKSEL SYSTEMP2_H
0004E5	00A3	MOVWF SYSTEMP2_H
0004E6	3000	MOVLW 0
0004E7	1803	BTFSC STATUS,C
0004E8	3001	MOVLW 0 + 1
0004E9	07A3	ADDWF SYSTEMP2_H,F
0004EA	3001	MOVLW 1
0004EB	0722	ADDWF SYSTEMP2,W
000000	1283	BANKSEL GLCDPRINTLOC
000000	1283 1303	BANKSEL GLCDPRINTLOC
0004EE	00C2	MOVWF GLCDPRINTLOC
000000	1683	BANKSEL SYSTEMP2_H
000000	1683 1303	BANKSEL SYSTEMP2_H
0004F1	0823	MOVF SYSTEMP2_H,W
000000	1283	BANKSEL GLCDPRINTLOC_H
000000	1283 1303	BANKSEL GLCDPRINTLOC_H
0004F4	00C3	MOVWF GLCDPRINTLOC_H
0004F5	3000	MOVLW 0
0004F6	1803	BTFSC STATUS,C
0004F7	3001	MOVLW 0 + 1
0004F8	07C3	ADDWF GLCDPRINTLOC_H,F
0004F9	0844	MOVF GLCDPRINT_STRING_COUNTER,W
0004FA	0241	SUBWF GLCDPRINTLEN,W
000000	1683	BANKSEL SYSTEMP1
000000	1683 1303	BANKSEL SYSTEMP1
0004FD	00A0	MOVWF SYSTEMP1
0004FE	00F5	MOVWF SYSBYTETEMPA
0004FF	01F9	CLRF SYSBYTETEMPB
000000	1283	BANKSEL STATUS
000000	1283 1303	BANKSEL STATUS
000000	158A	PAGESEL SYSCOMPEQUAL
000000	158A 120A	PAGESEL SYSCOMPEQUAL
000504	2175	CALL SYSCOMPEQUAL
000000	118A	PAGESEL $
000000	118A 120A	PAGESEL $
000507	09F0	COMF SYSBYTETEMPX,F
000508	1C70	BTFSS SYSBYTETEMPX,0
000509	2D0C	GOTO ENDIF4
00050A	0AC4	INCF GLCDPRINT_STRING_COUNTER,F
00050B	2CB8	GOTO SYSFORLOOP3
		ENDIF4
		SYSFORLOOPEND3
00050C	0842	MOVF GLCDPRINTLOC,W
00050D	00E6	MOVWF PRINTLOCX
00050E	0843	MOVF GLCDPRINTLOC_H,W
00050F	00E7	MOVWF PRINTLOCX_H
000510	0008	RETURN


		INITGLCD_KS0108
000000	1683	BANKSEL TRISE
000000	1683 1303	BANKSEL TRISE
000513	1009	BCF TRISE,0
000514	1089	BCF TRISE,1
000515	1109	BCF TRISE,2
000516	1007	BCF TRISC,0
000517	1087	BCF TRISC,1
000518	1107	BCF TRISC,2
000000	1283	BANKSEL PORTC
000000	1283 1303	BANKSEL PORTC
00051B	1107	BCF PORTC,2
00051C	3001	MOVLW 1
00051D	00F2	MOVWF SYSWAITTEMPMS
00051E	01F3	CLRF SYSWAITTEMPMS_H
000000	158A	PAGESEL DELAY_MS
000000	158A 120A	PAGESEL DELAY_MS
000521	2000	CALL DELAY_MS
000000	118A	PAGESEL $
000000	118A 120A	PAGESEL $
000524	1507	BSF PORTC,2
000525	3001	MOVLW 1
000526	00F2	MOVWF SYSWAITTEMPMS
000527	01F3	CLRF SYSWAITTEMPMS_H
000000	158A	PAGESEL DELAY_MS
000000	158A 120A	PAGESEL DELAY_MS
00052A	2000	CALL DELAY_MS
000000	118A	PAGESEL $
000000	118A 120A	PAGESEL $
00052D	1407	BSF PORTC,0
00052E	1487	BSF PORTC,1
00052F	1009	BCF PORTE,0
000530	303F	MOVLW 63
000531	00CD	MOVWF LCDBYTE
000000	158A	PAGESEL GLCDWRITEBYTE_KS0108
000000	158A 120A	PAGESEL GLCDWRITEBYTE_KS0108
000534	20EA	CALL GLCDWRITEBYTE_KS0108
000000	118A	PAGESEL $
000000	118A 120A	PAGESEL $
000537	30C0	MOVLW 192
000538	00CD	MOVWF LCDBYTE
000000	158A	PAGESEL GLCDWRITEBYTE_KS0108
000000	158A 120A	PAGESEL GLCDWRITEBYTE_KS0108
00053B	20EA	CALL GLCDWRITEBYTE_KS0108
000000	118A	PAGESEL $
000000	118A 120A	PAGESEL $
00053E	1007	BCF PORTC,0
00053F	1087	BCF PORTC,1
000540	01B4	CLRF GLCDBACKGROUND
000541	01B5	CLRF GLCDBACKGROUND_H
000542	3001	MOVLW 1
000543	00BF	MOVWF GLCDFOREGROUND
000544	01C0	CLRF GLCDFOREGROUND_H
000545	3005	MOVLW 5
000546	00BE	MOVWF GLCDFONTWIDTH
000547	01BB	CLRF GLCDFNTDEFAULT
000548	3001	MOVLW 1
000549	00BD	MOVWF GLCDFNTDEFAULTSIZE
00054A	3007	MOVLW 7
00054B	00BC	MOVWF GLCDFNTDEFAULTHEIGHT
000000	158A	PAGESEL GLCDCLS_KS0108
000000	158A 120A	PAGESEL GLCDCLS_KS0108
00054E	2894	GOTO GLCDCLS_KS0108


		INITSYS
000000	1683	BANKSEL ADCON1
000000	1683 1303	BANKSEL ADCON1
000551	139F	BCF ADCON1,ADFM
000000	1283	BANKSEL ADCON0
000000	1283 1303	BANKSEL ADCON0
000554	101F	BCF ADCON0,ADON
000000	1683	BANKSEL ADCON1
000000	1683 1303	BANKSEL ADCON1
000557	119F	BCF ADCON1,PCFG3
000558	151F	BSF ADCON1,PCFG2
000559	149F	BSF ADCON1,PCFG1
00055A	101F	BCF ADCON1,PCFG0
000000	1283	BANKSEL PORTA
000000	1283 1303	BANKSEL PORTA
00055D	0185	CLRF PORTA
00055E	0186	CLRF PORTB
00055F	0187	CLRF PORTC
000560	0188	CLRF PORTD
000561	0189	CLRF PORTE
000562	0008	RETURN


		FN_STR
000563	01ED	CLRF SYSCHARCOUNT
000000	1683	BANKSEL SYSVALTEMP
000000	1683 1303	BANKSEL SYSVALTEMP
000566	0824	MOVF SYSVALTEMP,W
000567	00F5	MOVWF SYSWORDTEMPA
000568	0825	MOVF SYSVALTEMP_H,W
000569	00F6	MOVWF SYSWORDTEMPA_H
00056A	3010	MOVLW 16
00056B	00F9	MOVWF SYSWORDTEMPB
00056C	3027	MOVLW 39
00056D	00FA	MOVWF SYSWORDTEMPB_H
000000	1283	BANKSEL STATUS
000000	1283 1303	BANKSEL STATUS
000570	2646	CALL SYSCOMPLESSTHAN16
000571	09F0	COMF SYSBYTETEMPX,F
000572	1C70	BTFSS SYSBYTETEMPX,0
000573	2D98	GOTO ENDIF71
000000	1683	BANKSEL SYSVALTEMP
000000	1683 1303	BANKSEL SYSVALTEMP
000576	0824	MOVF SYSVALTEMP,W
000577	00F5	MOVWF SYSWORDTEMPA
000578	0825	MOVF SYSVALTEMP_H,W
000579	00F6	MOVWF SYSWORDTEMPA_H
00057A	3010	MOVLW 16
00057B	00F9	MOVWF SYSWORDTEMPB
00057C	3027	MOVLW 39
00057D	00FA	MOVWF SYSWORDTEMPB_H
000000	1283	BANKSEL STATUS
000000	1283 1303	BANKSEL STATUS
000000	158A	PAGESEL SYSDIVSUB16
000000	158A 120A	PAGESEL SYSDIVSUB16
000582	21CB	CALL SYSDIVSUB16
000000	118A	PAGESEL $
000000	118A 120A	PAGESEL $
000585	0875	MOVF SYSWORDTEMPA,W
000586	00FF	MOVWF SYSSTRDATA
000587	0870	MOVF SYSCALCTEMPX,W
000000	1683	BANKSEL SYSVALTEMP
000000	1683 1303	BANKSEL SYSVALTEMP
00058A	00A4	MOVWF SYSVALTEMP
00058B	0871	MOVF SYSCALCTEMPX_H,W
00058C	00A5	MOVWF SYSVALTEMP_H
000000	1283	BANKSEL SYSCHARCOUNT
000000	1283 1303	BANKSEL SYSCHARCOUNT
00058F	0AED	INCF SYSCHARCOUNT,F
000590	30E1	MOVLW LOW(STR)
000591	076D	ADDWF SYSCHARCOUNT,W
000592	0084	MOVWF FSR
000593	1783	BANKISEL STR
000594	3030	MOVLW 48
000595	077F	ADDWF SYSSTRDATA,W
000596	0080	MOVWF INDF
000597	2DA8	GOTO SYSVALTHOUSANDS
		ENDIF71
000000	1683	BANKSEL SYSVALTEMP
000000	1683 1303	BANKSEL SYSVALTEMP
00059A	0824	MOVF SYSVALTEMP,W
00059B	00F5	MOVWF SYSWORDTEMPA
00059C	0825	MOVF SYSVALTEMP_H,W
00059D	00F6	MOVWF SYSWORDTEMPA_H
00059E	30E8	MOVLW 232
00059F	00F9	MOVWF SYSWORDTEMPB
0005A0	3003	MOVLW 3
0005A1	00FA	MOVWF SYSWORDTEMPB_H
000000	1283	BANKSEL STATUS
000000	1283 1303	BANKSEL STATUS
0005A4	2646	CALL SYSCOMPLESSTHAN16
0005A5	09F0	COMF SYSBYTETEMPX,F
0005A6	1C70	BTFSS SYSBYTETEMPX,0
0005A7	2DCC	GOTO ENDIF72
		SYSVALTHOUSANDS
000000	1683	BANKSEL SYSVALTEMP
000000	1683 1303	BANKSEL SYSVALTEMP
0005AA	0824	MOVF SYSVALTEMP,W
0005AB	00F5	MOVWF SYSWORDTEMPA
0005AC	0825	MOVF SYSVALTEMP_H,W
0005AD	00F6	MOVWF SYSWORDTEMPA_H
0005AE	30E8	MOVLW 232
0005AF	00F9	MOVWF SYSWORDTEMPB
0005B0	3003	MOVLW 3
0005B1	00FA	MOVWF SYSWORDTEMPB_H
000000	1283	BANKSEL STATUS
000000	1283 1303	BANKSEL STATUS
000000	158A	PAGESEL SYSDIVSUB16
000000	158A 120A	PAGESEL SYSDIVSUB16
0005B6	21CB	CALL SYSDIVSUB16
000000	118A	PAGESEL $
000000	118A 120A	PAGESEL $
0005B9	0875	MOVF SYSWORDTEMPA,W
0005BA	00FF	MOVWF SYSSTRDATA
0005BB	0870	MOVF SYSCALCTEMPX,W
000000	1683	BANKSEL SYSVALTEMP
000000	1683 1303	BANKSEL SYSVALTEMP
0005BE	00A4	MOVWF SYSVALTEMP
0005BF	0871	MOVF SYSCALCTEMPX_H,W
0005C0	00A5	MOVWF SYSVALTEMP_H
000000	1283	BANKSEL SYSCHARCOUNT
000000	1283 1303	BANKSEL SYSCHARCOUNT
0005C3	0AED	INCF SYSCHARCOUNT,F
0005C4	30E1	MOVLW LOW(STR)
0005C5	076D	ADDWF SYSCHARCOUNT,W
0005C6	0084	MOVWF FSR
0005C7	1783	BANKISEL STR
0005C8	3030	MOVLW 48
0005C9	077F	ADDWF SYSSTRDATA,W
0005CA	0080	MOVWF INDF
0005CB	2DDB	GOTO SYSVALHUNDREDS
		ENDIF72
000000	1683	BANKSEL SYSVALTEMP
000000	1683 1303	BANKSEL SYSVALTEMP
0005CE	0824	MOVF SYSVALTEMP,W
0005CF	00F5	MOVWF SYSWORDTEMPA
0005D0	0825	MOVF SYSVALTEMP_H,W
0005D1	00F6	MOVWF SYSWORDTEMPA_H
0005D2	3064	MOVLW 100
0005D3	00F9	MOVWF SYSWORDTEMPB
0005D4	01FA	CLRF SYSWORDTEMPB_H
000000	1283	BANKSEL STATUS
000000	1283 1303	BANKSEL STATUS
0005D7	2646	CALL SYSCOMPLESSTHAN16
0005D8	09F0	COMF SYSBYTETEMPX,F
0005D9	1C70	BTFSS SYSBYTETEMPX,0
0005DA	2DFE	GOTO ENDIF73
		SYSVALHUNDREDS
000000	1683	BANKSEL SYSVALTEMP
000000	1683 1303	BANKSEL SYSVALTEMP
0005DD	0824	MOVF SYSVALTEMP,W
0005DE	00F5	MOVWF SYSWORDTEMPA
0005DF	0825	MOVF SYSVALTEMP_H,W
0005E0	00F6	MOVWF SYSWORDTEMPA_H
0005E1	3064	MOVLW 100
0005E2	00F9	MOVWF SYSWORDTEMPB
0005E3	01FA	CLRF SYSWORDTEMPB_H
000000	1283	BANKSEL STATUS
000000	1283 1303	BANKSEL STATUS
000000	158A	PAGESEL SYSDIVSUB16
000000	158A 120A	PAGESEL SYSDIVSUB16
0005E8	21CB	CALL SYSDIVSUB16
000000	118A	PAGESEL $
000000	118A 120A	PAGESEL $
0005EB	0875	MOVF SYSWORDTEMPA,W
0005EC	00FF	MOVWF SYSSTRDATA
0005ED	0870	MOVF SYSCALCTEMPX,W
000000	1683	BANKSEL SYSVALTEMP
000000	1683 1303	BANKSEL SYSVALTEMP
0005F0	00A4	MOVWF SYSVALTEMP
0005F1	0871	MOVF SYSCALCTEMPX_H,W
0005F2	00A5	MOVWF SYSVALTEMP_H
000000	1283	BANKSEL SYSCHARCOUNT
000000	1283 1303	BANKSEL SYSCHARCOUNT
0005F5	0AED	INCF SYSCHARCOUNT,F
0005F6	30E1	MOVLW LOW(STR)
0005F7	076D	ADDWF SYSCHARCOUNT,W
0005F8	0084	MOVWF FSR
0005F9	1783	BANKISEL STR
0005FA	3030	MOVLW 48
0005FB	077F	ADDWF SYSSTRDATA,W
0005FC	0080	MOVWF INDF
0005FD	2E0D	GOTO SYSVALTENS
		ENDIF73
000000	1683	BANKSEL SYSVALTEMP
000000	1683 1303	BANKSEL SYSVALTEMP
000600	0824	MOVF SYSVALTEMP,W
000601	00F5	MOVWF SYSWORDTEMPA
000602	0825	MOVF SYSVALTEMP_H,W
000603	00F6	MOVWF SYSWORDTEMPA_H
000604	300A	MOVLW 10
000605	00F9	MOVWF SYSWORDTEMPB
000606	01FA	CLRF SYSWORDTEMPB_H
000000	1283	BANKSEL STATUS
000000	1283 1303	BANKSEL STATUS
000609	2646	CALL SYSCOMPLESSTHAN16
00060A	09F0	COMF SYSBYTETEMPX,F
00060B	1C70	BTFSS SYSBYTETEMPX,0
00060C	2E2F	GOTO ENDIF74
		SYSVALTENS
000000	1683	BANKSEL SYSVALTEMP
000000	1683 1303	BANKSEL SYSVALTEMP
00060F	0824	MOVF SYSVALTEMP,W
000610	00F5	MOVWF SYSWORDTEMPA
000611	0825	MOVF SYSVALTEMP_H,W
000612	00F6	MOVWF SYSWORDTEMPA_H
000613	300A	MOVLW 10
000614	00F9	MOVWF SYSWORDTEMPB
000615	01FA	CLRF SYSWORDTEMPB_H
000000	1283	BANKSEL STATUS
000000	1283 1303	BANKSEL STATUS
000000	158A	PAGESEL SYSDIVSUB16
000000	158A 120A	PAGESEL SYSDIVSUB16
00061A	21CB	CALL SYSDIVSUB16
000000	118A	PAGESEL $
000000	118A 120A	PAGESEL $
00061D	0875	MOVF SYSWORDTEMPA,W
00061E	00FF	MOVWF SYSSTRDATA
00061F	0870	MOVF SYSCALCTEMPX,W
000000	1683	BANKSEL SYSVALTEMP
000000	1683 1303	BANKSEL SYSVALTEMP
000622	00A4	MOVWF SYSVALTEMP
000623	0871	MOVF SYSCALCTEMPX_H,W
000624	00A5	MOVWF SYSVALTEMP_H
000000	1283	BANKSEL SYSCHARCOUNT
000000	1283 1303	BANKSEL SYSCHARCOUNT
000627	0AED	INCF SYSCHARCOUNT,F
000628	30E1	MOVLW LOW(STR)
000629	076D	ADDWF SYSCHARCOUNT,W
00062A	0084	MOVWF FSR
00062B	1783	BANKISEL STR
00062C	3030	MOVLW 48
00062D	077F	ADDWF SYSSTRDATA,W
00062E	0080	MOVWF INDF
		ENDIF74
00062F	0AED	INCF SYSCHARCOUNT,F
000630	30E1	MOVLW LOW(STR)
000631	076D	ADDWF SYSCHARCOUNT,W
000632	0084	MOVWF FSR
000633	1783	BANKISEL STR
000634	3030	MOVLW 48
000000	1683	BANKSEL SYSVALTEMP
000000	1683 1303	BANKSEL SYSVALTEMP
000637	0724	ADDWF SYSVALTEMP,W
000638	0080	MOVWF INDF
000639	0870	MOVF SYSCALCTEMPX,W
00063A	00A4	MOVWF SYSVALTEMP
00063B	0871	MOVF SYSCALCTEMPX_H,W
00063C	00A5	MOVWF SYSVALTEMP_H
000000	1283	BANKSEL SYSCHARCOUNT
000000	1283 1303	BANKSEL SYSCHARCOUNT
00063F	086D	MOVF SYSCHARCOUNT,W
000000	1683	BANKSEL SYSSTR_0
000000	1683 1703	BANKSEL SYSSTR_0
000642	00E1	MOVWF SYSSTR_0
000000	1283	BANKSEL STATUS
000000	1283 1303	BANKSEL STATUS
000645	0008	RETURN


		SYSCOMPLESSTHAN16
000646	01F0	CLRF SYSBYTETEMPX
000647	0876	MOVF SYSWORDTEMPA_H,W
000648	027A	SUBWF SYSWORDTEMPB_H,W
000649	1C03	BTFSS STATUS,C
00064A	0008	RETURN
00064B	087A	MOVF SYSWORDTEMPB_H,W
00064C	0276	SUBWF SYSWORDTEMPA_H,W
00064D	1C03	BTFSS STATUS,C
00064E	2E53	GOTO SCLT16TRUE
00064F	0879	MOVF SYSWORDTEMPB,W
000650	0275	SUBWF SYSWORDTEMPA,W
000651	1803	BTFSC STATUS,C
000652	0008	RETURN
		SCLT16TRUE
000653	09F0	COMF SYSBYTETEMPX,F
000654	0008	RETURN


		_LINE
000655	01D0	CLRF LINEDIFFX
000656	01D1	CLRF LINEDIFFX_H
000657	01D4	CLRF LINEDIFFY
000658	01D5	CLRF LINEDIFFY_H
000659	01DA	CLRF LINESTEPX
00065A	01DB	CLRF LINESTEPX_H
00065B	01DC	CLRF LINESTEPY
00065C	01DD	CLRF LINESTEPY_H
00065D	01D2	CLRF LINEDIFFX_X2
00065E	01D3	CLRF LINEDIFFX_X2_H
00065F	01D6	CLRF LINEDIFFY_X2
000660	01D7	CLRF LINEDIFFY_X2_H
000661	01D8	CLRF LINEERR
000662	01D9	CLRF LINEERR_H
000663	085E	MOVF LINEX1,W
000664	0260	SUBWF LINEX2,W
000665	00D0	MOVWF LINEDIFFX
000666	0861	MOVF LINEX2_H,W
000667	00D1	MOVWF LINEDIFFX_H
000668	085F	MOVF LINEX1_H,W
000669	1C03	BTFSS STATUS,C
00066A	0F5F	INCFSZ LINEX1_H,W
00066B	02D1	SUBWF LINEDIFFX_H,F
00066C	0862	MOVF LINEY1,W
00066D	0264	SUBWF LINEY2,W
00066E	00D4	MOVWF LINEDIFFY
00066F	0865	MOVF LINEY2_H,W
000670	00D5	MOVWF LINEDIFFY_H
000671	0863	MOVF LINEY1_H,W
000672	1C03	BTFSS STATUS,C
000673	0F63	INCFSZ LINEY1_H,W
000674	02D5	SUBWF LINEDIFFY_H,F
000675	0850	MOVF LINEDIFFX,W
000676	00F9	MOVWF SYSINTEGERTEMPB
000677	0851	MOVF LINEDIFFX_H,W
000678	00FA	MOVWF SYSINTEGERTEMPB_H
000679	01F5	CLRF SYSINTEGERTEMPA
00067A	01F6	CLRF SYSINTEGERTEMPA_H
000000	158A	PAGESEL SYSCOMPLESSTHANINT
000000	158A 120A	PAGESEL SYSCOMPLESSTHANINT
00067D	218D	CALL SYSCOMPLESSTHANINT
000000	118A	PAGESEL $
000000	118A 120A	PAGESEL $
000680	1C70	BTFSS SYSBYTETEMPX,0
000681	2E86	GOTO ELSE46_1
000682	3001	MOVLW 1
000683	00DA	MOVWF LINESTEPX
000684	01DB	CLRF LINESTEPX_H
000685	2E89	GOTO ENDIF46
		ELSE46_1
000686	30FF	MOVLW 255
000687	00DA	MOVWF LINESTEPX
000688	00DB	MOVWF LINESTEPX_H
		ENDIF46
000689	0854	MOVF LINEDIFFY,W
00068A	00F9	MOVWF SYSINTEGERTEMPB
00068B	0855	MOVF LINEDIFFY_H,W
00068C	00FA	MOVWF SYSINTEGERTEMPB_H
00068D	01F5	CLRF SYSINTEGERTEMPA
00068E	01F6	CLRF SYSINTEGERTEMPA_H
000000	158A	PAGESEL SYSCOMPLESSTHANINT
000000	158A 120A	PAGESEL SYSCOMPLESSTHANINT
000691	218D	CALL SYSCOMPLESSTHANINT
000000	118A	PAGESEL $
000000	118A 120A	PAGESEL $
000694	1C70	BTFSS SYSBYTETEMPX,0
000695	2E9A	GOTO ELSE47_1
000696	3001	MOVLW 1
000697	00DC	MOVWF LINESTEPY
000698	01DD	CLRF LINESTEPY_H
000699	2E9D	GOTO ENDIF47
		ELSE47_1
00069A	30FF	MOVLW 255
00069B	00DC	MOVWF LINESTEPY
00069C	00DD	MOVWF LINESTEPY_H
		ENDIF47
00069D	085A	MOVF LINESTEPX,W
00069E	00F5	MOVWF SYSINTEGERTEMPA
00069F	085B	MOVF LINESTEPX_H,W
0006A0	00F6	MOVWF SYSINTEGERTEMPA_H
0006A1	0850	MOVF LINEDIFFX,W
0006A2	00F9	MOVWF SYSINTEGERTEMPB
0006A3	0851	MOVF LINEDIFFX_H,W
0006A4	00FA	MOVWF SYSINTEGERTEMPB_H
000000	158A	PAGESEL SYSMULTSUBINT
000000	158A 120A	PAGESEL SYSMULTSUBINT
0006A7	2239	CALL SYSMULTSUBINT
000000	118A	PAGESEL $
000000	118A 120A	PAGESEL $
0006AA	0870	MOVF SYSINTEGERTEMPX,W
0006AB	00D0	MOVWF LINEDIFFX
0006AC	0871	MOVF SYSINTEGERTEMPX_H,W
0006AD	00D1	MOVWF LINEDIFFX_H
0006AE	085C	MOVF LINESTEPY,W
0006AF	00F5	MOVWF SYSINTEGERTEMPA
0006B0	085D	MOVF LINESTEPY_H,W
0006B1	00F6	MOVWF SYSINTEGERTEMPA_H
0006B2	0854	MOVF LINEDIFFY,W
0006B3	00F9	MOVWF SYSINTEGERTEMPB
0006B4	0855	MOVF LINEDIFFY_H,W
0006B5	00FA	MOVWF SYSINTEGERTEMPB_H
000000	158A	PAGESEL SYSMULTSUBINT
000000	158A 120A	PAGESEL SYSMULTSUBINT
0006B8	2239	CALL SYSMULTSUBINT
000000	118A	PAGESEL $
000000	118A 120A	PAGESEL $
0006BB	0870	MOVF SYSINTEGERTEMPX,W
0006BC	00D4	MOVWF LINEDIFFY
0006BD	0871	MOVF SYSINTEGERTEMPX_H,W
0006BE	00D5	MOVWF LINEDIFFY_H
0006BF	0850	MOVF LINEDIFFX,W
0006C0	00F5	MOVWF SYSINTEGERTEMPA
0006C1	0851	MOVF LINEDIFFX_H,W
0006C2	00F6	MOVWF SYSINTEGERTEMPA_H
0006C3	3002	MOVLW 2
0006C4	00F9	MOVWF SYSINTEGERTEMPB
0006C5	01FA	CLRF SYSINTEGERTEMPB_H
000000	158A	PAGESEL SYSMULTSUBINT
000000	158A 120A	PAGESEL SYSMULTSUBINT
0006C8	2239	CALL SYSMULTSUBINT
000000	118A	PAGESEL $
000000	118A 120A	PAGESEL $
0006CB	0870	MOVF SYSINTEGERTEMPX,W
0006CC	00D2	MOVWF LINEDIFFX_X2
0006CD	0871	MOVF SYSINTEGERTEMPX_H,W
0006CE	00D3	MOVWF LINEDIFFX_X2_H
0006CF	0854	MOVF LINEDIFFY,W
0006D0	00F5	MOVWF SYSINTEGERTEMPA
0006D1	0855	MOVF LINEDIFFY_H,W
0006D2	00F6	MOVWF SYSINTEGERTEMPA_H
0006D3	3002	MOVLW 2
0006D4	00F9	MOVWF SYSINTEGERTEMPB
0006D5	01FA	CLRF SYSINTEGERTEMPB_H
000000	158A	PAGESEL SYSMULTSUBINT
000000	158A 120A	PAGESEL SYSMULTSUBINT
0006D8	2239	CALL SYSMULTSUBINT
000000	118A	PAGESEL $
000000	118A 120A	PAGESEL $
0006DB	0870	MOVF SYSINTEGERTEMPX,W
0006DC	00D6	MOVWF LINEDIFFY_X2
0006DD	0871	MOVF SYSINTEGERTEMPX_H,W
0006DE	00D7	MOVWF LINEDIFFY_X2_H
0006DF	0850	MOVF LINEDIFFX,W
0006E0	00F5	MOVWF SYSINTEGERTEMPA
0006E1	0851	MOVF LINEDIFFX_H,W
0006E2	00F6	MOVWF SYSINTEGERTEMPA_H
0006E3	0854	MOVF LINEDIFFY,W
0006E4	00F9	MOVWF SYSINTEGERTEMPB
0006E5	0855	MOVF LINEDIFFY_H,W
0006E6	00FA	MOVWF SYSINTEGERTEMPB_H
000000	158A	PAGESEL SYSCOMPLESSTHANINT
000000	158A 120A	PAGESEL SYSCOMPLESSTHANINT
0006E9	218D	CALL SYSCOMPLESSTHANINT
000000	118A	PAGESEL $
000000	118A 120A	PAGESEL $
0006EC	09F0	COMF SYSBYTETEMPX,F
0006ED	1C70	BTFSS SYSBYTETEMPX,0
0006EE	2F6B	GOTO ELSE48_1
0006EF	0850	MOVF LINEDIFFX,W
0006F0	0256	SUBWF LINEDIFFY_X2,W
0006F1	00D8	MOVWF LINEERR
0006F2	0857	MOVF LINEDIFFY_X2_H,W
0006F3	00D9	MOVWF LINEERR_H
0006F4	0851	MOVF LINEDIFFX_H,W
0006F5	1C03	BTFSS STATUS,C
0006F6	0F51	INCFSZ LINEDIFFX_H,W
0006F7	02D9	SUBWF LINEERR_H,F
		SYSDOLOOP_S1
0006F8	085E	MOVF LINEX1,W
0006F9	00F5	MOVWF SYSWORDTEMPA
0006FA	085F	MOVF LINEX1_H,W
0006FB	00F6	MOVWF SYSWORDTEMPA_H
0006FC	0860	MOVF LINEX2,W
0006FD	00F9	MOVWF SYSWORDTEMPB
0006FE	0861	MOVF LINEX2_H,W
0006FF	00FA	MOVWF SYSWORDTEMPB_H
000000	158A	PAGESEL SYSCOMPEQUAL16
000000	158A 120A	PAGESEL SYSCOMPEQUAL16
000702	217B	CALL SYSCOMPEQUAL16
000000	118A	PAGESEL $
000000	118A 120A	PAGESEL $
000705	09F0	COMF SYSBYTETEMPX,F
000706	1C70	BTFSS SYSBYTETEMPX,0
000707	2F5D	GOTO SYSDOLOOP_E1
000708	085E	MOVF LINEX1,W
000709	00C8	MOVWF GLCDX
00070A	0862	MOVF LINEY1,W
00070B	00C9	MOVWF GLCDY
00070C	084E	MOVF LINECOLOUR,W
00070D	00B8	MOVWF GLCDCOLOUR
00070E	084F	MOVF LINECOLOUR_H,W
00070F	00B9	MOVWF GLCDCOLOUR_H
000000	158A	PAGESEL PSET_KS0108
000000	158A 120A	PAGESEL PSET_KS0108
000712	212A	CALL PSET_KS0108
000000	118A	PAGESEL $
000000	118A 120A	PAGESEL $
000715	085A	MOVF LINESTEPX,W
000716	07DE	ADDWF LINEX1,F
000717	085B	MOVF LINESTEPX_H,W
000718	1803	BTFSC STATUS,C
000719	0F5B	INCFSZ LINESTEPX_H,W
00071A	07DF	ADDWF LINEX1_H,F
00071B	0858	MOVF LINEERR,W
00071C	00F5	MOVWF SYSINTEGERTEMPA
00071D	0859	MOVF LINEERR_H,W
00071E	00F6	MOVWF SYSINTEGERTEMPA_H
00071F	01F9	CLRF SYSINTEGERTEMPB
000720	01FA	CLRF SYSINTEGERTEMPB_H
000000	158A	PAGESEL SYSCOMPLESSTHANINT
000000	158A 120A	PAGESEL SYSCOMPLESSTHANINT
000723	218D	CALL SYSCOMPLESSTHANINT
000000	118A	PAGESEL $
000000	118A 120A	PAGESEL $
000726	1C70	BTFSS SYSBYTETEMPX,0
000727	2F2F	GOTO ELSE49_1
000728	0856	MOVF LINEDIFFY_X2,W
000729	07D8	ADDWF LINEERR,F
00072A	0857	MOVF LINEDIFFY_X2_H,W
00072B	1803	BTFSC STATUS,C
00072C	0F57	INCFSZ LINEDIFFY_X2_H,W
00072D	07D9	ADDWF LINEERR_H,F
00072E	2F5C	GOTO ENDIF49
		ELSE49_1
00072F	0852	MOVF LINEDIFFX_X2,W
000730	0256	SUBWF LINEDIFFY_X2,W
000000	1683	BANKSEL SYSTEMP1
000000	1683 1303	BANKSEL SYSTEMP1
000733	00A0	MOVWF SYSTEMP1
000000	1283	BANKSEL LINEDIFFY_X2_H
000000	1283 1303	BANKSEL LINEDIFFY_X2_H
000736	0857	MOVF LINEDIFFY_X2_H,W
000000	1683	BANKSEL SYSTEMP1_H
000000	1683 1303	BANKSEL SYSTEMP1_H
000739	00A1	MOVWF SYSTEMP1_H
000000	1283	BANKSEL LINEDIFFX_X2_H
000000	1283 1303	BANKSEL LINEDIFFX_X2_H
00073C	0853	MOVF LINEDIFFX_X2_H,W
00073D	1C03	BTFSS STATUS,C
00073E	0A53	INCF LINEDIFFX_X2_H,W
00073F	1903	BTFSC STATUS,Z
000740	2F44	GOTO ENDIF56
000000	1683	BANKSEL SYSTEMP1_H
000000	1683 1303	BANKSEL SYSTEMP1_H
000743	02A1	SUBWF SYSTEMP1_H,F
		ENDIF56
000000	1683	BANKSEL SYSTEMP1
000000	1683 1303	BANKSEL SYSTEMP1
000746	0820	MOVF SYSTEMP1,W
000000	1283	BANKSEL LINEERR
000000	1283 1303	BANKSEL LINEERR
000749	07D8	ADDWF LINEERR,F
000000	1683	BANKSEL SYSTEMP1_H
000000	1683 1303	BANKSEL SYSTEMP1_H
00074C	0821	MOVF SYSTEMP1_H,W
00074D	1803	BTFSC STATUS,C
00074E	0A21	INCF SYSTEMP1_H,W
00074F	1903	BTFSC STATUS,Z
000750	2F54	GOTO ENDIF57
000000	1283	BANKSEL LINEERR_H
000000	1283 1303	BANKSEL LINEERR_H
000753	07D9	ADDWF LINEERR_H,F
		ENDIF57
000000	1283	BANKSEL LINESTEPY
000000	1283 1303	BANKSEL LINESTEPY
000756	085C	MOVF LINESTEPY,W
000757	07E2	ADDWF LINEY1,F
000758	085D	MOVF LINESTEPY_H,W
000759	1803	BTFSC STATUS,C
00075A	0F5D	INCFSZ LINESTEPY_H,W
00075B	07E3	ADDWF LINEY1_H,F
		ENDIF49
00075C	2EF8	GOTO SYSDOLOOP_S1
		SYSDOLOOP_E1
00075D	085E	MOVF LINEX1,W
00075E	00C8	MOVWF GLCDX
00075F	0862	MOVF LINEY1,W
000760	00C9	MOVWF GLCDY
000761	084E	MOVF LINECOLOUR,W
000762	00B8	MOVWF GLCDCOLOUR
000763	084F	MOVF LINECOLOUR_H,W
000764	00B9	MOVWF GLCDCOLOUR_H
000000	158A	PAGESEL PSET_KS0108
000000	158A 120A	PAGESEL PSET_KS0108
000767	212A	CALL PSET_KS0108
000000	118A	PAGESEL $
000000	118A 120A	PAGESEL $
00076A	2FE6	GOTO ENDIF48
		ELSE48_1
00076B	0854	MOVF LINEDIFFY,W
00076C	0252	SUBWF LINEDIFFX_X2,W
00076D	00D8	MOVWF LINEERR
00076E	0853	MOVF LINEDIFFX_X2_H,W
00076F	00D9	MOVWF LINEERR_H
000770	0855	MOVF LINEDIFFY_H,W
000771	1C03	BTFSS STATUS,C
000772	0F55	INCFSZ LINEDIFFY_H,W
000773	02D9	SUBWF LINEERR_H,F
		SYSDOLOOP_S2
000774	0862	MOVF LINEY1,W
000775	00F5	MOVWF SYSWORDTEMPA
000776	0863	MOVF LINEY1_H,W
000777	00F6	MOVWF SYSWORDTEMPA_H
000778	0864	MOVF LINEY2,W
000779	00F9	MOVWF SYSWORDTEMPB
00077A	0865	MOVF LINEY2_H,W
00077B	00FA	MOVWF SYSWORDTEMPB_H
000000	158A	PAGESEL SYSCOMPEQUAL16
000000	158A 120A	PAGESEL SYSCOMPEQUAL16
00077E	217B	CALL SYSCOMPEQUAL16
000000	118A	PAGESEL $
000000	118A 120A	PAGESEL $
000781	09F0	COMF SYSBYTETEMPX,F
000782	1C70	BTFSS SYSBYTETEMPX,0
000783	2FD9	GOTO SYSDOLOOP_E2
000784	085E	MOVF LINEX1,W
000785	00C8	MOVWF GLCDX
000786	0862	MOVF LINEY1,W
000787	00C9	MOVWF GLCDY
000788	084E	MOVF LINECOLOUR,W
000789	00B8	MOVWF GLCDCOLOUR
00078A	084F	MOVF LINECOLOUR_H,W
00078B	00B9	MOVWF GLCDCOLOUR_H
000000	158A	PAGESEL PSET_KS0108
000000	158A 120A	PAGESEL PSET_KS0108
00078E	212A	CALL PSET_KS0108
000000	118A	PAGESEL $
000000	118A 120A	PAGESEL $
000791	085C	MOVF LINESTEPY,W
000792	07E2	ADDWF LINEY1,F
000793	085D	MOVF LINESTEPY_H,W
000794	1803	BTFSC STATUS,C
000795	0F5D	INCFSZ LINESTEPY_H,W
000796	07E3	ADDWF LINEY1_H,F
000797	0858	MOVF LINEERR,W
000798	00F5	MOVWF SYSINTEGERTEMPA
000799	0859	MOVF LINEERR_H,W
00079A	00F6	MOVWF SYSINTEGERTEMPA_H
00079B	01F9	CLRF SYSINTEGERTEMPB
00079C	01FA	CLRF SYSINTEGERTEMPB_H
000000	158A	PAGESEL SYSCOMPLESSTHANINT
000000	158A 120A	PAGESEL SYSCOMPLESSTHANINT
00079F	218D	CALL SYSCOMPLESSTHANINT
000000	118A	PAGESEL $
000000	118A 120A	PAGESEL $
0007A2	1C70	BTFSS SYSBYTETEMPX,0
0007A3	2FAB	GOTO ELSE50_1
0007A4	0852	MOVF LINEDIFFX_X2,W
0007A5	07D8	ADDWF LINEERR,F
0007A6	0853	MOVF LINEDIFFX_X2_H,W
0007A7	1803	BTFSC STATUS,C
0007A8	0F53	INCFSZ LINEDIFFX_X2_H,W
0007A9	07D9	ADDWF LINEERR_H,F
0007AA	2FD8	GOTO ENDIF50
		ELSE50_1
0007AB	0856	MOVF LINEDIFFY_X2,W
0007AC	0252	SUBWF LINEDIFFX_X2,W
000000	1683	BANKSEL SYSTEMP1
000000	1683 1303	BANKSEL SYSTEMP1
0007AF	00A0	MOVWF SYSTEMP1
000000	1283	BANKSEL LINEDIFFX_X2_H
000000	1283 1303	BANKSEL LINEDIFFX_X2_H
0007B2	0853	MOVF LINEDIFFX_X2_H,W
000000	1683	BANKSEL SYSTEMP1_H
000000	1683 1303	BANKSEL SYSTEMP1_H
0007B5	00A1	MOVWF SYSTEMP1_H
000000	1283	BANKSEL LINEDIFFY_X2_H
000000	1283 1303	BANKSEL LINEDIFFY_X2_H
0007B8	0857	MOVF LINEDIFFY_X2_H,W
0007B9	1C03	BTFSS STATUS,C
0007BA	0A57	INCF LINEDIFFY_X2_H,W
0007BB	1903	BTFSC STATUS,Z
0007BC	2FC0	GOTO ENDIF62
000000	1683	BANKSEL SYSTEMP1_H
000000	1683 1303	BANKSEL SYSTEMP1_H
0007BF	02A1	SUBWF SYSTEMP1_H,F
		ENDIF62
000000	1683	BANKSEL SYSTEMP1
000000	1683 1303	BANKSEL SYSTEMP1
0007C2	0820	MOVF SYSTEMP1,W
000000	1283	BANKSEL LINEERR
000000	1283 1303	BANKSEL LINEERR
0007C5	07D8	ADDWF LINEERR,F
000000	1683	BANKSEL SYSTEMP1_H
000000	1683 1303	BANKSEL SYSTEMP1_H
0007C8	0821	MOVF SYSTEMP1_H,W
0007C9	1803	BTFSC STATUS,C
0007CA	0A21	INCF SYSTEMP1_H,W
0007CB	1903	BTFSC STATUS,Z
0007CC	2FD0	GOTO ENDIF63
000000	1283	BANKSEL LINEERR_H
000000	1283 1303	BANKSEL LINEERR_H
0007CF	07D9	ADDWF LINEERR_H,F
		ENDIF63
000000	1283	BANKSEL LINESTEPX
000000	1283 1303	BANKSEL LINESTEPX
0007D2	085A	MOVF LINESTEPX,W
0007D3	07DE	ADDWF LINEX1,F
0007D4	085B	MOVF LINESTEPX_H,W
0007D5	1803	BTFSC STATUS,C
0007D6	0F5B	INCFSZ LINESTEPX_H,W
0007D7	07DF	ADDWF LINEX1_H,F
		ENDIF50
0007D8	2F74	GOTO SYSDOLOOP_S2
		SYSDOLOOP_E2
0007D9	085E	MOVF LINEX1,W
0007DA	00C8	MOVWF GLCDX
0007DB	0862	MOVF LINEY1,W
0007DC	00C9	MOVWF GLCDY
0007DD	084E	MOVF LINECOLOUR,W
0007DE	00B8	MOVWF GLCDCOLOUR
0007DF	084F	MOVF LINECOLOUR_H,W
0007E0	00B9	MOVWF GLCDCOLOUR_H
000000	158A	PAGESEL PSET_KS0108
000000	158A 120A	PAGESEL PSET_KS0108
0007E3	212A	CALL PSET_KS0108
000000	118A	PAGESEL $
000000	118A 120A	PAGESEL $
		ENDIF48
0007E6	0008	RETURN



		DELAY_MS
000800	0AF3	INCF SYSWAITTEMPMS_H, F
		DMS_START
000801	306C	MOVLW 108
000802	00F1	MOVWF DELAYTEMP2
		DMS_OUTER
000803	300B	MOVLW 11
000804	00F0	MOVWF DELAYTEMP
		DMS_INNER
000805	0BF0	DECFSZ DELAYTEMP, F
000806	2805	GOTO DMS_INNER
000807	0BF1	DECFSZ DELAYTEMP2, F
000808	2803	GOTO DMS_OUTER
000809	0BF2	DECFSZ SYSWAITTEMPMS, F
00080A	2801	GOTO DMS_START
00080B	0BF3	DECFSZ SYSWAITTEMPMS_H, F
00080C	2801	GOTO DMS_START
00080D	0008	RETURN


		DELAY_S
		DS_START
00080E	30E8	MOVLW 232
00080F	00F2	MOVWF SYSWAITTEMPMS
000810	3003	MOVLW 3
000811	00F3	MOVWF SYSWAITTEMPMS_H
000812	2000	CALL DELAY_MS
000813	0BF4	DECFSZ SYSWAITTEMPS, F
000814	280E	GOTO DS_START
000815	0008	RETURN


		GLCDCHARCOL7
000816	3071	MOVLW 113
000817	0277	SUBWF SYSSTRINGA, W
000818	1803	BTFSC STATUS, C
000819	3400	RETLW 0
00081A	0877	MOVF SYSSTRINGA, W
00081B	3E23	ADDLW LOW TABLEGLCDCHARCOL7
00081C	00F7	MOVWF SYSSTRINGA
00081D	3008	MOVLW HIGH TABLEGLCDCHARCOL7
00081E	1803	BTFSC STATUS, C
00081F	3E01	ADDLW 1
000820	008A	MOVWF PCLATH
000821	0877	MOVF SYSSTRINGA, W
000822	0082	MOVWF PCL
		TABLEGLCDCHARCOL7
000823	3470	RETLW 112
000824	3410	RETLW 16
000825	3400	RETLW 0
000826	340A	RETLW 10
000827	3406	RETLW 6
000828	3488	RETLW 136
000829	3422	RETLW 34
00082A	3438	RETLW 56
00082B	343E	RETLW 62
00082C	3408	RETLW 8
00082D	3420	RETLW 32
00082E	3410	RETLW 16
00082F	3410	RETLW 16
000830	3480	RETLW 128
000831	3480	RETLW 128
000832	3440	RETLW 64
000833	3404	RETLW 4
000834	3400	RETLW 0
000835	3400	RETLW 0
000836	3400	RETLW 0
000837	3428	RETLW 40
000838	3424	RETLW 36
000839	34C4	RETLW 196
00083A	34A0	RETLW 160
00083B	3400	RETLW 0
00083C	3400	RETLW 0
00083D	3400	RETLW 0
00083E	3428	RETLW 40
00083F	3410	RETLW 16
000840	3400	RETLW 0
000841	3410	RETLW 16
000842	3400	RETLW 0
000843	3404	RETLW 4
000844	347C	RETLW 124
000845	3400	RETLW 0
000846	348C	RETLW 140
000847	3462	RETLW 98
000848	3420	RETLW 32
000849	3472	RETLW 114
00084A	3460	RETLW 96
00084B	340E	RETLW 14
00084C	346C	RETLW 108
00084D	343C	RETLW 60
00084E	3400	RETLW 0
00084F	3400	RETLW 0
000850	3400	RETLW 0
000851	3428	RETLW 40
000852	3410	RETLW 16
000853	340C	RETLW 12
000854	347C	RETLW 124
000855	34F8	RETLW 248
000856	346C	RETLW 108
000857	3444	RETLW 68
000858	3438	RETLW 56
000859	3482	RETLW 130
00085A	3402	RETLW 2
00085B	34F4	RETLW 244
00085C	34FE	RETLW 254
00085D	3400	RETLW 0
00085E	3402	RETLW 2
00085F	3482	RETLW 130
000860	3480	RETLW 128
000861	34FE	RETLW 254
000862	34FE	RETLW 254
000863	347C	RETLW 124
000864	340C	RETLW 12
000865	34BC	RETLW 188
000866	348C	RETLW 140
000867	3464	RETLW 100
000868	3402	RETLW 2
000869	347E	RETLW 126
00086A	343E	RETLW 62
00086B	347E	RETLW 126
00086C	34C6	RETLW 198
00086D	340E	RETLW 14
00086E	3486	RETLW 134
00086F	3400	RETLW 0
000870	3440	RETLW 64
000871	3400	RETLW 0
000872	3408	RETLW 8
000873	3480	RETLW 128
000874	3400	RETLW 0
000875	34F0	RETLW 240
000876	3470	RETLW 112
000877	3440	RETLW 64
000878	34FE	RETLW 254
000879	3430	RETLW 48
00087A	3404	RETLW 4
00087B	3478	RETLW 120
00087C	34F0	RETLW 240
00087D	3400	RETLW 0
00087E	3400	RETLW 0
00087F	3400	RETLW 0
000880	3400	RETLW 0
000881	34F0	RETLW 240
000882	34F0	RETLW 240
000883	3470	RETLW 112
000884	3410	RETLW 16
000885	34F8	RETLW 248
000886	3410	RETLW 16
000887	3440	RETLW 64
000888	3440	RETLW 64
000889	34F8	RETLW 248
00088A	3438	RETLW 56
00088B	3478	RETLW 120
00088C	3488	RETLW 136
00088D	3478	RETLW 120
00088E	3488	RETLW 136
00088F	3400	RETLW 0
000890	3400	RETLW 0
000891	3400	RETLW 0
000892	3410	RETLW 16
000893	3478	RETLW 120


		GLCDCLS_KS0108
000894	01CB	CLRF GLCD_YORDINATE
000895	01CC	CLRF GLCD_YORDINATE_H
000896	1407	BSF PORTC,0
000897	1087	BCF PORTC,1
000898	01CA	CLRF GLCD_COUNT
		SYSFORLOOP10
000899	0ACA	INCF GLCD_COUNT,F
00089A	30FF	MOVLW 255
00089B	00B1	MOVWF CURRPAGE
		SYSFORLOOP11
00089C	0AB1	INCF CURRPAGE,F
00089D	1009	BCF PORTE,0
00089E	30B8	MOVLW 184
00089F	0431	IORWF CURRPAGE,W
0008A0	00CD	MOVWF LCDBYTE
0008A1	20EA	CALL GLCDWRITEBYTE_KS0108
0008A2	30FF	MOVLW 255
0008A3	00B0	MOVWF CURRCOL
		SYSFORLOOP12
0008A4	0AB0	INCF CURRCOL,F
0008A5	1009	BCF PORTE,0
0008A6	3040	MOVLW 64
0008A7	0430	IORWF CURRCOL,W
0008A8	00CD	MOVWF LCDBYTE
0008A9	20EA	CALL GLCDWRITEBYTE_KS0108
0008AA	1409	BSF PORTE,0
0008AB	01CD	CLRF LCDBYTE
0008AC	20EA	CALL GLCDWRITEBYTE_KS0108
0008AD	303F	MOVLW 63
0008AE	0230	SUBWF CURRCOL,W
0008AF	1C03	BTFSS STATUS, C
0008B0	28A4	GOTO SYSFORLOOP12
		SYSFORLOOPEND12
0008B1	3007	MOVLW 7
0008B2	0231	SUBWF CURRPAGE,W
0008B3	1C03	BTFSS STATUS, C
0008B4	289C	GOTO SYSFORLOOP11
		SYSFORLOOPEND11
0008B5	1007	BCF PORTC,0
0008B6	1487	BSF PORTC,1
0008B7	3002	MOVLW 2
0008B8	024A	SUBWF GLCD_COUNT,W
0008B9	1C03	BTFSS STATUS, C
0008BA	2899	GOTO SYSFORLOOP10
		SYSFORLOOPEND10
0008BB	1007	BCF PORTC,0
0008BC	1087	BCF PORTC,1
0008BD	0008	RETURN


		FN_GLCDREADBYTE_KS0108
000000	1683	BANKSEL TRISD
000000	1683 1303	BANKSEL TRISD
0008C0	1788	BSF TRISD,7
0008C1	1708	BSF TRISD,6
0008C2	1688	BSF TRISD,5
0008C3	1608	BSF TRISD,4
0008C4	1588	BSF TRISD,3
0008C5	1508	BSF TRISD,2
0008C6	1488	BSF TRISD,1
0008C7	1408	BSF TRISD,0
000000	1283	BANKSEL PORTE
000000	1283 1303	BANKSEL PORTE
0008CA	1489	BSF PORTE,1
0008CB	1509	BSF PORTE,2
0008CC	28CD	GOTO $+1
0008CD	28CE	GOTO $+1
0008CE	13C5	BCF GLCDREADBYTE_KS0108,7
0008CF	1B88	BTFSC PORTD,7
0008D0	17C5	BSF GLCDREADBYTE_KS0108,7
0008D1	1345	BCF GLCDREADBYTE_KS0108,6
0008D2	1B08	BTFSC PORTD,6
0008D3	1745	BSF GLCDREADBYTE_KS0108,6
0008D4	12C5	BCF GLCDREADBYTE_KS0108,5
0008D5	1A88	BTFSC PORTD,5
0008D6	16C5	BSF GLCDREADBYTE_KS0108,5
0008D7	1245	BCF GLCDREADBYTE_KS0108,4
0008D8	1A08	BTFSC PORTD,4
0008D9	1645	BSF GLCDREADBYTE_KS0108,4
0008DA	11C5	BCF GLCDREADBYTE_KS0108,3
0008DB	1988	BTFSC PORTD,3
0008DC	15C5	BSF GLCDREADBYTE_KS0108,3
0008DD	1145	BCF GLCDREADBYTE_KS0108,2
0008DE	1908	BTFSC PORTD,2
0008DF	1545	BSF GLCDREADBYTE_KS0108,2
0008E0	10C5	BCF GLCDREADBYTE_KS0108,1
0008E1	1888	BTFSC PORTD,1
0008E2	14C5	BSF GLCDREADBYTE_KS0108,1
0008E3	1045	BCF GLCDREADBYTE_KS0108,0
0008E4	1808	BTFSC PORTD,0
0008E5	1445	BSF GLCDREADBYTE_KS0108,0
0008E6	1109	BCF PORTE,2
0008E7	28E8	GOTO $+1
0008E8	28E9	GOTO $+1
0008E9	0008	RETURN


		GLCDWRITEBYTE_KS0108
0008EA	106C	BCF SYSBITVAR0,0
0008EB	1809	BTFSC PORTE,0
0008EC	146C	BSF SYSBITVAR0,0
0008ED	10EC	BCF SYSBITVAR0,1
0008EE	1887	BTFSC PORTC,1
0008EF	14EC	BSF SYSBITVAR0,1
0008F0	1807	BTFSC PORTC,0
0008F1	1087	BCF PORTC,1
0008F2	1009	BCF PORTE,0
		SYSWAITLOOP1
0008F3	20BE	CALL FN_GLCDREADBYTE_KS0108
0008F4	1BC5	BTFSC GLCDREADBYTE_KS0108,7
0008F5	28F3	GOTO SYSWAITLOOP1
0008F6	1009	BCF PORTE,0
0008F7	186C	BTFSC SYSBITVAR0,0
0008F8	1409	BSF PORTE,0
0008F9	1087	BCF PORTC,1
0008FA	18EC	BTFSC SYSBITVAR0,1
0008FB	1487	BSF PORTC,1
0008FC	1089	BCF PORTE,1
000000	1683	BANKSEL TRISD
000000	1683 1303	BANKSEL TRISD
0008FF	1008	BCF TRISD,0
000900	1088	BCF TRISD,1
000901	1108	BCF TRISD,2
000902	1188	BCF TRISD,3
000903	1208	BCF TRISD,4
000904	1288	BCF TRISD,5
000905	1308	BCF TRISD,6
000906	1388	BCF TRISD,7
000000	1283	BANKSEL PORTD
000000	1283 1303	BANKSEL PORTD
000909	1388	BCF PORTD,7
00090A	1BCD	BTFSC LCDBYTE,7
00090B	1788	BSF PORTD,7
00090C	1308	BCF PORTD,6
00090D	1B4D	BTFSC LCDBYTE,6
00090E	1708	BSF PORTD,6
00090F	1288	BCF PORTD,5
000910	1ACD	BTFSC LCDBYTE,5
000911	1688	BSF PORTD,5
000912	1208	BCF PORTD,4
000913	1A4D	BTFSC LCDBYTE,4
000914	1608	BSF PORTD,4
000915	1188	BCF PORTD,3
000916	19CD	BTFSC LCDBYTE,3
000917	1588	BSF PORTD,3
000918	1108	BCF PORTD,2
000919	194D	BTFSC LCDBYTE,2
00091A	1508	BSF PORTD,2
00091B	1088	BCF PORTD,1
00091C	18CD	BTFSC LCDBYTE,1
00091D	1488	BSF PORTD,1
00091E	1008	BCF PORTD,0
00091F	184D	BTFSC LCDBYTE,0
000920	1408	BSF PORTD,0
000921	2922	GOTO $+1
000922	2923	GOTO $+1
000923	1509	BSF PORTE,2
000924	2925	GOTO $+1
000925	2926	GOTO $+1
000926	1109	BCF PORTE,2
000927	2928	GOTO $+1
000928	2929	GOTO $+1
000929	0008	RETURN


		PSET_KS0108
00092A	1B48	BTFSC GLCDX,6
00092B	292E	GOTO ENDIF21
00092C	1487	BSF PORTC,1
00092D	1007	BCF PORTC,0
		ENDIF21
00092E	1F48	BTFSS GLCDX,6
00092F	2934	GOTO ENDIF22
000930	1407	BSF PORTC,0
000931	3040	MOVLW 64
000932	02C8	SUBWF GLCDX,F
000933	1087	BCF PORTC,1
		ENDIF22
000934	0849	MOVF GLCDY,W
000935	00F5	MOVWF SYSBYTETEMPA
000936	3008	MOVLW 8
000937	00F9	MOVWF SYSBYTETEMPB
000938	21B7	CALL SYSDIVSUB
000939	0875	MOVF SYSBYTETEMPA,W
00093A	00B1	MOVWF CURRPAGE
00093B	1009	BCF PORTE,0
00093C	30B8	MOVLW 184
00093D	0431	IORWF CURRPAGE,W
00093E	00CD	MOVWF LCDBYTE
00093F	20EA	CALL GLCDWRITEBYTE_KS0108
000940	1009	BCF PORTE,0
000941	3040	MOVLW 64
000942	0448	IORWF GLCDX,W
000943	00CD	MOVWF LCDBYTE
000944	20EA	CALL GLCDWRITEBYTE_KS0108
000945	1409	BSF PORTE,0
000946	20BE	CALL FN_GLCDREADBYTE_KS0108
000947	0845	MOVF GLCDREADBYTE_KS0108,W
000948	00BA	MOVWF GLCDDATATEMP
000949	1409	BSF PORTE,0
00094A	20BE	CALL FN_GLCDREADBYTE_KS0108
00094B	0845	MOVF GLCDREADBYTE_KS0108,W
00094C	00BA	MOVWF GLCDDATATEMP
00094D	3007	MOVLW 7
00094E	0549	ANDWF GLCDY,W
00094F	00B6	MOVWF GLCDBITNO
000950	1838	BTFSC GLCDCOLOUR,0
000951	2956	GOTO ELSE23_1
000952	30FE	MOVLW 254
000953	00B7	MOVWF GLCDCHANGE
000954	1403	BSF STATUS,C
000955	2959	GOTO ENDIF23
		ELSE23_1
000956	3001	MOVLW 1
000957	00B7	MOVWF GLCDCHANGE
000958	1003	BCF STATUS,C
		ENDIF23
000959	0836	MOVF GLCDBITNO,W
00095A	00FE	MOVWF SYSREPEATTEMP1
00095B	1903	BTFSC STATUS,Z
00095C	2960	GOTO SYSREPEATLOOPEND1
		SYSREPEATLOOP1
00095D	0DB7	RLF GLCDCHANGE,F
00095E	0BFE	DECFSZ SYSREPEATTEMP1,F
00095F	295D	GOTO SYSREPEATLOOP1
		SYSREPEATLOOPEND1
000960	1838	BTFSC GLCDCOLOUR,0
000961	2966	GOTO ELSE24_1
000962	083A	MOVF GLCDDATATEMP,W
000963	0537	ANDWF GLCDCHANGE,W
000964	00BA	MOVWF GLCDDATATEMP
000965	2969	GOTO ENDIF24
		ELSE24_1
000966	083A	MOVF GLCDDATATEMP,W
000967	0437	IORWF GLCDCHANGE,W
000968	00BA	MOVWF GLCDDATATEMP
		ENDIF24
000969	1009	BCF PORTE,0
00096A	3040	MOVLW 64
00096B	0448	IORWF GLCDX,W
00096C	00CD	MOVWF LCDBYTE
00096D	20EA	CALL GLCDWRITEBYTE_KS0108
00096E	1409	BSF PORTE,0
00096F	083A	MOVF GLCDDATATEMP,W
000970	00CD	MOVWF LCDBYTE
000971	20EA	CALL GLCDWRITEBYTE_KS0108
000972	1007	BCF PORTC,0
000973	1087	BCF PORTC,1
000974	0008	RETURN


		SYSCOMPEQUAL
000975	01F0	CLRF SYSBYTETEMPX
000976	0875	MOVF SYSBYTETEMPA, W
000977	0279	SUBWF SYSBYTETEMPB, W
000978	1903	BTFSC STATUS, Z
000979	09F0	COMF SYSBYTETEMPX,F
00097A	0008	RETURN


		SYSCOMPEQUAL16
00097B	01F0	CLRF SYSBYTETEMPX
00097C	0875	MOVF SYSWORDTEMPA, W
00097D	0279	SUBWF SYSWORDTEMPB, W
00097E	1D03	BTFSS STATUS, Z
00097F	0008	RETURN
000980	0876	MOVF SYSWORDTEMPA_H, W
000981	027A	SUBWF SYSWORDTEMPB_H, W
000982	1D03	BTFSS STATUS, Z
000983	0008	RETURN
000984	09F0	COMF SYSBYTETEMPX,F
000985	0008	RETURN


		SYSCOMPLESSTHAN
000986	01F0	CLRF SYSBYTETEMPX
000987	1403	BSF STATUS, C
000988	0879	MOVF SYSBYTETEMPB, W
000989	0275	SUBWF SYSBYTETEMPA, W
00098A	1C03	BTFSS STATUS, C
00098B	09F0	COMF SYSBYTETEMPX,F
00098C	0008	RETURN


		SYSCOMPLESSTHANINT
00098D	01F0	CLRF SYSBYTETEMPX
00098E	1FF6	BTFSS SYSINTEGERTEMPA_H,7
00098F	29A7	GOTO ELSE68_1
000990	1BFA	BTFSC SYSINTEGERTEMPB_H,7
000991	2994	GOTO ENDIF69
000992	09F0	COMF SYSBYTETEMPX,F
000993	0008	RETURN
		ENDIF69
000994	0975	COMF SYSINTEGERTEMPA,W
000995	00F7	MOVWF SYSDIVMULTA
000996	0976	COMF SYSINTEGERTEMPA_H,W
000997	00F8	MOVWF SYSDIVMULTA_H
000998	0AF7	INCF SYSDIVMULTA,F
000999	1903	BTFSC STATUS,Z
00099A	0AF8	INCF SYSDIVMULTA_H,F
00099B	0979	COMF SYSINTEGERTEMPB,W
00099C	00F5	MOVWF SYSINTEGERTEMPA
00099D	097A	COMF SYSINTEGERTEMPB_H,W
00099E	00F6	MOVWF SYSINTEGERTEMPA_H
00099F	0AF5	INCF SYSINTEGERTEMPA,F
0009A0	1903	BTFSC STATUS,Z
0009A1	0AF6	INCF SYSINTEGERTEMPA_H,F
0009A2	0877	MOVF SYSDIVMULTA,W
0009A3	00F9	MOVWF SYSINTEGERTEMPB
0009A4	0878	MOVF SYSDIVMULTA_H,W
0009A5	00FA	MOVWF SYSINTEGERTEMPB_H
0009A6	29A9	GOTO ENDIF68
		ELSE68_1
0009A7	1BFA	BTFSC SYSINTEGERTEMPB_H,7
0009A8	0008	RETURN
		ENDIF68
0009A9	0876	MOVF SYSINTEGERTEMPA_H,W
0009AA	027A	SUBWF SYSINTEGERTEMPB_H,W
0009AB	1C03	BTFSS STATUS,C
0009AC	0008	RETURN
0009AD	087A	MOVF SYSINTEGERTEMPB_H,W
0009AE	0276	SUBWF SYSINTEGERTEMPA_H,W
0009AF	1C03	BTFSS STATUS,C
0009B0	29B5	GOTO SCLTINTTRUE
0009B1	0879	MOVF SYSINTEGERTEMPB,W
0009B2	0275	SUBWF SYSINTEGERTEMPA,W
0009B3	1803	BTFSC STATUS,C
0009B4	0008	RETURN
		SCLTINTTRUE
0009B5	09F0	COMF SYSBYTETEMPX,F
0009B6	0008	RETURN


		SYSDIVSUB
0009B7	08F9	MOVF SYSBYTETEMPB, F
0009B8	1903	BTFSC STATUS, Z
0009B9	0008	RETURN
0009BA	01F0	CLRF SYSBYTETEMPX
0009BB	3008	MOVLW 8
0009BC	00F4	MOVWF SYSDIVLOOP
		SYSDIV8START
0009BD	1003	BCF STATUS, C
0009BE	0DF5	RLF SYSBYTETEMPA, F
0009BF	0DF0	RLF SYSBYTETEMPX, F
0009C0	0879	MOVF SYSBYTETEMPB, W
0009C1	02F0	SUBWF SYSBYTETEMPX, F
0009C2	1475	BSF SYSBYTETEMPA, 0
0009C3	1803	BTFSC STATUS, C
0009C4	29C8	GOTO DIV8NOTNEG
0009C5	1075	BCF SYSBYTETEMPA, 0
0009C6	0879	MOVF SYSBYTETEMPB, W
0009C7	07F0	ADDWF SYSBYTETEMPX, F
		DIV8NOTNEG
0009C8	0BF4	DECFSZ SYSDIVLOOP, F
0009C9	29BD	GOTO SYSDIV8START
0009CA	0008	RETURN


		SYSDIVSUB16
0009CB	0875	MOVF SYSWORDTEMPA,W
0009CC	00F7	MOVWF SYSDIVMULTA
0009CD	0876	MOVF SYSWORDTEMPA_H,W
0009CE	00F8	MOVWF SYSDIVMULTA_H
0009CF	0879	MOVF SYSWORDTEMPB,W
0009D0	00FB	MOVWF SYSDIVMULTB
0009D1	087A	MOVF SYSWORDTEMPB_H,W
0009D2	00FC	MOVWF SYSDIVMULTB_H
0009D3	01F2	CLRF SYSDIVMULTX
0009D4	01F3	CLRF SYSDIVMULTX_H
0009D5	087B	MOVF SYSDIVMULTB,W
0009D6	00F5	MOVWF SYSWORDTEMPA
0009D7	087C	MOVF SYSDIVMULTB_H,W
0009D8	00F6	MOVWF SYSWORDTEMPA_H
0009D9	01F9	CLRF SYSWORDTEMPB
0009DA	01FA	CLRF SYSWORDTEMPB_H
0009DB	217B	CALL SYSCOMPEQUAL16
0009DC	1C70	BTFSS SYSBYTETEMPX,0
0009DD	29E1	GOTO ENDIF78
0009DE	01F5	CLRF SYSWORDTEMPA
0009DF	01F6	CLRF SYSWORDTEMPA_H
0009E0	0008	RETURN
		ENDIF78
0009E1	3010	MOVLW 16
0009E2	00F4	MOVWF SYSDIVLOOP
		SYSDIV16START
0009E3	1003	BCF STATUS,C
0009E4	0DF7	RLF SYSDIVMULTA,F
0009E5	0DF8	RLF SYSDIVMULTA_H,F
0009E6	0DF2	RLF SYSDIVMULTX,F
0009E7	0DF3	RLF SYSDIVMULTX_H,F
0009E8	087B	MOVF SYSDIVMULTB,W
0009E9	02F2	SUBWF SYSDIVMULTX,F
0009EA	087C	MOVF SYSDIVMULTB_H,W
0009EB	1C03	BTFSS STATUS,C
0009EC	0F7C	INCFSZ SYSDIVMULTB_H,W
0009ED	02F3	SUBWF SYSDIVMULTX_H,F
0009EE	1477	BSF SYSDIVMULTA,0
0009EF	1803	BTFSC STATUS,C
0009F0	29F8	GOTO ENDIF79
0009F1	1077	BCF SYSDIVMULTA,0
0009F2	087B	MOVF SYSDIVMULTB,W
0009F3	07F2	ADDWF SYSDIVMULTX,F
0009F4	087C	MOVF SYSDIVMULTB_H,W
0009F5	1803	BTFSC STATUS,C
0009F6	0F7C	INCFSZ SYSDIVMULTB_H,W
0009F7	07F3	ADDWF SYSDIVMULTX_H,F
		ENDIF79
0009F8	0BF4	DECFSZ SYSDIVLOOP, F
0009F9	29E3	GOTO SYSDIV16START
0009FA	0877	MOVF SYSDIVMULTA,W
0009FB	00F5	MOVWF SYSWORDTEMPA
0009FC	0878	MOVF SYSDIVMULTA_H,W
0009FD	00F6	MOVWF SYSWORDTEMPA_H
0009FE	0872	MOVF SYSDIVMULTX,W
0009FF	00F0	MOVWF SYSWORDTEMPX
000A00	0873	MOVF SYSDIVMULTX_H,W
000A01	00F1	MOVWF SYSWORDTEMPX_H
000A02	0008	RETURN


		SYSMULTSUB
000A03	01F0	CLRF SYSBYTETEMPX
		MUL8LOOP
000A04	0875	MOVF SYSBYTETEMPA, W
000A05	1879	BTFSC SYSBYTETEMPB, 0
000A06	07F0	ADDWF SYSBYTETEMPX, F
000A07	1003	BCF STATUS, C
000A08	0CF9	RRF SYSBYTETEMPB, F
000A09	1003	BCF STATUS, C
000A0A	0DF5	RLF SYSBYTETEMPA, F
000A0B	08F9	MOVF SYSBYTETEMPB, F
000A0C	1D03	BTFSS STATUS, Z
000A0D	2A04	GOTO MUL8LOOP
000A0E	0008	RETURN


		SYSMULTSUB16
000A0F	0875	MOVF SYSWORDTEMPA,W
000A10	00F7	MOVWF SYSDIVMULTA
000A11	0876	MOVF SYSWORDTEMPA_H,W
000A12	00F8	MOVWF SYSDIVMULTA_H
000A13	0879	MOVF SYSWORDTEMPB,W
000A14	00FB	MOVWF SYSDIVMULTB
000A15	087A	MOVF SYSWORDTEMPB_H,W
000A16	00FC	MOVWF SYSDIVMULTB_H
000A17	01F2	CLRF SYSDIVMULTX
000A18	01F3	CLRF SYSDIVMULTX_H
		MUL16LOOP
000A19	1C7B	BTFSS SYSDIVMULTB,0
000A1A	2A21	GOTO ENDIF75
000A1B	0877	MOVF SYSDIVMULTA,W
000A1C	07F2	ADDWF SYSDIVMULTX,F
000A1D	0878	MOVF SYSDIVMULTA_H,W
000A1E	1803	BTFSC STATUS,C
000A1F	0F78	INCFSZ SYSDIVMULTA_H,W
000A20	07F3	ADDWF SYSDIVMULTX_H,F
		ENDIF75
000A21	1003	BCF STATUS,C
000A22	0CFC	RRF SYSDIVMULTB_H,F
000A23	0CFB	RRF SYSDIVMULTB,F
000A24	1003	BCF STATUS,C
000A25	0DF7	RLF SYSDIVMULTA,F
000A26	0DF8	RLF SYSDIVMULTA_H,F
000A27	087B	MOVF SYSDIVMULTB,W
000A28	00F9	MOVWF SYSWORDTEMPB
000A29	087C	MOVF SYSDIVMULTB_H,W
000A2A	00FA	MOVWF SYSWORDTEMPB_H
000A2B	01F5	CLRF SYSWORDTEMPA
000A2C	01F6	CLRF SYSWORDTEMPA_H
000000	118A	PAGESEL SYSCOMPLESSTHAN16
000000	118A 120A	PAGESEL SYSCOMPLESSTHAN16
000A2F	2646	CALL SYSCOMPLESSTHAN16
000000	158A	PAGESEL $
000000	158A 120A	PAGESEL $
000A32	1870	BTFSC SYSBYTETEMPX,0
000A33	2A19	GOTO MUL16LOOP
000A34	0872	MOVF SYSDIVMULTX,W
000A35	00F0	MOVWF SYSWORDTEMPX
000A36	0873	MOVF SYSDIVMULTX_H,W
000A37	00F1	MOVWF SYSWORDTEMPX_H
000A38	0008	RETURN


		SYSMULTSUBINT
000A39	0876	MOVF SYSINTEGERTEMPA_H,W
000A3A	067A	XORWF SYSINTEGERTEMPB_H,W
000A3B	00FD	MOVWF SYSSIGNBYTE
000A3C	1FF6	BTFSS SYSINTEGERTEMPA_H,7
000A3D	2A43	GOTO ENDIF65
000A3E	09F5	COMF SYSINTEGERTEMPA,F
000A3F	09F6	COMF SYSINTEGERTEMPA_H,F
000A40	0AF5	INCF SYSINTEGERTEMPA,F
000A41	1903	BTFSC STATUS,Z
000A42	0AF6	INCF SYSINTEGERTEMPA_H,F
		ENDIF65
000A43	1FFA	BTFSS SYSINTEGERTEMPB_H,7
000A44	2A4A	GOTO ENDIF66
000A45	09F9	COMF SYSINTEGERTEMPB,F
000A46	09FA	COMF SYSINTEGERTEMPB_H,F
000A47	0AF9	INCF SYSINTEGERTEMPB,F
000A48	1903	BTFSC STATUS,Z
000A49	0AFA	INCF SYSINTEGERTEMPB_H,F
		ENDIF66
000A4A	220F	CALL SYSMULTSUB16
000A4B	1FFD	BTFSS SYSSIGNBYTE,7
000A4C	2A52	GOTO ENDIF67
000A4D	09F0	COMF SYSINTEGERTEMPX,F
000A4E	09F1	COMF SYSINTEGERTEMPX_H,F
000A4F	0AF0	INCF SYSINTEGERTEMPX,F
000A50	1903	BTFSC STATUS,Z
000A51	0AF1	INCF SYSINTEGERTEMPX_H,F
		ENDIF67
000A52	0008	RETURN


		SYSREADSTRING
000A53	0872	MOVF SYSSTRINGB, W
000A54	0084	MOVWF FSR
000A55	1383	BCF STATUS, IRP
000A56	1873	BTFSC SYSSTRINGB_H, 0
000A57	1783	BSF STATUS, IRP
000A58	226F	CALL SYSSTRINGTABLES
000A59	00F5	MOVWF SYSCALCTEMPA
000A5A	0080	MOVWF INDF
000A5B	07F2	ADDWF SYSSTRINGB, F
000A5C	2A66	GOTO SYSSTRINGREADCHECK
		SYSREADSTRINGPART
000A5D	0872	MOVF SYSSTRINGB, W
000A5E	0084	MOVWF FSR
000A5F	1383	BCF STATUS, IRP
000A60	1873	BTFSC SYSSTRINGB_H, 0
000A61	1783	BSF STATUS, IRP
000A62	226F	CALL SYSSTRINGTABLES
000A63	00F5	MOVWF SYSCALCTEMPA
000A64	07F6	ADDWF SYSSTRINGLENGTH,F
000A65	07F2	ADDWF SYSSTRINGB,F
		SYSSTRINGREADCHECK
000A66	08F5	MOVF SYSCALCTEMPA,F
000A67	1903	BTFSC STATUS,Z
000A68	0008	RETURN
		SYSSTRINGREAD
000A69	226F	CALL SYSSTRINGTABLES
000A6A	0A84	INCF FSR, F
000A6B	0080	MOVWF INDF
000A6C	0BF5	DECFSZ SYSCALCTEMPA, F
000A6D	2A69	GOTO SYSSTRINGREAD
000A6E	0008	RETURN


		SYSSTRINGTABLES
000A6F	0878	MOVF SYSSTRINGA_H,W
000A70	008A	MOVWF PCLATH
000A71	0877	MOVF SYSSTRINGA,W
000A72	0AF7	INCF SYSSTRINGA,F
000A73	1903	BTFSC STATUS,Z
000A74	0AF8	INCF SYSSTRINGA_H,F
000A75	0082	MOVWF PCL

		STRINGTABLE1
000A76	3405	RETLW 5
000A77	3448	RETLW 72
000A78	3465	RETLW 101
000A79	346C	RETLW 108
000A7A	346C	RETLW 108
000A7B	346F	RETLW 111


		STRINGTABLE2
000A7C	3408	RETLW 8
000A7D	3441	RETLW 65
000A7E	3453	RETLW 83
000A7F	3443	RETLW 67
000A80	3449	RETLW 73
000A81	3449	RETLW 73
000A82	3420	RETLW 32
000A83	3423	RETLW 35
000A84	343A	RETLW 58





