GCASM List File (GCBASIC 0.98.<<>> 2021-<<>>-24 (Linux 64 bit) : Build 1005)

Symbols:
A 	EQU 	0
ABDEN 	EQU 	0
ABDOVF 	EQU 	7
ACCESS 	EQU 	0
ACKDT 	EQU 	5
ACKEN 	EQU 	4
ACKSTAT 	EQU 	6
ADCON0 	EQU 	31
ADCON0_GO_DONE 	EQU 	1
ADCON1 	EQU 	159
ADCS0 	EQU 	6
ADCS1 	EQU 	7
ADDEN 	EQU 	3
ADFM 	EQU 	7
ADIE 	EQU 	6
ADIF 	EQU 	6
ADON 	EQU 	0
ADRESH 	EQU 	30
ADRESL 	EQU 	158
ANS0 	EQU 	0
ANS1 	EQU 	1
ANS10 	EQU 	2
ANS11 	EQU 	3
ANS12 	EQU 	4
ANS13 	EQU 	5
ANS2 	EQU 	2
ANS3 	EQU 	3
ANS4 	EQU 	4
ANS5 	EQU 	5
ANS6 	EQU 	6
ANS7 	EQU 	7
ANS8 	EQU 	0
ANS9 	EQU 	1
ANSEL 	EQU 	392
ANSELH 	EQU 	393
B 	EQU 	1
BANKED 	EQU 	1
BASPROGRAMEND 	EQU 	70
BASPROGRAMSTART 	EQU 	33
BAUDCTL 	EQU 	391
BCLIE 	EQU 	3
BCLIF 	EQU 	3
BF 	EQU 	0
BRG0 	EQU 	0
BRG1 	EQU 	1
BRG10 	EQU 	2
BRG11 	EQU 	3
BRG12 	EQU 	4
BRG13 	EQU 	5
BRG14 	EQU 	6
BRG15 	EQU 	7
BRG16 	EQU 	3
BRG2 	EQU 	2
BRG3 	EQU 	3
BRG4 	EQU 	4
BRG5 	EQU 	5
BRG6 	EQU 	6
BRG7 	EQU 	7
BRG8 	EQU 	0
BRG9 	EQU 	1
BRGH 	EQU 	2
C 	EQU 	0
C1CH0 	EQU 	0
C1CH1 	EQU 	1
C1IE 	EQU 	5
C1IF 	EQU 	5
C1OE 	EQU 	5
C1ON 	EQU 	7
C1OUT 	EQU 	6
C1POL 	EQU 	4
C1R 	EQU 	2
C1RSEL 	EQU 	5
C1SEN 	EQU 	5
C2CH0 	EQU 	0
C2CH1 	EQU 	1
C2IE 	EQU 	6
C2IF 	EQU 	6
C2OE 	EQU 	5
C2ON 	EQU 	7
C2OUT 	EQU 	6
C2POL 	EQU 	4
C2R 	EQU 	2
C2REN 	EQU 	4
C2RSEL 	EQU 	4
C2SYNC 	EQU 	0
CCP1CON 	EQU 	23
CCP1IE 	EQU 	2
CCP1IF 	EQU 	2
CCP1M0 	EQU 	0
CCP1M1 	EQU 	1
CCP1M2 	EQU 	2
CCP1M3 	EQU 	3
CCP1X 	EQU 	5
CCP1Y 	EQU 	4
CCP2CON 	EQU 	29
CCP2IE 	EQU 	0
CCP2IF 	EQU 	0
CCP2M0 	EQU 	0
CCP2M1 	EQU 	1
CCP2M2 	EQU 	2
CCP2M3 	EQU 	3
CCP2X 	EQU 	5
CCP2Y 	EQU 	4
CCPR1 	EQU 	21
CCPR1H 	EQU 	22
CCPR1L 	EQU 	21
CCPR2 	EQU 	27
CCPR2H 	EQU 	28
CCPR2L 	EQU 	27
CHS0 	EQU 	2
CHS1 	EQU 	3
CHS2 	EQU 	4
CHS3 	EQU 	5
CKE 	EQU 	6
CKP 	EQU 	4
CLEARTIMER 	EQU 	72
CM1CON0 	EQU 	263
CM2CON0 	EQU 	264
CM2CON1 	EQU 	265
COUNT 	EQU 	32
CREN 	EQU 	4
CSRC 	EQU 	7
D 	EQU 	5
DATA_ADDRESS 	EQU 	5
DC 	EQU 	1
DC1B0 	EQU 	4
DC1B1 	EQU 	5
DC2B0 	EQU 	4
DC2B1 	EQU 	5
DELAYTEMP 	EQU 	112
DELAYTEMP2 	EQU 	113
DELAY_MS 	EQU 	85
DMS_INNER 	EQU 	90
DMS_OUTER 	EQU 	88
DMS_START 	EQU 	86
D_A 	EQU 	5
D_NOT_A 	EQU 	5
ECCPAS 	EQU 	156
ECCPAS0 	EQU 	4
ECCPAS1 	EQU 	5
ECCPAS2 	EQU 	6
ECCPASE 	EQU 	7
EEADR 	EQU 	269
EEADRH 	EQU 	271
EECON1 	EQU 	396
EECON2 	EQU 	397
EEDAT 	EQU 	268
EEDATA 	EQU 	268
EEDATH 	EQU 	270
EEIE 	EQU 	4
EEIF 	EQU 	4
EEPGD 	EQU 	7
ELSE2_1 	EQU 	113
ENDIF1 	EQU 	114
ENDIF10 	EQU 	168
ENDIF11 	EQU 	174
ENDIF12 	EQU 	180
ENDIF14 	EQU 	161
ENDIF15 	EQU 	161
ENDIF2 	EQU 	114
ENDIF6 	EQU 	80
ENDIF8 	EQU 	161
F 	EQU 	1
FERR 	EQU 	2
FSR 	EQU 	4
FVREN 	EQU 	0
GCEN 	EQU 	7
GIE 	EQU 	7
GO 	EQU 	1
GO_DONE 	EQU 	1
GO_NOT_DONE 	EQU 	1
HTS 	EQU 	2
I2C_DATA 	EQU 	5
I2C_READ 	EQU 	2
I2C_START 	EQU 	3
I2C_STOP 	EQU 	4
INCCOUNTER 	EQU 	99
INDF 	EQU 	0
INITSYS 	EQU 	115
INITTIMER1 	EQU 	146
INTCON 	EQU 	11
INTE 	EQU 	4
INTEDG 	EQU 	6
INTERRUPT 	EQU 	4
INTERRUPTDONE 	EQU 	23
INTF 	EQU 	1
IOCB 	EQU 	150
IOCB0 	EQU 	0
IOCB1 	EQU 	1
IOCB2 	EQU 	2
IOCB3 	EQU 	3
IOCB4 	EQU 	4
IOCB5 	EQU 	5
IOCB6 	EQU 	6
IOCB7 	EQU 	7
IRCF0 	EQU 	4
IRCF1 	EQU 	5
IRCF2 	EQU 	6
IRP 	EQU 	7
LTS 	EQU 	1
MC1OUT 	EQU 	7
MC2OUT 	EQU 	6
MSK 	EQU 	147
MSK0 	EQU 	0
MSK1 	EQU 	1
MSK2 	EQU 	2
MSK3 	EQU 	3
MSK4 	EQU 	4
MSK5 	EQU 	5
MSK6 	EQU 	6
MSK7 	EQU 	7
NOTTMR1IF 	EQU 	23
NOT_A 	EQU 	5
NOT_ADDRESS 	EQU 	5
NOT_BO 	EQU 	0
NOT_BOR 	EQU 	0
NOT_DONE 	EQU 	1
NOT_PD 	EQU 	3
NOT_POR 	EQU 	1
NOT_RBPU 	EQU 	7
NOT_RC8 	EQU 	6
NOT_T1SYNC 	EQU 	2
NOT_TO 	EQU 	4
NOT_TX8 	EQU 	6
NOT_W 	EQU 	2
NOT_WRITE 	EQU 	2
OERR 	EQU 	1
OPTION_REG 	EQU 	129
OSCCON 	EQU 	143
OSCTUNE 	EQU 	144
OSFIE 	EQU 	7
OSFIF 	EQU 	7
OSTS 	EQU 	3
P 	EQU 	4
P1M0 	EQU 	6
P1M1 	EQU 	7
PCL 	EQU 	2
PCLATH 	EQU 	10
PCON 	EQU 	142
PDC0 	EQU 	0
PDC1 	EQU 	1
PDC2 	EQU 	2
PDC3 	EQU 	3
PDC4 	EQU 	4
PDC5 	EQU 	5
PDC6 	EQU 	6
PEIE 	EQU 	6
PEN 	EQU 	2
PIE1 	EQU 	140
PIE2 	EQU 	141
PIR1 	EQU 	12
PIR2 	EQU 	13
PORTA 	EQU 	5
PORTB 	EQU 	6
PORTC 	EQU 	7
PORTD 	EQU 	8
PORTE 	EQU 	9
PR2 	EQU 	146
PRSEN 	EQU 	7
PS0 	EQU 	0
PS1 	EQU 	1
PS2 	EQU 	2
PSA 	EQU 	3
PSSAC0 	EQU 	2
PSSAC1 	EQU 	3
PSSBD0 	EQU 	0
PSSBD1 	EQU 	1
PSTRCON 	EQU 	157
PULSR 	EQU 	2
PULSS 	EQU 	3
PWM1CON 	EQU 	155
R 	EQU 	2
RA0 	EQU 	0
RA1 	EQU 	1
RA2 	EQU 	2
RA3 	EQU 	3
RA4 	EQU 	4
RA5 	EQU 	5
RA6 	EQU 	6
RA7 	EQU 	7
RB0 	EQU 	0
RB1 	EQU 	1
RB2 	EQU 	2
RB3 	EQU 	3
RB4 	EQU 	4
RB5 	EQU 	5
RB6 	EQU 	6
RB7 	EQU 	7
RBIE 	EQU 	3
RBIF 	EQU 	0
RC0 	EQU 	0
RC1 	EQU 	1
RC2 	EQU 	2
RC3 	EQU 	3
RC4 	EQU 	4
RC5 	EQU 	5
RC6 	EQU 	6
RC7 	EQU 	7
RC8_9 	EQU 	6
RC9 	EQU 	6
RCD8 	EQU 	0
RCEN 	EQU 	3
RCIDL 	EQU 	6
RCIE 	EQU 	5
RCIF 	EQU 	5
RCREG 	EQU 	26
RCSTA 	EQU 	24
RD 	EQU 	0
RD0 	EQU 	0
RD1 	EQU 	1
RD2 	EQU 	2
RD3 	EQU 	3
RD4 	EQU 	4
RD5 	EQU 	5
RD6 	EQU 	6
RD7 	EQU 	7
RE0 	EQU 	0
RE1 	EQU 	1
RE2 	EQU 	2
RE3 	EQU 	3
READ_WRITE 	EQU 	2
RP0 	EQU 	5
RP1 	EQU 	6
RSEN 	EQU 	1
RX9 	EQU 	6
RX9D 	EQU 	0
R_NOT_W 	EQU 	2
R_W 	EQU 	2
S 	EQU 	3
SAVEPCLATH 	EQU 	33
SBOREN 	EQU 	4
SCKP 	EQU 	4
SCS 	EQU 	0
SEN 	EQU 	0
SENDB 	EQU 	3
SMP 	EQU 	7
SPBRG 	EQU 	153
SPBRGH 	EQU 	154
SPEN 	EQU 	7
SR0 	EQU 	6
SR1 	EQU 	7
SRCON 	EQU 	389
SREN 	EQU 	5
SSPADD 	EQU 	147
SSPBUF 	EQU 	19
SSPCON 	EQU 	20
SSPCON2 	EQU 	145
SSPEN 	EQU 	5
SSPIE 	EQU 	3
SSPIF 	EQU 	3
SSPM0 	EQU 	0
SSPM1 	EQU 	1
SSPM2 	EQU 	2
SSPM3 	EQU 	3
SSPMSK 	EQU 	147
SSPMSK_MSK0 	EQU 	0
SSPMSK_MSK1 	EQU 	1
SSPMSK_MSK2 	EQU 	2
SSPMSK_MSK3 	EQU 	3
SSPMSK_MSK4 	EQU 	4
SSPMSK_MSK5 	EQU 	5
SSPMSK_MSK6 	EQU 	6
SSPMSK_MSK7 	EQU 	7
SSPOV 	EQU 	6
SSPSTAT 	EQU 	148
STARTTIMER 	EQU 	187
STATUS 	EQU 	3
STRA 	EQU 	0
STRB 	EQU 	1
STRC 	EQU 	2
STRD 	EQU 	3
STRSYNC 	EQU 	4
SWDTEN 	EQU 	0
SYNC 	EQU 	4
SYSDOLOOP_E1 	EQU 	70
SYSDOLOOP_S1 	EQU 	57
SYSSTATUS 	EQU 	127
SYSW 	EQU 	126
SYSWAITTEMPMS 	EQU 	114
SYSWAITTEMPMS_H 	EQU 	115
T0CS 	EQU 	5
T0IE 	EQU 	5
T0IF 	EQU 	2
T0SE 	EQU 	4
T1CKPS0 	EQU 	4
T1CKPS1 	EQU 	5
T1CON 	EQU 	16
T1GINV 	EQU 	7
T1GIV 	EQU 	7
T1GSS 	EQU 	1
T1INSYNC 	EQU 	2
T1OSCEN 	EQU 	3
T1SYNC 	EQU 	2
T2CKPS0 	EQU 	0
T2CKPS1 	EQU 	1
T2CON 	EQU 	18
TMR0 	EQU 	1
TMR0IE 	EQU 	5
TMR0IF 	EQU 	2
TMR1 	EQU 	14
TMR1CS 	EQU 	1
TMR1GE 	EQU 	6
TMR1H 	EQU 	15
TMR1IE 	EQU 	0
TMR1IF 	EQU 	0
TMR1L 	EQU 	14
TMR1ON 	EQU 	0
TMR2 	EQU 	17
TMR2IE 	EQU 	1
TMR2IF 	EQU 	1
TMR2ON 	EQU 	2
TMRNUMBER 	EQU 	34
TMRPRES 	EQU 	35
TMRSOURCE 	EQU 	36
TOUTPS0 	EQU 	3
TOUTPS1 	EQU 	4
TOUTPS2 	EQU 	5
TOUTPS3 	EQU 	6
TRISA 	EQU 	133
TRISA0 	EQU 	0
TRISA1 	EQU 	1
TRISA2 	EQU 	2
TRISA3 	EQU 	3
TRISA4 	EQU 	4
TRISA5 	EQU 	5
TRISA6 	EQU 	6
TRISA7 	EQU 	7
TRISB 	EQU 	134
TRISB0 	EQU 	0
TRISB1 	EQU 	1
TRISB2 	EQU 	2
TRISB3 	EQU 	3
TRISB4 	EQU 	4
TRISB5 	EQU 	5
TRISB6 	EQU 	6
TRISB7 	EQU 	7
TRISC 	EQU 	135
TRISC0 	EQU 	0
TRISC1 	EQU 	1
TRISC2 	EQU 	2
TRISC3 	EQU 	3
TRISC4 	EQU 	4
TRISC5 	EQU 	5
TRISC6 	EQU 	6
TRISC7 	EQU 	7
TRISD 	EQU 	136
TRISD0 	EQU 	0
TRISD1 	EQU 	1
TRISD2 	EQU 	2
TRISD3 	EQU 	3
TRISD4 	EQU 	4
TRISD5 	EQU 	5
TRISD6 	EQU 	6
TRISD7 	EQU 	7
TRISE 	EQU 	137
TRISE0 	EQU 	0
TRISE1 	EQU 	1
TRISE2 	EQU 	2
TRISE3 	EQU 	3
TRMT 	EQU 	1
TUN0 	EQU 	0
TUN1 	EQU 	1
TUN2 	EQU 	2
TUN3 	EQU 	3
TUN4 	EQU 	4
TX8_9 	EQU 	6
TX9 	EQU 	6
TX9D 	EQU 	0
TXD8 	EQU 	0
TXEN 	EQU 	5
TXIE 	EQU 	4
TXIF 	EQU 	4
TXREG 	EQU 	25
TXSTA 	EQU 	152
UA 	EQU 	1
ULPWUE 	EQU 	5
ULPWUIE 	EQU 	2
ULPWUIF 	EQU 	2
VCFG0 	EQU 	4
VCFG1 	EQU 	5
VR0 	EQU 	0
VR1 	EQU 	1
VR2 	EQU 	2
VR3 	EQU 	3
VRCON 	EQU 	151
VREN 	EQU 	7
VROE 	EQU 	6
VRR 	EQU 	5
VRSS 	EQU 	4
W 	EQU 	0
WCOL 	EQU 	7
WDTCON 	EQU 	261
WDTPS0 	EQU 	1
WDTPS1 	EQU 	2
WDTPS2 	EQU 	3
WDTPS3 	EQU 	4
WPUB 	EQU 	149
WPUB0 	EQU 	0
WPUB1 	EQU 	1
WPUB2 	EQU 	2
WPUB3 	EQU 	3
WPUB4 	EQU 	4
WPUB5 	EQU 	5
WPUB6 	EQU 	6
WPUB7 	EQU 	7
WR 	EQU 	1
WREN 	EQU 	2
WRERR 	EQU 	3
WUE 	EQU 	1
Z 	EQU 	2

Code:
Loc	Obj Code	Original Assembly












000000	118A	PAGESEL BASPROGRAMSTART
000000	118A 120A	PAGESEL BASPROGRAMSTART
000002	2821	GOTO BASPROGRAMSTART

		INTERRUPT


000004	00FE	MOVWF SYSW
000005	0E03	SWAPF STATUS,W
000006	00FF	MOVWF SYSSTATUS
000000	1283	BANKSEL STATUS
000000	1283 1303	BANKSEL STATUS
000009	080A	MOVF PCLATH,W
00000A	00A1	MOVWF SAVEPCLATH
00000B	018A	CLRF PCLATH
000000	1683	BANKSEL PIE1
000000	1683 1303	BANKSEL PIE1
00000E	1C0C	BTFSS PIE1,TMR1IE
00000F	2817	GOTO NOTTMR1IF
000000	1283	BANKSEL PIR1
000000	1283 1303	BANKSEL PIR1
000012	1C0C	BTFSS PIR1,TMR1IF
000013	2817	GOTO NOTTMR1IF
000014	2063	CALL INCCOUNTER
000015	100C	BCF PIR1,TMR1IF
000016	2817	GOTO INTERRUPTDONE
		NOTTMR1IF
		INTERRUPTDONE
000000	1283	BANKSEL SAVEPCLATH
000000	1283 1303	BANKSEL SAVEPCLATH
000019	0821	MOVF SAVEPCLATH,W
00001A	008A	MOVWF PCLATH
00001B	0E7F	SWAPF SYSSTATUS,W
00001C	0083	MOVWF STATUS
00001D	0EFE	SWAPF SYSW,F
00001E	0E7E	SWAPF SYSW,W
00001F	0009	RETFIE



		BASPROGRAMSTART
000021	2073	CALL INITSYS
000022	178B	BSF INTCON,GIE
000023	170B	BSF INTCON,PEIE

000024	01A0	CLRF COUNT
000000	1683	BANKSEL TRISB
000000	1683 1303	BANKSEL TRISB
000027	0186	CLRF TRISB
000028	140C	BSF PIE1,TMR1IE
000029	3001	MOVLW 1
000000	1283	BANKSEL TMRSOURCE
000000	1283 1303	BANKSEL TMRSOURCE
00002C	00A4	MOVWF TMRSOURCE
00002D	01A3	CLRF TMRPRES
00002E	2092	CALL INITTIMER1
00002F	3001	MOVLW 1
000030	00A2	MOVWF TMRNUMBER
000031	2048	CALL CLEARTIMER
000032	303C	MOVLW 60
000033	008F	MOVWF TMR1H
000034	30C7	MOVLW 199
000035	008E	MOVWF TMR1L
000036	3001	MOVLW 1
000037	00A2	MOVWF TMRNUMBER
000038	20BB	CALL STARTTIMER
		SYSDOLOOP_S1
000039	1286	BCF PORTB,5
00003A	30F4	MOVLW 244
00003B	00F2	MOVWF SYSWAITTEMPMS
00003C	3001	MOVLW 1
00003D	00F3	MOVWF SYSWAITTEMPMS_H
00003E	2055	CALL DELAY_MS
00003F	1686	BSF PORTB,5
000040	30F4	MOVLW 244
000041	00F2	MOVWF SYSWAITTEMPMS
000042	3001	MOVLW 1
000043	00F3	MOVWF SYSWAITTEMPMS_H
000044	2055	CALL DELAY_MS
000045	2839	GOTO SYSDOLOOP_S1
		SYSDOLOOP_E1
		BASPROGRAMEND
000046	0063	SLEEP
000047	2846	GOTO BASPROGRAMEND


		CLEARTIMER
000048	08A2	MOVF TMRNUMBER,F
000049	1903	BTFSC STATUS, Z
00004A	0181	CLRF TMR0
00004B	0322	DECF TMRNUMBER,W
00004C	1D03	BTFSS STATUS, Z
00004D	2850	GOTO ENDIF6
00004E	018F	CLRF TMR1H
00004F	018E	CLRF TMR1L
		ENDIF6
000050	3002	MOVLW 2
000051	0222	SUBWF TMRNUMBER,W
000052	1903	BTFSC STATUS, Z
000053	0191	CLRF TMR2
000054	0008	RETURN


		DELAY_MS
000055	0AF3	INCF SYSWAITTEMPMS_H, F
		DMS_START
000056	308E	MOVLW 142
000057	00F1	MOVWF DELAYTEMP2
		DMS_OUTER
000058	3001	MOVLW 1
000059	00F0	MOVWF DELAYTEMP
		DMS_INNER
00005A	0BF0	DECFSZ DELAYTEMP, F
00005B	285A	GOTO DMS_INNER
00005C	0BF1	DECFSZ DELAYTEMP2, F
00005D	2858	GOTO DMS_OUTER
00005E	0BF2	DECFSZ SYSWAITTEMPMS, F
00005F	2856	GOTO DMS_START
000060	0BF3	DECFSZ SYSWAITTEMPMS_H, F
000061	2856	GOTO DMS_START
000062	0008	RETURN


		INCCOUNTER
000063	303C	MOVLW 60
000064	008F	MOVWF TMR1H
000065	30C7	MOVLW 199
000066	008E	MOVWF TMR1L
000067	0AA0	INCF COUNT,F
000068	300A	MOVLW 10
000069	0220	SUBWF COUNT,W
00006A	1D03	BTFSS STATUS, Z
00006B	2872	GOTO ENDIF1
00006C	01A0	CLRF COUNT
00006D	1A06	BTFSC PORTB,4
00006E	2871	GOTO ELSE2_1
00006F	1606	BSF PORTB,4
000070	2872	GOTO ENDIF2
		ELSE2_1
000071	1206	BCF PORTB,4
		ENDIF2
		ENDIF1
000072	0008	RETURN


		INITSYS
000073	308F	MOVLW 143
000000	1683	BANKSEL OSCCON
000000	1683 1303	BANKSEL OSCCON
000076	058F	ANDWF OSCCON,F
000077	3060	MOVLW 96
000078	048F	IORWF OSCCON,F
000079	308F	MOVLW 143
00007A	058F	ANDWF OSCCON,F
00007B	170F	BSF OSCCON,IRCF2
00007C	168F	BSF OSCCON,IRCF1
00007D	120F	BCF OSCCON,IRCF0
00007E	139F	BCF ADCON1,ADFM
000000	1283	BANKSEL ADCON0
000000	1283 1303	BANKSEL ADCON0
000081	101F	BCF ADCON0,ADON
000000	1683	BANKSEL ANSEL
000000	1683 1703	BANKSEL ANSEL
000084	0188	CLRF ANSEL
000085	0189	CLRF ANSELH
000000	1283	BANKSEL CM2CON0
000000	1283 1703	BANKSEL CM2CON0
000088	1388	BCF CM2CON0,C2ON
000089	1387	BCF CM1CON0,C1ON
000000	1283	BANKSEL PORTA
000000	1283 1303	BANKSEL PORTA
00008C	0185	CLRF PORTA
00008D	0186	CLRF PORTB
00008E	0187	CLRF PORTC
00008F	0188	CLRF PORTD
000090	0189	CLRF PORTE
000091	0008	RETURN


		INITTIMER1
000092	08A3	MOVF TMRPRES,F
000093	1903	BTFSC STATUS, Z
000094	28A1	GOTO ENDIF8
000095	3010	MOVLW 16
000096	0223	SUBWF TMRPRES,W
000097	1903	BTFSC STATUS, Z
000098	28A1	GOTO ENDIF14
000099	3020	MOVLW 32
00009A	0223	SUBWF TMRPRES,W
00009B	1903	BTFSC STATUS, Z
00009C	28A1	GOTO ENDIF15
00009D	3030	MOVLW 48
00009E	0223	SUBWF TMRPRES,W
00009F	1D03	BTFSS STATUS, Z
0000A0	01A3	CLRF TMRPRES
		ENDIF15
		ENDIF14
		ENDIF8
0000A1	1810	BTFSC T1CON,TMR1ON
0000A2	1423	BSF TMRPRES,0
0000A3	0324	DECF TMRSOURCE,W
0000A4	1D03	BTFSS STATUS, Z
0000A5	28A8	GOTO ENDIF10
0000A6	10A3	BCF TMRPRES,1
0000A7	11A3	BCF TMRPRES,3
		ENDIF10
0000A8	3002	MOVLW 2
0000A9	0224	SUBWF TMRSOURCE,W
0000AA	1D03	BTFSS STATUS, Z
0000AB	28AE	GOTO ENDIF11
0000AC	14A3	BSF TMRPRES,1
0000AD	11A3	BCF TMRPRES,3
		ENDIF11
0000AE	3003	MOVLW 3
0000AF	0224	SUBWF TMRSOURCE,W
0000B0	1D03	BTFSS STATUS, Z
0000B1	28B4	GOTO ENDIF12
0000B2	14A3	BSF TMRPRES,1
0000B3	15A3	BSF TMRPRES,3
		ENDIF12
0000B4	3004	MOVLW 4
0000B5	0224	SUBWF TMRSOURCE,W
0000B6	1903	BTFSC STATUS, Z
0000B7	11A3	BCF TMRPRES,3
0000B8	0823	MOVF TMRPRES,W
0000B9	0090	MOVWF T1CON
0000BA	0008	RETURN


		STARTTIMER
0000BB	0322	DECF TMRNUMBER,W
0000BC	1903	BTFSC STATUS, Z
0000BD	1410	BSF T1CON,TMR1ON
0000BE	3002	MOVLW 2
0000BF	0222	SUBWF TMRNUMBER,W
0000C0	1903	BTFSC STATUS, Z
0000C1	1512	BSF T2CON,TMR2ON
0000C2	0008	RETURN





