

Microchip MPLAB XC8 Assembler V2.32 build 20210201212658 
                                                                                               Mon Jan 24 05:55:49 2022

Microchip MPLAB XC8 C Compiler v2.32 (Free license) build 20210201212658 Og1 
     1                           	processor	12F675
     2                           	pagewidth 120
     3                           	opt	flic
     4                           	psect	cinit,global,class=CODE,merge=1,delta=2
     5                           	psect	bssBANK0,global,class=BANK0,space=1,delta=1,noexec
     6                           	psect	cstackBANK0,global,class=BANK0,space=1,delta=1,noexec
     7                           	psect	maintext,global,class=CODE,split=1,delta=2
     8                           	psect	text1,local,class=CODE,merge=1,delta=2
     9                           	psect	intentry,global,class=CODE,delta=2
    10                           	dabs	1,0x5E,2
    11  0000                     
    12                           ; Version 2.32
    13                           ; Generated 23/11/2020 GMT
    14                           ; 
    15                           ; Copyright © 2020, Microchip Technology Inc. and its subsidiaries ("Microchip")
    16                           ; All rights reserved.
    17                           ; 
    18                           ; This software is developed by Microchip Technology Inc. and its subsidiaries ("Microch
      +                          ip").
    19                           ; 
    20                           ; Redistribution and use in source and binary forms, with or without modification, are
    21                           ; permitted provided that the following conditions are met:
    22                           ; 
    23                           ;     1. Redistributions of source code must retain the above copyright notice, this lis
      +                          t of
    24                           ;        conditions and the following disclaimer.
    25                           ; 
    26                           ;     2. Redistributions in binary form must reproduce the above copyright notice, this 
      +                          list
    27                           ;        of conditions and the following disclaimer in the documentation and/or other
    28                           ;        materials provided with the distribution. Publication is not required when
    29                           ;        this file is used in an embedded application.
    30                           ; 
    31                           ;     3. Microchip's name may not be used to endorse or promote products derived from th
      +                          is
    32                           ;        software without specific prior written permission.
    33                           ; 
    34                           ; THIS SOFTWARE IS PROVIDED BY MICROCHIP "AS IS" AND ANY EXPRESS OR IMPLIED WARRANTIES,
    35                           ; INCLUDING, BUT NOT LIMITED TO, THE IMPLIED WARRANTIES OF MERCHANTABILITY AND FITNESS F
      +                          OR
    36                           ; PURPOSE ARE DISCLAIMED.  IN NO EVENT SHALL MICROCHIP BE LIABLE FOR ANY DIRECT, INDIREC
      +                          T,
    37                           ; INCIDENTAL, SPECIAL, EXEMPLARY, OR CONSEQUENTIAL DAMAGES (INCLUDING BUT NOT LIMITED TO
    38                           ; PROCUREMENT OF SUBSTITUTE GOODS OR SERVICES; LOSS OF USE, DATA OR PROFITS; OR BUSINESS
    39                           ; INTERRUPTION) HOWSOEVER CAUSED AND ON ANY THEORY OF LIABILITY, WHETHER IN CONTRACT, ST
      +                          RICT
    40                           ; LIABILITY, OR TORT (INCLUDING NEGLIGENCE OR OTHERWISE) ARISING IN ANY WAY OUT OF THE U
      +                          SE OF
    41                           ; THIS SOFTWARE, EVEN IF ADVISED OF THE POSSIBILITY OF SUCH DAMAGE.
    42                           ; 
    43                           ; 
    44                           ; Code-generator required, PIC12F675 Definitions
    45                           ; 
    46                           ; SFR Addresses
    47  0000                     	;# 
    48  0001                     	;# 
    49  0002                     	;# 
    50  0003                     	;# 
    51  0004                     	;# 
    52  0005                     	;# 
    53  000A                     	;# 
    54  000B                     	;# 
    55  000C                     	;# 
    56  000E                     	;# 
    57  000E                     	;# 
    58  000F                     	;# 
    59  0010                     	;# 
    60  0019                     	;# 
    61  001E                     	;# 
    62  001F                     	;# 
    63  0081                     	;# 
    64  0085                     	;# 
    65  008C                     	;# 
    66  008E                     	;# 
    67  0090                     	;# 
    68  0095                     	;# 
    69  0096                     	;# 
    70  0096                     	;# 
    71  0099                     	;# 
    72  009A                     	;# 
    73  009A                     	;# 
    74  009B                     	;# 
    75  009C                     	;# 
    76  009D                     	;# 
    77  009E                     	;# 
    78  009F                     	;# 
    79  0000                     	;# 
    80  0001                     	;# 
    81  0002                     	;# 
    82  0003                     	;# 
    83  0004                     	;# 
    84  0005                     	;# 
    85  000A                     	;# 
    86  000B                     	;# 
    87  000C                     	;# 
    88  000E                     	;# 
    89  000E                     	;# 
    90  000F                     	;# 
    91  0010                     	;# 
    92  0019                     	;# 
    93  001E                     	;# 
    94  001F                     	;# 
    95  0081                     	;# 
    96  0085                     	;# 
    97  008C                     	;# 
    98  008E                     	;# 
    99  0090                     	;# 
   100  0095                     	;# 
   101  0096                     	;# 
   102  0096                     	;# 
   103  0099                     	;# 
   104  009A                     	;# 
   105  009A                     	;# 
   106  009B                     	;# 
   107  009C                     	;# 
   108  009D                     	;# 
   109  009E                     	;# 
   110  009F                     	;# 
   111  001F                     _ADCON0bits	set	31
   112  0019                     _CMCON	set	25
   113  0005                     _GPIO	set	5
   114  001E                     _ADRESH	set	30
   115  00F9                     _GO_DONE	set	249
   116  002B                     _GPIO3	set	43
   117  002D                     _GPIO5	set	45
   118  005F                     _GIE	set	95
   119  005E                     _PEIE	set	94
   120  00FE                     _VCFG	set	254
   121  00F8                     _ADON	set	248
   122  00FF                     _ADFM	set	255
   123  0066                     _ADIF	set	102
   124  009F                     _ANSEL	set	159
   125  0085                     _TRISIO	set	133
   126  009E                     _ADRESL	set	158
   127  0466                     _ADIE	set	1126
   128                           
   129                           	psect	cinit
   130  000C                     start_initialization:	
   131                           ; #config settings
   132                           
   133  000C                     __initialization:
   134                           
   135                           ; Clear objects allocated to BANK0
   136  000C  1283               	bcf	3,5	;RP0=0, select bank0
   137  000D  01A4               	clrf	__pbssBANK0& (0+127)
   138  000E  01A5               	clrf	(__pbssBANK0+1)& (0+127)
   139  000F                     end_of_initialization:	
   140                           ;End of C runtime variable initialization code
   141                           
   142  000F                     __end_of__initialization:
   143  000F  0183               	clrf	3
   144  0010  2811               	ljmp	_main	;jump to C main() function
   145                           
   146                           	psect	bssBANK0
   147  0024                     __pbssBANK0:
   148  0024                     _num_adc:
   149  0024                     	ds	2
   150                           
   151                           	psect	cstackBANK0
   152  0020                     __pcstackBANK0:
   153  0020                     ?_myisr:
   154  0020                     ??_myisr:	
   155                           ; 1 bytes @ 0x0
   156                           
   157  0020                     ?_main:	
   158                           ; 1 bytes @ 0x0
   159                           
   160                           
   161                           ; 1 bytes @ 0x0
   162  0020                     	ds	3
   163  0023                     ??_main:
   164                           
   165                           ; 1 bytes @ 0x3
   166  0023                     	ds	1
   167                           
   168                           	psect	maintext
   169  0011                     __pmaintext:	
   170 ;;
   171 ;;Main: autosize = 0, tempsize = 1, incstack = 0, save=0
   172 ;;
   173 ;; *************** function _main *****************
   174 ;; Defined at:
   175 ;;		line 20 in file "/media/user/software/simulide/tests/MCU/pic/0_Test/12F675/12F675_ADC-XC8/12F675_ADC.c"
   176 ;; Parameters:    Size  Location     Type
   177 ;;		None
   178 ;; Auto vars:     Size  Location     Type
   179 ;;		None
   180 ;; Return value:  Size  Location     Type
   181 ;;                  1    wreg      void 
   182 ;; Registers used:
   183 ;;		wreg, status,2, status,0
   184 ;; Tracked objects:
   185 ;;		On entry : B00/0
   186 ;;		On exit  : 0/0
   187 ;;		Unchanged: 0/0
   188 ;; Data sizes:     COMMON   BANK0
   189 ;;      Params:         0       0
   190 ;;      Locals:         0       0
   191 ;;      Temps:          0       1
   192 ;;      Totals:         0       1
   193 ;;Total ram usage:        1 bytes
   194 ;; Hardware stack levels required when called: 1
   195 ;; This function calls:
   196 ;;		Nothing
   197 ;; This function is called by:
   198 ;;		Startup code after reset
   199 ;; This function uses a non-reentrant model
   200 ;;
   201                           
   202                           
   203                           ;psect for function _main
   204  0011                     _main:
   205  0011                     l701:	
   206                           ;incstack = 0
   207                           ; Regs used in _main: [wreg+status,2+status,0]
   208                           
   209                           
   210                           ;/media/user/software/simulide/tests/MCU/pic/0_Test/12F675/12F675_ADC-XC8/12F675_ADC.c: 
      +                          22:     num_adc = 0;
   211  0011  1283               	bcf	3,5	;RP0=0, select bank0
   212  0012  01A4               	clrf	_num_adc
   213  0013  01A5               	clrf	_num_adc+1
   214  0014                     l703:
   215                           
   216                           ;/media/user/software/simulide/tests/MCU/pic/0_Test/12F675/12F675_ADC-XC8/12F675_ADC.c: 
      +                          24:     CMCON = 0b00000111;
   217  0014  3007               	movlw	7
   218  0015  0099               	movwf	25	;volatile
   219  0016                     l705:
   220                           
   221                           ;/media/user/software/simulide/tests/MCU/pic/0_Test/12F675/12F675_ADC-XC8/12F675_ADC.c: 
      +                          25:     GPIO = 0;
   222  0016  0185               	clrf	5	;volatile
   223                           
   224                           ;/media/user/software/simulide/tests/MCU/pic/0_Test/12F675/12F675_ADC-XC8/12F675_ADC.c: 
      +                          26:     TRISIO = 0b00100011;
   225  0017  3023               	movlw	35
   226  0018  1683               	bsf	3,5	;RP0=1, select bank1
   227  0019  0085               	movwf	5	;volatile
   228                           
   229                           ;/media/user/software/simulide/tests/MCU/pic/0_Test/12F675/12F675_ADC-XC8/12F675_ADC.c: 
      +                          27:     ANSEL = 0b00110001;
   230  001A  3031               	movlw	49
   231  001B  009F               	movwf	31	;volatile
   232  001C                     l707:
   233                           
   234                           ;/media/user/software/simulide/tests/MCU/pic/0_Test/12F675/12F675_ADC-XC8/12F675_ADC.c: 
      +                          31:     ADCON0bits.CHS = 0x00;
   235  001C  30F3               	movlw	-13
   236  001D  1283               	bcf	3,5	;RP0=0, select bank0
   237  001E  059F               	andwf	31,f	;volatile
   238  001F                     l709:
   239                           
   240                           ;/media/user/software/simulide/tests/MCU/pic/0_Test/12F675/12F675_ADC-XC8/12F675_ADC.c: 
      +                          32:     ADFM = 1;
   241  001F  179F               	bsf	31,7	;volatile
   242  0020                     l711:
   243                           
   244                           ;/media/user/software/simulide/tests/MCU/pic/0_Test/12F675/12F675_ADC-XC8/12F675_ADC.c: 
      +                          33:     ADON = 1;
   245  0020  141F               	bsf	31,0	;volatile
   246  0021                     l713:
   247                           
   248                           ;/media/user/software/simulide/tests/MCU/pic/0_Test/12F675/12F675_ADC-XC8/12F675_ADC.c: 
      +                          34:     VCFG = 0;
   249  0021  131F               	bcf	31,6	;volatile
   250  0022                     l715:
   251                           
   252                           ;/media/user/software/simulide/tests/MCU/pic/0_Test/12F675/12F675_ADC-XC8/12F675_ADC.c: 
      +                          36:     ADIF = 0;
   253  0022  130C               	bcf	12,6	;volatile
   254  0023                     l717:
   255                           
   256                           ;/media/user/software/simulide/tests/MCU/pic/0_Test/12F675/12F675_ADC-XC8/12F675_ADC.c: 
      +                          37:     ADIE = 1;
   257  0023  1683               	bsf	3,5	;RP0=1, select bank1
   258  0024  170C               	bsf	12,6	;volatile
   259  0025                     l719:
   260                           
   261                           ;/media/user/software/simulide/tests/MCU/pic/0_Test/12F675/12F675_ADC-XC8/12F675_ADC.c: 
      +                          38:     PEIE = 1;
   262  0025  170B               	bsf	11,6	;volatile
   263  0026                     l721:
   264                           
   265                           ;/media/user/software/simulide/tests/MCU/pic/0_Test/12F675/12F675_ADC-XC8/12F675_ADC.c: 
      +                          39:     GIE = 1;
   266  0026  178B               	bsf	11,7	;volatile
   267  0027                     l723:
   268                           
   269                           ;/media/user/software/simulide/tests/MCU/pic/0_Test/12F675/12F675_ADC-XC8/12F675_ADC.c: 
      +                          42:     {;/media/user/software/simulide/tests/MCU/pic/0_Test/12F675/12F675_ADC-XC8/12F67
      +                          5_ADC.c: 43:         if( ADFM != GPIO5 ) ADFM = GPIO5;
   270  0027  1283               	bcf	3,5	;RP0=0, select bank0
   271  0028  1A85               	btfsc	5,5	;volatile
   272  0029  282B               	goto	u141
   273  002A  282D               	goto	u140
   274  002B                     u141:
   275  002B  3001               	movlw	1
   276  002C  282E               	goto	u142
   277  002D                     u140:
   278  002D  3000               	movlw	0
   279  002E                     u142:
   280  002E  00A3               	movwf	??_main
   281  002F  1B9F               	btfsc	31,7	;volatile
   282  0030  2832               	goto	u151
   283  0031  2834               	goto	u150
   284  0032                     u151:
   285  0032  3001               	movlw	1
   286  0033  2835               	goto	u152
   287  0034                     u150:
   288  0034  3000               	movlw	0
   289  0035                     u152:
   290  0035  0623               	xorwf	??_main,w
   291  0036  1903               	skipnz
   292  0037  2839               	goto	u161
   293  0038  283A               	goto	u160
   294  0039                     u161:
   295  0039  2842               	goto	l727
   296  003A                     u160:
   297  003A                     l725:
   298  003A  1A85               	btfsc	5,5	;volatile
   299  003B  283D               	goto	u171
   300  003C  2840               	goto	u170
   301  003D                     u171:
   302  003D  1283               	bcf	3,5	;RP0=0, select bank0
   303  003E  179F               	bsf	31,7	;volatile
   304  003F  2842               	goto	u184
   305  0040                     u170:
   306  0040  1283               	bcf	3,5	;RP0=0, select bank0
   307  0041  139F               	bcf	31,7	;volatile
   308  0042                     u184:
   309  0042                     l727:
   310                           
   311                           ;/media/user/software/simulide/tests/MCU/pic/0_Test/12F675/12F675_ADC-XC8/12F675_ADC.c: 
      +                          44:         if( VCFG != GPIO3 ) VCFG = GPIO3;
   312  0042  1985               	btfsc	5,3	;volatile
   313  0043  2845               	goto	u191
   314  0044  2847               	goto	u190
   315  0045                     u191:
   316  0045  3001               	movlw	1
   317  0046  2848               	goto	u192
   318  0047                     u190:
   319  0047  3000               	movlw	0
   320  0048                     u192:
   321  0048  00A3               	movwf	??_main
   322  0049  1B1F               	btfsc	31,6	;volatile
   323  004A  284C               	goto	u201
   324  004B  284E               	goto	u200
   325  004C                     u201:
   326  004C  3001               	movlw	1
   327  004D  284F               	goto	u202
   328  004E                     u200:
   329  004E  3000               	movlw	0
   330  004F                     u202:
   331  004F  0623               	xorwf	??_main,w
   332  0050  1903               	skipnz
   333  0051  2853               	goto	u211
   334  0052  2854               	goto	u210
   335  0053                     u211:
   336  0053  285C               	goto	l731
   337  0054                     u210:
   338  0054                     l729:
   339  0054  1985               	btfsc	5,3	;volatile
   340  0055  2857               	goto	u221
   341  0056  285A               	goto	u220
   342  0057                     u221:
   343  0057  1283               	bcf	3,5	;RP0=0, select bank0
   344  0058  171F               	bsf	31,6	;volatile
   345  0059  285C               	goto	u234
   346  005A                     u220:
   347  005A  1283               	bcf	3,5	;RP0=0, select bank0
   348  005B  131F               	bcf	31,6	;volatile
   349  005C                     u234:
   350  005C                     l731:
   351                           
   352                           ;/media/user/software/simulide/tests/MCU/pic/0_Test/12F675/12F675_ADC-XC8/12F675_ADC.c: 
      +                          45:         _delay((unsigned long)((20)*(20000000UL/4000000.0)));
   353  005C  3021               	movlw	33
   354  005D  00A3               	movwf	??_main
   355  005E                     u257:
   356  005E  0BA3               	decfsz	??_main,f
   357  005F  285E               	goto	u257
   358  0060                     l733:
   359                           
   360                           ;/media/user/software/simulide/tests/MCU/pic/0_Test/12F675/12F675_ADC-XC8/12F675_ADC.c: 
      +                          47:         GO_DONE = 1;
   361  0060  1283               	bcf	3,5	;RP0=0, select bank0
   362  0061  149F               	bsf	31,1	;volatile
   363  0062                     l52:	
   364                           ;/media/user/software/simulide/tests/MCU/pic/0_Test/12F675/12F675_ADC-XC8/12F675_ADC.c: 
      +                          48:         while( GO_DONE );
   365                           
   366  0062  189F               	btfsc	31,1	;volatile
   367  0063  2865               	goto	u241
   368  0064  2866               	goto	u240
   369  0065                     u241:
   370  0065  2862               	goto	l52
   371  0066                     u240:
   372  0066                     l735:
   373                           
   374                           ;/media/user/software/simulide/tests/MCU/pic/0_Test/12F675/12F675_ADC-XC8/12F675_ADC.c: 
      +                          50:         GPIO ^= 1<<2;
   375  0066  3004               	movlw	4
   376  0067  00A3               	movwf	??_main
   377  0068  0823               	movf	??_main,w
   378  0069  0685               	xorwf	5,f	;volatile
   379  006A  2827               	goto	l723
   380  006B  280B               	ljmp	start
   381  006C                     __end_of_main:
   382                           
   383                           	psect	text1
   384  006C                     __ptext1:	
   385 ;; *************** function _myisr *****************
   386 ;; Defined at:
   387 ;;		line 11 in file "/media/user/software/simulide/tests/MCU/pic/0_Test/12F675/12F675_ADC-XC8/12F675_ADC.c"
   388 ;; Parameters:    Size  Location     Type
   389 ;;		None
   390 ;; Auto vars:     Size  Location     Type
   391 ;;		None
   392 ;; Return value:  Size  Location     Type
   393 ;;                  1    wreg      void 
   394 ;; Registers used:
   395 ;;		wreg, status,2, status,0
   396 ;; Tracked objects:
   397 ;;		On entry : 0/0
   398 ;;		On exit  : 0/0
   399 ;;		Unchanged: 0/0
   400 ;; Data sizes:     COMMON   BANK0
   401 ;;      Params:         0       0
   402 ;;      Locals:         0       0
   403 ;;      Temps:          0       3
   404 ;;      Totals:         0       3
   405 ;;Total ram usage:        3 bytes
   406 ;; Hardware stack levels used: 1
   407 ;; This function calls:
   408 ;;		Nothing
   409 ;; This function is called by:
   410 ;;		Interrupt level 1
   411 ;; This function uses a non-reentrant model
   412 ;;
   413                           
   414                           
   415                           ;psect for function _myisr
   416  006C                     _myisr:
   417  006C                     i1l693:
   418                           
   419                           ;/media/user/software/simulide/tests/MCU/pic/0_Test/12F675/12F675_ADC-XC8/12F675_ADC.c: 
      +                          13:     if( ADIF ){
   420  006C  1F0C               	btfss	12,6	;volatile
   421  006D  286F               	goto	u13_21
   422  006E  2870               	goto	u13_20
   423  006F                     u13_21:
   424  006F  287B               	goto	i1l44
   425  0070                     u13_20:
   426  0070                     i1l695:
   427                           
   428                           ;/media/user/software/simulide/tests/MCU/pic/0_Test/12F675/12F675_ADC-XC8/12F675_ADC.c: 
      +                          14:         ADIF = 0;
   429  0070  130C               	bcf	12,6	;volatile
   430  0071                     i1l697:
   431                           
   432                           ;/media/user/software/simulide/tests/MCU/pic/0_Test/12F675/12F675_ADC-XC8/12F675_ADC.c: 
      +                          15:         num_adc = ((ADRESH << 8 ) | (ADRESL));
   433  0071  081E               	movf	30,w	;volatile
   434  0072  00A5               	movwf	_num_adc+1
   435  0073  1683               	bsf	3,5	;RP0=1, select bank1
   436  0074  081E               	movf	30,w	;volatile
   437  0075  1283               	bcf	3,5	;RP0=0, select bank0
   438  0076  00A4               	movwf	_num_adc
   439  0077                     i1l699:
   440                           
   441                           ;/media/user/software/simulide/tests/MCU/pic/0_Test/12F675/12F675_ADC-XC8/12F675_ADC.c: 
      +                          16:         GPIO ^= 1<<4;
   442  0077  3010               	movlw	16
   443  0078  00A0               	movwf	??_myisr
   444  0079  0820               	movf	??_myisr,w
   445  007A  0685               	xorwf	5,f	;volatile
   446  007B                     i1l44:
   447  007B  0822               	movf	??_myisr+2,w
   448  007C  008A               	movwf	10
   449  007D  0E21               	swapf	??_myisr+1,w
   450  007E  0083               	movwf	3
   451  007F  0EDE               	swapf	btemp,f
   452  0080  0E5E               	swapf	btemp,w
   453  0081  0009               	retfie
   454  0082                     __end_of_myisr:
   455  005E                     btemp	set	94	;btemp
   456  005E                     wtemp0	set	94
   457                           
   458                           	psect	intentry
   459  0004                     __pintentry:	
   460                           ;incstack = 0
   461                           ; Regs used in _myisr: [wreg+status,2+status,0]
   462                           
   463  0004                     interrupt_function:
   464  005E                     saved_w	set	btemp
   465  0004  00DE               	movwf	btemp
   466  0005  0E03               	swapf	3,w
   467  0006  1283               	bcf	3,5	;RP0=0, select bank0
   468  0007  00A1               	movwf	??_myisr+1
   469  0008  080A               	movf	10,w
   470  0009  00A2               	movwf	??_myisr+2
   471  000A  286C               	ljmp	_myisr

Data Sizes:
    Strings     0
    Constant    0
    Data        0
    BSS         2
    Persistent  0
    Stack       0

Auto Spaces:
    Space          Size  Autos    Used
    COMMON            0      0       0
    BANK0            62      4       6

Pointer List with Targets:

    None.

Critical Paths under _main in COMMON

    None.

Critical Paths under _myisr in COMMON

    None.

Critical Paths under _main in BANK0

    None.

Critical Paths under _myisr in BANK0

    None.

Call Graph Tables:

 ---------------------------------------------------------------------------------
 (Depth) Function   	        Calls       Base Space   Used Autos Params    Refs
 ---------------------------------------------------------------------------------
 (0) _main                                                 1     1      0       0
                                              3 BANK0      1     1      0
 ---------------------------------------------------------------------------------
 Estimated maximum stack depth 0
 ---------------------------------------------------------------------------------
 (Depth) Function   	        Calls       Base Space   Used Autos Params    Refs
 ---------------------------------------------------------------------------------
 (1) _myisr                                                3     3      0       0
                                              0 BANK0      3     3      0
 ---------------------------------------------------------------------------------
 Estimated maximum stack depth 1
 ---------------------------------------------------------------------------------

 Call Graph Graphs:

 _main (ROOT)

 _myisr (ROOT)

 Address spaces:
Name               Size   Autos  Total    Cost      Usage
BITCOMMON            0      0       0       0        0.0%
EEDATA              80      0       0       0        0.0%
NULL                 0      0       0       0        0.0%
CODE                 0      0       0       0        0.0%
BITSFR0              0      0       0       1        0.0%
SFR0                 0      0       0       1        0.0%
COMMON               0      0       0       1        0.0%
BITSFR1              0      0       0       2        0.0%
SFR1                 0      0       0       2        0.0%
STACK                0      0       0       2        0.0%
BITBANK0            3E      0       0       3        0.0%
BANK0               3E      4       6       4        9.7%
ABS                  0      0       6       5        0.0%
DATA                 0      0       6       6        0.0%


Microchip Technology PIC Macro Assembler V2.32 build 20210201212658 
Symbol Table                                                                                   Mon Jan 24 05:55:49 2022

                     l52 0062                      l701 0011                      l711 0020  
                    l703 0014                      l721 0026                      l713 0021  
                    l705 0016                      l731 005C                      l723 0027  
                    l715 0022                      l707 001C                      l733 0060  
                    l725 003A                      l717 0023                      l709 001F  
                    l735 0066                      l727 0042                      l719 0025  
                    l729 0054                      _GIE 005F                      u200 004E  
                    u201 004C                      u210 0054                      u202 004F  
                    u211 0053                      u220 005A                      u140 002D  
                    u221 0057                      u141 002B                      u150 0034  
                    u142 002E                      u151 0032                      u240 0066  
                    u160 003A                      u152 0035                      u241 0065  
                    u161 0039                      u234 005C                      u170 0040  
                    u171 003D                      u190 0047                      u191 0045  
                    u192 0048                      u184 0042                      u257 005E  
                   _ADIE 0466                     _ADIF 0066                     _ADFM 00FF  
                   _ADON 00F8                     _GPIO 0005                     _PEIE 005E  
                   i1l44 007B                     _VCFG 00FE                     _main 0011  
                   btemp 005E                     start 000B                    ?_main 0020  
                  _CMCON 0019                    _ANSEL 009F                    _GPIO3 002B  
                  _GPIO5 002D                    i1l693 006C                    i1l695 0070  
                  i1l697 0071                    i1l699 0077                    u13_20 0070  
                  u13_21 006F                    _myisr 006C                    pclath 000A  
                  status 0003                    wtemp0 005E          __initialization 000C  
           __end_of_main 006C                   ??_main 0023                   _ADRESH 001E  
                 _ADRESL 009E                   ?_myisr 0020                   _TRISIO 0085  
                 saved_w 005E  __end_of__initialization 000F            __end_of_myisr 0082  
                ??_myisr 0020               __pbssBANK0 0024               __pmaintext 0011  
             __pintentry 0004                  _GO_DONE 00F9                  __ptext1 006C  
                _num_adc 0024     end_of_initialization 000F      start_initialization 000C  
              ___latbits 0000            __pcstackBANK0 0020           __size_of_myisr 0016  
      interrupt_function 0004               _ADCON0bits 001F            __size_of_main 005B  
               intlevel1 0000  
