GCASM List File (GCBASIC 1.00.00 2022-12-01 (Linux 64 bit) : Build 1199)

Symbols:
A 	EQU 	0
ACCESS 	EQU 	0
ACKDT 	EQU 	5
ACKEN 	EQU 	4
ACKSTAT 	EQU 	6
ADCON0 	EQU 	31
ADCON0_GO_DONE 	EQU 	2
ADCON1 	EQU 	159
ADCS0 	EQU 	6
ADCS1 	EQU 	7
ADDEN 	EQU 	3
ADFM 	EQU 	7
ADIE 	EQU 	6
ADIF 	EQU 	6
ADON 	EQU 	0
ADRESH 	EQU 	30
ADRESL 	EQU 	158
B 	EQU 	1
BANKED 	EQU 	1
BASPROGRAMEND 	EQU 	38
BASPROGRAMSTART 	EQU 	5
BCLIE 	EQU 	3
BCLIF 	EQU 	3
BF 	EQU 	0
BRGH 	EQU 	2
C 	EQU 	0
CCP1CON 	EQU 	23
CCP1IE 	EQU 	2
CCP1IF 	EQU 	2
CCP1M0 	EQU 	0
CCP1M1 	EQU 	1
CCP1M2 	EQU 	2
CCP1M3 	EQU 	3
CCP1X 	EQU 	5
CCP1Y 	EQU 	4
CCP2CON 	EQU 	29
CCP2IE 	EQU 	0
CCP2IF 	EQU 	0
CCP2M0 	EQU 	0
CCP2M1 	EQU 	1
CCP2M2 	EQU 	2
CCP2M3 	EQU 	3
CCP2X 	EQU 	5
CCP2Y 	EQU 	4
CCPR1 	EQU 	21
CCPR1H 	EQU 	22
CCPR1L 	EQU 	21
CCPR2 	EQU 	27
CCPR2H 	EQU 	28
CCPR2L 	EQU 	27
CHS0 	EQU 	3
CHS1 	EQU 	4
CHS2 	EQU 	5
CKE 	EQU 	6
CKP 	EQU 	4
CREN 	EQU 	4
CSRC 	EQU 	7
D 	EQU 	5
DATA 	EQU 	32
DATA_ADDRESS 	EQU 	5
DC 	EQU 	1
DELAYTEMP 	EQU 	112
DELAYUS1 	EQU 	56
D_A 	EQU 	5
D_NOT_A 	EQU 	5
EEADR 	EQU 	269
EEADRH 	EQU 	271
EECON1 	EQU 	396
EECON2 	EQU 	397
EEDATA 	EQU 	268
EEDATH 	EQU 	270
EEIE 	EQU 	4
EEIF 	EQU 	4
EEPGD 	EQU 	7
F 	EQU 	1
FERR 	EQU 	2
FN_I2C_WRITE 	EQU 	60
FSR 	EQU 	4
GCEN 	EQU 	7
GIE 	EQU 	7
GO 	EQU 	2
GO_DONE 	EQU 	2
GO_NOT_DONE 	EQU 	2
I2C_BEGIN 	EQU 	40
I2C_DATA 	EQU 	5
I2C_END 	EQU 	47
I2C_HOLD 	EQU 	54
I2C_READ 	EQU 	2
I2C_START 	EQU 	3
I2C_STOP 	EQU 	4
I2C_WRITE 	EQU 	33
INDEX 	EQU 	34
INDF 	EQU 	0
INITSYS 	EQU 	64
INTCON 	EQU 	11
INTE 	EQU 	4
INTEDG 	EQU 	6
INTF 	EQU 	1
IRP 	EQU 	7
NOT_A 	EQU 	5
NOT_ADDRESS 	EQU 	5
NOT_BO 	EQU 	0
NOT_BOR 	EQU 	0
NOT_DONE 	EQU 	2
NOT_PD 	EQU 	3
NOT_POR 	EQU 	1
NOT_RBPU 	EQU 	7
NOT_RC8 	EQU 	6
NOT_T1SYNC 	EQU 	2
NOT_TO 	EQU 	4
NOT_TX8 	EQU 	6
NOT_W 	EQU 	2
NOT_WRITE 	EQU 	2
OERR 	EQU 	1
OPTION_REG 	EQU 	129
P 	EQU 	4
PCFG0 	EQU 	0
PCFG1 	EQU 	1
PCFG2 	EQU 	2
PCFG3 	EQU 	3
PCL 	EQU 	2
PCLATH 	EQU 	10
PCON 	EQU 	142
PEIE 	EQU 	6
PEN 	EQU 	2
PIE1 	EQU 	140
PIE2 	EQU 	141
PIR1 	EQU 	12
PIR2 	EQU 	13
PORTA 	EQU 	5
PORTB 	EQU 	6
PORTC 	EQU 	7
PR2 	EQU 	146
PS0 	EQU 	0
PS1 	EQU 	1
PS2 	EQU 	2
PSA 	EQU 	3
R 	EQU 	2
RA0 	EQU 	0
RA1 	EQU 	1
RA2 	EQU 	2
RA3 	EQU 	3
RA4 	EQU 	4
RA5 	EQU 	5
RB0 	EQU 	0
RB1 	EQU 	1
RB2 	EQU 	2
RB3 	EQU 	3
RB4 	EQU 	4
RB5 	EQU 	5
RB6 	EQU 	6
RB7 	EQU 	7
RBIE 	EQU 	3
RBIF 	EQU 	0
RC0 	EQU 	0
RC1 	EQU 	1
RC2 	EQU 	2
RC3 	EQU 	3
RC4 	EQU 	4
RC5 	EQU 	5
RC6 	EQU 	6
RC7 	EQU 	7
RC8_9 	EQU 	6
RC9 	EQU 	6
RCD8 	EQU 	0
RCEN 	EQU 	3
RCIE 	EQU 	5
RCIF 	EQU 	5
RCREG 	EQU 	26
RCSTA 	EQU 	24
RD 	EQU 	0
READ_WRITE 	EQU 	2
RP0 	EQU 	5
RP1 	EQU 	6
RSEN 	EQU 	1
RX9 	EQU 	6
RX9D 	EQU 	0
R_NOT_W 	EQU 	2
R_W 	EQU 	2
S 	EQU 	3
SEN 	EQU 	0
SMP 	EQU 	7
SPBRG 	EQU 	153
SPEN 	EQU 	7
SREN 	EQU 	5
SSPADD 	EQU 	147
SSPBUF 	EQU 	19
SSPCON 	EQU 	20
SSPCON2 	EQU 	145
SSPEN 	EQU 	5
SSPIE 	EQU 	3
SSPIF 	EQU 	3
SSPM0 	EQU 	0
SSPM1 	EQU 	1
SSPM2 	EQU 	2
SSPM3 	EQU 	3
SSPOV 	EQU 	6
SSPSTAT 	EQU 	148
STATUS 	EQU 	3
SYNC 	EQU 	4
SYSDOLOOP_E1 	EQU 	37
SYSDOLOOP_S1 	EQU 	19
SYSWAITTEMPUS 	EQU 	117
SYSWAITTEMPUS_H 	EQU 	118
T0CS 	EQU 	5
T0IE 	EQU 	5
T0IF 	EQU 	2
T0SE 	EQU 	4
T1CKPS0 	EQU 	4
T1CKPS1 	EQU 	5
T1CON 	EQU 	16
T1INSYNC 	EQU 	2
T1OSCEN 	EQU 	3
T1SYNC 	EQU 	2
T2CKPS0 	EQU 	0
T2CKPS1 	EQU 	1
T2CON 	EQU 	18
TMR0 	EQU 	1
TMR0IE 	EQU 	5
TMR0IF 	EQU 	2
TMR1 	EQU 	14
TMR1CS 	EQU 	1
TMR1H 	EQU 	15
TMR1IE 	EQU 	0
TMR1IF 	EQU 	0
TMR1L 	EQU 	14
TMR1ON 	EQU 	0
TMR2 	EQU 	17
TMR2IE 	EQU 	1
TMR2IF 	EQU 	1
TMR2ON 	EQU 	2
TOUTPS0 	EQU 	3
TOUTPS1 	EQU 	4
TOUTPS2 	EQU 	5
TOUTPS3 	EQU 	6
TRISA 	EQU 	133
TRISA0 	EQU 	0
TRISA1 	EQU 	1
TRISA2 	EQU 	2
TRISA3 	EQU 	3
TRISA4 	EQU 	4
TRISA5 	EQU 	5
TRISB 	EQU 	134
TRISB0 	EQU 	0
TRISB1 	EQU 	1
TRISB2 	EQU 	2
TRISB3 	EQU 	3
TRISB4 	EQU 	4
TRISB5 	EQU 	5
TRISB6 	EQU 	6
TRISB7 	EQU 	7
TRISC 	EQU 	135
TRISC0 	EQU 	0
TRISC1 	EQU 	1
TRISC2 	EQU 	2
TRISC3 	EQU 	3
TRISC4 	EQU 	4
TRISC5 	EQU 	5
TRISC6 	EQU 	6
TRISC7 	EQU 	7
TRMT 	EQU 	1
TX8_9 	EQU 	6
TX9 	EQU 	6
TX9D 	EQU 	0
TXD8 	EQU 	0
TXEN 	EQU 	5
TXIE 	EQU 	4
TXIF 	EQU 	4
TXREG 	EQU 	25
TXSTA 	EQU 	152
UA 	EQU 	1
W 	EQU 	0
WCOL 	EQU 	7
WR 	EQU 	1
WREN 	EQU 	2
WRERR 	EQU 	3
Z 	EQU 	2

Code:
Loc	Obj Code	Original Assembly







000000	118A	PAGESEL BASPROGRAMSTART
000000	118A 120A	PAGESEL BASPROGRAMSTART
000002	2805	GOTO BASPROGRAMSTART

000004	0009	RETFIE



		BASPROGRAMSTART
000005	2040	CALL INITSYS

000000	1683	BANKSEL TRISC
000000	1683 1303	BANKSEL TRISC
000008	1607	BSF TRISC,4
000009	1587	BSF TRISC,3
00000A	3028	MOVLW 40
000000	1283	BANKSEL SSPCON
000000	1283 1303	BANKSEL SSPCON
00000D	0094	MOVWF SSPCON
000000	1683	BANKSEL SSPCON2
000000	1683 1303	BANKSEL SSPCON2
000010	0191	CLRF SSPCON2
000011	3013	MOVLW 19
000012	0093	MOVWF SSPADD
		SYSDOLOOP_S1
000000	1283	BANKSEL STATUS
000000	1283 1303	BANKSEL STATUS
000015	2028	CALL I2C_BEGIN
000016	304E	MOVLW 78
000017	00A0	MOVWF DATA
000018	203C	CALL FN_I2C_WRITE
000019	0822	MOVF INDEX,W
00001A	00A0	MOVWF DATA
00001B	203C	CALL FN_I2C_WRITE
00001C	30A5	MOVLW 165
00001D	00A0	MOVWF DATA
00001E	203C	CALL FN_I2C_WRITE
00001F	3041	MOVLW 65
000020	00A0	MOVWF DATA
000021	203C	CALL FN_I2C_WRITE
000022	0AA2	INCF INDEX,F
000023	202F	CALL I2C_END
000024	2813	GOTO SYSDOLOOP_S1
		SYSDOLOOP_E1
000025	2826	GOTO BASPROGRAMEND
		BASPROGRAMEND
000026	0063	SLEEP
000027	2826	GOTO BASPROGRAMEND


		I2C_BEGIN
000028	2036	CALL I2C_HOLD
000000	1683	BANKSEL SSPCON2
000000	1683 1303	BANKSEL SSPCON2
00002B	1411	BSF SSPCON2,SEN
000000	1283	BANKSEL STATUS
000000	1283 1303	BANKSEL STATUS
00002E	0008	RETURN


		I2C_END
00002F	2036	CALL I2C_HOLD
000000	1683	BANKSEL SSPCON2
000000	1683 1303	BANKSEL SSPCON2
000032	1511	BSF SSPCON2,PEN
000000	1283	BANKSEL STATUS
000000	1283 1303	BANKSEL STATUS
000035	0008	RETURN


		I2C_HOLD
000036	3042	MOVLW 66
000037	00F0	MOVWF DELAYTEMP
		DELAYUS1
000038	0BF0	DECFSZ DELAYTEMP,F
000039	2838	GOTO DELAYUS1
00003A	0000	NOP
00003B	0008	RETURN


		FN_I2C_WRITE
00003C	2036	CALL I2C_HOLD
00003D	0820	MOVF DATA,W
00003E	0093	MOVWF SSPBUF
00003F	0008	RETURN


		INITSYS
000000	1683	BANKSEL ADCON1
000000	1683 1303	BANKSEL ADCON1
000042	139F	BCF ADCON1,ADFM
000000	1283	BANKSEL ADCON0
000000	1283 1303	BANKSEL ADCON0
000045	101F	BCF ADCON0,ADON
000000	1683	BANKSEL ADCON1
000000	1683 1303	BANKSEL ADCON1
000048	119F	BCF ADCON1,PCFG3
000049	151F	BSF ADCON1,PCFG2
00004A	149F	BSF ADCON1,PCFG1
00004B	101F	BCF ADCON1,PCFG0
000000	1283	BANKSEL PORTA
000000	1283 1303	BANKSEL PORTA
00004E	0185	CLRF PORTA
00004F	0186	CLRF PORTB
000050	0187	CLRF PORTC
000051	0008	RETURN





