

Microchip MPLAB XC8 Assembler V2.32 build 20210201212658 
                                                                                               Sun Jan 16 01:02:09 2022

Microchip MPLAB XC8 C Compiler v2.32 (Free license) build 20210201212658 Og1 
     1                           	processor	12F675
     2                           	pagewidth 120
     3                           	opt	flic
     4                           	psect	cinit,global,class=CODE,merge=1,delta=2
     5                           	psect	cstackBANK0,global,class=BANK0,space=1,delta=1,noexec
     6                           	psect	maintext,global,class=CODE,split=1,delta=2
     7                           	psect	text1,local,class=CODE,merge=1,delta=2
     8                           	psect	intentry,global,class=CODE,delta=2
     9                           	dabs	1,0x5E,2
    10  0000                     
    11                           ; Version 2.32
    12                           ; Generated 23/11/2020 GMT
    13                           ; 
    14                           ; Copyright © 2020, Microchip Technology Inc. and its subsidiaries ("Microchip")
    15                           ; All rights reserved.
    16                           ; 
    17                           ; This software is developed by Microchip Technology Inc. and its subsidiaries ("Microch
      +                          ip").
    18                           ; 
    19                           ; Redistribution and use in source and binary forms, with or without modification, are
    20                           ; permitted provided that the following conditions are met:
    21                           ; 
    22                           ;     1. Redistributions of source code must retain the above copyright notice, this lis
      +                          t of
    23                           ;        conditions and the following disclaimer.
    24                           ; 
    25                           ;     2. Redistributions in binary form must reproduce the above copyright notice, this 
      +                          list
    26                           ;        of conditions and the following disclaimer in the documentation and/or other
    27                           ;        materials provided with the distribution. Publication is not required when
    28                           ;        this file is used in an embedded application.
    29                           ; 
    30                           ;     3. Microchip's name may not be used to endorse or promote products derived from th
      +                          is
    31                           ;        software without specific prior written permission.
    32                           ; 
    33                           ; THIS SOFTWARE IS PROVIDED BY MICROCHIP "AS IS" AND ANY EXPRESS OR IMPLIED WARRANTIES,
    34                           ; INCLUDING, BUT NOT LIMITED TO, THE IMPLIED WARRANTIES OF MERCHANTABILITY AND FITNESS F
      +                          OR
    35                           ; PURPOSE ARE DISCLAIMED.  IN NO EVENT SHALL MICROCHIP BE LIABLE FOR ANY DIRECT, INDIREC
      +                          T,
    36                           ; INCIDENTAL, SPECIAL, EXEMPLARY, OR CONSEQUENTIAL DAMAGES (INCLUDING BUT NOT LIMITED TO
    37                           ; PROCUREMENT OF SUBSTITUTE GOODS OR SERVICES; LOSS OF USE, DATA OR PROFITS; OR BUSINESS
    38                           ; INTERRUPTION) HOWSOEVER CAUSED AND ON ANY THEORY OF LIABILITY, WHETHER IN CONTRACT, ST
      +                          RICT
    39                           ; LIABILITY, OR TORT (INCLUDING NEGLIGENCE OR OTHERWISE) ARISING IN ANY WAY OUT OF THE U
      +                          SE OF
    40                           ; THIS SOFTWARE, EVEN IF ADVISED OF THE POSSIBILITY OF SUCH DAMAGE.
    41                           ; 
    42                           ; 
    43                           ; Code-generator required, PIC12F675 Definitions
    44                           ; 
    45                           ; SFR Addresses
    46  0000                     	;# 
    47  0001                     	;# 
    48  0002                     	;# 
    49  0003                     	;# 
    50  0004                     	;# 
    51  0005                     	;# 
    52  000A                     	;# 
    53  000B                     	;# 
    54  000C                     	;# 
    55  000E                     	;# 
    56  000E                     	;# 
    57  000F                     	;# 
    58  0010                     	;# 
    59  0019                     	;# 
    60  001E                     	;# 
    61  001F                     	;# 
    62  0081                     	;# 
    63  0085                     	;# 
    64  008C                     	;# 
    65  008E                     	;# 
    66  0090                     	;# 
    67  0095                     	;# 
    68  0096                     	;# 
    69  0096                     	;# 
    70  0099                     	;# 
    71  009A                     	;# 
    72  009A                     	;# 
    73  009B                     	;# 
    74  009C                     	;# 
    75  009D                     	;# 
    76  009E                     	;# 
    77  009F                     	;# 
    78  0000                     	;# 
    79  0001                     	;# 
    80  0002                     	;# 
    81  0003                     	;# 
    82  0004                     	;# 
    83  0005                     	;# 
    84  000A                     	;# 
    85  000B                     	;# 
    86  000C                     	;# 
    87  000E                     	;# 
    88  000E                     	;# 
    89  000F                     	;# 
    90  0010                     	;# 
    91  0019                     	;# 
    92  001E                     	;# 
    93  001F                     	;# 
    94  0081                     	;# 
    95  0085                     	;# 
    96  008C                     	;# 
    97  008E                     	;# 
    98  0090                     	;# 
    99  0095                     	;# 
   100  0096                     	;# 
   101  0096                     	;# 
   102  0099                     	;# 
   103  009A                     	;# 
   104  009A                     	;# 
   105  009B                     	;# 
   106  009C                     	;# 
   107  009D                     	;# 
   108  009E                     	;# 
   109  009F                     	;# 
   110  0019                     _CMCON	set	25
   111  0005                     _GPIO	set	5
   112  0080                     _TMR1ON	set	128
   113  005F                     _GIE	set	95
   114  005E                     _PEIE	set	94
   115  0085                     _T1CKPS1	set	133
   116  0084                     _T1CKPS0	set	132
   117  0081                     _TMR1CS	set	129
   118  0060                     _TMR1IF	set	96
   119  0095                     _WPU	set	149
   120  0085                     _TRISIO	set	133
   121  0460                     _TMR1IE	set	1120
   122                           
   123                           	psect	cinit
   124  000C                     start_initialization:	
   125                           ; #config settings
   126                           
   127  000C                     __initialization:
   128  000C                     end_of_initialization:	
   129                           ;End of C runtime variable initialization code
   130                           
   131  000C                     __end_of__initialization:
   132  000C  0183               	clrf	3
   133  000D  280E               	ljmp	_main	;jump to C main() function
   134                           
   135                           	psect	cstackBANK0
   136  0020                     __pcstackBANK0:
   137  0020                     ?_myisr:
   138  0020                     ??_myisr:	
   139                           ; 1 bytes @ 0x0
   140                           
   141  0020                     ?_main:	
   142                           ; 1 bytes @ 0x0
   143                           
   144                           
   145                           ; 1 bytes @ 0x0
   146  0020                     	ds	3
   147  0023                     ??_main:
   148                           
   149                           ; 1 bytes @ 0x3
   150  0023                     	ds	3
   151                           
   152                           	psect	maintext
   153  000E                     __pmaintext:	
   154 ;;
   155 ;;Main: autosize = 0, tempsize = 3, incstack = 0, save=0
   156 ;;
   157 ;; *************** function _main *****************
   158 ;; Defined at:
   159 ;;		line 16 in file "/media/user/software/simulide/tests/MCU/pic/0_Test/12F675/12F675_T1-XC8/12F675_T1-XC8.c"
   160 ;; Parameters:    Size  Location     Type
   161 ;;		None
   162 ;; Auto vars:     Size  Location     Type
   163 ;;		None
   164 ;; Return value:  Size  Location     Type
   165 ;;                  1    wreg      void 
   166 ;; Registers used:
   167 ;;		wreg, status,2, status,0
   168 ;; Tracked objects:
   169 ;;		On entry : B00/0
   170 ;;		On exit  : 0/0
   171 ;;		Unchanged: 0/0
   172 ;; Data sizes:     COMMON   BANK0
   173 ;;      Params:         0       0
   174 ;;      Locals:         0       0
   175 ;;      Temps:          0       3
   176 ;;      Totals:         0       3
   177 ;;Total ram usage:        3 bytes
   178 ;; Hardware stack levels required when called: 1
   179 ;; This function calls:
   180 ;;		Nothing
   181 ;; This function is called by:
   182 ;;		Startup code after reset
   183 ;; This function uses a non-reentrant model
   184 ;;
   185                           
   186                           
   187                           ;psect for function _main
   188  000E                     _main:
   189  000E                     l672:	
   190                           ;incstack = 0
   191                           ; Regs used in _main: [wreg+status,2+status,0]
   192                           
   193                           
   194                           ;/media/user/software/simulide/tests/MCU/pic/0_Test/12F675/12F675_T1-XC8/12F675_T1-XC8.c
      +                          : 18:     CMCON = 0b00000111;
   195  000E  3007               	movlw	7
   196  000F  1283               	bcf	3,5	;RP0=0, select bank0
   197  0010  0099               	movwf	25	;volatile
   198  0011                     l674:
   199                           
   200                           ;/media/user/software/simulide/tests/MCU/pic/0_Test/12F675/12F675_T1-XC8/12F675_T1-XC8.c
      +                          : 19:     GPIO = 0;
   201  0011  0185               	clrf	5	;volatile
   202  0012                     l676:
   203                           
   204                           ;/media/user/software/simulide/tests/MCU/pic/0_Test/12F675/12F675_T1-XC8/12F675_T1-XC8.c
      +                          : 20:     TRISIO = 0b00100000;
   205  0012  3020               	movlw	32
   206  0013  1683               	bsf	3,5	;RP0=1, select bank1
   207  0014  0085               	movwf	5	;volatile
   208                           
   209                           ;/media/user/software/simulide/tests/MCU/pic/0_Test/12F675/12F675_T1-XC8/12F675_T1-XC8.c
      +                          : 21:     WPU = 0;
   210  0015  0195               	clrf	21	;volatile
   211  0016                     l678:
   212                           
   213                           ;/media/user/software/simulide/tests/MCU/pic/0_Test/12F675/12F675_T1-XC8/12F675_T1-XC8.c
      +                          : 23:     TMR1CS = 0;
   214  0016  1283               	bcf	3,5	;RP0=0, select bank0
   215  0017  1090               	bcf	16,1	;volatile
   216  0018                     l680:
   217                           
   218                           ;/media/user/software/simulide/tests/MCU/pic/0_Test/12F675/12F675_T1-XC8/12F675_T1-XC8.c
      +                          : 24:     T1CKPS0 = 1;
   219  0018  1610               	bsf	16,4	;volatile
   220  0019                     l682:
   221                           
   222                           ;/media/user/software/simulide/tests/MCU/pic/0_Test/12F675/12F675_T1-XC8/12F675_T1-XC8.c
      +                          : 25:     T1CKPS1 = 1;
   223  0019  1690               	bsf	16,5	;volatile
   224  001A                     l684:
   225                           
   226                           ;/media/user/software/simulide/tests/MCU/pic/0_Test/12F675/12F675_T1-XC8/12F675_T1-XC8.c
      +                          : 27:     TMR1IE = 1;
   227  001A  1683               	bsf	3,5	;RP0=1, select bank1
   228  001B  140C               	bsf	12,0	;volatile
   229  001C                     l686:
   230                           
   231                           ;/media/user/software/simulide/tests/MCU/pic/0_Test/12F675/12F675_T1-XC8/12F675_T1-XC8.c
      +                          : 28:     PEIE = 1;
   232  001C  170B               	bsf	11,6	;volatile
   233  001D                     l688:
   234                           
   235                           ;/media/user/software/simulide/tests/MCU/pic/0_Test/12F675/12F675_T1-XC8/12F675_T1-XC8.c
      +                          : 29:     GIE = 1;
   236  001D  178B               	bsf	11,7	;volatile
   237  001E                     l690:
   238                           
   239                           ;/media/user/software/simulide/tests/MCU/pic/0_Test/12F675/12F675_T1-XC8/12F675_T1-XC8.c
      +                          : 31:     TMR1ON = 1;
   240  001E  1283               	bcf	3,5	;RP0=0, select bank0
   241  001F  1410               	bsf	16,0	;volatile
   242  0020                     l692:
   243                           
   244                           ;/media/user/software/simulide/tests/MCU/pic/0_Test/12F675/12F675_T1-XC8/12F675_T1-XC8.c
      +                          : 33:     _delay((unsigned long)((2000)*(20000000UL/4000.0)));
   245  0020  3033               	movlw	51
   246  0021  00A5               	movwf	??_main+2
   247  0022  30BB               	movlw	187
   248  0023  00A4               	movwf	??_main+1
   249  0024  30DF               	movlw	223
   250  0025  00A3               	movwf	??_main
   251  0026                     u37:
   252  0026  0BA3               	decfsz	??_main,f
   253  0027  2826               	goto	u37
   254  0028  0BA4               	decfsz	??_main+1,f
   255  0029  2826               	goto	u37
   256  002A  0BA5               	decfsz	??_main+2,f
   257  002B  2826               	goto	u37
   258  002C  282D               	nop2
   259  002D                     l694:
   260                           
   261                           ;/media/user/software/simulide/tests/MCU/pic/0_Test/12F675/12F675_T1-XC8/12F675_T1-XC8.c
      +                          : 35:     TMR1CS = 1;
   262  002D  1283               	bcf	3,5	;RP0=0, select bank0
   263  002E  1490               	bsf	16,1	;volatile
   264  002F                     l696:
   265                           
   266                           ;/media/user/software/simulide/tests/MCU/pic/0_Test/12F675/12F675_T1-XC8/12F675_T1-XC8.c
      +                          : 38:     {;/media/user/software/simulide/tests/MCU/pic/0_Test/12F675/12F675_T1-XC8/12F6
      +                          75_T1-XC8.c: 39:         _delay((unsigned long)((500)*(20000000UL/4000.0)));
   267  002F  300D               	movlw	13
   268  0030  00A5               	movwf	??_main+2
   269  0031  30AF               	movlw	175
   270  0032  00A4               	movwf	??_main+1
   271  0033  30B6               	movlw	182
   272  0034  00A3               	movwf	??_main
   273  0035                     u47:
   274  0035  0BA3               	decfsz	??_main,f
   275  0036  2835               	goto	u47
   276  0037  0BA4               	decfsz	??_main+1,f
   277  0038  2835               	goto	u47
   278  0039  0BA5               	decfsz	??_main+2,f
   279  003A  2835               	goto	u47
   280  003B  0000               	nop
   281  003C                     l698:
   282                           
   283                           ;/media/user/software/simulide/tests/MCU/pic/0_Test/12F675/12F675_T1-XC8/12F675_T1-XC8.c
      +                          : 40:         GPIO ^= 1;
   284  003C  3001               	movlw	1
   285  003D  1283               	bcf	3,5	;RP0=0, select bank0
   286  003E  00A3               	movwf	??_main
   287  003F  0823               	movf	??_main,w
   288  0040  0685               	xorwf	5,f	;volatile
   289  0041  282F               	goto	l696
   290  0042  280B               	ljmp	start
   291  0043                     __end_of_main:
   292                           
   293                           	psect	text1
   294  0043                     __ptext1:	
   295 ;; *************** function _myisr *****************
   296 ;; Defined at:
   297 ;;		line 8 in file "/media/user/software/simulide/tests/MCU/pic/0_Test/12F675/12F675_T1-XC8/12F675_T1-XC8.c"
   298 ;; Parameters:    Size  Location     Type
   299 ;;		None
   300 ;; Auto vars:     Size  Location     Type
   301 ;;		None
   302 ;; Return value:  Size  Location     Type
   303 ;;                  1    wreg      void 
   304 ;; Registers used:
   305 ;;		wreg, status,2, status,0
   306 ;; Tracked objects:
   307 ;;		On entry : 0/0
   308 ;;		On exit  : 0/0
   309 ;;		Unchanged: 0/0
   310 ;; Data sizes:     COMMON   BANK0
   311 ;;      Params:         0       0
   312 ;;      Locals:         0       0
   313 ;;      Temps:          0       3
   314 ;;      Totals:         0       3
   315 ;;Total ram usage:        3 bytes
   316 ;; Hardware stack levels used: 1
   317 ;; This function calls:
   318 ;;		Nothing
   319 ;; This function is called by:
   320 ;;		Interrupt level 1
   321 ;; This function uses a non-reentrant model
   322 ;;
   323                           
   324                           
   325                           ;psect for function _myisr
   326  0043                     _myisr:
   327  0043                     i1l666:
   328                           
   329                           ;/media/user/software/simulide/tests/MCU/pic/0_Test/12F675/12F675_T1-XC8/12F675_T1-XC8.c
      +                          : 10:     if( TMR1IF ){
   330  0043  1C0C               	btfss	12,0	;volatile
   331  0044  2846               	goto	u2_21
   332  0045  2847               	goto	u2_20
   333  0046                     u2_21:
   334  0046  284C               	goto	i1l32
   335  0047                     u2_20:
   336  0047                     i1l668:
   337                           
   338                           ;/media/user/software/simulide/tests/MCU/pic/0_Test/12F675/12F675_T1-XC8/12F675_T1-XC8.c
      +                          : 11:         TMR1IF = 0;
   339  0047  100C               	bcf	12,0	;volatile
   340  0048                     i1l670:
   341                           
   342                           ;/media/user/software/simulide/tests/MCU/pic/0_Test/12F675/12F675_T1-XC8/12F675_T1-XC8.c
      +                          : 12:         GPIO ^= 1<<4;
   343  0048  3010               	movlw	16
   344  0049  00A0               	movwf	??_myisr
   345  004A  0820               	movf	??_myisr,w
   346  004B  0685               	xorwf	5,f	;volatile
   347  004C                     i1l32:
   348  004C  0822               	movf	??_myisr+2,w
   349  004D  008A               	movwf	10
   350  004E  0E21               	swapf	??_myisr+1,w
   351  004F  0083               	movwf	3
   352  0050  0EDE               	swapf	btemp,f
   353  0051  0E5E               	swapf	btemp,w
   354  0052  0009               	retfie
   355  0053                     __end_of_myisr:
   356  005E                     btemp	set	94	;btemp
   357  005E                     wtemp0	set	94
   358                           
   359                           	psect	intentry
   360  0004                     __pintentry:	
   361                           ;incstack = 0
   362                           ; Regs used in _myisr: [wreg+status,2+status,0]
   363                           
   364  0004                     interrupt_function:
   365  005E                     saved_w	set	btemp
   366  0004  00DE               	movwf	btemp
   367  0005  0E03               	swapf	3,w
   368  0006  1283               	bcf	3,5	;RP0=0, select bank0
   369  0007  00A1               	movwf	??_myisr+1
   370  0008  080A               	movf	10,w
   371  0009  00A2               	movwf	??_myisr+2
   372  000A  2843               	ljmp	_myisr

Data Sizes:
    Strings     0
    Constant    0
    Data        0
    BSS         0
    Persistent  0
    Stack       0

Auto Spaces:
    Space          Size  Autos    Used
    COMMON            0      0       0
    BANK0            62      6       6

Pointer List with Targets:

    None.

Critical Paths under _main in COMMON

    None.

Critical Paths under _myisr in COMMON

    None.

Critical Paths under _main in BANK0

    None.

Critical Paths under _myisr in BANK0

    None.

Call Graph Tables:

 ---------------------------------------------------------------------------------
 (Depth) Function   	        Calls       Base Space   Used Autos Params    Refs
 ---------------------------------------------------------------------------------
 (0) _main                                                 3     3      0       0
                                              3 BANK0      3     3      0
 ---------------------------------------------------------------------------------
 Estimated maximum stack depth 0
 ---------------------------------------------------------------------------------
 (Depth) Function   	        Calls       Base Space   Used Autos Params    Refs
 ---------------------------------------------------------------------------------
 (1) _myisr                                                3     3      0       0
                                              0 BANK0      3     3      0
 ---------------------------------------------------------------------------------
 Estimated maximum stack depth 1
 ---------------------------------------------------------------------------------

 Call Graph Graphs:

 _main (ROOT)

 _myisr (ROOT)

 Address spaces:
Name               Size   Autos  Total    Cost      Usage
BITCOMMON            0      0       0       0        0.0%
EEDATA              80      0       0       0        0.0%
NULL                 0      0       0       0        0.0%
CODE                 0      0       0       0        0.0%
BITSFR0              0      0       0       1        0.0%
SFR0                 0      0       0       1        0.0%
COMMON               0      0       0       1        0.0%
BITSFR1              0      0       0       2        0.0%
SFR1                 0      0       0       2        0.0%
STACK                0      0       0       2        0.0%
BITBANK0            3E      0       0       3        0.0%
BANK0               3E      6       6       4        9.7%
ABS                  0      0       0       5        0.0%
DATA                 0      0       0       6        0.0%


Microchip Technology PIC Macro Assembler V2.32 build 20210201212658 
Symbol Table                                                                                   Sun Jan 16 01:02:09 2022

                     u37 0026                       u47 0035                      l680 0018  
                    l672 000E                      l690 001E                      l682 0019  
                    l674 0011                      l692 0020                      l684 001A  
                    l676 0012                      l694 002D                      l686 001C  
                    l678 0016                      l696 002F                      l688 001D  
                    l698 003C                      _GIE 005F                      _WPU 0095  
                   _GPIO 0005                     _PEIE 005E                     i1l32 004C  
                   u2_20 0047                     u2_21 0046                     _main 000E  
                   btemp 005E                     start 000B                    ?_main 0020  
                  _CMCON 0019                    i1l670 0048                    i1l666 0043  
                  i1l668 0047                    _myisr 0043                    pclath 000A  
                  status 0003                    wtemp0 005E          __initialization 000C  
           __end_of_main 0043                   ??_main 0023                   ?_myisr 0020  
                 _TMR1IE 0460                   _TMR1IF 0060                   _TMR1CS 0081  
                 _TMR1ON 0080                   _TRISIO 0085                   saved_w 005E  
__end_of__initialization 000C            __end_of_myisr 0053                  ??_myisr 0020  
             __pmaintext 000E               __pintentry 0004                  _T1CKPS0 0084  
                _T1CKPS1 0085                  __ptext1 0043     end_of_initialization 000C  
    start_initialization 000C                ___latbits 0000            __pcstackBANK0 0020  
         __size_of_myisr 0010        interrupt_function 0004            __size_of_main 0035  
               intlevel1 0000  
