

Microchip MPLAB XC8 Assembler V2.32 build 20210201212658 
                                                                                               Sun Jan 16 00:01:54 2022

Microchip MPLAB XC8 C Compiler v2.32 (Free license) build 20210201212658 Og1 
     1                           	processor	12F675
     2                           	pagewidth 120
     3                           	opt	flic
     4                           	psect	cinit,global,class=CODE,merge=1,delta=2
     5                           	psect	cstackBANK0,global,class=BANK0,space=1,delta=1,noexec
     6                           	psect	maintext,global,class=CODE,split=1,delta=2
     7                           	psect	text1,local,class=CODE,merge=1,delta=2
     8                           	psect	intentry,global,class=CODE,delta=2
     9                           	dabs	1,0x5E,2
    10  0000                     
    11                           ; Version 2.32
    12                           ; Generated 23/11/2020 GMT
    13                           ; 
    14                           ; Copyright © 2020, Microchip Technology Inc. and its subsidiaries ("Microchip")
    15                           ; All rights reserved.
    16                           ; 
    17                           ; This software is developed by Microchip Technology Inc. and its subsidiaries ("Microch
      +                          ip").
    18                           ; 
    19                           ; Redistribution and use in source and binary forms, with or without modification, are
    20                           ; permitted provided that the following conditions are met:
    21                           ; 
    22                           ;     1. Redistributions of source code must retain the above copyright notice, this lis
      +                          t of
    23                           ;        conditions and the following disclaimer.
    24                           ; 
    25                           ;     2. Redistributions in binary form must reproduce the above copyright notice, this 
      +                          list
    26                           ;        of conditions and the following disclaimer in the documentation and/or other
    27                           ;        materials provided with the distribution. Publication is not required when
    28                           ;        this file is used in an embedded application.
    29                           ; 
    30                           ;     3. Microchip's name may not be used to endorse or promote products derived from th
      +                          is
    31                           ;        software without specific prior written permission.
    32                           ; 
    33                           ; THIS SOFTWARE IS PROVIDED BY MICROCHIP "AS IS" AND ANY EXPRESS OR IMPLIED WARRANTIES,
    34                           ; INCLUDING, BUT NOT LIMITED TO, THE IMPLIED WARRANTIES OF MERCHANTABILITY AND FITNESS F
      +                          OR
    35                           ; PURPOSE ARE DISCLAIMED.  IN NO EVENT SHALL MICROCHIP BE LIABLE FOR ANY DIRECT, INDIREC
      +                          T,
    36                           ; INCIDENTAL, SPECIAL, EXEMPLARY, OR CONSEQUENTIAL DAMAGES (INCLUDING BUT NOT LIMITED TO
    37                           ; PROCUREMENT OF SUBSTITUTE GOODS OR SERVICES; LOSS OF USE, DATA OR PROFITS; OR BUSINESS
    38                           ; INTERRUPTION) HOWSOEVER CAUSED AND ON ANY THEORY OF LIABILITY, WHETHER IN CONTRACT, ST
      +                          RICT
    39                           ; LIABILITY, OR TORT (INCLUDING NEGLIGENCE OR OTHERWISE) ARISING IN ANY WAY OUT OF THE U
      +                          SE OF
    40                           ; THIS SOFTWARE, EVEN IF ADVISED OF THE POSSIBILITY OF SUCH DAMAGE.
    41                           ; 
    42                           ; 
    43                           ; Code-generator required, PIC12F675 Definitions
    44                           ; 
    45                           ; SFR Addresses
    46  0000                     	;# 
    47  0001                     	;# 
    48  0002                     	;# 
    49  0003                     	;# 
    50  0004                     	;# 
    51  0005                     	;# 
    52  000A                     	;# 
    53  000B                     	;# 
    54  000C                     	;# 
    55  000E                     	;# 
    56  000E                     	;# 
    57  000F                     	;# 
    58  0010                     	;# 
    59  0019                     	;# 
    60  001E                     	;# 
    61  001F                     	;# 
    62  0081                     	;# 
    63  0085                     	;# 
    64  008C                     	;# 
    65  008E                     	;# 
    66  0090                     	;# 
    67  0095                     	;# 
    68  0096                     	;# 
    69  0096                     	;# 
    70  0099                     	;# 
    71  009A                     	;# 
    72  009A                     	;# 
    73  009B                     	;# 
    74  009C                     	;# 
    75  009D                     	;# 
    76  009E                     	;# 
    77  009F                     	;# 
    78  0000                     	;# 
    79  0001                     	;# 
    80  0002                     	;# 
    81  0003                     	;# 
    82  0004                     	;# 
    83  0005                     	;# 
    84  000A                     	;# 
    85  000B                     	;# 
    86  000C                     	;# 
    87  000E                     	;# 
    88  000E                     	;# 
    89  000F                     	;# 
    90  0010                     	;# 
    91  0019                     	;# 
    92  001E                     	;# 
    93  001F                     	;# 
    94  0081                     	;# 
    95  0085                     	;# 
    96  008C                     	;# 
    97  008E                     	;# 
    98  0090                     	;# 
    99  0095                     	;# 
   100  0096                     	;# 
   101  0096                     	;# 
   102  0099                     	;# 
   103  009A                     	;# 
   104  009A                     	;# 
   105  009B                     	;# 
   106  009C                     	;# 
   107  009D                     	;# 
   108  009E                     	;# 
   109  009F                     	;# 
   110  0019                     _CMCON	set	25
   111  0005                     _GPIO	set	5
   112  005F                     _GIE	set	95
   113  005E                     _PEIE	set	94
   114  005B                     _GPIE	set	91
   115  0058                     _GPIF	set	88
   116  0096                     _IOC	set	150
   117  0095                     _WPU	set	149
   118  0085                     _TRISIO	set	133
   119                           
   120                           	psect	cinit
   121  000C                     start_initialization:	
   122                           ; #config settings
   123                           
   124  000C                     __initialization:
   125  000C                     end_of_initialization:	
   126                           ;End of C runtime variable initialization code
   127                           
   128  000C                     __end_of__initialization:
   129  000C  0183               	clrf	3
   130  000D  280E               	ljmp	_main	;jump to C main() function
   131                           
   132                           	psect	cstackBANK0
   133  0020                     __pcstackBANK0:
   134  0020                     ?_myisr:
   135  0020                     ??_myisr:	
   136                           ; 1 bytes @ 0x0
   137                           
   138  0020                     ?_main:	
   139                           ; 1 bytes @ 0x0
   140                           
   141                           
   142                           ; 1 bytes @ 0x0
   143  0020                     	ds	3
   144  0023                     ??_main:
   145                           
   146                           ; 1 bytes @ 0x3
   147  0023                     	ds	3
   148                           
   149                           	psect	maintext
   150  000E                     __pmaintext:	
   151 ;;
   152 ;;Main: autosize = 0, tempsize = 3, incstack = 0, save=0
   153 ;;
   154 ;; *************** function _main *****************
   155 ;; Defined at:
   156 ;;		line 16 in file "/media/user/software/simulide/tests/MCU/pic/0_Test/12F675/12F675_PORTs-XC8/12F675_PORTs-XC8.c"
   157 ;; Parameters:    Size  Location     Type
   158 ;;		None
   159 ;; Auto vars:     Size  Location     Type
   160 ;;		None
   161 ;; Return value:  Size  Location     Type
   162 ;;                  1    wreg      void 
   163 ;; Registers used:
   164 ;;		wreg, status,2, status,0
   165 ;; Tracked objects:
   166 ;;		On entry : B00/0
   167 ;;		On exit  : 0/0
   168 ;;		Unchanged: 0/0
   169 ;; Data sizes:     COMMON   BANK0
   170 ;;      Params:         0       0
   171 ;;      Locals:         0       0
   172 ;;      Temps:          0       3
   173 ;;      Totals:         0       3
   174 ;;Total ram usage:        3 bytes
   175 ;; Hardware stack levels required when called: 1
   176 ;; This function calls:
   177 ;;		Nothing
   178 ;; This function is called by:
   179 ;;		Startup code after reset
   180 ;; This function uses a non-reentrant model
   181 ;;
   182                           
   183                           
   184                           ;psect for function _main
   185  000E                     _main:
   186  000E                     l658:	
   187                           ;incstack = 0
   188                           ; Regs used in _main: [wreg+status,2+status,0]
   189                           
   190                           
   191                           ;/media/user/software/simulide/tests/MCU/pic/0_Test/12F675/12F675_PORTs-XC8/12F675_PORTs
      +                          -XC8.c: 18:     CMCON = 0b00000111;
   192  000E  3007               	movlw	7
   193  000F  1283               	bcf	3,5	;RP0=0, select bank0
   194  0010  0099               	movwf	25	;volatile
   195  0011                     l660:
   196                           
   197                           ;/media/user/software/simulide/tests/MCU/pic/0_Test/12F675/12F675_PORTs-XC8/12F675_PORTs
      +                          -XC8.c: 19:     GPIO = 0;
   198  0011  0185               	clrf	5	;volatile
   199  0012                     l662:
   200                           
   201                           ;/media/user/software/simulide/tests/MCU/pic/0_Test/12F675/12F675_PORTs-XC8/12F675_PORTs
      +                          -XC8.c: 20:     TRISIO = 0b00000011;
   202  0012  3003               	movlw	3
   203  0013  1683               	bsf	3,5	;RP0=1, select bank1
   204  0014  0085               	movwf	5	;volatile
   205                           
   206                           ;/media/user/software/simulide/tests/MCU/pic/0_Test/12F675/12F675_PORTs-XC8/12F675_PORTs
      +                          -XC8.c: 22:     WPU = 0;
   207  0015  0195               	clrf	21	;volatile
   208  0016                     l664:
   209                           
   210                           ;/media/user/software/simulide/tests/MCU/pic/0_Test/12F675/12F675_PORTs-XC8/12F675_PORTs
      +                          -XC8.c: 24:     IOC = 1;
   211  0016  3001               	movlw	1
   212  0017  0096               	movwf	22	;volatile
   213  0018                     l666:
   214                           
   215                           ;/media/user/software/simulide/tests/MCU/pic/0_Test/12F675/12F675_PORTs-XC8/12F675_PORTs
      +                          -XC8.c: 25:     GPIE = 1;
   216  0018  158B               	bsf	11,3	;volatile
   217  0019                     l668:
   218                           
   219                           ;/media/user/software/simulide/tests/MCU/pic/0_Test/12F675/12F675_PORTs-XC8/12F675_PORTs
      +                          -XC8.c: 26:     PEIE = 1;
   220  0019  170B               	bsf	11,6	;volatile
   221  001A                     l670:
   222                           
   223                           ;/media/user/software/simulide/tests/MCU/pic/0_Test/12F675/12F675_PORTs-XC8/12F675_PORTs
      +                          -XC8.c: 27:     GIE = 1;
   224  001A  178B               	bsf	11,7	;volatile
   225  001B                     l672:
   226                           
   227                           ;/media/user/software/simulide/tests/MCU/pic/0_Test/12F675/12F675_PORTs-XC8/12F675_PORTs
      +                          -XC8.c: 30:     {;/media/user/software/simulide/tests/MCU/pic/0_Test/12F675/12F675_PORTs
      +                          -XC8/12F675_PORTs-XC8.c: 31:         _delay((unsigned long)((100)*(20000000UL/4000.0)));
   228  001B  3003               	movlw	3
   229  001C  1283               	bcf	3,5	;RP0=0, select bank0
   230  001D  00A5               	movwf	??_main+2
   231  001E  308A               	movlw	138
   232  001F  00A4               	movwf	??_main+1
   233  0020  3055               	movlw	85
   234  0021  00A3               	movwf	??_main
   235  0022                     u37:
   236  0022  0BA3               	decfsz	??_main,f
   237  0023  2822               	goto	u37
   238  0024  0BA4               	decfsz	??_main+1,f
   239  0025  2822               	goto	u37
   240  0026  0BA5               	decfsz	??_main+2,f
   241  0027  2822               	goto	u37
   242  0028  2829               	nop2
   243  0029                     l674:
   244                           
   245                           ;/media/user/software/simulide/tests/MCU/pic/0_Test/12F675/12F675_PORTs-XC8/12F675_PORTs
      +                          -XC8.c: 32:         WPU ^= 1<<1;
   246  0029  3002               	movlw	2
   247  002A  1283               	bcf	3,5	;RP0=0, select bank0
   248  002B  00A3               	movwf	??_main
   249  002C  0823               	movf	??_main,w
   250  002D  1683               	bsf	3,5	;RP0=1, select bank1
   251  002E  0695               	xorwf	21,f	;volatile
   252  002F                     l676:
   253                           
   254                           ;/media/user/software/simulide/tests/MCU/pic/0_Test/12F675/12F675_PORTs-XC8/12F675_PORTs
      +                          -XC8.c: 33:         GPIO ^= 1<<2;
   255  002F  3004               	movlw	4
   256  0030  1283               	bcf	3,5	;RP0=0, select bank0
   257  0031  00A3               	movwf	??_main
   258  0032  0823               	movf	??_main,w
   259  0033  0685               	xorwf	5,f	;volatile
   260  0034  281B               	goto	l672
   261  0035  280B               	ljmp	start
   262  0036                     __end_of_main:
   263                           
   264                           	psect	text1
   265  0036                     __ptext1:	
   266 ;; *************** function _myisr *****************
   267 ;; Defined at:
   268 ;;		line 8 in file "/media/user/software/simulide/tests/MCU/pic/0_Test/12F675/12F675_PORTs-XC8/12F675_PORTs-XC8.c"
   269 ;; Parameters:    Size  Location     Type
   270 ;;		None
   271 ;; Auto vars:     Size  Location     Type
   272 ;;		None
   273 ;; Return value:  Size  Location     Type
   274 ;;                  1    wreg      void 
   275 ;; Registers used:
   276 ;;		wreg, status,2, status,0
   277 ;; Tracked objects:
   278 ;;		On entry : 0/0
   279 ;;		On exit  : 0/0
   280 ;;		Unchanged: 0/0
   281 ;; Data sizes:     COMMON   BANK0
   282 ;;      Params:         0       0
   283 ;;      Locals:         0       0
   284 ;;      Temps:          0       3
   285 ;;      Totals:         0       3
   286 ;;Total ram usage:        3 bytes
   287 ;; Hardware stack levels used: 1
   288 ;; This function calls:
   289 ;;		Nothing
   290 ;; This function is called by:
   291 ;;		Interrupt level 1
   292 ;; This function uses a non-reentrant model
   293 ;;
   294                           
   295                           
   296                           ;psect for function _myisr
   297  0036                     _myisr:
   298  0036                     i1l652:
   299                           
   300                           ;/media/user/software/simulide/tests/MCU/pic/0_Test/12F675/12F675_PORTs-XC8/12F675_PORTs
      +                          -XC8.c: 10:     if( GPIF ){
   301  0036  1C0B               	btfss	11,0	;volatile
   302  0037  2839               	goto	u2_21
   303  0038  283A               	goto	u2_20
   304  0039                     u2_21:
   305  0039  283F               	goto	i1l26
   306  003A                     u2_20:
   307  003A                     i1l654:
   308                           
   309                           ;/media/user/software/simulide/tests/MCU/pic/0_Test/12F675/12F675_PORTs-XC8/12F675_PORTs
      +                          -XC8.c: 11:         GPIF = 0;
   310  003A  100B               	bcf	11,0	;volatile
   311  003B                     i1l656:
   312                           
   313                           ;/media/user/software/simulide/tests/MCU/pic/0_Test/12F675/12F675_PORTs-XC8/12F675_PORTs
      +                          -XC8.c: 12:         GPIO ^= 1<<4;
   314  003B  3010               	movlw	16
   315  003C  00A0               	movwf	??_myisr
   316  003D  0820               	movf	??_myisr,w
   317  003E  0685               	xorwf	5,f	;volatile
   318  003F                     i1l26:
   319  003F  0822               	movf	??_myisr+2,w
   320  0040  008A               	movwf	10
   321  0041  0E21               	swapf	??_myisr+1,w
   322  0042  0083               	movwf	3
   323  0043  0EDE               	swapf	btemp,f
   324  0044  0E5E               	swapf	btemp,w
   325  0045  0009               	retfie
   326  0046                     __end_of_myisr:
   327  005E                     btemp	set	94	;btemp
   328  005E                     wtemp0	set	94
   329                           
   330                           	psect	intentry
   331  0004                     __pintentry:	
   332                           ;incstack = 0
   333                           ; Regs used in _myisr: [wreg+status,2+status,0]
   334                           
   335  0004                     interrupt_function:
   336  005E                     saved_w	set	btemp
   337  0004  00DE               	movwf	btemp
   338  0005  0E03               	swapf	3,w
   339  0006  1283               	bcf	3,5	;RP0=0, select bank0
   340  0007  00A1               	movwf	??_myisr+1
   341  0008  080A               	movf	10,w
   342  0009  00A2               	movwf	??_myisr+2
   343  000A  2836               	ljmp	_myisr

Data Sizes:
    Strings     0
    Constant    0
    Data        0
    BSS         0
    Persistent  0
    Stack       0

Auto Spaces:
    Space          Size  Autos    Used
    COMMON            0      0       0
    BANK0            62      6       6

Pointer List with Targets:

    None.

Critical Paths under _main in COMMON

    None.

Critical Paths under _myisr in COMMON

    None.

Critical Paths under _main in BANK0

    None.

Critical Paths under _myisr in BANK0

    None.

Call Graph Tables:

 ---------------------------------------------------------------------------------
 (Depth) Function   	        Calls       Base Space   Used Autos Params    Refs
 ---------------------------------------------------------------------------------
 (0) _main                                                 3     3      0       0
                                              3 BANK0      3     3      0
 ---------------------------------------------------------------------------------
 Estimated maximum stack depth 0
 ---------------------------------------------------------------------------------
 (Depth) Function   	        Calls       Base Space   Used Autos Params    Refs
 ---------------------------------------------------------------------------------
 (1) _myisr                                                3     3      0       0
                                              0 BANK0      3     3      0
 ---------------------------------------------------------------------------------
 Estimated maximum stack depth 1
 ---------------------------------------------------------------------------------

 Call Graph Graphs:

 _main (ROOT)

 _myisr (ROOT)

 Address spaces:
Name               Size   Autos  Total    Cost      Usage
BITCOMMON            0      0       0       0        0.0%
EEDATA              80      0       0       0        0.0%
NULL                 0      0       0       0        0.0%
CODE                 0      0       0       0        0.0%
BITSFR0              0      0       0       1        0.0%
SFR0                 0      0       0       1        0.0%
COMMON               0      0       0       1        0.0%
BITSFR1              0      0       0       2        0.0%
SFR1                 0      0       0       2        0.0%
STACK                0      0       0       2        0.0%
BITBANK0            3E      0       0       3        0.0%
BANK0               3E      6       6       4        9.7%
ABS                  0      0       0       5        0.0%
DATA                 0      0       0       6        0.0%


Microchip Technology PIC Macro Assembler V2.32 build 20210201212658 
Symbol Table                                                                                   Sun Jan 16 00:01:54 2022

                     u37 0022                      l660 0011                      l670 001A  
                    l662 0012                      l672 001B                      l664 0016  
                    l674 0029                      l666 0018                      l658 000E  
                    l676 002F                      l668 0019                      _GIE 005F  
                    _IOC 0096                      _WPU 0095                     _GPIE 005B  
                   _GPIF 0058                     _GPIO 0005                     _PEIE 005E  
                   i1l26 003F                     u2_20 003A                     u2_21 0039  
                   _main 000E                     btemp 005E                     start 000B  
                  ?_main 0020                    _CMCON 0019                    i1l652 0036  
                  i1l654 003A                    i1l656 003B                    _myisr 0036  
                  pclath 000A                    status 0003                    wtemp0 005E  
        __initialization 000C             __end_of_main 0036                   ??_main 0023  
                 ?_myisr 0020                   _TRISIO 0085                   saved_w 005E  
__end_of__initialization 000C            __end_of_myisr 0046                  ??_myisr 0020  
             __pmaintext 000E               __pintentry 0004                  __ptext1 0036  
   end_of_initialization 000C      start_initialization 000C                ___latbits 0000  
          __pcstackBANK0 0020           __size_of_myisr 0010        interrupt_function 0004  
          __size_of_main 0028                 intlevel1 0000  
