

Microchip MPLAB XC8 Assembler V2.32 build 20210201212658 
                                                                                               Sun Jan 16 00:07:39 2022

Microchip MPLAB XC8 C Compiler v2.32 (Free license) build 20210201212658 Og1 
     1                           	processor	12F675
     2                           	pagewidth 120
     3                           	opt	flic
     4                           	psect	cinit,global,class=CODE,merge=1,delta=2
     5                           	psect	cstackBANK0,global,class=BANK0,space=1,delta=1,noexec
     6                           	psect	maintext,global,class=CODE,split=1,delta=2
     7                           	psect	text1,local,class=CODE,merge=1,delta=2
     8                           	psect	intentry,global,class=CODE,delta=2
     9                           	dabs	1,0x5E,2
    10  0000                     
    11                           ; Version 2.32
    12                           ; Generated 23/11/2020 GMT
    13                           ; 
    14                           ; Copyright © 2020, Microchip Technology Inc. and its subsidiaries ("Microchip")
    15                           ; All rights reserved.
    16                           ; 
    17                           ; This software is developed by Microchip Technology Inc. and its subsidiaries ("Microch
      +                          ip").
    18                           ; 
    19                           ; Redistribution and use in source and binary forms, with or without modification, are
    20                           ; permitted provided that the following conditions are met:
    21                           ; 
    22                           ;     1. Redistributions of source code must retain the above copyright notice, this lis
      +                          t of
    23                           ;        conditions and the following disclaimer.
    24                           ; 
    25                           ;     2. Redistributions in binary form must reproduce the above copyright notice, this 
      +                          list
    26                           ;        of conditions and the following disclaimer in the documentation and/or other
    27                           ;        materials provided with the distribution. Publication is not required when
    28                           ;        this file is used in an embedded application.
    29                           ; 
    30                           ;     3. Microchip's name may not be used to endorse or promote products derived from th
      +                          is
    31                           ;        software without specific prior written permission.
    32                           ; 
    33                           ; THIS SOFTWARE IS PROVIDED BY MICROCHIP "AS IS" AND ANY EXPRESS OR IMPLIED WARRANTIES,
    34                           ; INCLUDING, BUT NOT LIMITED TO, THE IMPLIED WARRANTIES OF MERCHANTABILITY AND FITNESS F
      +                          OR
    35                           ; PURPOSE ARE DISCLAIMED.  IN NO EVENT SHALL MICROCHIP BE LIABLE FOR ANY DIRECT, INDIREC
      +                          T,
    36                           ; INCIDENTAL, SPECIAL, EXEMPLARY, OR CONSEQUENTIAL DAMAGES (INCLUDING BUT NOT LIMITED TO
    37                           ; PROCUREMENT OF SUBSTITUTE GOODS OR SERVICES; LOSS OF USE, DATA OR PROFITS; OR BUSINESS
    38                           ; INTERRUPTION) HOWSOEVER CAUSED AND ON ANY THEORY OF LIABILITY, WHETHER IN CONTRACT, ST
      +                          RICT
    39                           ; LIABILITY, OR TORT (INCLUDING NEGLIGENCE OR OTHERWISE) ARISING IN ANY WAY OUT OF THE U
      +                          SE OF
    40                           ; THIS SOFTWARE, EVEN IF ADVISED OF THE POSSIBILITY OF SUCH DAMAGE.
    41                           ; 
    42                           ; 
    43                           ; Code-generator required, PIC12F675 Definitions
    44                           ; 
    45                           ; SFR Addresses
    46  0000                     	;# 
    47  0001                     	;# 
    48  0002                     	;# 
    49  0003                     	;# 
    50  0004                     	;# 
    51  0005                     	;# 
    52  000A                     	;# 
    53  000B                     	;# 
    54  000C                     	;# 
    55  000E                     	;# 
    56  000E                     	;# 
    57  000F                     	;# 
    58  0010                     	;# 
    59  0019                     	;# 
    60  001E                     	;# 
    61  001F                     	;# 
    62  0081                     	;# 
    63  0085                     	;# 
    64  008C                     	;# 
    65  008E                     	;# 
    66  0090                     	;# 
    67  0095                     	;# 
    68  0096                     	;# 
    69  0096                     	;# 
    70  0099                     	;# 
    71  009A                     	;# 
    72  009A                     	;# 
    73  009B                     	;# 
    74  009C                     	;# 
    75  009D                     	;# 
    76  009E                     	;# 
    77  009F                     	;# 
    78  0000                     	;# 
    79  0001                     	;# 
    80  0002                     	;# 
    81  0003                     	;# 
    82  0004                     	;# 
    83  0005                     	;# 
    84  000A                     	;# 
    85  000B                     	;# 
    86  000C                     	;# 
    87  000E                     	;# 
    88  000E                     	;# 
    89  000F                     	;# 
    90  0010                     	;# 
    91  0019                     	;# 
    92  001E                     	;# 
    93  001F                     	;# 
    94  0081                     	;# 
    95  0085                     	;# 
    96  008C                     	;# 
    97  008E                     	;# 
    98  0090                     	;# 
    99  0095                     	;# 
   100  0096                     	;# 
   101  0096                     	;# 
   102  0099                     	;# 
   103  009A                     	;# 
   104  009A                     	;# 
   105  009B                     	;# 
   106  009C                     	;# 
   107  009D                     	;# 
   108  009E                     	;# 
   109  009F                     	;# 
   110  0019                     _CMCON	set	25
   111  0005                     _GPIO	set	5
   112  005F                     _GIE	set	95
   113  005E                     _PEIE	set	94
   114  005D                     _T0IE	set	93
   115  005A                     _T0IF	set	90
   116  0081                     _OPTION_REG	set	129
   117  0095                     _WPU	set	149
   118  0085                     _TRISIO	set	133
   119  040D                     _T0CS	set	1037
   120                           
   121                           	psect	cinit
   122  000C                     start_initialization:	
   123                           ; #config settings
   124                           
   125  000C                     __initialization:
   126  000C                     end_of_initialization:	
   127                           ;End of C runtime variable initialization code
   128                           
   129  000C                     __end_of__initialization:
   130  000C  0183               	clrf	3
   131  000D  280E               	ljmp	_main	;jump to C main() function
   132                           
   133                           	psect	cstackBANK0
   134  0020                     __pcstackBANK0:
   135  0020                     ?_myisr:
   136  0020                     ??_myisr:	
   137                           ; 1 bytes @ 0x0
   138                           
   139  0020                     ?_main:	
   140                           ; 1 bytes @ 0x0
   141                           
   142                           
   143                           ; 1 bytes @ 0x0
   144  0020                     	ds	3
   145  0023                     ??_main:
   146                           
   147                           ; 1 bytes @ 0x3
   148  0023                     	ds	3
   149                           
   150                           	psect	maintext
   151  000E                     __pmaintext:	
   152 ;;
   153 ;;Main: autosize = 0, tempsize = 3, incstack = 0, save=0
   154 ;;
   155 ;; *************** function _main *****************
   156 ;; Defined at:
   157 ;;		line 16 in file "/media/user/software/simulide/tests/MCU/pic/0_Test/12F675/12F675_T0-XC8/12F675_T0-XC8.c"
   158 ;; Parameters:    Size  Location     Type
   159 ;;		None
   160 ;; Auto vars:     Size  Location     Type
   161 ;;		None
   162 ;; Return value:  Size  Location     Type
   163 ;;                  1    wreg      void 
   164 ;; Registers used:
   165 ;;		wreg, status,2, status,0
   166 ;; Tracked objects:
   167 ;;		On entry : B00/0
   168 ;;		On exit  : 0/0
   169 ;;		Unchanged: 0/0
   170 ;; Data sizes:     COMMON   BANK0
   171 ;;      Params:         0       0
   172 ;;      Locals:         0       0
   173 ;;      Temps:          0       3
   174 ;;      Totals:         0       3
   175 ;;Total ram usage:        3 bytes
   176 ;; Hardware stack levels required when called: 1
   177 ;; This function calls:
   178 ;;		Nothing
   179 ;; This function is called by:
   180 ;;		Startup code after reset
   181 ;; This function uses a non-reentrant model
   182 ;;
   183                           
   184                           
   185                           ;psect for function _main
   186  000E                     _main:
   187  000E                     l662:	
   188                           ;incstack = 0
   189                           ; Regs used in _main: [wreg+status,2+status,0]
   190                           
   191                           
   192                           ;/media/user/software/simulide/tests/MCU/pic/0_Test/12F675/12F675_T0-XC8/12F675_T0-XC8.c
      +                          : 18:     CMCON = 0b00000111;
   193  000E  3007               	movlw	7
   194  000F  1283               	bcf	3,5	;RP0=0, select bank0
   195  0010  0099               	movwf	25	;volatile
   196  0011                     l664:
   197                           
   198                           ;/media/user/software/simulide/tests/MCU/pic/0_Test/12F675/12F675_T0-XC8/12F675_T0-XC8.c
      +                          : 19:     GPIO = 0;
   199  0011  0185               	clrf	5	;volatile
   200  0012                     l666:
   201                           
   202                           ;/media/user/software/simulide/tests/MCU/pic/0_Test/12F675/12F675_T0-XC8/12F675_T0-XC8.c
      +                          : 20:     TRISIO = 0b00000100;
   203  0012  3004               	movlw	4
   204  0013  1683               	bsf	3,5	;RP0=1, select bank1
   205  0014  0085               	movwf	5	;volatile
   206                           
   207                           ;/media/user/software/simulide/tests/MCU/pic/0_Test/12F675/12F675_T0-XC8/12F675_T0-XC8.c
      +                          : 21:     WPU = 0;
   208  0015  0195               	clrf	21	;volatile
   209  0016                     l668:
   210                           
   211                           ;/media/user/software/simulide/tests/MCU/pic/0_Test/12F675/12F675_T0-XC8/12F675_T0-XC8.c
      +                          : 23:     OPTION_REG = 0b00000010;
   212  0016  3002               	movlw	2
   213  0017  0081               	movwf	1	;volatile
   214  0018                     l670:
   215                           
   216                           ;/media/user/software/simulide/tests/MCU/pic/0_Test/12F675/12F675_T0-XC8/12F675_T0-XC8.c
      +                          : 25:     T0IE = 1;
   217  0018  168B               	bsf	11,5	;volatile
   218  0019                     l672:
   219                           
   220                           ;/media/user/software/simulide/tests/MCU/pic/0_Test/12F675/12F675_T0-XC8/12F675_T0-XC8.c
      +                          : 26:     PEIE = 1;
   221  0019  170B               	bsf	11,6	;volatile
   222  001A                     l674:
   223                           
   224                           ;/media/user/software/simulide/tests/MCU/pic/0_Test/12F675/12F675_T0-XC8/12F675_T0-XC8.c
      +                          : 27:     GIE = 1;
   225  001A  178B               	bsf	11,7	;volatile
   226  001B                     l676:
   227                           
   228                           ;/media/user/software/simulide/tests/MCU/pic/0_Test/12F675/12F675_T0-XC8/12F675_T0-XC8.c
      +                          : 29:     _delay((unsigned long)((2000)*(20000000UL/4000.0)));
   229  001B  3033               	movlw	51
   230  001C  1283               	bcf	3,5	;RP0=0, select bank0
   231  001D  00A5               	movwf	??_main+2
   232  001E  30BB               	movlw	187
   233  001F  00A4               	movwf	??_main+1
   234  0020  30DF               	movlw	223
   235  0021  00A3               	movwf	??_main
   236  0022                     u37:
   237  0022  0BA3               	decfsz	??_main,f
   238  0023  2822               	goto	u37
   239  0024  0BA4               	decfsz	??_main+1,f
   240  0025  2822               	goto	u37
   241  0026  0BA5               	decfsz	??_main+2,f
   242  0027  2822               	goto	u37
   243  0028  2829               	nop2
   244  0029                     l678:
   245                           
   246                           ;/media/user/software/simulide/tests/MCU/pic/0_Test/12F675/12F675_T0-XC8/12F675_T0-XC8.c
      +                          : 31:     T0CS = 1;
   247  0029  1683               	bsf	3,5	;RP0=1, select bank1
   248  002A  1681               	bsf	1,5	;volatile
   249  002B                     l680:
   250                           
   251                           ;/media/user/software/simulide/tests/MCU/pic/0_Test/12F675/12F675_T0-XC8/12F675_T0-XC8.c
      +                          : 34:     {;/media/user/software/simulide/tests/MCU/pic/0_Test/12F675/12F675_T0-XC8/12F6
      +                          75_T0-XC8.c: 35:         _delay((unsigned long)((500)*(20000000UL/4000.0)));
   252  002B  300D               	movlw	13
   253  002C  1283               	bcf	3,5	;RP0=0, select bank0
   254  002D  00A5               	movwf	??_main+2
   255  002E  30AF               	movlw	175
   256  002F  00A4               	movwf	??_main+1
   257  0030  30B6               	movlw	182
   258  0031  00A3               	movwf	??_main
   259  0032                     u47:
   260  0032  0BA3               	decfsz	??_main,f
   261  0033  2832               	goto	u47
   262  0034  0BA4               	decfsz	??_main+1,f
   263  0035  2832               	goto	u47
   264  0036  0BA5               	decfsz	??_main+2,f
   265  0037  2832               	goto	u47
   266  0038  0000               	nop
   267  0039                     l682:
   268                           
   269                           ;/media/user/software/simulide/tests/MCU/pic/0_Test/12F675/12F675_T0-XC8/12F675_T0-XC8.c
      +                          : 36:         GPIO ^= 1<<5;
   270  0039  3020               	movlw	32
   271  003A  1283               	bcf	3,5	;RP0=0, select bank0
   272  003B  00A3               	movwf	??_main
   273  003C  0823               	movf	??_main,w
   274  003D  0685               	xorwf	5,f	;volatile
   275  003E  282B               	goto	l680
   276  003F  280B               	ljmp	start
   277  0040                     __end_of_main:
   278                           
   279                           	psect	text1
   280  0040                     __ptext1:	
   281 ;; *************** function _myisr *****************
   282 ;; Defined at:
   283 ;;		line 8 in file "/media/user/software/simulide/tests/MCU/pic/0_Test/12F675/12F675_T0-XC8/12F675_T0-XC8.c"
   284 ;; Parameters:    Size  Location     Type
   285 ;;		None
   286 ;; Auto vars:     Size  Location     Type
   287 ;;		None
   288 ;; Return value:  Size  Location     Type
   289 ;;                  1    wreg      void 
   290 ;; Registers used:
   291 ;;		wreg, status,2, status,0
   292 ;; Tracked objects:
   293 ;;		On entry : 0/0
   294 ;;		On exit  : 0/0
   295 ;;		Unchanged: 0/0
   296 ;; Data sizes:     COMMON   BANK0
   297 ;;      Params:         0       0
   298 ;;      Locals:         0       0
   299 ;;      Temps:          0       3
   300 ;;      Totals:         0       3
   301 ;;Total ram usage:        3 bytes
   302 ;; Hardware stack levels used: 1
   303 ;; This function calls:
   304 ;;		Nothing
   305 ;; This function is called by:
   306 ;;		Interrupt level 1
   307 ;; This function uses a non-reentrant model
   308 ;;
   309                           
   310                           
   311                           ;psect for function _myisr
   312  0040                     _myisr:
   313  0040                     i1l656:
   314                           
   315                           ;/media/user/software/simulide/tests/MCU/pic/0_Test/12F675/12F675_T0-XC8/12F675_T0-XC8.c
      +                          : 10:     if( T0IF ){
   316  0040  1D0B               	btfss	11,2	;volatile
   317  0041  2843               	goto	u2_21
   318  0042  2844               	goto	u2_20
   319  0043                     u2_21:
   320  0043  2849               	goto	i1l28
   321  0044                     u2_20:
   322  0044                     i1l658:
   323                           
   324                           ;/media/user/software/simulide/tests/MCU/pic/0_Test/12F675/12F675_T0-XC8/12F675_T0-XC8.c
      +                          : 11:         T0IF = 0;
   325  0044  110B               	bcf	11,2	;volatile
   326  0045                     i1l660:
   327                           
   328                           ;/media/user/software/simulide/tests/MCU/pic/0_Test/12F675/12F675_T0-XC8/12F675_T0-XC8.c
      +                          : 12:         GPIO ^= 1<<4;
   329  0045  3010               	movlw	16
   330  0046  00A0               	movwf	??_myisr
   331  0047  0820               	movf	??_myisr,w
   332  0048  0685               	xorwf	5,f	;volatile
   333  0049                     i1l28:
   334  0049  0822               	movf	??_myisr+2,w
   335  004A  008A               	movwf	10
   336  004B  0E21               	swapf	??_myisr+1,w
   337  004C  0083               	movwf	3
   338  004D  0EDE               	swapf	btemp,f
   339  004E  0E5E               	swapf	btemp,w
   340  004F  0009               	retfie
   341  0050                     __end_of_myisr:
   342  005E                     btemp	set	94	;btemp
   343  005E                     wtemp0	set	94
   344                           
   345                           	psect	intentry
   346  0004                     __pintentry:	
   347                           ;incstack = 0
   348                           ; Regs used in _myisr: [wreg+status,2+status,0]
   349                           
   350  0004                     interrupt_function:
   351  005E                     saved_w	set	btemp
   352  0004  00DE               	movwf	btemp
   353  0005  0E03               	swapf	3,w
   354  0006  1283               	bcf	3,5	;RP0=0, select bank0
   355  0007  00A1               	movwf	??_myisr+1
   356  0008  080A               	movf	10,w
   357  0009  00A2               	movwf	??_myisr+2
   358  000A  2840               	ljmp	_myisr

Data Sizes:
    Strings     0
    Constant    0
    Data        0
    BSS         0
    Persistent  0
    Stack       0

Auto Spaces:
    Space          Size  Autos    Used
    COMMON            0      0       0
    BANK0            62      6       6

Pointer List with Targets:

    None.

Critical Paths under _main in COMMON

    None.

Critical Paths under _myisr in COMMON

    None.

Critical Paths under _main in BANK0

    None.

Critical Paths under _myisr in BANK0

    None.

Call Graph Tables:

 ---------------------------------------------------------------------------------
 (Depth) Function   	        Calls       Base Space   Used Autos Params    Refs
 ---------------------------------------------------------------------------------
 (0) _main                                                 3     3      0       0
                                              3 BANK0      3     3      0
 ---------------------------------------------------------------------------------
 Estimated maximum stack depth 0
 ---------------------------------------------------------------------------------
 (Depth) Function   	        Calls       Base Space   Used Autos Params    Refs
 ---------------------------------------------------------------------------------
 (1) _myisr                                                3     3      0       0
                                              0 BANK0      3     3      0
 ---------------------------------------------------------------------------------
 Estimated maximum stack depth 1
 ---------------------------------------------------------------------------------

 Call Graph Graphs:

 _main (ROOT)

 _myisr (ROOT)

 Address spaces:
Name               Size   Autos  Total    Cost      Usage
BITCOMMON            0      0       0       0        0.0%
EEDATA              80      0       0       0        0.0%
NULL                 0      0       0       0        0.0%
CODE                 0      0       0       0        0.0%
BITSFR0              0      0       0       1        0.0%
SFR0                 0      0       0       1        0.0%
COMMON               0      0       0       1        0.0%
BITSFR1              0      0       0       2        0.0%
SFR1                 0      0       0       2        0.0%
STACK                0      0       0       2        0.0%
BITBANK0            3E      0       0       3        0.0%
BANK0               3E      6       6       4        9.7%
ABS                  0      0       0       5        0.0%
DATA                 0      0       0       6        0.0%


Microchip Technology PIC Macro Assembler V2.32 build 20210201212658 
Symbol Table                                                                                   Sun Jan 16 00:07:39 2022

                     u37 0022                       u47 0032                      l670 0018  
                    l662 000E                      l680 002B                      l672 0019  
                    l664 0011                      l682 0039                      l674 001A  
                    l666 0012                      l676 001B                      l668 0016  
                    l678 0029                      _GIE 005F                      _WPU 0095  
                   _T0IE 005D                     _T0IF 005A                     _T0CS 040D  
                   _GPIO 0005                     _PEIE 005E                     i1l28 0049  
                   u2_20 0044                     u2_21 0043                     _main 000E  
                   btemp 005E                     start 000B                    ?_main 0020  
                  _CMCON 0019                    i1l660 0045                    i1l656 0040  
                  i1l658 0044                    _myisr 0040                    pclath 000A  
                  status 0003                    wtemp0 005E          __initialization 000C  
           __end_of_main 0040                   ??_main 0023                   ?_myisr 0020  
                 _TRISIO 0085                   saved_w 005E  __end_of__initialization 000C  
          __end_of_myisr 0050                  ??_myisr 0020               __pmaintext 000E  
             __pintentry 0004                  __ptext1 0040     end_of_initialization 000C  
    start_initialization 000C                ___latbits 0000            __pcstackBANK0 0020  
         __size_of_myisr 0010        interrupt_function 0004            __size_of_main 0032  
               intlevel1 0000               _OPTION_REG 0081  
