GCASM List File (GCBASIC 0.98.02 2018-05-16 (Linux))

Symbols:
-X 	EQU 	30
-Y 	EQU 	26
-Z 	EQU 	18
ACBG 	EQU 	6
ACD 	EQU 	7
ACI 	EQU 	4
ACIC 	EQU 	2
ACIE 	EQU 	3
ACIS0 	EQU 	0
ACIS1 	EQU 	1
ACME 	EQU 	6
ACO 	EQU 	5
ACSR 	EQU 	48
ADATE 	EQU 	5
ADC0D 	EQU 	0
ADC10D 	EQU 	2
ADC11D 	EQU 	3
ADC12D 	EQU 	4
ADC13D 	EQU 	5
ADC1D 	EQU 	1
ADC2D 	EQU 	2
ADC3D 	EQU 	3
ADC4D 	EQU 	4
ADC5D 	EQU 	5
ADC6D 	EQU 	6
ADC7D 	EQU 	7
ADC8D 	EQU 	0
ADC9D 	EQU 	1
ADCH 	EQU 	121
ADCH0 	EQU 	0
ADCH1 	EQU 	1
ADCH2 	EQU 	2
ADCH3 	EQU 	3
ADCH4 	EQU 	4
ADCH5 	EQU 	5
ADCH6 	EQU 	6
ADCH7 	EQU 	7
ADCL 	EQU 	120
ADCL0 	EQU 	0
ADCL1 	EQU 	1
ADCL2 	EQU 	2
ADCL3 	EQU 	3
ADCL4 	EQU 	4
ADCL5 	EQU 	5
ADCL6 	EQU 	6
ADCL7 	EQU 	7
ADCSRA 	EQU 	122
ADCSRB 	EQU 	123
ADDEN 	EQU 	7
ADEN 	EQU 	7
ADHSM 	EQU 	7
ADIE 	EQU 	3
ADIF 	EQU 	4
ADLAR 	EQU 	5
ADMUX 	EQU 	124
ADPS0 	EQU 	0
ADPS1 	EQU 	1
ADPS2 	EQU 	2
ADSC 	EQU 	6
ADTS0 	EQU 	0
ADTS1 	EQU 	1
ADTS2 	EQU 	2
ADTS3 	EQU 	4
AIN0D 	EQU 	0
AIN1D 	EQU 	1
ALLOC 	EQU 	1
BASPROGRAMEND 	EQU 	118
BASPROGRAMSTART 	EQU 	84
BLBSET 	EQU 	3
BORF 	EQU 	2
BYCT0 	EQU 	0
BYCT1 	EQU 	1
BYCT2 	EQU 	2
BYCT3 	EQU 	3
BYCT4 	EQU 	4
BYCT5 	EQU 	5
BYCT6 	EQU 	6
BYCT7 	EQU 	7
C 	EQU 	0
CAL0 	EQU 	0
CAL1 	EQU 	1
CAL2 	EQU 	2
CAL3 	EQU 	3
CAL4 	EQU 	4
CAL5 	EQU 	5
CAL6 	EQU 	6
CAL7 	EQU 	7
CFGOK 	EQU 	7
CLKPCE 	EQU 	7
CLKPR 	EQU 	97
CLKPS0 	EQU 	0
CLKPS1 	EQU 	1
CLKPS2 	EQU 	2
CLKPS3 	EQU 	3
CLKS 	EQU 	0
CLKSEL0 	EQU 	197
CLKSEL1 	EQU 	198
CLKSTA 	EQU 	199
CODIR 	EQU 	256
COM0A0 	EQU 	6
COM0A1 	EQU 	7
COM0B0 	EQU 	4
COM0B1 	EQU 	5
COM1A0 	EQU 	6
COM1A1 	EQU 	7
COM1B0 	EQU 	4
COM1B1 	EQU 	5
COM1C0 	EQU 	2
COM1C1 	EQU 	3
COM3A0 	EQU 	6
COM3A1 	EQU 	7
COM3B0 	EQU 	4
COM3B1 	EQU 	5
COM3C0 	EQU 	2
COM3C1 	EQU 	3
COM4A0 	EQU 	6
COM4A0S 	EQU 	6
COM4A1 	EQU 	7
COM4A1S 	EQU 	7
COM4B0 	EQU 	4
COM4B0S 	EQU 	4
COM4B1 	EQU 	5
COM4B1S 	EQU 	5
COM4D0 	EQU 	2
COM4D1 	EQU 	3
COUNT 	EQU 	257
CPHA 	EQU 	2
CPOL 	EQU 	3
CS00 	EQU 	0
CS01 	EQU 	1
CS02 	EQU 	2
CS10 	EQU 	0
CS11 	EQU 	1
CS12 	EQU 	2
CS30 	EQU 	0
CS31 	EQU 	1
CS32 	EQU 	2
CS40 	EQU 	0
CS41 	EQU 	1
CS42 	EQU 	2
CS43 	EQU 	3
CTRLDIR 	EQU 	2
CTSEN 	EQU 	1
CURRBK0 	EQU 	0
CURRBK1 	EQU 	1
DAT0 	EQU 	0
DAT1 	EQU 	1
DAT2 	EQU 	2
DAT3 	EQU 	3
DAT4 	EQU 	4
DAT5 	EQU 	5
DAT6 	EQU 	6
DAT7 	EQU 	7
DDB0 	EQU 	0
DDB1 	EQU 	1
DDB2 	EQU 	2
DDB3 	EQU 	3
DDB4 	EQU 	4
DDB5 	EQU 	5
DDB6 	EQU 	6
DDB7 	EQU 	7
DDC6 	EQU 	6
DDC7 	EQU 	7
DDD0 	EQU 	0
DDD1 	EQU 	1
DDD2 	EQU 	2
DDD3 	EQU 	3
DDD4 	EQU 	4
DDD5 	EQU 	5
DDD6 	EQU 	6
DDD7 	EQU 	7
DDE2 	EQU 	2
DDE6 	EQU 	6
DDF0 	EQU 	0
DDF1 	EQU 	1
DDF4 	EQU 	4
DDF5 	EQU 	5
DDF6 	EQU 	6
DDF7 	EQU 	7
DDRB 	EQU 	4
DDRC 	EQU 	7
DDRD 	EQU 	10
DDRE 	EQU 	13
DDRF 	EQU 	16
DELAYTEMP 	EQU 	r25
DELAYTEMP2 	EQU 	r26
DELAY_MS 	EQU 	120
DETACH 	EQU 	0
DIDR0 	EQU 	126
DIDR1 	EQU 	127
DIDR2 	EQU 	125
DMS_INNER 	EQU 	123
DMS_OUTER 	EQU 	122
DMS_START 	EQU 	121
DOR1 	EQU 	3
DORD 	EQU 	5
DT4 	EQU 	212
DT4L0 	EQU 	0
DT4L1 	EQU 	1
DT4L2 	EQU 	2
DT4L3 	EQU 	3
DT4L4 	EQU 	4
DT4L5 	EQU 	5
DT4L6 	EQU 	6
DT4L7 	EQU 	7
DTPS40 	EQU 	4
DTPS41 	EQU 	5
DTSEQ0 	EQU 	2
DTSEQ1 	EQU 	3
EEAR0 	EQU 	0
EEAR1 	EQU 	1
EEAR10 	EQU 	2
EEAR11 	EQU 	3
EEAR2 	EQU 	2
EEAR3 	EQU 	3
EEAR4 	EQU 	4
EEAR5 	EQU 	5
EEAR6 	EQU 	6
EEAR7 	EQU 	7
EEAR8 	EQU 	0
EEAR9 	EQU 	1
EEARH 	EQU 	34
EEARL 	EQU 	33
EECR 	EQU 	31
EEDR 	EQU 	32
EEDR0 	EQU 	0
EEDR1 	EQU 	1
EEDR2 	EQU 	2
EEDR3 	EQU 	3
EEDR4 	EQU 	4
EEDR5 	EQU 	5
EEDR6 	EQU 	6
EEDR7 	EQU 	7
EEMPE 	EQU 	2
EEPE 	EQU 	1
EEPM0 	EQU 	4
EEPM1 	EQU 	5
EERE 	EQU 	0
EERIE 	EQU 	3
EICRA 	EQU 	105
EICRB 	EQU 	106
EIFR 	EQU 	28
EIMSK 	EQU 	29
EIND 	EQU 	60
EIND0 	EQU 	0
ELSE2_1 	EQU 	197
ENDIF1 	EQU 	207
ENDIF2 	EQU 	207
ENDIF3 	EQU 	196
ENDIF4 	EQU 	207
ENHC4 	EQU 	6
EORSME 	EQU 	5
EORSMI 	EQU 	5
EORSTE 	EQU 	3
EORSTI 	EQU 	3
EPBK0 	EQU 	2
EPBK1 	EQU 	3
EPDIR 	EQU 	0
EPEN 	EQU 	0
EPINT0 	EQU 	0
EPINT1 	EQU 	1
EPINT2 	EQU 	2
EPINT3 	EQU 	3
EPINT4 	EQU 	4
EPINT5 	EQU 	5
EPINT6 	EQU 	6
EPRST0 	EQU 	0
EPRST1 	EQU 	1
EPRST2 	EQU 	2
EPRST3 	EQU 	3
EPRST4 	EQU 	4
EPRST5 	EQU 	5
EPRST6 	EQU 	6
EPSIZE0 	EQU 	4
EPSIZE1 	EQU 	5
EPSIZE2 	EQU 	6
EPTYPE0 	EQU 	6
EPTYPE1 	EQU 	7
EXCKSEL0 	EQU 	0
EXCKSEL1 	EQU 	1
EXCKSEL2 	EQU 	2
EXCKSEL3 	EQU 	3
EXSUT0 	EQU 	4
EXSUT1 	EQU 	5
EXTE 	EQU 	2
EXTON 	EQU 	0
EXTRF 	EQU 	1
FE1 	EQU 	4
FIFOCON 	EQU 	7
FLERRE 	EQU 	7
FNCERR 	EQU 	4
FNUM0 	EQU 	0
FNUM1 	EQU 	1
FNUM10 	EQU 	2
FNUM2 	EQU 	2
FNUM3 	EQU 	3
FNUM4 	EQU 	4
FNUM5 	EQU 	5
FNUM6 	EQU 	6
FNUM7 	EQU 	7
FNUM8 	EQU 	0
FNUM9 	EQU 	1
FOC0A 	EQU 	7
FOC0B 	EQU 	6
FOC1A 	EQU 	7
FOC1B 	EQU 	6
FOC1C 	EQU 	5
FOC3A 	EQU 	7
FOC3B 	EQU 	6
FOC3C 	EQU 	5
FOC4A 	EQU 	3
FOC4B 	EQU 	2
FOC4D 	EQU 	1
FPAC4 	EQU 	3
FPEN4 	EQU 	6
FPES4 	EQU 	4
FPF4 	EQU 	2
FPIE4 	EQU 	7
FPNC4 	EQU 	5
FRZCLK 	EQU 	5
GPIOR0 	EQU 	30
GPIOR00 	EQU 	0
GPIOR01 	EQU 	1
GPIOR02 	EQU 	2
GPIOR03 	EQU 	3
GPIOR04 	EQU 	4
GPIOR05 	EQU 	5
GPIOR06 	EQU 	6
GPIOR07 	EQU 	7
GPIOR1 	EQU 	42
GPIOR10 	EQU 	0
GPIOR11 	EQU 	1
GPIOR12 	EQU 	2
GPIOR13 	EQU 	3
GPIOR14 	EQU 	4
GPIOR15 	EQU 	5
GPIOR16 	EQU 	6
GPIOR17 	EQU 	7
GPIOR2 	EQU 	43
GPIOR20 	EQU 	0
GPIOR21 	EQU 	1
GPIOR22 	EQU 	2
GPIOR23 	EQU 	3
GPIOR24 	EQU 	4
GPIOR25 	EQU 	5
GPIOR26 	EQU 	6
GPIOR27 	EQU 	7
GTCCR 	EQU 	35
H 	EQU 	5
I 	EQU 	7
ICES1 	EQU 	6
ICES3 	EQU 	6
ICF1 	EQU 	5
ICF3 	EQU 	5
ICIE1 	EQU 	5
ICIE3 	EQU 	5
ICNC1 	EQU 	7
ICNC3 	EQU 	7
ICR1H 	EQU 	135
ICR1L 	EQU 	134
ICR3H 	EQU 	151
ICR3L 	EQU 	150
IDRD 	EQU 	7
INITSYS 	EQU 	132
INT0 	EQU 	0
INT1 	EQU 	1
INT2 	EQU 	2
INT3 	EQU 	3
INT4 	EQU 	4
INT5 	EQU 	5
INT6 	EQU 	6
INT7 	EQU 	7
INTF0 	EQU 	0
INTF1 	EQU 	1
INTF2 	EQU 	2
INTF3 	EQU 	3
INTF4 	EQU 	4
INTF5 	EQU 	5
INTF6 	EQU 	6
INTF7 	EQU 	7
INTTIMER0_OVF 	EQU 	143
ISC00 	EQU 	0
ISC01 	EQU 	1
ISC10 	EQU 	2
ISC11 	EQU 	3
ISC20 	EQU 	4
ISC21 	EQU 	5
ISC30 	EQU 	6
ISC31 	EQU 	7
ISC40 	EQU 	0
ISC41 	EQU 	1
ISC50 	EQU 	2
ISC51 	EQU 	3
ISC60 	EQU 	4
ISC61 	EQU 	5
ISC70 	EQU 	6
ISC71 	EQU 	7
IVCE 	EQU 	0
IVSEL 	EQU 	1
JTD 	EQU 	7
JTRF 	EQU 	4
LSM 	EQU 	2
MCUCR 	EQU 	53
MCUSR 	EQU 	52
MPCM1 	EQU 	0
MSTR 	EQU 	4
MUX0 	EQU 	0
MUX1 	EQU 	1
MUX2 	EQU 	2
MUX3 	EQU 	3
MUX4 	EQU 	4
MUX5 	EQU 	5
N 	EQU 	2
NAKINE 	EQU 	6
NAKINI 	EQU 	6
NAKOUTE 	EQU 	4
NAKOUTI 	EQU 	4
NBUSYBK0 	EQU 	0
NBUSYBK1 	EQU 	1
OC4OE0 	EQU 	0
OC4OE1 	EQU 	1
OC4OE2 	EQU 	2
OC4OE3 	EQU 	3
OC4OE4 	EQU 	4
OC4OE5 	EQU 	5
OCDR 	EQU 	49
OCDR0 	EQU 	0
OCDR1 	EQU 	1
OCDR2 	EQU 	2
OCDR3 	EQU 	3
OCDR4 	EQU 	4
OCDR5 	EQU 	5
OCDR6 	EQU 	6
OCDR7 	EQU 	7
OCF0A 	EQU 	1
OCF0B 	EQU 	2
OCF1A 	EQU 	1
OCF1B 	EQU 	2
OCF1C 	EQU 	3
OCF3A 	EQU 	1
OCF3B 	EQU 	2
OCF3C 	EQU 	3
OCF4A 	EQU 	6
OCF4B 	EQU 	5
OCF4D 	EQU 	7
OCIE0A 	EQU 	1
OCIE0B 	EQU 	2
OCIE1A 	EQU 	1
OCIE1B 	EQU 	2
OCIE1C 	EQU 	3
OCIE3A 	EQU 	1
OCIE3B 	EQU 	2
OCIE3C 	EQU 	3
OCIE4A 	EQU 	6
OCIE4B 	EQU 	5
OCIE4D 	EQU 	7
OCR0A 	EQU 	39
OCR0A_0 	EQU 	0
OCR0A_1 	EQU 	1
OCR0A_2 	EQU 	2
OCR0A_3 	EQU 	3
OCR0A_4 	EQU 	4
OCR0A_5 	EQU 	5
OCR0A_6 	EQU 	6
OCR0A_7 	EQU 	7
OCR0B 	EQU 	40
OCR0B_0 	EQU 	0
OCR0B_1 	EQU 	1
OCR0B_2 	EQU 	2
OCR0B_3 	EQU 	3
OCR0B_4 	EQU 	4
OCR0B_5 	EQU 	5
OCR0B_6 	EQU 	6
OCR0B_7 	EQU 	7
OCR1AH 	EQU 	137
OCR1AL 	EQU 	136
OCR1BH 	EQU 	139
OCR1BL 	EQU 	138
OCR1CH 	EQU 	141
OCR1CL 	EQU 	140
OCR3AH 	EQU 	153
OCR3AL 	EQU 	152
OCR3BH 	EQU 	155
OCR3BL 	EQU 	154
OCR3CH 	EQU 	157
OCR3CL 	EQU 	156
OCR4A 	EQU 	207
OCR4A0 	EQU 	0
OCR4A1 	EQU 	1
OCR4A2 	EQU 	2
OCR4A3 	EQU 	3
OCR4A4 	EQU 	4
OCR4A5 	EQU 	5
OCR4A6 	EQU 	6
OCR4A7 	EQU 	7
OCR4B 	EQU 	208
OCR4B0 	EQU 	0
OCR4B1 	EQU 	1
OCR4B2 	EQU 	2
OCR4B3 	EQU 	3
OCR4B4 	EQU 	4
OCR4B5 	EQU 	5
OCR4B6 	EQU 	6
OCR4B7 	EQU 	7
OCR4C 	EQU 	209
OCR4C0 	EQU 	0
OCR4C1 	EQU 	1
OCR4C2 	EQU 	2
OCR4C3 	EQU 	3
OCR4C4 	EQU 	4
OCR4C5 	EQU 	5
OCR4C6 	EQU 	6
OCR4C7 	EQU 	7
OCR4D 	EQU 	210
OCR4D0 	EQU 	0
OCR4D1 	EQU 	1
OCR4D2 	EQU 	2
OCR4D3 	EQU 	3
OCR4D4 	EQU 	4
OCR4D5 	EQU 	5
OCR4D6 	EQU 	6
OCR4D7 	EQU 	7
OSCCAL 	EQU 	102
OSCCAL0 	EQU 	0
OSCCAL1 	EQU 	1
OSCCAL2 	EQU 	2
OSCCAL3 	EQU 	3
OSCCAL4 	EQU 	4
OSCCAL5 	EQU 	5
OSCCAL6 	EQU 	6
OSCCAL7 	EQU 	7
OTGPADE 	EQU 	4
OVERFI 	EQU 	6
PB0 	EQU 	0
PB1 	EQU 	1
PB2 	EQU 	2
PB3 	EQU 	3
PB4 	EQU 	4
PB5 	EQU 	5
PB6 	EQU 	6
PB7 	EQU 	7
PC6 	EQU 	6
PC7 	EQU 	7
PCICR 	EQU 	104
PCIE0 	EQU 	0
PCIF0 	EQU 	0
PCIFR 	EQU 	27
PCINT0 	EQU 	0
PCINT1 	EQU 	1
PCINT2 	EQU 	2
PCINT3 	EQU 	3
PCINT4 	EQU 	4
PCINT5 	EQU 	5
PCINT6 	EQU 	6
PCINT7 	EQU 	7
PCMSK0 	EQU 	107
PD0 	EQU 	0
PD1 	EQU 	1
PD2 	EQU 	2
PD3 	EQU 	3
PD4 	EQU 	4
PD5 	EQU 	5
PD6 	EQU 	6
PD7 	EQU 	7
PDIV0 	EQU 	0
PDIV1 	EQU 	1
PDIV2 	EQU 	2
PDIV3 	EQU 	3
PE2 	EQU 	2
PE6 	EQU 	6
PF0 	EQU 	0
PF1 	EQU 	1
PF4 	EQU 	4
PF5 	EQU 	5
PF6 	EQU 	6
PF7 	EQU 	7
PGERS 	EQU 	1
PGWRT 	EQU 	2
PINB 	EQU 	3
PINB0 	EQU 	0
PINB1 	EQU 	1
PINB2 	EQU 	2
PINB3 	EQU 	3
PINB4 	EQU 	4
PINB5 	EQU 	5
PINB6 	EQU 	6
PINB7 	EQU 	7
PINC 	EQU 	6
PINC6 	EQU 	6
PINC7 	EQU 	7
PIND 	EQU 	9
PIND0 	EQU 	0
PIND1 	EQU 	1
PIND2 	EQU 	2
PIND3 	EQU 	3
PIND4 	EQU 	4
PIND5 	EQU 	5
PIND6 	EQU 	6
PIND7 	EQU 	7
PINDIV 	EQU 	4
PINE 	EQU 	12
PINE2 	EQU 	2
PINE6 	EQU 	6
PINF 	EQU 	15
PINF0 	EQU 	0
PINF1 	EQU 	1
PINF4 	EQU 	4
PINF5 	EQU 	5
PINF6 	EQU 	6
PINF7 	EQU 	7
PINMUX 	EQU 	7
PLLCSR 	EQU 	41
PLLE 	EQU 	1
PLLFRQ 	EQU 	50
PLLTM0 	EQU 	4
PLLTM1 	EQU 	5
PLLUSB 	EQU 	6
PLOCK 	EQU 	0
PORF 	EQU 	0
PORTB 	EQU 	5
PORTB0 	EQU 	0
PORTB1 	EQU 	1
PORTB2 	EQU 	2
PORTB3 	EQU 	3
PORTB4 	EQU 	4
PORTB5 	EQU 	5
PORTB6 	EQU 	6
PORTB7 	EQU 	7
PORTC 	EQU 	8
PORTC6 	EQU 	6
PORTC7 	EQU 	7
PORTD 	EQU 	11
PORTD0 	EQU 	0
PORTD1 	EQU 	1
PORTD2 	EQU 	2
PORTD3 	EQU 	3
PORTD4 	EQU 	4
PORTD5 	EQU 	5
PORTD6 	EQU 	6
PORTD7 	EQU 	7
PORTE 	EQU 	14
PORTE2 	EQU 	2
PORTE6 	EQU 	6
PORTF 	EQU 	17
PORTF0 	EQU 	0
PORTF1 	EQU 	1
PORTF4 	EQU 	4
PORTF5 	EQU 	5
PORTF6 	EQU 	6
PORTF7 	EQU 	7
PRADC 	EQU 	0
PRR0 	EQU 	100
PRR1 	EQU 	101
PRSPI 	EQU 	2
PRTIM0 	EQU 	5
PRTIM1 	EQU 	3
PRTIM2 	EQU 	6
PRTIM3 	EQU 	3
PRTWI 	EQU 	7
PRUSART0 	EQU 	1
PRUSART1 	EQU 	0
PRUSB 	EQU 	7
PSR10 	EQU 	0
PSR4 	EQU 	6
PSRSYNC 	EQU 	0
PUD 	EQU 	4
PWM4A 	EQU 	1
PWM4B 	EQU 	0
PWM4D 	EQU 	0
PWM4X 	EQU 	7
RAMEND 	EQU 	2815
RAMPZ 	EQU 	59
RAMPZ0 	EQU 	0
RAMPZ1 	EQU 	1
RCCKSEL0 	EQU 	4
RCCKSEL1 	EQU 	5
RCCKSEL2 	EQU 	6
RCCKSEL3 	EQU 	7
RCCTRL 	EQU 	103
RCE 	EQU 	3
RCFREQ 	EQU 	0
RCON 	EQU 	1
RCSUT0 	EQU 	6
RCSUT1 	EQU 	7
REFS0 	EQU 	6
REFS1 	EQU 	7
RES0 	EQU 	2
RES1 	EQU 	3
RES2 	EQU 	4
RES3 	EQU 	5
RES4 	EQU 	6
RES5 	EQU 	7
RMWKUP 	EQU 	1
RSTCPU 	EQU 	3
RSTDT 	EQU 	3
RTSEN 	EQU 	0
RWAL 	EQU 	5
RWWSB 	EQU 	6
RWWSRE 	EQU 	4
RXB81 	EQU 	1
RXC1 	EQU 	7
RXCIE1 	EQU 	7
RXEN1 	EQU 	4
RXOUTE 	EQU 	2
RXOUTI 	EQU 	2
RXSTPE 	EQU 	3
RXSTPI 	EQU 	3
S 	EQU 	4
SAVESREG 	EQU 	258
SAVESYSCALCTEMPA 	EQU 	259
SAVESYSCALCTEMPB 	EQU 	260
SAVESYSTEMP1 	EQU 	261
SAVESYSVALUECOPY 	EQU 	262
SE 	EQU 	0
SIGRD 	EQU 	5
SM0 	EQU 	1
SM1 	EQU 	2
SM2 	EQU 	3
SMCR 	EQU 	51
SOFE 	EQU 	2
SOFI 	EQU 	2
SPCR 	EQU 	44
SPDR 	EQU 	46
SPDR0 	EQU 	0
SPDR1 	EQU 	1
SPDR2 	EQU 	2
SPDR3 	EQU 	3
SPDR4 	EQU 	4
SPDR5 	EQU 	5
SPDR6 	EQU 	6
SPDR7 	EQU 	7
SPE 	EQU 	6
SPEED 	EQU 	3
SPH 	EQU 	62
SPI2X 	EQU 	0
SPIE 	EQU 	7
SPIF 	EQU 	7
SPL 	EQU 	61
SPMCSR 	EQU 	55
SPMEN 	EQU 	0
SPMIE 	EQU 	7
SPR0 	EQU 	0
SPR1 	EQU 	1
SPSR 	EQU 	45
SREG 	EQU 	63
SREG_C 	EQU 	0
SREG_H 	EQU 	5
SREG_I 	EQU 	7
SREG_N 	EQU 	2
SREG_S 	EQU 	4
SREG_T 	EQU 	6
SREG_V 	EQU 	3
SREG_Z 	EQU 	1
STALLEDE 	EQU 	1
STALLEDI 	EQU 	1
STALLRQ 	EQU 	5
STALLRQC 	EQU 	4
SUSPE 	EQU 	0
SUSPI 	EQU 	0
SYSBITTEST 	EQU 	r5
SYSCALCTEMPA 	EQU 	r22
SYSCALCTEMPB 	EQU 	r28
SYSDOLOOP_E1 	EQU 	118
SYSDOLOOP_S1 	EQU 	114
SYSINTCONTEXTRESTORE 	EQU 	147
SYSINTCONTEXTSAVE 	EQU 	159
SYSINTSTATESAVE0 	EQU 	263
SYSTEMP1 	EQU 	r0
SYSVALUECOPY 	EQU 	r21
SYSWAITTEMPMS 	EQU 	r29
SYSWAITTEMPMS_H 	EQU 	r30
T 	EQU 	6
T0_OV 	EQU 	171
TC40 	EQU 	0
TC41 	EQU 	1
TC410 	EQU 	2
TC42 	EQU 	2
TC43 	EQU 	3
TC44 	EQU 	4
TC45 	EQU 	5
TC46 	EQU 	6
TC47 	EQU 	7
TC48 	EQU 	0
TC49 	EQU 	1
TC4H 	EQU 	191
TCCR0A 	EQU 	36
TCCR0B 	EQU 	37
TCCR1A 	EQU 	128
TCCR1B 	EQU 	129
TCCR1C 	EQU 	130
TCCR3A 	EQU 	144
TCCR3B 	EQU 	145
TCCR3C 	EQU 	146
TCCR4A 	EQU 	192
TCCR4B 	EQU 	193
TCCR4C 	EQU 	194
TCCR4D 	EQU 	195
TCCR4E 	EQU 	196
TCNT0 	EQU 	38
TCNT0_0 	EQU 	0
TCNT0_1 	EQU 	1
TCNT0_2 	EQU 	2
TCNT0_3 	EQU 	3
TCNT0_4 	EQU 	4
TCNT0_5 	EQU 	5
TCNT0_6 	EQU 	6
TCNT0_7 	EQU 	7
TCNT1H 	EQU 	133
TCNT1L 	EQU 	132
TCNT3H 	EQU 	149
TCNT3L 	EQU 	148
TCNT4 	EQU 	190
TIFR0 	EQU 	21
TIFR1 	EQU 	22
TIFR2 	EQU 	23
TIFR3 	EQU 	24
TIFR4 	EQU 	25
TIMSK0 	EQU 	110
TIMSK1 	EQU 	111
TIMSK3 	EQU 	113
TIMSK4 	EQU 	114
TLOCK4 	EQU 	7
TOIE0 	EQU 	0
TOIE1 	EQU 	0
TOIE3 	EQU 	0
TOIE4 	EQU 	2
TOV0 	EQU 	0
TOV1 	EQU 	0
TOV3 	EQU 	0
TOV4 	EQU 	2
TSM 	EQU 	7
TWA0 	EQU 	1
TWA1 	EQU 	2
TWA2 	EQU 	3
TWA3 	EQU 	4
TWA4 	EQU 	5
TWA5 	EQU 	6
TWA6 	EQU 	7
TWAM0 	EQU 	1
TWAM1 	EQU 	2
TWAM2 	EQU 	3
TWAM3 	EQU 	4
TWAM4 	EQU 	5
TWAM5 	EQU 	6
TWAM6 	EQU 	7
TWAMR 	EQU 	189
TWAR 	EQU 	186
TWBR 	EQU 	184
TWCR 	EQU 	188
TWDR 	EQU 	187
TWEA 	EQU 	6
TWEN 	EQU 	2
TWGCE 	EQU 	0
TWIE 	EQU 	0
TWINT 	EQU 	7
TWPS0 	EQU 	0
TWPS1 	EQU 	1
TWS3 	EQU 	3
TWS4 	EQU 	4
TWS5 	EQU 	5
TWS6 	EQU 	6
TWS7 	EQU 	7
TWSR 	EQU 	185
TWSTA 	EQU 	5
TWSTO 	EQU 	4
TWWC 	EQU 	3
TXB81 	EQU 	0
TXC1 	EQU 	6
TXCIE1 	EQU 	6
TXEN1 	EQU 	3
TXINE 	EQU 	0
TXINI 	EQU 	0
U2X1 	EQU 	1
UADD0 	EQU 	0
UADD1 	EQU 	1
UADD2 	EQU 	2
UADD3 	EQU 	3
UADD4 	EQU 	4
UADD5 	EQU 	5
UADD6 	EQU 	6
UBRR1H 	EQU 	205
UBRR1L 	EQU 	204
UBRR_0 	EQU 	0
UBRR_1 	EQU 	1
UBRR_10 	EQU 	2
UBRR_11 	EQU 	3
UBRR_2 	EQU 	2
UBRR_3 	EQU 	3
UBRR_4 	EQU 	4
UBRR_5 	EQU 	5
UBRR_6 	EQU 	6
UBRR_7 	EQU 	7
UBRR_8 	EQU 	0
UBRR_9 	EQU 	1
UCPHA1 	EQU 	1
UCPOL1 	EQU 	0
UCSR1A 	EQU 	200
UCSR1B 	EQU 	201
UCSR1C 	EQU 	202
UCSR1D 	EQU 	203
UCSZ10 	EQU 	1
UCSZ11 	EQU 	2
UCSZ12 	EQU 	2
UDADDR 	EQU 	227
UDCON 	EQU 	224
UDFNUMH 	EQU 	229
UDFNUML 	EQU 	228
UDIEN 	EQU 	226
UDINT 	EQU 	225
UDMFN 	EQU 	230
UDORD1 	EQU 	2
UDR1 	EQU 	206
UDR1_0 	EQU 	0
UDR1_1 	EQU 	1
UDR1_2 	EQU 	2
UDR1_3 	EQU 	3
UDR1_4 	EQU 	4
UDR1_5 	EQU 	5
UDR1_6 	EQU 	6
UDR1_7 	EQU 	7
UDRE1 	EQU 	5
UDRIE1 	EQU 	5
UEBCHX 	EQU 	243
UEBCLX 	EQU 	242
UECFG0X 	EQU 	236
UECFG1X 	EQU 	237
UECONX 	EQU 	235
UEDATX 	EQU 	241
UEIENX 	EQU 	240
UEINT 	EQU 	244
UEINTX 	EQU 	232
UENUM 	EQU 	233
UENUM_0 	EQU 	0
UENUM_1 	EQU 	1
UENUM_2 	EQU 	2
UERST 	EQU 	234
UESTA0X 	EQU 	238
UESTA1X 	EQU 	239
UHWCON 	EQU 	215
UMSEL10 	EQU 	6
UMSEL11 	EQU 	7
UNDERFI 	EQU 	5
UPE1 	EQU 	2
UPM10 	EQU 	4
UPM11 	EQU 	5
UPRSME 	EQU 	6
UPRSMI 	EQU 	6
USBCON 	EQU 	216
USBE 	EQU 	7
USBINT 	EQU 	218
USBS1 	EQU 	3
USBSTA 	EQU 	217
UVREGE 	EQU 	0
V 	EQU 	3
VBUS 	EQU 	0
VBUSTE 	EQU 	0
VBUSTI 	EQU 	0
WAKEUPE 	EQU 	4
WAKEUPI 	EQU 	4
WCOL 	EQU 	6
WDCE 	EQU 	4
WDE 	EQU 	3
WDIE 	EQU 	6
WDIF 	EQU 	7
WDP0 	EQU 	0
WDP1 	EQU 	1
WDP2 	EQU 	2
WDP3 	EQU 	5
WDRF 	EQU 	3
WDTCSR 	EQU 	96
WGM00 	EQU 	0
WGM01 	EQU 	1
WGM02 	EQU 	3
WGM10 	EQU 	0
WGM11 	EQU 	1
WGM12 	EQU 	3
WGM13 	EQU 	4
WGM30 	EQU 	0
WGM31 	EQU 	1
WGM32 	EQU 	3
WGM33 	EQU 	4
WGM40 	EQU 	0
WGM41 	EQU 	1
X 	EQU 	28
X+ 	EQU 	29
Y 	EQU 	8
Y+ 	EQU 	25
Z 	EQU 	1
Z+ 	EQU 	17
rZ 	EQU 	0

Code:
Loc	Obj Code	Original Assembly

000000	C053	RJMP BASPROGRAMSTART

000002	9518	RETI

000004	9518	RETI

000006	9518	RETI

000008	9518	RETI

00000E	9518	RETI

000012	9518	RETI

000014	9518	RETI

000016	9518	RETI

000018	9518	RETI

000020	9518	RETI

000022	9518	RETI

000024	9518	RETI

000026	9518	RETI

000028	9518	RETI

00002A	9518	RETI

00002C	9518	RETI

00002E	C060	RJMP INTTIMER0_OVF

000030	9518	RETI

000032	9518	RETI

000034	9518	RETI

000036	9518	RETI

000038	9518	RETI

00003A	9518	RETI

00003C	9518	RETI

00003E	9518	RETI

000040	9518	RETI

000042	9518	RETI

000044	9518	RETI

000046	9518	RETI

000048	9518	RETI

00004A	9518	RETI

00004C	9518	RETI

00004E	9518	RETI

000052	9518	RETI



		BASPROGRAMSTART
000054	E05A	LDI SYSVALUECOPY,HIGH(RAMEND)
000055	BF5E	OUT SPH, SYSVALUECOPY
000056	EF5F	LDI SYSVALUECOPY,LOW(RAMEND)
000057	BF5D	OUT SPL, SYSVALUECOPY
000058	D02B	RCALL INITSYS
000059	9478	SEI
00005A	9150 0107	LDS SYSVALUECOPY,SYSINTSTATESAVE0
00005C	6051	SBR SYSVALUECOPY,1<<0
00005D	9350 0107	STS SYSINTSTATESAVE0,SYSVALUECOPY

00005F	9A27	SBI DDRB,7
000060	9150 006E	LDS SYSVALUECOPY,TIMSK0
000062	6051	SBR SYSVALUECOPY,1<<TOIE0
000063	9350 006E	STS TIMSK0,SYSVALUECOPY
000065	E050	LDI SYSVALUECOPY,0
000066	9350 0100	STS CODIR,SYSVALUECOPY
000068	E851	LDI SYSVALUECOPY,129
000069	BD54	OUT TCCR0A,SYSVALUECOPY
00006A	E053	LDI SYSVALUECOPY,3
00006B	BD55	OUT TCCR0B,SYSVALUECOPY
00006C	EC58	LDI SYSVALUECOPY,200
00006D	BD57	OUT OCR0A,SYSVALUECOPY
00006E	9050 0107	LDS SYSBITTEST,SYSINTSTATESAVE0
000070	FC50	SBRC SYSBITTEST,0
000071	9478	SEI
		SYSDOLOOP_S1
000072	E0DA	LDI SYSWAITTEMPMS,10
000073	E0E0	LDI SYSWAITTEMPMS_H,0
000074	D003	RCALL DELAY_MS
000075	CFFC	RJMP SYSDOLOOP_S1
		SYSDOLOOP_E1
		BASPROGRAMEND
000076	9588	SLEEP
000077	CFFE	RJMP BASPROGRAMEND


		DELAY_MS
000078	95E3	INC SYSWAITTEMPMS_H
		DMS_START
000079	EFAE	LDI DELAYTEMP2,254
		DMS_OUTER
00007A	E194	LDI DELAYTEMP,20
		DMS_INNER
00007B	959A	DEC DELAYTEMP
00007C	F7F1	BRNE DMS_INNER
00007D	95AA	DEC DELAYTEMP2
00007E	F7D9	BRNE DMS_OUTER
00007F	95DA	DEC SYSWAITTEMPMS
000080	F7C1	BRNE DMS_START
000081	95EA	DEC SYSWAITTEMPMS_H
000082	F7B1	BRNE DMS_START
000083	9508	RET


		INITSYS
000084	E050	LDI SYSVALUECOPY,0
000085	B955	OUT PORTB,SYSVALUECOPY
000086	E050	LDI SYSVALUECOPY,0
000087	B958	OUT PORTC,SYSVALUECOPY
000088	E050	LDI SYSVALUECOPY,0
000089	B95B	OUT PORTD,SYSVALUECOPY
00008A	E050	LDI SYSVALUECOPY,0
00008B	B95E	OUT PORTE,SYSVALUECOPY
00008C	E050	LDI SYSVALUECOPY,0
00008D	BB51	OUT PORTF,SYSVALUECOPY
00008E	9508	RET


		INTTIMER0_OVF
00008F	D00F	RCALL SYSINTCONTEXTSAVE
000090	D01A	RCALL T0_OV
000091	98A8	CBI TIFR0,TOV0
000092	C000	RJMP SYSINTCONTEXTRESTORE


		SYSINTCONTEXTRESTORE
000093	9000 0105	LDS SYSTEMP1,SAVESYSTEMP1
000095	9160 0103	LDS SYSCALCTEMPA,SAVESYSCALCTEMPA
000097	91C0 0104	LDS SYSCALCTEMPB,SAVESYSCALCTEMPB
000099	9150 0102	LDS SYSVALUECOPY,SAVESREG
00009B	BF5F	OUT SREG,SYSVALUECOPY
00009C	9150 0106	LDS SYSVALUECOPY,SAVESYSVALUECOPY
00009E	9518	RETI


		SYSINTCONTEXTSAVE
00009F	9350 0106	STS SAVESYSVALUECOPY,SYSVALUECOPY
0000A1	B75F	IN SYSVALUECOPY,SREG
0000A2	9350 0102	STS SAVESREG,SYSVALUECOPY
0000A4	9200 0105	STS SAVESYSTEMP1,SYSTEMP1
0000A6	9360 0103	STS SAVESYSCALCTEMPA,SYSCALCTEMPA
0000A8	93C0 0104	STS SAVESYSCALCTEMPB,SYSCALCTEMPB
0000AA	9508	RET


		T0_OV
0000AB	9000 0101	LDS SYSTEMP1,COUNT
0000AD	9403	INC SYSTEMP1
0000AE	9200 0101	STS COUNT,SYSTEMP1
0000B0	9160 0101	LDS SYSCALCTEMPA,COUNT
0000B2	3164	CPI SYSCALCTEMPA,20
0000B3	F4D9	BRNE ENDIF1
0000B4	E050	LDI SYSVALUECOPY,0
0000B5	9350 0101	STS COUNT,SYSVALUECOPY
0000B7	9160 0100	LDS SYSCALCTEMPA,CODIR
0000B9	2366	TST SYSCALCTEMPA
0000BA	F451	BRNE ELSE2_1
0000BB	B407	IN SYSTEMP1,OCR0A
0000BC	940A	DEC SYSTEMP1
0000BD	BC07	OUT OCR0A,SYSTEMP1
0000BE	B567	IN SYSCALCTEMPA,OCR0A
0000BF	3362	CPI SYSCALCTEMPA,50
0000C0	F418	BRSH ENDIF3
0000C1	E051	LDI SYSVALUECOPY,1
0000C2	9350 0100	STS CODIR,SYSVALUECOPY
		ENDIF3
0000C4	C00A	RJMP ENDIF2
		ELSE2_1
0000C5	B407	IN SYSTEMP1,OCR0A
0000C6	9403	INC SYSTEMP1
0000C7	BC07	OUT OCR0A,SYSTEMP1
0000C8	EC68	LDI SYSCALCTEMPA,200
0000C9	B5C7	IN SYSCALCTEMPB,OCR0A
0000CA	176C	CP SYSCALCTEMPA,SYSCALCTEMPB
0000CB	F418	BRSH ENDIF4
0000CC	E050	LDI SYSVALUECOPY,0
0000CD	9350 0100	STS CODIR,SYSVALUECOPY
		ENDIF4
		ENDIF2
		ENDIF1
0000CF	9508	RET


