GCASM List File (GCBASIC 1.00.00 2022-12-01 (Linux 64 bit) : Build 1199)

Symbols:
A 	EQU 	0
ABDEN 	EQU 	0
ABDOVF 	EQU 	7
ACCESS 	EQU 	0
ACKDT 	EQU 	5
ACKEN 	EQU 	4
ACKSTAT 	EQU 	6
ADCON0 	EQU 	31
ADCON0_GO_DONE 	EQU 	1
ADCON1 	EQU 	159
ADCS0 	EQU 	6
ADCS1 	EQU 	7
ADDEN 	EQU 	3
ADFM 	EQU 	7
ADIE 	EQU 	6
ADIF 	EQU 	6
ADON 	EQU 	0
ADRESH 	EQU 	30
ADRESL 	EQU 	158
ANS0 	EQU 	0
ANS1 	EQU 	1
ANS10 	EQU 	2
ANS11 	EQU 	3
ANS12 	EQU 	4
ANS13 	EQU 	5
ANS2 	EQU 	2
ANS3 	EQU 	3
ANS4 	EQU 	4
ANS8 	EQU 	0
ANS9 	EQU 	1
ANSEL 	EQU 	392
ANSELH 	EQU 	393
B 	EQU 	1
BANKED 	EQU 	1
BASPROGRAMEND 	EQU 	376
BASPROGRAMSTART 	EQU 	5
BAUDCTL 	EQU 	391
BCLIE 	EQU 	3
BCLIF 	EQU 	3
BF 	EQU 	0
BRG0 	EQU 	0
BRG1 	EQU 	1
BRG10 	EQU 	2
BRG11 	EQU 	3
BRG12 	EQU 	4
BRG13 	EQU 	5
BRG14 	EQU 	6
BRG15 	EQU 	7
BRG16 	EQU 	3
BRG2 	EQU 	2
BRG3 	EQU 	3
BRG4 	EQU 	4
BRG5 	EQU 	5
BRG6 	EQU 	6
BRG7 	EQU 	7
BRG8 	EQU 	0
BRG9 	EQU 	1
BRGH 	EQU 	2
C 	EQU 	0
C1CH0 	EQU 	0
C1CH1 	EQU 	1
C1IE 	EQU 	5
C1IF 	EQU 	5
C1OE 	EQU 	5
C1ON 	EQU 	7
C1OUT 	EQU 	6
C1POL 	EQU 	4
C1R 	EQU 	2
C1RSEL 	EQU 	5
C1SEN 	EQU 	5
C2CH0 	EQU 	0
C2CH1 	EQU 	1
C2IE 	EQU 	6
C2IF 	EQU 	6
C2OE 	EQU 	5
C2ON 	EQU 	7
C2OUT 	EQU 	6
C2POL 	EQU 	4
C2R 	EQU 	2
C2REN 	EQU 	4
C2RSEL 	EQU 	4
C2SYNC 	EQU 	0
CCP1CON 	EQU 	23
CCP1IE 	EQU 	2
CCP1IF 	EQU 	2
CCP1M0 	EQU 	0
CCP1M1 	EQU 	1
CCP1M2 	EQU 	2
CCP1M3 	EQU 	3
CCP1X 	EQU 	5
CCP1Y 	EQU 	4
CCP2CON 	EQU 	29
CCP2IE 	EQU 	0
CCP2IF 	EQU 	0
CCP2M0 	EQU 	0
CCP2M1 	EQU 	1
CCP2M2 	EQU 	2
CCP2M3 	EQU 	3
CCP2X 	EQU 	5
CCP2Y 	EQU 	4
CCPR1 	EQU 	21
CCPR1H 	EQU 	22
CCPR1L 	EQU 	21
CCPR2 	EQU 	27
CCPR2H 	EQU 	28
CCPR2L 	EQU 	27
CHS0 	EQU 	2
CHS1 	EQU 	3
CHS2 	EQU 	4
CHS3 	EQU 	5
CKE 	EQU 	6
CKP 	EQU 	4
CLS 	EQU 	378
CM1CON0 	EQU 	263
CM2CON0 	EQU 	264
CM2CON1 	EQU 	265
CREN 	EQU 	4
CSRC 	EQU 	7
D 	EQU 	5
D10US_START 	EQU 	395
DATA_ADDRESS 	EQU 	5
DC 	EQU 	1
DC1B0 	EQU 	4
DC1B1 	EQU 	5
DC2B0 	EQU 	4
DC2B1 	EQU 	5
DELAYTEMP 	EQU 	112
DELAYTEMP2 	EQU 	113
DELAYUS0 	EQU 	397
DELAYUS1 	EQU 	391
DELAYUS2 	EQU 	786
DELAY_10US 	EQU 	395
DELAY_MS 	EQU 	402
DELAY_S 	EQU 	416
DMS_INNER 	EQU 	407
DMS_OUTER 	EQU 	405
DMS_START 	EQU 	403
DS_START 	EQU 	416
D_A 	EQU 	5
D_NOT_A 	EQU 	5
ECCPAS 	EQU 	156
ECCPAS0 	EQU 	4
ECCPAS1 	EQU 	5
ECCPAS2 	EQU 	6
ECCPASE 	EQU 	7
EEADR 	EQU 	269
EEADRH 	EQU 	271
EECON1 	EQU 	396
EECON2 	EQU 	397
EEDAT 	EQU 	268
EEDATA 	EQU 	268
EEDATH 	EQU 	270
EEIE 	EQU 	4
EEIF 	EQU 	4
EEPGD 	EQU 	7
ELSE31_1 	EQU 	502
ELSE32_1 	EQU 	523
ELSE33_1 	EQU 	477
ELSE4_1 	EQU 	732
ENDIF1 	EQU 	810
ENDIF17 	EQU 	667
ENDIF18 	EQU 	674
ENDIF19 	EQU 	680
ENDIF20 	EQU 	687
ENDIF21 	EQU 	694
ENDIF22 	EQU 	701
ENDIF23 	EQU 	708
ENDIF24 	EQU 	715
ENDIF25 	EQU 	722
ENDIF27 	EQU 	657
ENDIF28 	EQU 	445
ENDIF29 	EQU 	454
ENDIF3 	EQU 	858
ENDIF30 	EQU 	462
ENDIF31 	EQU 	506
ENDIF32 	EQU 	527
ENDIF33 	EQU 	480
ENDIF34 	EQU 	486
ENDIF37 	EQU 	539
ENDIF4 	EQU 	733
ENDIF5 	EQU 	800
ENDIF6 	EQU 	800
ENDIF7 	EQU 	800
F 	EQU 	1
FERR 	EQU 	2
FSR 	EQU 	4
FVREN 	EQU 	0
GCEN 	EQU 	7
GIE 	EQU 	7
GO 	EQU 	1
GO_DONE 	EQU 	1
GO_NOT_DONE 	EQU 	1
HI2CACKPOLLSTATE 	EQU 	32
HI2CCURRENTMODE 	EQU 	33
HI2CINIT 	EQU 	424
HI2CMODE 	EQU 	426
HI2CSEND 	EQU 	464
HI2CSTART 	EQU 	491
HI2CSTOP 	EQU 	509
HI2CWAITMSSP 	EQU 	530
HI2CWAITMSSPTIMEOUT 	EQU 	34
HI2CWAITMSSPWAIT 	EQU 	531
HTS 	EQU 	2
I2CBYTE 	EQU 	35
I2C_DATA 	EQU 	5
I2C_LCD_BYTE 	EQU 	36
I2C_READ 	EQU 	2
I2C_START 	EQU 	3
I2C_STOP 	EQU 	4
INDF 	EQU 	0
INITI2CLCD 	EQU 	540
INITLCD 	EQU 	609
INITSYS 	EQU 	628
INTCON 	EQU 	11
INTE 	EQU 	4
INTEDG 	EQU 	6
INTF 	EQU 	1
IOCB 	EQU 	150
IOCB0 	EQU 	0
IOCB1 	EQU 	1
IOCB2 	EQU 	2
IOCB3 	EQU 	3
IOCB4 	EQU 	4
IOCB5 	EQU 	5
IOCB6 	EQU 	6
IOCB7 	EQU 	7
IRCF0 	EQU 	4
IRCF1 	EQU 	5
IRCF2 	EQU 	6
IRP 	EQU 	7
LCDBACKLIGHT 	EQU 	649
LCDBYTE 	EQU 	37
LCDCOLUMN 	EQU 	38
LCDCRSR 	EQU 	39
LCDCURSOR 	EQU 	660
LCDLINE 	EQU 	40
LCDNORMALWRITEBYTE 	EQU 	728
LCDTEMP 	EQU 	41
LCD_BACKLIGHT 	EQU 	42
LCD_I2C_ADDRESS_CURRENT 	EQU 	43
LCD_STATE 	EQU 	44
LOCATE 	EQU 	801
LTS 	EQU 	1
MC1OUT 	EQU 	7
MC2OUT 	EQU 	6
MSK 	EQU 	147
MSK0 	EQU 	0
MSK1 	EQU 	1
MSK2 	EQU 	2
MSK3 	EQU 	3
MSK4 	EQU 	4
MSK5 	EQU 	5
MSK6 	EQU 	6
MSK7 	EQU 	7
MUL8LOOP 	EQU 	866
NOT_A 	EQU 	5
NOT_ADDRESS 	EQU 	5
NOT_BO 	EQU 	0
NOT_BOR 	EQU 	0
NOT_DONE 	EQU 	1
NOT_PD 	EQU 	3
NOT_POR 	EQU 	1
NOT_RBPU 	EQU 	7
NOT_RC8 	EQU 	6
NOT_T1SYNC 	EQU 	2
NOT_TO 	EQU 	4
NOT_TX8 	EQU 	6
NOT_W 	EQU 	2
NOT_WRITE 	EQU 	2
OERR 	EQU 	1
OPTION_REG 	EQU 	129
OSCCON 	EQU 	143
OSCTUNE 	EQU 	144
OSFIE 	EQU 	7
OSFIF 	EQU 	7
OSTS 	EQU 	3
P 	EQU 	4
P1M0 	EQU 	6
P1M1 	EQU 	7
PCL 	EQU 	2
PCLATH 	EQU 	10
PCON 	EQU 	142
PDC0 	EQU 	0
PDC1 	EQU 	1
PDC2 	EQU 	2
PDC3 	EQU 	3
PDC4 	EQU 	4
PDC5 	EQU 	5
PDC6 	EQU 	6
PEIE 	EQU 	6
PEN 	EQU 	2
PIE1 	EQU 	140
PIE2 	EQU 	141
PIR1 	EQU 	12
PIR2 	EQU 	13
PORTA 	EQU 	5
PORTB 	EQU 	6
PORTC 	EQU 	7
PORTE 	EQU 	9
PR2 	EQU 	146
PRINT106 	EQU 	825
PRINTLEN 	EQU 	45
PRSEN 	EQU 	7
PS0 	EQU 	0
PS1 	EQU 	1
PS2 	EQU 	2
PSA 	EQU 	3
PSSAC0 	EQU 	2
PSSAC1 	EQU 	3
PSSBD0 	EQU 	0
PSSBD1 	EQU 	1
PSTRCON 	EQU 	157
PULSR 	EQU 	2
PULSS 	EQU 	3
PWM1CON 	EQU 	155
R 	EQU 	2
RA0 	EQU 	0
RA1 	EQU 	1
RA2 	EQU 	2
RA3 	EQU 	3
RA4 	EQU 	4
RA5 	EQU 	5
RA6 	EQU 	6
RA7 	EQU 	7
RB0 	EQU 	0
RB1 	EQU 	1
RB2 	EQU 	2
RB3 	EQU 	3
RB4 	EQU 	4
RB5 	EQU 	5
RB6 	EQU 	6
RB7 	EQU 	7
RBIE 	EQU 	3
RBIF 	EQU 	0
RC0 	EQU 	0
RC1 	EQU 	1
RC2 	EQU 	2
RC3 	EQU 	3
RC4 	EQU 	4
RC5 	EQU 	5
RC6 	EQU 	6
RC7 	EQU 	7
RC8_9 	EQU 	6
RC9 	EQU 	6
RCD8 	EQU 	0
RCEN 	EQU 	3
RCIDL 	EQU 	6
RCIE 	EQU 	5
RCIF 	EQU 	5
RCREG 	EQU 	26
RCSTA 	EQU 	24
RD 	EQU 	0
RE3 	EQU 	3
READ_WRITE 	EQU 	2
RETRYHI2CSEND 	EQU 	464
RP0 	EQU 	5
RP1 	EQU 	6
RSEN 	EQU 	1
RX9 	EQU 	6
RX9D 	EQU 	0
R_NOT_W 	EQU 	2
R_W 	EQU 	2
S 	EQU 	3
SBOREN 	EQU 	4
SCKP 	EQU 	4
SCS 	EQU 	0
SEN 	EQU 	0
SENDB 	EQU 	3
SMP 	EQU 	7
SPBRG 	EQU 	153
SPBRGH 	EQU 	154
SPEN 	EQU 	7
SR0 	EQU 	6
SR1 	EQU 	7
SRCON 	EQU 	389
SREN 	EQU 	5
SSPADD 	EQU 	147
SSPBUF 	EQU 	19
SSPCON 	EQU 	20
SSPCON2 	EQU 	145
SSPEN 	EQU 	5
SSPIE 	EQU 	3
SSPIF 	EQU 	3
SSPM0 	EQU 	0
SSPM1 	EQU 	1
SSPM2 	EQU 	2
SSPM3 	EQU 	3
SSPMSK 	EQU 	147
SSPMSK_MSK0 	EQU 	0
SSPMSK_MSK1 	EQU 	1
SSPMSK_MSK2 	EQU 	2
SSPMSK_MSK3 	EQU 	3
SSPMSK_MSK4 	EQU 	4
SSPMSK_MSK5 	EQU 	5
SSPMSK_MSK6 	EQU 	6
SSPMSK_MSK7 	EQU 	7
SSPOV 	EQU 	6
SSPSTAT 	EQU 	148
STATUS 	EQU 	3
STRA 	EQU 	0
STRB 	EQU 	1
STRC 	EQU 	2
STRD 	EQU 	3
STRINGPOINTER 	EQU 	46
STRINGTABLE1 	EQU 	912
STRINGTABLE10 	EQU 	1023
STRINGTABLE11 	EQU 	1032
STRINGTABLE12 	EQU 	1040
STRINGTABLE13 	EQU 	1057
STRINGTABLE14 	EQU 	1067
STRINGTABLE2 	EQU 	928
STRINGTABLE3 	EQU 	939
STRINGTABLE4 	EQU 	950
STRINGTABLE5 	EQU 	960
STRINGTABLE6 	EQU 	971
STRINGTABLE7 	EQU 	980
STRINGTABLE8 	EQU 	990
STRINGTABLE9 	EQU 	1006
STRSYNC 	EQU 	4
SWDTEN 	EQU 	0
SYNC 	EQU 	4
SYSBYTETEMPA 	EQU 	117
SYSBYTETEMPB 	EQU 	121
SYSBYTETEMPX 	EQU 	112
SYSCALCTEMPA 	EQU 	117
SYSCOMPEQUAL 	EQU 	859
SYSDOLOOP_E1 	EQU 	375
SYSDOLOOP_S1 	EQU 	34
SYSFORLOOP1 	EQU 	838
SYSFORLOOPEND1 	EQU 	858
SYSLCDTEMP 	EQU 	47
SYSMULTSUB 	EQU 	865
SYSPRINTDATAHANDLER 	EQU 	48
SYSPRINTDATAHANDLER_H 	EQU 	49
SYSPRINTTEMP 	EQU 	50
SYSREADSTRING 	EQU 	877
SYSREADSTRINGPART 	EQU 	887
SYSREPEATLOOP1 	EQU 	282
SYSREPEATLOOP2 	EQU 	620
SYSREPEATLOOPEND1 	EQU 	300
SYSREPEATLOOPEND2 	EQU 	625
SYSREPEATTEMP1 	EQU 	51
SYSREPEATTEMP2 	EQU 	52
SYSSTRINGA 	EQU 	119
SYSSTRINGA_H 	EQU 	120
SYSSTRINGB 	EQU 	114
SYSSTRINGB_H 	EQU 	115
SYSSTRINGLENGTH 	EQU 	118
SYSSTRINGPARAM1 	EQU 	479
SYSSTRINGREAD 	EQU 	899
SYSSTRINGREADCHECK 	EQU 	896
SYSSTRINGTABLES 	EQU 	905
SYSTEMP1 	EQU 	53
SYSTEMP2 	EQU 	54
SYSWAITLOOP1 	EQU 	502
SYSWAITLOOP2 	EQU 	513
SYSWAITLOOP3 	EQU 	523
SYSWAITTEMP10US 	EQU 	117
SYSWAITTEMPMS 	EQU 	114
SYSWAITTEMPMS_H 	EQU 	115
SYSWAITTEMPS 	EQU 	116
SYSWAITTEMPUS 	EQU 	117
SYSWAITTEMPUS_H 	EQU 	118
T0CS 	EQU 	5
T0IE 	EQU 	5
T0IF 	EQU 	2
T0SE 	EQU 	4
T1CKPS0 	EQU 	4
T1CKPS1 	EQU 	5
T1CON 	EQU 	16
T1GINV 	EQU 	7
T1GIV 	EQU 	7
T1GSS 	EQU 	1
T1INSYNC 	EQU 	2
T1OSCEN 	EQU 	3
T1SYNC 	EQU 	2
T2CKPS0 	EQU 	0
T2CKPS1 	EQU 	1
T2CON 	EQU 	18
TMR0 	EQU 	1
TMR0IE 	EQU 	5
TMR0IF 	EQU 	2
TMR1 	EQU 	14
TMR1CS 	EQU 	1
TMR1GE 	EQU 	6
TMR1H 	EQU 	15
TMR1IE 	EQU 	0
TMR1IF 	EQU 	0
TMR1L 	EQU 	14
TMR1ON 	EQU 	0
TMR2 	EQU 	17
TMR2IE 	EQU 	1
TMR2IF 	EQU 	1
TMR2ON 	EQU 	2
TOUTPS0 	EQU 	3
TOUTPS1 	EQU 	4
TOUTPS2 	EQU 	5
TOUTPS3 	EQU 	6
TRISA 	EQU 	133
TRISA0 	EQU 	0
TRISA1 	EQU 	1
TRISA2 	EQU 	2
TRISA3 	EQU 	3
TRISA4 	EQU 	4
TRISA5 	EQU 	5
TRISA6 	EQU 	6
TRISA7 	EQU 	7
TRISB 	EQU 	134
TRISB0 	EQU 	0
TRISB1 	EQU 	1
TRISB2 	EQU 	2
TRISB3 	EQU 	3
TRISB4 	EQU 	4
TRISB5 	EQU 	5
TRISB6 	EQU 	6
TRISB7 	EQU 	7
TRISC 	EQU 	135
TRISC0 	EQU 	0
TRISC1 	EQU 	1
TRISC2 	EQU 	2
TRISC3 	EQU 	3
TRISC4 	EQU 	4
TRISC5 	EQU 	5
TRISC6 	EQU 	6
TRISC7 	EQU 	7
TRISE 	EQU 	137
TRISE3 	EQU 	3
TRMT 	EQU 	1
TUN0 	EQU 	0
TUN1 	EQU 	1
TUN2 	EQU 	2
TUN3 	EQU 	3
TUN4 	EQU 	4
TX8_9 	EQU 	6
TX9 	EQU 	6
TX9D 	EQU 	0
TXD8 	EQU 	0
TXEN 	EQU 	5
TXIE 	EQU 	4
TXIF 	EQU 	4
TXREG 	EQU 	25
TXSTA 	EQU 	152
UA 	EQU 	1
ULPWUE 	EQU 	5
ULPWUIE 	EQU 	2
ULPWUIF 	EQU 	2
VCFG0 	EQU 	4
VCFG1 	EQU 	5
VR0 	EQU 	0
VR1 	EQU 	1
VR2 	EQU 	2
VR3 	EQU 	3
VRCON 	EQU 	151
VREN 	EQU 	7
VROE 	EQU 	6
VRR 	EQU 	5
VRSS 	EQU 	4
W 	EQU 	0
WCOL 	EQU 	7
WDTCON 	EQU 	261
WDTPS0 	EQU 	1
WDTPS1 	EQU 	2
WDTPS2 	EQU 	3
WDTPS3 	EQU 	4
WPUB 	EQU 	149
WPUB0 	EQU 	0
WPUB1 	EQU 	1
WPUB2 	EQU 	2
WPUB3 	EQU 	3
WPUB4 	EQU 	4
WPUB5 	EQU 	5
WPUB6 	EQU 	6
WPUB7 	EQU 	7
WR 	EQU 	1
WREN 	EQU 	2
WRERR 	EQU 	3
WUE 	EQU 	1
Z 	EQU 	2

Code:
Loc	Obj Code	Original Assembly










































000000	118A	PAGESEL BASPROGRAMSTART
000000	118A 120A	PAGESEL BASPROGRAMSTART
000002	2805	GOTO BASPROGRAMSTART

000004	0009	RETFIE



		BASPROGRAMSTART
000005	2274	CALL INITSYS
000006	21A8	CALL HI2CINIT
000007	2261	CALL INITLCD

000000	1683	BANKSEL TRISC
000000	1683 1303	BANKSEL TRISC
00000A	1607	BSF TRISC,4
00000B	1587	BSF TRISC,3
00000C	300C	MOVLW 12
000000	1283	BANKSEL HI2CCURRENTMODE
000000	1283 1303	BANKSEL HI2CCURRENTMODE
00000F	00A1	MOVWF HI2CCURRENTMODE
000010	21AA	CALL HI2CMODE
000011	30DF	MOVLW LOW SYSSTRINGPARAM1
000012	00F2	MOVWF SYSSTRINGB
000013	3001	MOVLW HIGH SYSSTRINGPARAM1
000014	00F3	MOVWF SYSSTRINGB_H
000015	3090	MOVLW LOW STRINGTABLE1
000016	00F7	MOVWF SYSSTRINGA
000017	3003	MOVLW HIGH STRINGTABLE1
000018	00F8	MOVWF SYSSTRINGA_H
000019	236D	CALL SYSREADSTRING
00001A	30DF	MOVLW LOW SYSSTRINGPARAM1
00001B	00B0	MOVWF SYSPRINTDATAHANDLER
00001C	3001	MOVLW HIGH SYSSTRINGPARAM1
00001D	00B1	MOVWF SYSPRINTDATAHANDLER_H
00001E	2339	CALL PRINT106
00001F	3001	MOVLW 1
000020	00F4	MOVWF SYSWAITTEMPS
000021	21A0	CALL DELAY_S
		SYSDOLOOP_S1
000022	217A	CALL CLS
000023	3003	MOVLW 3
000024	00F4	MOVWF SYSWAITTEMPS
000025	21A0	CALL DELAY_S
000026	30DF	MOVLW LOW SYSSTRINGPARAM1
000027	00F2	MOVWF SYSSTRINGB
000028	3001	MOVLW HIGH SYSSTRINGPARAM1
000029	00F3	MOVWF SYSSTRINGB_H
00002A	30A0	MOVLW LOW STRINGTABLE2
00002B	00F7	MOVWF SYSSTRINGA
00002C	3003	MOVLW HIGH STRINGTABLE2
00002D	00F8	MOVWF SYSSTRINGA_H
00002E	236D	CALL SYSREADSTRING
00002F	30DF	MOVLW LOW SYSSTRINGPARAM1
000030	00B0	MOVWF SYSPRINTDATAHANDLER
000031	3001	MOVLW HIGH SYSSTRINGPARAM1
000032	00B1	MOVWF SYSPRINTDATAHANDLER_H
000033	2339	CALL PRINT106
000034	3001	MOVLW 1
000035	00A8	MOVWF LCDLINE
000036	01A6	CLRF LCDCOLUMN
000037	2321	CALL LOCATE
000038	30DF	MOVLW LOW SYSSTRINGPARAM1
000039	00F2	MOVWF SYSSTRINGB
00003A	3001	MOVLW HIGH SYSSTRINGPARAM1
00003B	00F3	MOVWF SYSSTRINGB_H
00003C	30AB	MOVLW LOW STRINGTABLE3
00003D	00F7	MOVWF SYSSTRINGA
00003E	3003	MOVLW HIGH STRINGTABLE3
00003F	00F8	MOVWF SYSSTRINGA_H
000040	236D	CALL SYSREADSTRING
000041	30DF	MOVLW LOW SYSSTRINGPARAM1
000042	00B0	MOVWF SYSPRINTDATAHANDLER
000043	3001	MOVLW HIGH SYSSTRINGPARAM1
000044	00B1	MOVWF SYSPRINTDATAHANDLER_H
000045	2339	CALL PRINT106
000046	3003	MOVLW 3
000047	00F4	MOVWF SYSWAITTEMPS
000048	21A0	CALL DELAY_S
000049	217A	CALL CLS
00004A	01A8	CLRF LCDLINE
00004B	01A6	CLRF LCDCOLUMN
00004C	2321	CALL LOCATE
00004D	30DF	MOVLW LOW SYSSTRINGPARAM1
00004E	00F2	MOVWF SYSSTRINGB
00004F	3001	MOVLW HIGH SYSSTRINGPARAM1
000050	00F3	MOVWF SYSSTRINGB_H
000051	30B6	MOVLW LOW STRINGTABLE4
000052	00F7	MOVWF SYSSTRINGA
000053	3003	MOVLW HIGH STRINGTABLE4
000054	00F8	MOVWF SYSSTRINGA_H
000055	236D	CALL SYSREADSTRING
000056	30DF	MOVLW LOW SYSSTRINGPARAM1
000057	00B0	MOVWF SYSPRINTDATAHANDLER
000058	3001	MOVLW HIGH SYSSTRINGPARAM1
000059	00B1	MOVWF SYSPRINTDATAHANDLER_H
00005A	2339	CALL PRINT106
00005B	3001	MOVLW 1
00005C	00A8	MOVWF LCDLINE
00005D	01A6	CLRF LCDCOLUMN
00005E	2321	CALL LOCATE
00005F	300A	MOVLW 10
000060	00A7	MOVWF LCDCRSR
000061	2294	CALL LCDCURSOR
000062	3003	MOVLW 3
000063	00F4	MOVWF SYSWAITTEMPS
000064	21A0	CALL DELAY_S
000065	217A	CALL CLS
000066	300D	MOVLW 13
000067	00A7	MOVWF LCDCRSR
000068	2294	CALL LCDCURSOR
000069	01A8	CLRF LCDLINE
00006A	01A6	CLRF LCDCOLUMN
00006B	2321	CALL LOCATE
00006C	30DF	MOVLW LOW SYSSTRINGPARAM1
00006D	00F2	MOVWF SYSSTRINGB
00006E	3001	MOVLW HIGH SYSSTRINGPARAM1
00006F	00F3	MOVWF SYSSTRINGB_H
000070	30C0	MOVLW LOW STRINGTABLE5
000071	00F7	MOVWF SYSSTRINGA
000072	3003	MOVLW HIGH STRINGTABLE5
000073	00F8	MOVWF SYSSTRINGA_H
000074	236D	CALL SYSREADSTRING
000075	30DF	MOVLW LOW SYSSTRINGPARAM1
000076	00B0	MOVWF SYSPRINTDATAHANDLER
000077	3001	MOVLW HIGH SYSSTRINGPARAM1
000078	00B1	MOVWF SYSPRINTDATAHANDLER_H
000079	2339	CALL PRINT106
00007A	3003	MOVLW 3
00007B	00F4	MOVWF SYSWAITTEMPS
00007C	21A0	CALL DELAY_S
00007D	217A	CALL CLS
00007E	01A8	CLRF LCDLINE
00007F	01A6	CLRF LCDCOLUMN
000080	2321	CALL LOCATE
000081	30DF	MOVLW LOW SYSSTRINGPARAM1
000082	00F2	MOVWF SYSSTRINGB
000083	3001	MOVLW HIGH SYSSTRINGPARAM1
000084	00F3	MOVWF SYSSTRINGB_H
000085	30CB	MOVLW LOW STRINGTABLE6
000086	00F7	MOVWF SYSSTRINGA
000087	3003	MOVLW HIGH STRINGTABLE6
000088	00F8	MOVWF SYSSTRINGA_H
000089	236D	CALL SYSREADSTRING
00008A	30DF	MOVLW LOW SYSSTRINGPARAM1
00008B	00B0	MOVWF SYSPRINTDATAHANDLER
00008C	3001	MOVLW HIGH SYSSTRINGPARAM1
00008D	00B1	MOVWF SYSPRINTDATAHANDLER_H
00008E	2339	CALL PRINT106
00008F	3001	MOVLW 1
000090	00A8	MOVWF LCDLINE
000091	01A6	CLRF LCDCOLUMN
000092	2321	CALL LOCATE
000093	3009	MOVLW 9
000094	00A7	MOVWF LCDCRSR
000095	2294	CALL LCDCURSOR
000096	3003	MOVLW 3
000097	00F4	MOVWF SYSWAITTEMPS
000098	21A0	CALL DELAY_S
000099	217A	CALL CLS
00009A	01A8	CLRF LCDLINE
00009B	01A6	CLRF LCDCOLUMN
00009C	2321	CALL LOCATE
00009D	30DF	MOVLW LOW SYSSTRINGPARAM1
00009E	00F2	MOVWF SYSSTRINGB
00009F	3001	MOVLW HIGH SYSSTRINGPARAM1
0000A0	00F3	MOVWF SYSSTRINGB_H
0000A1	30D4	MOVLW LOW STRINGTABLE7
0000A2	00F7	MOVWF SYSSTRINGA
0000A3	3003	MOVLW HIGH STRINGTABLE7
0000A4	00F8	MOVWF SYSSTRINGA_H
0000A5	236D	CALL SYSREADSTRING
0000A6	30DF	MOVLW LOW SYSSTRINGPARAM1
0000A7	00B0	MOVWF SYSPRINTDATAHANDLER
0000A8	3001	MOVLW HIGH SYSSTRINGPARAM1
0000A9	00B1	MOVWF SYSPRINTDATAHANDLER_H
0000AA	2339	CALL PRINT106
0000AB	300E	MOVLW 14
0000AC	00A7	MOVWF LCDCRSR
0000AD	2294	CALL LCDCURSOR
0000AE	3003	MOVLW 3
0000AF	00F4	MOVWF SYSWAITTEMPS
0000B0	21A0	CALL DELAY_S
0000B1	01A8	CLRF LCDLINE
0000B2	01A6	CLRF LCDCOLUMN
0000B3	2321	CALL LOCATE
0000B4	30DF	MOVLW LOW SYSSTRINGPARAM1
0000B5	00F2	MOVWF SYSSTRINGB
0000B6	3001	MOVLW HIGH SYSSTRINGPARAM1
0000B7	00F3	MOVWF SYSSTRINGB_H
0000B8	30DE	MOVLW LOW STRINGTABLE8
0000B9	00F7	MOVWF SYSSTRINGA
0000BA	3003	MOVLW HIGH STRINGTABLE8
0000BB	00F8	MOVWF SYSSTRINGA_H
0000BC	236D	CALL SYSREADSTRING
0000BD	30DF	MOVLW LOW SYSSTRINGPARAM1
0000BE	00B0	MOVWF SYSPRINTDATAHANDLER
0000BF	3001	MOVLW HIGH SYSSTRINGPARAM1
0000C0	00B1	MOVWF SYSPRINTDATAHANDLER_H
0000C1	2339	CALL PRINT106
0000C2	3001	MOVLW 1
0000C3	00A8	MOVWF LCDLINE
0000C4	01A6	CLRF LCDCOLUMN
0000C5	2321	CALL LOCATE
0000C6	300A	MOVLW 10
0000C7	00A7	MOVWF LCDCRSR
0000C8	2294	CALL LCDCURSOR
0000C9	3009	MOVLW 9
0000CA	00A7	MOVWF LCDCRSR
0000CB	2294	CALL LCDCURSOR
0000CC	3003	MOVLW 3
0000CD	00F4	MOVWF SYSWAITTEMPS
0000CE	21A0	CALL DELAY_S
0000CF	01A8	CLRF LCDLINE
0000D0	01A6	CLRF LCDCOLUMN
0000D1	2321	CALL LOCATE
0000D2	30DF	MOVLW LOW SYSSTRINGPARAM1
0000D3	00F2	MOVWF SYSSTRINGB
0000D4	3001	MOVLW HIGH SYSSTRINGPARAM1
0000D5	00F3	MOVWF SYSSTRINGB_H
0000D6	30EE	MOVLW LOW STRINGTABLE9
0000D7	00F7	MOVWF SYSSTRINGA
0000D8	3003	MOVLW HIGH STRINGTABLE9
0000D9	00F8	MOVWF SYSSTRINGA_H
0000DA	236D	CALL SYSREADSTRING
0000DB	30DF	MOVLW LOW SYSSTRINGPARAM1
0000DC	00B0	MOVWF SYSPRINTDATAHANDLER
0000DD	3001	MOVLW HIGH SYSSTRINGPARAM1
0000DE	00B1	MOVWF SYSPRINTDATAHANDLER_H
0000DF	2339	CALL PRINT106
0000E0	3001	MOVLW 1
0000E1	00A8	MOVWF LCDLINE
0000E2	01A6	CLRF LCDCOLUMN
0000E3	2321	CALL LOCATE
0000E4	300D	MOVLW 13
0000E5	00A7	MOVWF LCDCRSR
0000E6	2294	CALL LCDCURSOR
0000E7	300E	MOVLW 14
0000E8	00A7	MOVWF LCDCRSR
0000E9	2294	CALL LCDCURSOR
0000EA	3003	MOVLW 3
0000EB	00F4	MOVWF SYSWAITTEMPS
0000EC	21A0	CALL DELAY_S
0000ED	217A	CALL CLS
0000EE	01A8	CLRF LCDLINE
0000EF	3004	MOVLW 4
0000F0	00A6	MOVWF LCDCOLUMN
0000F1	2321	CALL LOCATE
0000F2	30DF	MOVLW LOW SYSSTRINGPARAM1
0000F3	00F2	MOVWF SYSSTRINGB
0000F4	3001	MOVLW HIGH SYSSTRINGPARAM1
0000F5	00F3	MOVWF SYSSTRINGB_H
0000F6	30FF	MOVLW LOW STRINGTABLE10
0000F7	00F7	MOVWF SYSSTRINGA
0000F8	3003	MOVLW HIGH STRINGTABLE10
0000F9	00F8	MOVWF SYSSTRINGA_H
0000FA	236D	CALL SYSREADSTRING
0000FB	30DF	MOVLW LOW SYSSTRINGPARAM1
0000FC	00B0	MOVWF SYSPRINTDATAHANDLER
0000FD	3001	MOVLW HIGH SYSSTRINGPARAM1
0000FE	00B1	MOVWF SYSPRINTDATAHANDLER_H
0000FF	2339	CALL PRINT106
000100	3001	MOVLW 1
000101	00A8	MOVWF LCDLINE
000102	3004	MOVLW 4
000103	00A6	MOVWF LCDCOLUMN
000104	2321	CALL LOCATE
000105	30DF	MOVLW LOW SYSSTRINGPARAM1
000106	00F2	MOVWF SYSSTRINGB
000107	3001	MOVLW HIGH SYSSTRINGPARAM1
000108	00F3	MOVWF SYSSTRINGB_H
000109	3008	MOVLW LOW STRINGTABLE11
00010A	00F7	MOVWF SYSSTRINGA
00010B	3004	MOVLW HIGH STRINGTABLE11
00010C	00F8	MOVWF SYSSTRINGA_H
00010D	236D	CALL SYSREADSTRING
00010E	30DF	MOVLW LOW SYSSTRINGPARAM1
00010F	00B0	MOVWF SYSPRINTDATAHANDLER
000110	3001	MOVLW HIGH SYSSTRINGPARAM1
000111	00B1	MOVWF SYSPRINTDATAHANDLER_H
000112	2339	CALL PRINT106
000113	30F4	MOVLW 244
000114	00F2	MOVWF SYSWAITTEMPMS
000115	3001	MOVLW 1
000116	00F3	MOVWF SYSWAITTEMPMS_H
000117	2192	CALL DELAY_MS
000118	300A	MOVLW 10
000119	00B3	MOVWF SYSREPEATTEMP1
		SYSREPEATLOOP1
00011A	300B	MOVLW 11
00011B	00A7	MOVWF LCDCRSR
00011C	2294	CALL LCDCURSOR
00011D	30F4	MOVLW 244
00011E	00F2	MOVWF SYSWAITTEMPMS
00011F	3001	MOVLW 1
000120	00F3	MOVWF SYSWAITTEMPMS_H
000121	2192	CALL DELAY_MS
000122	300C	MOVLW 12
000123	00A7	MOVWF LCDCRSR
000124	2294	CALL LCDCURSOR
000125	30F4	MOVLW 244
000126	00F2	MOVWF SYSWAITTEMPMS
000127	3001	MOVLW 1
000128	00F3	MOVWF SYSWAITTEMPMS_H
000129	2192	CALL DELAY_MS
00012A	0BB3	DECFSZ SYSREPEATTEMP1,F
00012B	291A	GOTO SYSREPEATLOOP1
		SYSREPEATLOOPEND1
00012C	217A	CALL CLS
00012D	01A8	CLRF LCDLINE
00012E	01A6	CLRF LCDCOLUMN
00012F	2321	CALL LOCATE
000130	30DF	MOVLW LOW SYSSTRINGPARAM1
000131	00F2	MOVWF SYSSTRINGB
000132	3001	MOVLW HIGH SYSSTRINGPARAM1
000133	00F3	MOVWF SYSSTRINGB_H
000134	3010	MOVLW LOW STRINGTABLE12
000135	00F7	MOVWF SYSSTRINGA
000136	3004	MOVLW HIGH STRINGTABLE12
000137	00F8	MOVWF SYSSTRINGA_H
000138	236D	CALL SYSREADSTRING
000139	30DF	MOVLW LOW SYSSTRINGPARAM1
00013A	00B0	MOVWF SYSPRINTDATAHANDLER
00013B	3001	MOVLW HIGH SYSSTRINGPARAM1
00013C	00B1	MOVWF SYSPRINTDATAHANDLER_H
00013D	2339	CALL PRINT106
00013E	3001	MOVLW 1
00013F	00A8	MOVWF LCDLINE
000140	01A6	CLRF LCDCOLUMN
000141	2321	CALL LOCATE
000142	30DF	MOVLW LOW SYSSTRINGPARAM1
000143	00F2	MOVWF SYSSTRINGB
000144	3001	MOVLW HIGH SYSSTRINGPARAM1
000145	00F3	MOVWF SYSSTRINGB_H
000146	3021	MOVLW LOW STRINGTABLE13
000147	00F7	MOVWF SYSSTRINGA
000148	3004	MOVLW HIGH STRINGTABLE13
000149	00F8	MOVWF SYSSTRINGA_H
00014A	236D	CALL SYSREADSTRING
00014B	30DF	MOVLW LOW SYSSTRINGPARAM1
00014C	00B0	MOVWF SYSPRINTDATAHANDLER
00014D	3001	MOVLW HIGH SYSSTRINGPARAM1
00014E	00B1	MOVWF SYSPRINTDATAHANDLER_H
00014F	2339	CALL PRINT106
000150	3002	MOVLW 2
000151	00F4	MOVWF SYSWAITTEMPS
000152	21A0	CALL DELAY_S
000153	300B	MOVLW 11
000154	00A7	MOVWF LCDCRSR
000155	2294	CALL LCDCURSOR
000156	01A9	CLRF LCDTEMP
000157	2289	CALL LCDBACKLIGHT
000158	3005	MOVLW 5
000159	00F4	MOVWF SYSWAITTEMPS
00015A	21A0	CALL DELAY_S
00015B	3001	MOVLW 1
00015C	00A9	MOVWF LCDTEMP
00015D	2289	CALL LCDBACKLIGHT
00015E	217A	CALL CLS
00015F	01A8	CLRF LCDLINE
000160	01A6	CLRF LCDCOLUMN
000161	2321	CALL LOCATE
000162	300C	MOVLW 12
000163	00A7	MOVWF LCDCRSR
000164	2294	CALL LCDCURSOR
000165	30DF	MOVLW LOW SYSSTRINGPARAM1
000166	00F2	MOVWF SYSSTRINGB
000167	3001	MOVLW HIGH SYSSTRINGPARAM1
000168	00F3	MOVWF SYSSTRINGB_H
000169	302B	MOVLW LOW STRINGTABLE14
00016A	00F7	MOVWF SYSSTRINGA
00016B	3004	MOVLW HIGH STRINGTABLE14
00016C	00F8	MOVWF SYSSTRINGA_H
00016D	236D	CALL SYSREADSTRING
00016E	30DF	MOVLW LOW SYSSTRINGPARAM1
00016F	00B0	MOVWF SYSPRINTDATAHANDLER
000170	3001	MOVLW HIGH SYSSTRINGPARAM1
000171	00B1	MOVWF SYSPRINTDATAHANDLER_H
000172	2339	CALL PRINT106
000173	3003	MOVLW 3
000174	00F4	MOVWF SYSWAITTEMPS
000175	21A0	CALL DELAY_S
000176	2822	GOTO SYSDOLOOP_S1
		SYSDOLOOP_E1
000177	2978	GOTO BASPROGRAMEND
		BASPROGRAMEND
000178	0063	SLEEP
000179	2978	GOTO BASPROGRAMEND


		CLS
00017A	10AF	BCF SYSLCDTEMP,1
00017B	3001	MOVLW 1
00017C	00A5	MOVWF LCDBYTE
00017D	22D8	CALL LCDNORMALWRITEBYTE
00017E	3004	MOVLW 4
00017F	00F2	MOVWF SYSWAITTEMPMS
000180	01F3	CLRF SYSWAITTEMPMS_H
000181	2192	CALL DELAY_MS
000182	3080	MOVLW 128
000183	00A5	MOVWF LCDBYTE
000184	22D8	CALL LCDNORMALWRITEBYTE
000185	3042	MOVLW 66
000186	00F0	MOVWF DELAYTEMP
		DELAYUS1
000187	0BF0	DECFSZ DELAYTEMP,F
000188	2987	GOTO DELAYUS1
000189	0000	NOP
00018A	0008	RETURN


		DELAY_10US
		D10US_START
00018B	300C	MOVLW 12
00018C	00F0	MOVWF DELAYTEMP
		DELAYUS0
00018D	0BF0	DECFSZ DELAYTEMP,F
00018E	298D	GOTO DELAYUS0
00018F	0BF5	DECFSZ SYSWAITTEMP10US, F
000190	298B	GOTO D10US_START
000191	0008	RETURN


		DELAY_MS
000192	0AF3	INCF SYSWAITTEMPMS_H, F
		DMS_START
000193	306C	MOVLW 108
000194	00F1	MOVWF DELAYTEMP2
		DMS_OUTER
000195	300B	MOVLW 11
000196	00F0	MOVWF DELAYTEMP
		DMS_INNER
000197	0BF0	DECFSZ DELAYTEMP, F
000198	2997	GOTO DMS_INNER
000199	0BF1	DECFSZ DELAYTEMP2, F
00019A	2995	GOTO DMS_OUTER
00019B	0BF2	DECFSZ SYSWAITTEMPMS, F
00019C	2993	GOTO DMS_START
00019D	0BF3	DECFSZ SYSWAITTEMPMS_H, F
00019E	2993	GOTO DMS_START
00019F	0008	RETURN


		DELAY_S
		DS_START
0001A0	30E8	MOVLW 232
0001A1	00F2	MOVWF SYSWAITTEMPMS
0001A2	3003	MOVLW 3
0001A3	00F3	MOVWF SYSWAITTEMPMS_H
0001A4	2192	CALL DELAY_MS
0001A5	0BF4	DECFSZ SYSWAITTEMPS, F
0001A6	29A0	GOTO DS_START
0001A7	0008	RETURN


		HI2CINIT
0001A8	01A1	CLRF HI2CCURRENTMODE
0001A9	0008	RETURN


		HI2CMODE
000000	1683	BANKSEL SSPSTAT
000000	1683 1303	BANKSEL SSPSTAT
0001AC	1794	BSF SSPSTAT,SMP
000000	1283	BANKSEL SSPCON
000000	1283 1303	BANKSEL SSPCON
0001AF	1614	BSF SSPCON,CKP
0001B0	1394	BCF SSPCON,WCOL
0001B1	300C	MOVLW 12
0001B2	0221	SUBWF HI2CCURRENTMODE,W
0001B3	1D03	BTFSS STATUS, Z
0001B4	29BD	GOTO ENDIF28
0001B5	1594	BSF SSPCON,SSPM3
0001B6	1114	BCF SSPCON,SSPM2
0001B7	1094	BCF SSPCON,SSPM1
0001B8	1014	BCF SSPCON,SSPM0
0001B9	3027	MOVLW 39
000000	1683	BANKSEL SSPADD
000000	1683 1303	BANKSEL SSPADD
0001BC	0093	MOVWF SSPADD
		ENDIF28
000000	1283	BANKSEL HI2CCURRENTMODE
000000	1283 1303	BANKSEL HI2CCURRENTMODE
0001BF	08A1	MOVF HI2CCURRENTMODE,F
0001C0	1D03	BTFSS STATUS, Z
0001C1	29C6	GOTO ENDIF29
0001C2	1194	BCF SSPCON,SSPM3
0001C3	1514	BSF SSPCON,SSPM2
0001C4	1494	BSF SSPCON,SSPM1
0001C5	1014	BCF SSPCON,SSPM0
		ENDIF29
0001C6	3003	MOVLW 3
0001C7	0221	SUBWF HI2CCURRENTMODE,W
0001C8	1D03	BTFSS STATUS, Z
0001C9	29CE	GOTO ENDIF30
0001CA	1194	BCF SSPCON,SSPM3
0001CB	1514	BSF SSPCON,SSPM2
0001CC	1494	BSF SSPCON,SSPM1
0001CD	1414	BSF SSPCON,SSPM0
		ENDIF30
0001CE	1694	BSF SSPCON,SSPEN
0001CF	0008	RETURN


		HI2CSEND
		RETRYHI2CSEND
0001D0	1394	BCF SSPCON,WCOL
0001D1	0823	MOVF I2CBYTE,W
0001D2	0093	MOVWF SSPBUF
0001D3	2212	CALL HI2CWAITMSSP
000000	1683	BANKSEL SSPCON2
000000	1683 1303	BANKSEL SSPCON2
0001D6	1F11	BTFSS SSPCON2,ACKSTAT
0001D7	29DD	GOTO ELSE33_1
0001D8	30FF	MOVLW 255
000000	1283	BANKSEL HI2CACKPOLLSTATE
000000	1283 1303	BANKSEL HI2CACKPOLLSTATE
0001DB	00A0	MOVWF HI2CACKPOLLSTATE
0001DC	29E0	GOTO ENDIF33
		ELSE33_1
000000	1283	BANKSEL HI2CACKPOLLSTATE
000000	1283 1303	BANKSEL HI2CACKPOLLSTATE
0001DF	01A0	CLRF HI2CACKPOLLSTATE
		ENDIF33
0001E0	1F94	BTFSS SSPCON,WCOL
0001E1	29E6	GOTO ENDIF34
0001E2	0821	MOVF HI2CCURRENTMODE,W
0001E3	3C0A	SUBLW 10
0001E4	1803	BTFSC STATUS, C
0001E5	29D0	GOTO RETRYHI2CSEND
		ENDIF34
0001E6	0821	MOVF HI2CCURRENTMODE,W
0001E7	3C0A	SUBLW 10
0001E8	1803	BTFSC STATUS, C
0001E9	1614	BSF SSPCON,CKP
0001EA	0008	RETURN


		HI2CSTART
0001EB	0821	MOVF HI2CCURRENTMODE,W
0001EC	3C0A	SUBLW 10
0001ED	1803	BTFSC STATUS, C
0001EE	29F6	GOTO ELSE31_1
000000	1683	BANKSEL SSPCON2
000000	1683 1303	BANKSEL SSPCON2
0001F1	1411	BSF SSPCON2,SEN
000000	1283	BANKSEL STATUS
000000	1283 1303	BANKSEL STATUS
0001F4	2212	CALL HI2CWAITMSSP
0001F5	29FA	GOTO ENDIF31
		ELSE31_1
		SYSWAITLOOP1
000000	1683	BANKSEL SSPSTAT
000000	1683 1303	BANKSEL SSPSTAT
0001F8	1D94	BTFSS SSPSTAT,S
0001F9	29F6	GOTO SYSWAITLOOP1
		ENDIF31
000000	1283	BANKSEL STATUS
000000	1283 1303	BANKSEL STATUS
0001FC	0008	RETURN


		HI2CSTOP
0001FD	0821	MOVF HI2CCURRENTMODE,W
0001FE	3C0A	SUBLW 10
0001FF	1803	BTFSC STATUS, C
000200	2A0B	GOTO ELSE32_1
		SYSWAITLOOP2
000000	1683	BANKSEL SSPSTAT
000000	1683 1303	BANKSEL SSPSTAT
000203	1914	BTFSC SSPSTAT,R_NOT_W
000204	2A01	GOTO SYSWAITLOOP2
000205	1511	BSF SSPCON2,PEN
000206	1511	BSF SSPCON2,PEN
000000	1283	BANKSEL STATUS
000000	1283 1303	BANKSEL STATUS
000209	2212	CALL HI2CWAITMSSP
00020A	2A0F	GOTO ENDIF32
		ELSE32_1
		SYSWAITLOOP3
000000	1683	BANKSEL SSPSTAT
000000	1683 1303	BANKSEL SSPSTAT
00020D	1E14	BTFSS SSPSTAT,P
00020E	2A0B	GOTO SYSWAITLOOP3
		ENDIF32
000000	1283	BANKSEL STATUS
000000	1283 1303	BANKSEL STATUS
000211	0008	RETURN


		HI2CWAITMSSP
000212	01A2	CLRF HI2CWAITMSSPTIMEOUT
		HI2CWAITMSSPWAIT
000213	0AA2	INCF HI2CWAITMSSPTIMEOUT,F
000214	30FF	MOVLW 255
000215	0222	SUBWF HI2CWAITMSSPTIMEOUT,W
000216	1803	BTFSC STATUS, C
000217	2A1B	GOTO ENDIF37
000218	1D8C	BTFSS PIR1,SSPIF
000219	2A13	GOTO HI2CWAITMSSPWAIT
00021A	118C	BCF PIR1,SSPIF
		ENDIF37
00021B	0008	RETURN


		INITI2CLCD
00021C	300F	MOVLW 15
00021D	00F2	MOVWF SYSWAITTEMPMS
00021E	01F3	CLRF SYSWAITTEMPMS_H
00021F	2192	CALL DELAY_MS
000220	01A4	CLRF I2C_LCD_BYTE
000221	3003	MOVLW 3
000222	00A5	MOVWF LCDBYTE
000223	22D8	CALL LCDNORMALWRITEBYTE
000224	3005	MOVLW 5
000225	00F2	MOVWF SYSWAITTEMPMS
000226	01F3	CLRF SYSWAITTEMPMS_H
000227	2192	CALL DELAY_MS
000228	3003	MOVLW 3
000229	00A5	MOVWF LCDBYTE
00022A	22D8	CALL LCDNORMALWRITEBYTE
00022B	3001	MOVLW 1
00022C	00F2	MOVWF SYSWAITTEMPMS
00022D	01F3	CLRF SYSWAITTEMPMS_H
00022E	2192	CALL DELAY_MS
00022F	3003	MOVLW 3
000230	00A5	MOVWF LCDBYTE
000231	22D8	CALL LCDNORMALWRITEBYTE
000232	3001	MOVLW 1
000233	00F2	MOVWF SYSWAITTEMPMS
000234	01F3	CLRF SYSWAITTEMPMS_H
000235	2192	CALL DELAY_MS
000236	3003	MOVLW 3
000237	00A5	MOVWF LCDBYTE
000238	22D8	CALL LCDNORMALWRITEBYTE
000239	3001	MOVLW 1
00023A	00F2	MOVWF SYSWAITTEMPMS
00023B	01F3	CLRF SYSWAITTEMPMS_H
00023C	2192	CALL DELAY_MS
00023D	3002	MOVLW 2
00023E	00A5	MOVWF LCDBYTE
00023F	22D8	CALL LCDNORMALWRITEBYTE
000240	3001	MOVLW 1
000241	00F2	MOVWF SYSWAITTEMPMS
000242	01F3	CLRF SYSWAITTEMPMS_H
000243	2192	CALL DELAY_MS
000244	3028	MOVLW 40
000245	00A5	MOVWF LCDBYTE
000246	22D8	CALL LCDNORMALWRITEBYTE
000247	3001	MOVLW 1
000248	00F2	MOVWF SYSWAITTEMPMS
000249	01F3	CLRF SYSWAITTEMPMS_H
00024A	2192	CALL DELAY_MS
00024B	300C	MOVLW 12
00024C	00A5	MOVWF LCDBYTE
00024D	22D8	CALL LCDNORMALWRITEBYTE
00024E	3001	MOVLW 1
00024F	00F2	MOVWF SYSWAITTEMPMS
000250	01F3	CLRF SYSWAITTEMPMS_H
000251	2192	CALL DELAY_MS
000252	3001	MOVLW 1
000253	00A5	MOVWF LCDBYTE
000254	22D8	CALL LCDNORMALWRITEBYTE
000255	300F	MOVLW 15
000256	00F2	MOVWF SYSWAITTEMPMS
000257	01F3	CLRF SYSWAITTEMPMS_H
000258	2192	CALL DELAY_MS
000259	3006	MOVLW 6
00025A	00A5	MOVWF LCDBYTE
00025B	22D8	CALL LCDNORMALWRITEBYTE
00025C	3001	MOVLW 1
00025D	00F2	MOVWF SYSWAITTEMPMS
00025E	01F3	CLRF SYSWAITTEMPMS_H
00025F	2192	CALL DELAY_MS
000260	297A	GOTO CLS


		INITLCD
000261	300C	MOVLW 12
000262	00A1	MOVWF HI2CCURRENTMODE
000263	21AA	CALL HI2CMODE
000264	3001	MOVLW 1
000265	00AA	MOVWF LCD_BACKLIGHT
000266	3002	MOVLW 2
000267	00F2	MOVWF SYSWAITTEMPMS
000268	01F3	CLRF SYSWAITTEMPMS_H
000269	2192	CALL DELAY_MS
00026A	3002	MOVLW 2
00026B	00B4	MOVWF SYSREPEATTEMP2
		SYSREPEATLOOP2
00026C	304E	MOVLW 78
00026D	00AB	MOVWF LCD_I2C_ADDRESS_CURRENT
00026E	221C	CALL INITI2CLCD
00026F	0BB4	DECFSZ SYSREPEATTEMP2,F
000270	2A6C	GOTO SYSREPEATLOOP2
		SYSREPEATLOOPEND2
000271	300C	MOVLW 12
000272	00AC	MOVWF LCD_STATE
000273	0008	RETURN


		INITSYS
000000	1683	BANKSEL ADCON1
000000	1683 1303	BANKSEL ADCON1
000276	139F	BCF ADCON1,ADFM
000000	1283	BANKSEL ADCON0
000000	1283 1303	BANKSEL ADCON0
000279	101F	BCF ADCON0,ADON
000000	1683	BANKSEL ANSEL
000000	1683 1703	BANKSEL ANSEL
00027C	0188	CLRF ANSEL
00027D	0189	CLRF ANSELH
000000	1283	BANKSEL CM2CON0
000000	1283 1703	BANKSEL CM2CON0
000280	1388	BCF CM2CON0,C2ON
000281	1387	BCF CM1CON0,C1ON
000000	1283	BANKSEL PORTA
000000	1283 1303	BANKSEL PORTA
000284	0185	CLRF PORTA
000285	0186	CLRF PORTB
000286	0187	CLRF PORTC
000287	0189	CLRF PORTE
000288	0008	RETURN


		LCDBACKLIGHT
000289	08A9	MOVF LCDTEMP,F
00028A	1903	BTFSC STATUS, Z
00028B	01AA	CLRF LCD_BACKLIGHT
00028C	0329	DECF LCDTEMP,W
00028D	1D03	BTFSS STATUS, Z
00028E	2A91	GOTO ENDIF27
00028F	3001	MOVLW 1
000290	00AA	MOVWF LCD_BACKLIGHT
		ENDIF27
000291	10AF	BCF SYSLCDTEMP,1
000292	01A5	CLRF LCDBYTE
000293	2AD8	GOTO LCDNORMALWRITEBYTE


		LCDCURSOR
000294	10AF	BCF SYSLCDTEMP,1
000295	0327	DECF LCDCRSR,W
000296	1D03	BTFSS STATUS, Z
000297	2A9B	GOTO ENDIF17
000298	300C	MOVLW 12
000299	042C	IORWF LCD_STATE,W
00029A	00A9	MOVWF LCDTEMP
		ENDIF17
00029B	300C	MOVLW 12
00029C	0227	SUBWF LCDCRSR,W
00029D	1D03	BTFSS STATUS, Z
00029E	2AA2	GOTO ENDIF18
00029F	300C	MOVLW 12
0002A0	042C	IORWF LCD_STATE,W
0002A1	00A9	MOVWF LCDTEMP
		ENDIF18
0002A2	08A7	MOVF LCDCRSR,F
0002A3	1D03	BTFSS STATUS, Z
0002A4	2AA8	GOTO ENDIF19
0002A5	300B	MOVLW 11
0002A6	052C	ANDWF LCD_STATE,W
0002A7	00A9	MOVWF LCDTEMP
		ENDIF19
0002A8	300B	MOVLW 11
0002A9	0227	SUBWF LCDCRSR,W
0002AA	1D03	BTFSS STATUS, Z
0002AB	2AAF	GOTO ENDIF20
0002AC	300B	MOVLW 11
0002AD	052C	ANDWF LCD_STATE,W
0002AE	00A9	MOVWF LCDTEMP
		ENDIF20
0002AF	300A	MOVLW 10
0002B0	0227	SUBWF LCDCRSR,W
0002B1	1D03	BTFSS STATUS, Z
0002B2	2AB6	GOTO ENDIF21
0002B3	300A	MOVLW 10
0002B4	042C	IORWF LCD_STATE,W
0002B5	00A9	MOVWF LCDTEMP
		ENDIF21
0002B6	300D	MOVLW 13
0002B7	0227	SUBWF LCDCRSR,W
0002B8	1D03	BTFSS STATUS, Z
0002B9	2ABD	GOTO ENDIF22
0002BA	300D	MOVLW 13
0002BB	052C	ANDWF LCD_STATE,W
0002BC	00A9	MOVWF LCDTEMP
		ENDIF22
0002BD	3009	MOVLW 9
0002BE	0227	SUBWF LCDCRSR,W
0002BF	1D03	BTFSS STATUS, Z
0002C0	2AC4	GOTO ENDIF23
0002C1	3009	MOVLW 9
0002C2	042C	IORWF LCD_STATE,W
0002C3	00A9	MOVWF LCDTEMP
		ENDIF23
0002C4	3009	MOVLW 9
0002C5	0227	SUBWF LCDCRSR,W
0002C6	1D03	BTFSS STATUS, Z
0002C7	2ACB	GOTO ENDIF24
0002C8	3009	MOVLW 9
0002C9	042C	IORWF LCD_STATE,W
0002CA	00A9	MOVWF LCDTEMP
		ENDIF24
0002CB	300E	MOVLW 14
0002CC	0227	SUBWF LCDCRSR,W
0002CD	1D03	BTFSS STATUS, Z
0002CE	2AD2	GOTO ENDIF25
0002CF	300E	MOVLW 14
0002D0	052C	ANDWF LCD_STATE,W
0002D1	00A9	MOVWF LCDTEMP
		ENDIF25
0002D2	0829	MOVF LCDTEMP,W
0002D3	00A5	MOVWF LCDBYTE
0002D4	22D8	CALL LCDNORMALWRITEBYTE
0002D5	0829	MOVF LCDTEMP,W
0002D6	00AC	MOVWF LCD_STATE
0002D7	0008	RETURN


		LCDNORMALWRITEBYTE
0002D8	1CAF	BTFSS SYSLCDTEMP,1
0002D9	2ADC	GOTO ELSE4_1
0002DA	1424	BSF I2C_LCD_BYTE,0
0002DB	2ADD	GOTO ENDIF4
		ELSE4_1
0002DC	1024	BCF I2C_LCD_BYTE,0
		ENDIF4
0002DD	10A4	BCF I2C_LCD_BYTE,1
0002DE	11A4	BCF I2C_LCD_BYTE,3
0002DF	182A	BTFSC LCD_BACKLIGHT,0
0002E0	15A4	BSF I2C_LCD_BYTE,3
0002E1	21EB	CALL HI2CSTART
0002E2	082B	MOVF LCD_I2C_ADDRESS_CURRENT,W
0002E3	00A3	MOVWF I2CBYTE
0002E4	21D0	CALL HI2CSEND
0002E5	13A4	BCF I2C_LCD_BYTE,7
0002E6	1BA5	BTFSC LCDBYTE,7
0002E7	17A4	BSF I2C_LCD_BYTE,7
0002E8	1324	BCF I2C_LCD_BYTE,6
0002E9	1B25	BTFSC LCDBYTE,6
0002EA	1724	BSF I2C_LCD_BYTE,6
0002EB	12A4	BCF I2C_LCD_BYTE,5
0002EC	1AA5	BTFSC LCDBYTE,5
0002ED	16A4	BSF I2C_LCD_BYTE,5
0002EE	1224	BCF I2C_LCD_BYTE,4
0002EF	1A25	BTFSC LCDBYTE,4
0002F0	1624	BSF I2C_LCD_BYTE,4
0002F1	1524	BSF I2C_LCD_BYTE,2
0002F2	0824	MOVF I2C_LCD_BYTE,W
0002F3	00A3	MOVWF I2CBYTE
0002F4	21D0	CALL HI2CSEND
0002F5	1124	BCF I2C_LCD_BYTE,2
0002F6	0824	MOVF I2C_LCD_BYTE,W
0002F7	00A3	MOVWF I2CBYTE
0002F8	21D0	CALL HI2CSEND
0002F9	13A4	BCF I2C_LCD_BYTE,7
0002FA	19A5	BTFSC LCDBYTE,3
0002FB	17A4	BSF I2C_LCD_BYTE,7
0002FC	1324	BCF I2C_LCD_BYTE,6
0002FD	1925	BTFSC LCDBYTE,2
0002FE	1724	BSF I2C_LCD_BYTE,6
0002FF	12A4	BCF I2C_LCD_BYTE,5
000300	18A5	BTFSC LCDBYTE,1
000301	16A4	BSF I2C_LCD_BYTE,5
000302	1224	BCF I2C_LCD_BYTE,4
000303	1825	BTFSC LCDBYTE,0
000304	1624	BSF I2C_LCD_BYTE,4
000305	1524	BSF I2C_LCD_BYTE,2
000306	0824	MOVF I2C_LCD_BYTE,W
000307	00A3	MOVWF I2CBYTE
000308	21D0	CALL HI2CSEND
000309	1124	BCF I2C_LCD_BYTE,2
00030A	0824	MOVF I2C_LCD_BYTE,W
00030B	00A3	MOVWF I2CBYTE
00030C	21D0	CALL HI2CSEND
00030D	21FD	CALL HI2CSTOP
00030E	300C	MOVLW 12
00030F	00AC	MOVWF LCD_STATE
000310	300D	MOVLW 13
000311	00F0	MOVWF DELAYTEMP
		DELAYUS2
000312	0BF0	DECFSZ DELAYTEMP,F
000313	2B12	GOTO DELAYUS2
000314	18AF	BTFSC SYSLCDTEMP,1
000315	2B20	GOTO ENDIF5
000316	3010	MOVLW 16
000317	0225	SUBWF LCDBYTE,W
000318	1803	BTFSC STATUS, C
000319	2B20	GOTO ENDIF6
00031A	0825	MOVF LCDBYTE,W
00031B	3C07	SUBLW 7
00031C	1803	BTFSC STATUS, C
00031D	2B20	GOTO ENDIF7
00031E	0825	MOVF LCDBYTE,W
00031F	00AC	MOVWF LCD_STATE
		ENDIF7
		ENDIF6
		ENDIF5
000320	0008	RETURN


		LOCATE
000321	10AF	BCF SYSLCDTEMP,1
000322	0828	MOVF LCDLINE,W
000323	3C01	SUBLW 1
000324	1803	BTFSC STATUS, C
000325	2B2A	GOTO ENDIF1
000326	3002	MOVLW 2
000327	02A8	SUBWF LCDLINE,F
000328	3014	MOVLW 20
000329	07A6	ADDWF LCDCOLUMN,F
		ENDIF1
00032A	0828	MOVF LCDLINE,W
00032B	00F5	MOVWF SYSBYTETEMPA
00032C	3040	MOVLW 64
00032D	00F9	MOVWF SYSBYTETEMPB
00032E	2361	CALL SYSMULTSUB
00032F	0826	MOVF LCDCOLUMN,W
000330	0770	ADDWF SYSBYTETEMPX,W
000331	00B5	MOVWF SYSTEMP1
000332	3080	MOVLW 128
000333	0435	IORWF SYSTEMP1,W
000334	00A5	MOVWF LCDBYTE
000335	22D8	CALL LCDNORMALWRITEBYTE
000336	3005	MOVLW 5
000337	00F5	MOVWF SYSWAITTEMP10US
000338	298B	GOTO DELAY_10US


		PRINT106
000339	0830	MOVF SYSPRINTDATAHANDLER,W
00033A	0084	MOVWF FSR
00033B	1383	BCF STATUS, IRP
00033C	1831	BTFSC SYSPRINTDATAHANDLER_H,0
00033D	1783	BSF STATUS, IRP
00033E	0800	MOVF INDF,W
00033F	00AD	MOVWF PRINTLEN
000340	08AD	MOVF PRINTLEN,F
000341	1903	BTFSC STATUS, Z
000342	0008	RETURN
000343	14AF	BSF SYSLCDTEMP,1
000344	3001	MOVLW 1
000345	00B2	MOVWF SYSPRINTTEMP
		SYSFORLOOP1
000346	0832	MOVF SYSPRINTTEMP,W
000347	0730	ADDWF SYSPRINTDATAHANDLER,W
000348	0084	MOVWF FSR
000349	1383	BCF STATUS, IRP
00034A	1831	BTFSC SYSPRINTDATAHANDLER_H,0
00034B	1783	BSF STATUS, IRP
00034C	0800	MOVF INDF,W
00034D	00A5	MOVWF LCDBYTE
00034E	22D8	CALL LCDNORMALWRITEBYTE
00034F	0832	MOVF SYSPRINTTEMP,W
000350	022D	SUBWF PRINTLEN,W
000351	00B5	MOVWF SYSTEMP1
000352	00F5	MOVWF SYSBYTETEMPA
000353	01F9	CLRF SYSBYTETEMPB
000354	235B	CALL SYSCOMPEQUAL
000355	09F0	COMF SYSBYTETEMPX,F
000356	1C70	BTFSS SYSBYTETEMPX,0
000357	2B5A	GOTO ENDIF3
000358	0AB2	INCF SYSPRINTTEMP,F
000359	2B46	GOTO SYSFORLOOP1
		ENDIF3
		SYSFORLOOPEND1
00035A	0008	RETURN


		SYSCOMPEQUAL
00035B	01F0	CLRF SYSBYTETEMPX
00035C	0875	MOVF SYSBYTETEMPA, W
00035D	0279	SUBWF SYSBYTETEMPB, W
00035E	1903	BTFSC STATUS, Z
00035F	09F0	COMF SYSBYTETEMPX,F
000360	0008	RETURN


		SYSMULTSUB
000361	01F0	CLRF SYSBYTETEMPX
		MUL8LOOP
000362	0875	MOVF SYSBYTETEMPA, W
000363	1879	BTFSC SYSBYTETEMPB, 0
000364	07F0	ADDWF SYSBYTETEMPX, F
000365	1003	BCF STATUS, C
000366	0CF9	RRF SYSBYTETEMPB, F
000367	1003	BCF STATUS, C
000368	0DF5	RLF SYSBYTETEMPA, F
000369	08F9	MOVF SYSBYTETEMPB, F
00036A	1D03	BTFSS STATUS, Z
00036B	2B62	GOTO MUL8LOOP
00036C	0008	RETURN


		SYSREADSTRING
00036D	0872	MOVF SYSSTRINGB, W
00036E	0084	MOVWF FSR
00036F	1383	BCF STATUS, IRP
000370	1873	BTFSC SYSSTRINGB_H, 0
000371	1783	BSF STATUS, IRP
000372	2389	CALL SYSSTRINGTABLES
000373	00F5	MOVWF SYSCALCTEMPA
000374	0080	MOVWF INDF
000375	07F2	ADDWF SYSSTRINGB, F
000376	2B80	GOTO SYSSTRINGREADCHECK
		SYSREADSTRINGPART
000377	0872	MOVF SYSSTRINGB, W
000378	0084	MOVWF FSR
000379	1383	BCF STATUS, IRP
00037A	1873	BTFSC SYSSTRINGB_H, 0
00037B	1783	BSF STATUS, IRP
00037C	2389	CALL SYSSTRINGTABLES
00037D	00F5	MOVWF SYSCALCTEMPA
00037E	07F6	ADDWF SYSSTRINGLENGTH,F
00037F	07F2	ADDWF SYSSTRINGB,F
		SYSSTRINGREADCHECK
000380	08F5	MOVF SYSCALCTEMPA,F
000381	1903	BTFSC STATUS,Z
000382	0008	RETURN
		SYSSTRINGREAD
000383	2389	CALL SYSSTRINGTABLES
000384	0A84	INCF FSR, F
000385	0080	MOVWF INDF
000386	0BF5	DECFSZ SYSCALCTEMPA, F
000387	2B83	GOTO SYSSTRINGREAD
000388	0008	RETURN


		SYSSTRINGTABLES
000389	0878	MOVF SYSSTRINGA_H,W
00038A	008A	MOVWF PCLATH
00038B	0877	MOVF SYSSTRINGA,W
00038C	0AF7	INCF SYSSTRINGA,F
00038D	1903	BTFSC STATUS,Z
00038E	0AF8	INCF SYSSTRINGA_H,F
00038F	0082	MOVWF PCL

		STRINGTABLE1
000390	340F	RETLW 15
000391	3447	RETLW 71
000392	3472	RETLW 114
000393	3465	RETLW 101
000394	3461	RETLW 97
000395	3474	RETLW 116
000396	3420	RETLW 32
000397	3443	RETLW 67
000398	346F	RETLW 111
000399	3477	RETLW 119
00039A	3420	RETLW 32
00039B	3442	RETLW 66
00039C	3461	RETLW 97
00039D	3473	RETLW 115
00039E	3469	RETLW 105
00039F	3463	RETLW 99


		STRINGTABLE2
0003A0	340A	RETLW 10
0003A1	3453	RETLW 83
0003A2	3454	RETLW 84
0003A3	3441	RETLW 65
0003A4	3452	RETLW 82
0003A5	3454	RETLW 84
0003A6	3420	RETLW 32
0003A7	3454	RETLW 84
0003A8	3445	RETLW 69
0003A9	3453	RETLW 83
0003AA	3454	RETLW 84


		STRINGTABLE3
0003AB	340A	RETLW 10
0003AC	3444	RETLW 68
0003AD	3449	RETLW 73
0003AE	3453	RETLW 83
0003AF	3450	RETLW 80
0003B0	344C	RETLW 76
0003B1	3441	RETLW 65
0003B2	3459	RETLW 89
0003B3	3420	RETLW 32
0003B4	344F	RETLW 79
0003B5	344E	RETLW 78


		STRINGTABLE4
0003B6	3409	RETLW 9
0003B7	3443	RETLW 67
0003B8	3475	RETLW 117
0003B9	3472	RETLW 114
0003BA	3473	RETLW 115
0003BB	346F	RETLW 111
0003BC	3472	RETLW 114
0003BD	3420	RETLW 32
0003BE	344F	RETLW 79
0003BF	344E	RETLW 78


		STRINGTABLE5
0003C0	340A	RETLW 10
0003C1	3443	RETLW 67
0003C2	3475	RETLW 117
0003C3	3472	RETLW 114
0003C4	3473	RETLW 115
0003C5	346F	RETLW 111
0003C6	3472	RETLW 114
0003C7	3420	RETLW 32
0003C8	344F	RETLW 79
0003C9	3446	RETLW 70
0003CA	3446	RETLW 70


		STRINGTABLE6
0003CB	3408	RETLW 8
0003CC	3446	RETLW 70
0003CD	344C	RETLW 76
0003CE	3441	RETLW 65
0003CF	3453	RETLW 83
0003D0	3448	RETLW 72
0003D1	3420	RETLW 32
0003D2	344F	RETLW 79
0003D3	344E	RETLW 78


		STRINGTABLE7
0003D4	3409	RETLW 9
0003D5	3446	RETLW 70
0003D6	344C	RETLW 76
0003D7	3441	RETLW 65
0003D8	3453	RETLW 83
0003D9	3448	RETLW 72
0003DA	3420	RETLW 32
0003DB	344F	RETLW 79
0003DC	3446	RETLW 70
0003DD	3446	RETLW 70


		STRINGTABLE8
0003DE	340F	RETLW 15
0003DF	3443	RETLW 67
0003E0	3455	RETLW 85
0003E1	3452	RETLW 82
0003E2	3453	RETLW 83
0003E3	3452	RETLW 82
0003E4	3420	RETLW 32
0003E5	3426	RETLW 38
0003E6	3420	RETLW 32
0003E7	3446	RETLW 70
0003E8	344C	RETLW 76
0003E9	3453	RETLW 83
0003EA	3448	RETLW 72
0003EB	3420	RETLW 32
0003EC	344F	RETLW 79
0003ED	344E	RETLW 78


		STRINGTABLE9
0003EE	3410	RETLW 16
0003EF	3443	RETLW 67
0003F0	3455	RETLW 85
0003F1	3452	RETLW 82
0003F2	3453	RETLW 83
0003F3	3452	RETLW 82
0003F4	3420	RETLW 32
0003F5	3426	RETLW 38
0003F6	3420	RETLW 32
0003F7	3446	RETLW 70
0003F8	344C	RETLW 76
0003F9	3453	RETLW 83
0003FA	3448	RETLW 72
0003FB	3420	RETLW 32
0003FC	344F	RETLW 79
0003FD	3446	RETLW 70
0003FE	3446	RETLW 70


		STRINGTABLE10
0003FF	3408	RETLW 8
000400	3446	RETLW 70
000401	346C	RETLW 108
000402	3461	RETLW 97
000403	3473	RETLW 115
000404	3468	RETLW 104
000405	3469	RETLW 105
000406	346E	RETLW 110
000407	3467	RETLW 103


		STRINGTABLE11
000408	3407	RETLW 7
000409	3444	RETLW 68
00040A	3469	RETLW 105
00040B	3473	RETLW 115
00040C	3470	RETLW 112
00040D	346C	RETLW 108
00040E	3461	RETLW 97
00040F	3479	RETLW 121


		STRINGTABLE12
000410	3410	RETLW 16
000411	3444	RETLW 68
000412	3449	RETLW 73
000413	3453	RETLW 83
000414	3450	RETLW 80
000415	344C	RETLW 76
000416	3441	RETLW 65
000417	3459	RETLW 89
000418	3420	RETLW 32
000419	3426	RETLW 38
00041A	3420	RETLW 32
00041B	3442	RETLW 66
00041C	3441	RETLW 65
00041D	3443	RETLW 67
00041E	344B	RETLW 75
00041F	344C	RETLW 76
000420	342E	RETLW 46


		STRINGTABLE13
000421	3409	RETLW 9
000422	3446	RETLW 70
000423	344F	RETLW 79
000424	3452	RETLW 82
000425	3420	RETLW 32
000426	3435	RETLW 53
000427	3420	RETLW 32
000428	3453	RETLW 83
000429	3445	RETLW 69
00042A	3443	RETLW 67


		STRINGTABLE14
00042B	3408	RETLW 8
00042C	3445	RETLW 69
00042D	344E	RETLW 78
00042E	3444	RETLW 68
00042F	3420	RETLW 32
000430	3454	RETLW 84
000431	3445	RETLW 69
000432	3453	RETLW 83
000433	3454	RETLW 84






